C51 COMPILER V9.00   SYSCOLOR                                                              02/26/2026 13:41:44 PAGE 1   


C51 COMPILER V9.00, COMPILATION OF MODULE SYSCOLOR
OBJECT MODULE PLACED IN .\Output\RL6432\SysColor.obj
COMPILER INVOKED BY: D:\Keil\C51\BIN\C51.EXE Kernel\System\Code\SysColor.c LARGE OPTIMIZE(9,SPEED) INCDIR(.\Output\RL643
                    -2;.\Project\Header;.\Pcb;.\Panel;.\Kernel\Device\Header;.\Kernel\Common;.\Kernel\System\Header;.\Kernel\Scaler\ScalerFun
                    -ction\Header;.\Kernel\Scaler\ScalerCommonFunction\Header;.\Kernel\Scaler\ScalerFunction\Lib\Header;.\Kernel\Scaler\Scale
                    -rCommonFunction\Lib\Header;.\Kernel\Scaler\RL6432_Series_Scaler\Header;.\Kernel\Scaler\RL6432_Series_Common\Header;.\Ker
                    -nel\Scaler\RL6432_Series_Scaler\Lib\Header;.\Kernel\Scaler\RL6432_Series_Common\Lib\Header;.\Kernel\User Common Function
                    -\Header;.\User\RTD Series\RTD2014Function\Header;.\User\RTD Series\RTD2014Osd\Header;.\User\RTD Factory\Header;.\User\No
                    -ne Series\NoneFunction\Header;.\User\None Series\NoneOsd\Header;.\User\None Factory\Header) DEFINE(_PROJECT=_RL6432_PROJ
                    -ECT,_SCALER_TYPE=_RL6432_SERIES) DEBUG OBJECTEXTEND PRINT(.\Output\RL6432\SysColor.lst) OBJECT(.\Output\RL6432\SysColor.
                    -obj)

line level    source

   1          /********************************************************************************/
   2          /*   Copyright (c) 2021 Realtek Semiconductor Corp. All rights reserved.        */
   3          /*                                                                              */
   4          /*   SPDX-License-Identifier: LicenseRef-Realtek-Proprietary                    */
   5          /*                                                                              */
   6          /*   This software component is confidential and proprietary to Realtek         */
   7          /*   Semiconductor Corp. Disclosure, reproduction, redistribution, in whole     */
   8          /*   or in part, of this work and its derivatives without express permission    */
   9          /*   is prohibited.                                                             */
  10          /********************************************************************************/
  11          
  12          //----------------------------------------------------------------------------------------------------
  13          // ID Code      : SysColor.c No.0000
  14          // Update Note  :
  15          //----------------------------------------------------------------------------------------------------
  16          
  17          #define __SYSTEM_COLOR__
  18          
  19          #include "SysInclude.h"
  20          //****************************************************************************
  21          // DEFINITIONS / MACROS
  22          //****************************************************************************
  23          
  24          
  25          //****************************************************************************
  26          // STRUCT / TYPE / ENUM DEFINITTIONS
  27          //****************************************************************************
  28          
  29          
  30          //****************************************************************************
  31          // CODE TABLES
  32          //****************************************************************************
  33          
  34          
  35          //****************************************************************************
  36          // VARIABLE DECLARATIONS
  37          //****************************************************************************
  38          
  39          
  40          //****************************************************************************
  41          // FUNCTION DECLARATIONS
  42          //****************************************************************************
  43          void SysColorHandler(void);
  44          #if(_COLOR_IP_DCC_HISTOGRAM == _ON)
  45          void SysColorDCCHistogramHandler(void);
  46          #endif
  47          #if(_COLOR_IP_DCR == _ON)
C51 COMPILER V9.00   SYSCOLOR                                                              02/26/2026 13:41:44 PAGE 2   

  48          void SysColorDCRHandler(void);
  49          #endif
  50          
  51          //****************************************************************************
  52          // FUNCTION DEFINITIONS
  53          //****************************************************************************
  54          //--------------------------------------------------
  55          // Description  : Color Handler
  56          // Input Value  : None
  57          // Output Value : None
  58          //--------------------------------------------------
  59          void SysColorHandler(void)
  60          {
  61   1          switch(GET_MODE_STATE())
  62   1          {
  63   2              case _MODE_STATUS_ACTIVE:
  64   2      
  65   2      #if(_COLOR_IP_DCC_HISTOGRAM == _ON)
  66   2                  SysColorDCCHistogramHandler();
  67   2      #endif
  68   2      
  69   2      #if(_COLOR_IP_DCR == _ON)
  70   2                  SysColorDCRHandler();
  71   2      #endif
  72   2      
  73   2      #if(_COLORIMETRY_SEAMLESS_CHANGE_SUPPORT == _ON)
                          UserCommonSeamlessChgHandler();
              #endif
  76   2      
  77   2      #if((_MOTION_BLUR_REDUCTION_SUPPORT == _ON) && (_DRR_MOTION_BLUR_REDUCTION_SUPPORT == _ON))
                          UserCommonInterfaceMbrDrrHandler();
              #endif
  80   2                  break;
  81   2      
  82   2              default:
  83   2                  break;
  84   2          }
  85   1      }
  86          
  87          #if(_COLOR_IP_DCC_HISTOGRAM == _ON)
  88          //--------------------------------------------------
  89          // Description  : Color DCC Histogram Handler
  90          // Input Value  : None
  91          // Output Value : None
  92          //--------------------------------------------------
  93          void SysColorDCCHistogramHandler(void)
  94          {
  95   1          if(ScalerColorDCCGetDataReadyStatus() == _TRUE)
  96   1          {
  97   2              // Clear DCC data ready status.
  98   2              ScalerColorDCCClrDataReadyStatus();
  99   2      
 100   2              SET_DCC_READY_STATUS();
 101   2          }
 102   1      
 103   1          if(GET_DCC_READY_STATUS() == _TRUE)
 104   1          {
 105   2      #if(_DCC_HISTOGRM_INFO == _ON)
                      UserInterfaceDCCHistogramHandler();
              #endif
 108   2      
 109   2      #if(_ULTRA_HDR_SUPPORT == _ON)
C51 COMPILER V9.00   SYSCOLOR                                                              02/26/2026 13:41:44 PAGE 3   

 110   2              UserCommonHDRHandler();
 111   2      #endif
 112   2          }
 113   1      
 114   1          CLR_DCC_READY_STATUS();
 115   1      }
 116          #endif
 117          
 118          #if(_COLOR_IP_DCR == _ON)
 119          //--------------------------------------------------
 120          // Description  : Color DCR Handler
 121          // Input Value  : None
 122          // Output Value : None
 123          //--------------------------------------------------
 124          void SysColorDCRHandler(void)
 125          {
 126   1          if(ScalerColorDCRGetDataReadyStatus() == _TRUE)
 127   1          {
 128   2              // Clear DCR data ready status.
 129   2              ScalerColorDCRClrDataReadyStatus();
 130   2      
 131   2              SET_DCR_READY_STATUS();
 132   2      
 133   2              // freeze DCR data
 134   2              ScalerColorDCRDataRefreshControl(_DISABLE);
 135   2      
 136   2      #if(_LOCAL_DIMMING_SUPPORT == _ON)
                      if(ScalerColorDCRGetLocalDimmingHistoEnable() == _TRUE)
                      {
                          ScalerColorDCRLocalDimmingStoreResult();
              
                          // release DCR data
                          ScalerColorDCRDataRefreshControl(_ENABLE);
                      }
              #endif
 145   2          }
 146   1          if(GET_DCR_READY_STATUS() == _TRUE)
 147   1          {
 148   2      #if(_DCR_SUPPORT == _ON)
 149   2              UserInterfaceAdjustDCRHandler();
 150   2      #endif
 151   2      
 152   2      #if(_IAPS_SUPPORT == _ON)
                      UserInterfaceAdjustIAPSHandler();
              #endif
 155   2      
 156   2      #if(_LOCAL_DIMMING_SUPPORT == _ON)
                      UserCommonLocalDimmingHandler();
              #endif
 159   2      
 160   2      #if(_GLOBAL_DIMMING_SUPPORT == _ON)
                      UserCommonGlobalDimmingHandler();
              #endif
 163   2          }
 164   1      
 165   1          CLR_DCR_READY_STATUS();
 166   1      
 167   1          // release DCR data
 168   1          ScalerColorDCRDataRefreshControl(_ENABLE);
 169   1      }
 170          #endif
 171          
C51 COMPILER V9.00   SYSCOLOR                                                              02/26/2026 13:41:44 PAGE 4   



MODULE INFORMATION:   STATIC OVERLAYABLE
   CODE SIZE        =     64    ----
   CONSTANT SIZE    =   ----    ----
   XDATA SIZE       =   ----    ----
   PDATA SIZE       =   ----    ----
   DATA SIZE        =   ----    ----
   IDATA SIZE       =   ----    ----
   BIT SIZE         =   ----    ----
END OF MODULE INFORMATION.


C51 COMPILATION COMPLETE.  0 WARNING(S),  0 ERROR(S)
