C51 COMPILER V9.00   SYSMODE                                                               02/26/2026 13:41:42 PAGE 1   


C51 COMPILER V9.00, COMPILATION OF MODULE SYSMODE
OBJECT MODULE PLACED IN .\Output\RL6432\SysMode.obj
COMPILER INVOKED BY: D:\Keil\C51\BIN\C51.EXE Kernel\System\Code\SysMode.c LARGE OPTIMIZE(9,SPEED) INCDIR(.\Output\RL6432
                    -;.\Project\Header;.\Pcb;.\Panel;.\Kernel\Device\Header;.\Kernel\Common;.\Kernel\System\Header;.\Kernel\Scaler\ScalerFunc
                    -tion\Header;.\Kernel\Scaler\ScalerCommonFunction\Header;.\Kernel\Scaler\ScalerFunction\Lib\Header;.\Kernel\Scaler\Scaler
                    -CommonFunction\Lib\Header;.\Kernel\Scaler\RL6432_Series_Scaler\Header;.\Kernel\Scaler\RL6432_Series_Common\Header;.\Kern
                    -el\Scaler\RL6432_Series_Scaler\Lib\Header;.\Kernel\Scaler\RL6432_Series_Common\Lib\Header;.\Kernel\User Common Function\
                    -Header;.\User\RTD Series\RTD2014Function\Header;.\User\RTD Series\RTD2014Osd\Header;.\User\RTD Factory\Header;.\User\Non
                    -e Series\NoneFunction\Header;.\User\None Series\NoneOsd\Header;.\User\None Factory\Header) DEFINE(_PROJECT=_RL6432_PROJE
                    -CT,_SCALER_TYPE=_RL6432_SERIES) DEBUG OBJECTEXTEND PRINT(.\Output\RL6432\SysMode.lst) OBJECT(.\Output\RL6432\SysMode.obj
                    -)

line level    source

   1          /********************************************************************************/
   2          /*   Copyright (c) 2021 Realtek Semiconductor Corp. All rights reserved.        */
   3          /*                                                                              */
   4          /*   SPDX-License-Identifier: LicenseRef-Realtek-Proprietary                    */
   5          /*                                                                              */
   6          /*   This software component is confidential and proprietary to Realtek         */
   7          /*   Semiconductor Corp. Disclosure, reproduction, redistribution, in whole     */
   8          /*   or in part, of this work and its derivatives without express permission    */
   9          /*   is prohibited.                                                             */
  10          /********************************************************************************/
  11          
  12          //----------------------------------------------------------------------------------------------------
  13          // ID Code      : SysMode.c No.0000
  14          // Update Note  :
  15          //----------------------------------------------------------------------------------------------------
  16          
  17          #define __SYSTEM_MODE__
  18          
  19          #include "SysInclude.h"
  20          
  21          //****************************************************************************
  22          // DEFINITIONS / MACROS
  23          //****************************************************************************
  24          
  25          
  26          //****************************************************************************
  27          // STRUCT / TYPE / ENUM DEFINITTIONS
  28          //****************************************************************************
  29          
  30          
  31          //****************************************************************************
  32          // CODE TABLES
  33          //****************************************************************************
  34          
  35          
  36          //****************************************************************************
  37          // VARIABLE DECLARATIONS
  38          //****************************************************************************
  39          StructModeInfoType g_stModeInfo;
  40          // ModeInfo bit[0:4] -- Mode State
  41          // ModeInfo bit[5] -- Display Ready
  42          // ModeInfo bit[6] -- Timing Confirm
  43          // ModeInfo bit[7] -- ModeStateChanged
  44          
  45          //****************************************************************************
  46          // FUNCTION DECLARATIONS
  47          //****************************************************************************
C51 COMPILER V9.00   SYSMODE                                                               02/26/2026 13:41:42 PAGE 2   

  48          void SysModeHandler(void);
  49          BYTE SysModeGetModeState(void);
  50          bit SysModeGetDisplaySettingReady(void);
  51          bit SysModeGetTimingConfirm(void);
  52          bit SysModeGetActiveReady(void);
  53          bit SysModeDisplaySetting(void);
  54          void SysModeSetUpDisplayInitialization(void);
  55          void SysModeSetUpInputCapture(void);
  56          void SysModeSetUpDisplayCapture(void);
  57          bit SysModeSetUpMDomain(void);
  58          void SysModeResetState(BYTE ucResetTarget);
  59          void SysModeSetFreeRun(void);
  60          bit SysModeGetModeStateChange(void);
  61          void SysModeClrModeStateChange(void);
  62          void SysModeSetResetTarget(EnumModeAction enumResetTarget);
  63          void SysModeColorSpaceConvert(EnumColorSpace enumColorFormat, EnumDBApply enumDBApply);
  64          void SysModeDisplayTimingInitial(void);
  65          bit SysModeCheckToDisableGlobalDoubleBuffer(void);
  66          void SysModeSetupIDomainIniValue(void);
  67          
  68          #if(_DRR_SUPPORT == _ON)
  69          void SysModeDrrSetMdomainInfo(void);
  70          WORD SysModeDrrGetIVFreq(EnumSourceSearchPort enumSearchPort);
  71          #endif
  72          
  73          #if(_PROJECT_ID ==_ID_ZQ_2513E05_PANDA_LC215DTBA_8BIT_FHD75_VA2271_H_20241223) || (_PROJECT_ID ==_ID_ZQ_25
             -13E05_BOE_HV320FHB_F4A_8BIT_FHD75_VA2271_H_20250301)
              void SetBacklightOff(void)
              {
                      if(GET_MODE_STATE() == _MODE_STATUS_ACTIVE && (GET_INPUT_TIMING_VFREQ()>580 &&GET_INPUT_TIMING_VFREQ()<62
             -0)\
                              && GET_INPUT_TIMING_HWIDTH() == 1920 && GET_INPUT_TIMING_VHEIGHT() == 1080 )
                              PCB_BACKLIGHT_POWER_PIN(_LIGHT_CONTROL_OFF);
              }
              #endif
  81          //****************************************************************************
  82          // FUNCTION DEFINITIONS
  83          //****************************************************************************
  84          //--------------------------------------------------
  85          // Description  :
  86          // Input Value  : None
  87          // Output Value : None
  88          //--------------------------------------------------
  89          void SysModeHandler(void)
  90          {
  91   1      #if(_URGENT_EVENT_CHECK_MODE == _ON)
  92   1          if(ScalerSyncCheckUrgentEvent() == _TRUE)
  93   1          {
  94   2              return;
  95   2          }
  96   1      #endif
  97   1      
  98   1          switch(GET_MODE_STATE())
  99   1          {
 100   2              case _MODE_STATUS_POWER_OFF:
 101   2      
 102   2      #if(_USB3_RETIMER_SUPPORT == _ON)
                          if(UserCommonPortControllerGetUsbPDStatus() == _USB3_PD_ENABLE)
                          {
                              if(SysSourceGetTypeCCableStatusChange() == _TYPE_C_CABLE_UNPLUG)
                              {
                                  if(GET_POWER_STATUS() != _POWER_STATUS_OFF)
C51 COMPILER V9.00   SYSMODE                                                               02/26/2026 13:41:42 PAGE 3   

                                  {
                                      SET_TARGET_POWER_STATUS(_POWER_STATUS_OFF);
                                  }
                              }
                              else if((SysSourceGetTypeCCableStatusChange() == _TYPE_C_CABLE_PLUG) && (UserCommonPortCon
             -trollerGetUsbPDStatus() == _USB3_PD_ENABLE))
                              {
                                  if(GET_POWER_STATUS() == _POWER_STATUS_OFF)
                                  {
                                      SET_TARGET_POWER_STATUS(_POWER_STATUS_NORMAL);
              
                                      SET_POWER_SWITCH_TO_FAKE_OFF();
                                  }
                              }
                          }
              #endif
 123   2                  break;
 124   2      
 125   2              case _MODE_STATUS_INITIAL:
 126   2      
 127   2      #if(_HP_SOURCE_SCAN_SUPPORT == _ON)
                          if(GET_MODE_STATE_CHANGE_MODE() == _TRUE)
                          {
                              g_ucSearchIndex = 0;
              
              #if((_D12_INPUT_PORT_TYPE == _D12_HDMI_PORT) && (_D12_INPUT_PORT_SWITCH_FROM == _SWITCH_FROM_D3))
                              if(SysSourceGetInputPort() == _D12_INPUT_PORT)
                              {
                                  PCB_HDMI_SW_SELECT(_SW_SEL_HDMI3_1);
                                  g_ucSearchIndex = SysSourceConvertSearchPort(_D3_INPUT_PORT);
                              }
                              else if(SysSourceGetInputPort() == _D3_INPUT_PORT)
                              {
                                  PCB_HDMI_SW_SELECT(_SW_SEL_HDMI3);
                              }
              #endif
                          }
              #endif
 145   2      
 146   2                  break;
 147   2      
 148   2              case _MODE_STATUS_SEARCH:
 149   2              case _MODE_STATUS_NOSIGNAL:
 150   2              case _MODE_STATUS_POWER_SAVING:
 151   2      
 152   2      #if(_DIGITAL_PORT_SUPPORT == _ON)
 153   2                  if((GET_SOURCE_JUDGE(g_ucSearchIndex) == _TRUE) && (GET_MODE_TIMING_CONFIRM() == _FALSE))
 154   2                  {
 155   3                      CLR_INPUT_TIMING_DOUBLE_CHECK();
 156   3      
 157   3                      // Measure Current Input Timing to gather all required timing Info
 158   3                      if(ScalerMeasureInputInfo(GET_SOURCE_TYPE(g_ucSearchIndex), SysSourceGetInputPort()) == _T
             -RUE)
 159   3                      {
 160   4                          if(GET_INPUT_TIMING_H_POLARITY() == _HIGH)
 161   4                          {
 162   5                              DebugMessageSystem("Input Timing H Polarity is Positive", 0);
 163   5                          }
 164   4                          else
 165   4                          {
 166   5                              DebugMessageSystem("Input Timing H Polarity is Negative", 0);
 167   5                          }
C51 COMPILER V9.00   SYSMODE                                                               02/26/2026 13:41:42 PAGE 4   

 168   4      
 169   4                          if(GET_INPUT_TIMING_V_POLARITY() == _HIGH)
 170   4                          {
 171   5                              DebugMessageSystem("Input Timing V Polarity is Positive", 0);
 172   5                          }
 173   4                          else
 174   4                          {
 175   5                              DebugMessageSystem("Input Timing V Polarity is Negative", 0);
 176   5                          }
 177   4      
 178   4                          DebugMessageSystem("Input Timing InterLace", GET_INPUT_TIMING_INTERLACE_FLG());
 179   4                          DebugMessageSystem("Input Timing HFreq", GET_INPUT_TIMING_HFREQ());
 180   4                          DebugMessageSystem("Input Timing HTotal", GET_INPUT_TIMING_HTOTAL());
 181   4                          DebugMessageSystem("Input Timing HStart", GET_INPUT_TIMING_HSTART());
 182   4                          DebugMessageSystem("Input Timing HWidth", GET_INPUT_TIMING_HWIDTH());
 183   4                          DebugMessageSystem("Input Timing HSyncWidth", GET_INPUT_TIMING_HSYNCWIDTH());
 184   4                          DebugMessageSystem("Input Timing VFreq", GET_INPUT_TIMING_VFREQ());
 185   4                          DebugMessageSystem("Input Timing VTotal", GET_INPUT_TIMING_VTOTAL());
 186   4                          DebugMessageSystem("Input Timing VStart", GET_INPUT_TIMING_VSTART());
 187   4                          DebugMessageSystem("Input Timing VHeight", GET_INPUT_TIMING_VHEIGHT());
 188   4                          DebugMessageSystem("Input Timing VSyncSWidth", GET_INPUT_TIMING_VSYNCWIDTH());
 189   4      
 190   4                          SET_MODE_TIMING_CONFIRM();
 191   4                          SET_INPUT_TIMING_DOUBLE_CHECK();
 192   4                      }
 193   3                  }
 194   2      #endif
 195   2      
 196   2      #if(_DDR1_PHASE_CALIBRATION == _ON)
 197   2                  if((GET_MODE_TIMING_CONFIRM() == _TRUE) && (GET_FIRST_AUTOK_STATUS() == _FALSE))
 198   2                  {
 199   3                      ScalerDDR1SearchPhase();
 200   3                      SET_FIRST_AUTOK_STATUS();
 201   3                  }
 202   2      
 203   2      #elif(_SDRAM_PHASE_CALIBRATION == _ON)
                          if((GET_MODE_TIMING_CONFIRM() == _TRUE) && (GET_FIRST_AUTOK_STATUS() == _FALSE))
                          {
                              ScalerSdramSearchPhase();
                              SET_FIRST_AUTOK_STATUS();
                          }
              #endif
 210   2      
 211   2                  if(GET_MODE_STATE() == _MODE_STATUS_POWER_SAVING)
 212   2                  {
 213   3      #if((_USB3_RETIMER_SUPPORT == _ON))
                              if(UserCommonPortControllerGetUsbPSStatus() == _USB3_PS_ENABLE)
                              {
                                  if(SysSourceGetTypeCCableStatusChange() == _TYPE_C_CABLE_UNPLUG)
                                  {
                                      if(GET_POWER_STATUS() != _POWER_STATUS_SAVING)
                                      {
                                          SET_TARGET_POWER_STATUS(_POWER_STATUS_SAVING);
                                      }
                                  }
                                  else if(SysSourceGetTypeCCableStatusChange() == _TYPE_C_CABLE_PLUG)
                                  {
                                      if(GET_POWER_STATUS() != _POWER_STATUS_NORMAL)
                                      {
                                          SET_TARGET_POWER_STATUS(_POWER_STATUS_NORMAL);
                                      }
                                  }
C51 COMPILER V9.00   SYSMODE                                                               02/26/2026 13:41:42 PAGE 5   

                                  else
                                  {
                                      if((GET_SOURCE_SWITCH_FINISH() == _TRUE) && (UserInterfaceGetIntoPSStatus() == _TR
             -UE))
                                      {
                                          if(SysPowerGetPowerStatus() != _POWER_STATUS_SAVING)
                                          {
                                              SET_TARGET_POWER_STATUS(_POWER_STATUS_SAVING);
              
                                              CLR_SOURCE_SWITCH_FINISH();
                                          }
                                      }
                                  }
                              }
                              else
              #endif
 245   3                      {
 246   4                          if((GET_SOURCE_SWITCH_FINISH() == _TRUE) && (UserInterfaceGetIntoPSStatus() == _TRUE))
 247   4                          {
 248   5                              if(SysPowerGetPowerStatus() != _POWER_STATUS_SAVING)
 249   5                              {
 250   6                                  SET_TARGET_POWER_STATUS(_POWER_STATUS_SAVING);
 251   6      
 252   6                                  CLR_SOURCE_SWITCH_FINISH();
 253   6                              }
 254   5                          }
 255   4                      }
 256   3                  }
 257   2      
 258   2      #if(_HP_SOURCE_SCAN_SUPPORT == _ON)
                          if((GET_MODE_STATE() == _MODE_STATUS_NOSIGNAL) || (GET_MODE_STATE() == _MODE_STATUS_POWER_SAVI
             -NG))
              #endif
 261   2                  {
 262   3                      if(UserInterfaceGetCableResetStatus() == _TRUE)
 263   3                      {
 264   4                          if(SysPowerGetPowerStatus() != _POWER_STATUS_NORMAL)
 265   4                          {
 266   5                              SET_TARGET_POWER_STATUS(_POWER_STATUS_NORMAL);
 267   5                          }
 268   4      
 269   4                          SET_MODE_RESET_TARGET(_MODE_ACTION_RESET_TO_SEARCH);
 270   4      
 271   4                          SysSourceCableResetProc();
 272   4                      }
 273   3                  }
 274   2      
 275   2                  break;
 276   2      
 277   2              case _MODE_STATUS_DISPLAY_SETTING:
 278   2      
 279   2                  if(GET_MODE_DISPLAY_SETTING_READY() == _FALSE)
 280   2                  {
 281   3      #if(_PANEL_STYLE == _PANEL_VBO)
                              DWORD ulDclk = GET_D_CLK_FREQ();
              #endif
 284   3      
 285   3                      if(SysModeDisplaySetting() == _TRUE)
 286   3                      {
 287   4      #if(_DEBUG_MESSAGE_CHECK_MDOMAIN == _ON)
                                  ScalerMDomainCheckDisplaySetting();
              #endif
C51 COMPILER V9.00   SYSMODE                                                               02/26/2026 13:41:42 PAGE 6   

 290   4                          #if(_SW_IIC_SUPPORT == _ON)
 291   4                          #if(_MT3212_CT_SUPPORT == _ON)
                                  ScalerMcuMt3212CtInit();
                                  #endif
 294   4                          #if(_LS_PS_SUPPORT == _ON)
 295   4                          ScalerMcuLSPsInit();
*** WARNING C206 IN LINE 295 OF KERNEL\SYSTEM\CODE\SYSMODE.C: 'ScalerMcuLSPsInit': missing function-prototype
 296   4                          #endif
 297   4                          #endif
 298   4                          #if _EYE_VLI_SUPPORT
 299   4                          ScalerTimerActiveTimerEvent(500, _USER_TIMER_EVENT_EVENT_EYE_PROTECT_EVENT);
 300   4                          #endif
 301   4      
 302   4      #if(_PANEL_STYLE == _PANEL_VBO)
                                  if(ulDclk != GET_D_CLK_FREQ())
                                  {
              #if(_PANEL_VBO_CHANGE_CLK_RESET_TYPE == _VBO_CHANGE_CLK_RESET_BY_RE_LINK_TRAIN)
                                      // Turn off Backlight Power to prevent garbage
                                      
                                      UserCommonInterfacePanelPowerAction(_BACKLIGHT_OFF);
              #else
                                      // Turn off Panel Power to prevent garbage
                                      UserCommonInterfacePanelPowerAction(_PANEL_OFF);
              #endif
                                  }
              #endif
 315   4      
 316   4      #if((_PANEL_POW_SEQ_FAST_MODE == _ON) || (_PANEL_POWER_ON_BEFORE_COLOR_SETTING == _ON))
 317   4                          UserCommonInterfacePanelPowerAction(_PANEL_ON);
 318   4      #endif
 319   4                          UserCommonInterfaceAdjustColorProc();
 320   4      
 321   4                          SET_MODE_DISPLAY_SETTING_READY();
 322   4      
 323   4                          SET_MODE_RESET_TARGET(_MODE_ACTION_NO_RESET_MODE);
 324   4      
 325   4                          ScalerTimerCancelTimerEvent(_SYSTEM_TIMER_EVENT_JUDGE_NOSUPPORT_STATE);
 326   4                      }
 327   3                  }
 328   2      
 329   2                  break;
 330   2      
 331   2              case _MODE_STATUS_ACTIVE:
 332   2      
 333   2                  if(GET_MODE_STATE_CHANGE_MODE() == _TRUE)
 334   2                  {
 335   3                      ScalerGlobalFirstActiveProc(GET_SOURCE_TYPE(g_ucSearchIndex), SysSourceGetInputPort());
 336   3                      UserCommonInterfaceOsdActiveProc();
 337   3                      UserCommonInterfacePanelPowerAction(_BACKLIGHT_ON);
 338   3                      SysSourceFirstActiveProc();
 339   3                  }
 340   2      
 341   2                  ScalerSyncActiveProc(GET_SOURCE_TYPE(g_ucSearchIndex));
 342   2      
 343   2      
 344   2      #if(((_DDR3_PHASE_CALIBRATION == _ON) && (_MEMORY_PHASE_CALIBRATION_MODE == _MEMORY_PHASE_CALIBRATION_FRC_
             -MODE)) && (_DDR3_PHASE_CHECK == _OFF))
                          ScalerDDR3PhaseCalibrationFRCMode();
              
              #elif(_DDR1_PHASE_CALIBRATION == _ON)
 348   2                  ScalerTimerActiveTimerEvent(SEC(60), _SCALER_TIMER_EVENT_DDR_PHASE_CNT_CHECK);
 349   2      
C51 COMPILER V9.00   SYSMODE                                                               02/26/2026 13:41:42 PAGE 7   

 350   2      #elif(_SDRAM_PHASE_CALIBRATION == _ON)
                          ScalerTimerActiveTimerEvent(SEC(60), _SCALER_TIMER_EVENT_SDRAM_PHASE_CNT_CHECK);
              
              #endif
 354   2                  break;
 355   2      
 356   2              case _MODE_STATUS_NOSUPPORT:
 357   2      
 358   2                  break;
 359   2      
 360   2              case _MODE_STATUS_FACTORY:
 361   2      
 362   2                  break;
 363   2      
 364   2              default:
 365   2      
 366   2                  break;
 367   2          }
 368   1      
 369   1          CLR_MODE_STATE_CHANGE_MODE();
 370   1      }
 371          
 372          //--------------------------------------------------
 373          // Description  : Return Mode State for other Group
 374          // Input Value  : None
 375          // Output Value : Mode State
 376          //--------------------------------------------------
 377          BYTE SysModeGetModeState(void)
 378          {
 379   1          return GET_MODE_STATE();
 380   1      }
 381          
 382          //--------------------------------------------------
 383          // Description  : Return Mode Display Setting Ready
 384          // Input Value  : None
 385          // Output Value : Mode State
 386          //--------------------------------------------------
 387          bit SysModeGetDisplaySettingReady(void)
 388          {
 389   1          return GET_MODE_DISPLAY_SETTING_READY();
 390   1      }
 391          
 392          //--------------------------------------------------
 393          // Description  : Return Mode Timing Confirm
 394          // Input Value  : None
 395          // Output Value : Mode State
 396          //--------------------------------------------------
 397          bit SysModeGetTimingConfirm(void)
 398          {
 399   1          return GET_MODE_TIMING_CONFIRM();
 400   1      }
 401          
 402          //--------------------------------------------------
 403          // Description  : Return Mode Active Ready
 404          // Input Value  : None
 405          // Output Value : Mode State
 406          //--------------------------------------------------
 407          bit SysModeGetActiveReady(void)
 408          {
 409   1          return GET_MODE_ACTIVE_READY();
 410   1      }
 411          
C51 COMPILER V9.00   SYSMODE                                                               02/26/2026 13:41:42 PAGE 8   

 412          //--------------------------------------------------
 413          // Description  : Include all required settings for Display
 414          // Input Value  : Input Source Type
 415          // Output Value : None
 416          //--------------------------------------------------
 417          bit SysModeDisplaySetting(void)
 418          {
 419   1          bit bMdomainsetup = _FALSE;
 420   1      
 421   1          // Set up testing flow
 422   1          DISPLAY_SETTING_TEST_INIT();
 423   1      
 424   1          // Set up variables for dispaly setting
 425   1          SysModeSetUpDisplayInitialization();
 426   1      
 427   1          // Set Up Input Timing to I Domain
 428   1          SysModeSetUpInputCapture();
 429   1      
 430   1          // Set D Domain Functions
 431   1          SysModeSetUpDisplayCapture();
 432   1      
 433   1      #if(_URGENT_EVENT_CHECK_MODE == _ON)
 434   1          if((ScalerSyncCheckUrgentEvent() == _TRUE))
 435   1          {
 436   2              return _FALSE;
 437   2          }
 438   1      #endif
 439   1      
 440   1          // Set M Domain Functions
 441   1          bMdomainsetup = SysModeSetUpMDomain();
 442   1      
 443   1          // Start testing
 444   1          DISPLAY_SETTING_TEST_UPDATE();
 445   1      
 446   1          return bMdomainsetup;
 447   1      }
 448          
 449          //--------------------------------------------------
 450          // Description  : Set Up variables for display setting
 451          // Input Value  : None
 452          // Output Value : None
 453          //--------------------------------------------------
 454          void SysModeSetUpDisplayInitialization(void)
 455          {
 456   1          UserInterfaceDisplayInitialization();
 457   1      
 458   1      #if(_ULTRA_HDR_SUPPORT == _ON)
 459   1          ScalerSyncGetColorInfoFrame(SysSourceGetInputPort(), _DP_GET_RSV0_INFO_INITIAL);
 460   1      #endif
 461   1      
 462   1          // Check Panel Backlight Action
 463   1          if(UserCommonInterfaceGetDisplaySettingBacklightAction() == _DISABLE)
 464   1          {
 465   2      #if(_PANEL_POW_SEQ_FAST_MODE == _ON)
 466   2              // Turn off backlight to prevent garbage
 467   2              
 468   2              UserCommonInterfacePanelPowerAction(_BACKLIGHT_OFF);
 469   2      #else
                      // Turn off backlight to prevent garbage
                      UserCommonInterfacePanelPowerAction(_PANEL_OFF);
              #endif
 473   2          }
C51 COMPILER V9.00   SYSMODE                                                               02/26/2026 13:41:42 PAGE 9   

 474   1      
 475   1          SysModeSetupIDomainIniValue();
 476   1      
 477   1      #if(_M_DOMAIN_IMG_CMP_SUPPORT == _ON)
                  ScalerImgCmpDecmpPowerControl(_ON);
              #endif
 480   1      
 481   1          // Set custom DVF freq.
 482   1          UserCommonDisplayGetMDomainCustomInfo(&g_stDisplayCustomizedData);
 483   1      
 484   1      #if(_RTK_ADVANCED_MOTION_BLUR_REDUCTION_SUPPORT == _ON)
                  UserCommonInterfaceAdjustRtkAdvMbr();
              #endif
 487   1      
 488   1          // Check Case to Disable Global Double Buffer
 489   1          if(SysModeCheckToDisableGlobalDoubleBuffer() == _TRUE)
 490   1          {
 491   2              ScalerGlobalDoubleBufferEnable(_DISABLE);
 492   2          }
 493   1      
 494   1      #if(_DISPLAY_ROTATION_SUPPORT == _ON)
 495   1          // Set rotation
 496   1          SET_ROT_TYPE(UserInterfaceGetRotationDegree());
 497   1          SET_ROT_DISP_SIZE(UserInterfaceGetRotationDisplayType());
 498   1      #endif
 499   1      
 500   1      #if(_DISP_LATENCY_ADJUST_SUPPORT == _ON)
                  // Set display latency ratio; 0 if rotation is enabled
              #if(_DISPLAY_ROTATION_SUPPORT == _ON)
                  if(GET_ROT_TYPE() != _ROT_DISABLE)
                  {
                      SET_DISP_LATENCY_RATIO(0);
                  }
                  else
              #endif
                  {
                      SET_DISP_LATENCY_RATIO(UserInterfaceGetDisplayLatencyRatio());
                  }
              #endif
 513   1      
 514   1      #if(_M_DOMAIN_IMG_CMP_SUPPORT == _ON)
              #if(_HW_M_DOMAIN_IMG_CMP_TYPE == _M_DOMAIN_IMG_CMP_GEN_1)
                  ScalerGlobalEnableUnderflowMonitor(_DISABLE);
              #endif
              #endif
 519   1      
 520   1      #if(_FRC_SUPPORT == _ON)
 521   1          // Disable FRC in change timing / m-domain check fail
 522   1          if(ScalerGlobalGetDBStatus() == _FALSE)
 523   1          {
 524   2              // FRC Disable M1/M2 Capture/Display
 525   2              ScalerFRCEn(_FRC_CAP_DISP_ALL, _DISABLE);
 526   2      
 527   2              // Set Frame sync with line buffer mode
 528   2              ScalerFRCSetDDomainSourceSelect(_DDOMAIN_SRC_FRAM_FRAME_SYNC_MODE);
 529   2          }
 530   1      
 531   1      
 532   1      #if(_DISPLAY_ROTATION_SUPPORT == _ON)
 533   1      
 534   1      #if((_MEMORY_TYPE_CONFIG == _MEMORY_DDR2) && (_MEMORY_SIZE_CONFIG == _16M_16BIT_DDR2_2PCS))
                  // switch DDR2 mux
C51 COMPILER V9.00   SYSMODE                                                               02/26/2026 13:41:42 PAGE 10  

                  ScalerDDR2RotationSetClientMux();
              #endif
 538   1      
 539   1      #if(_DISPLAY_ROTATION_TYPE == _DISPLAY_ROTATION_GEN_I)
                  // Disable FRC
                  ScalerRotationSetFRCEn(_FRC_ALL_ONOFF, _DISABLE);
              
                  // Use information form Frame-Sync Mode
                  ScalerRotationSetDDomainSourceSelect(_DDOMAIN_SRC_FRAM_FRAME_SYNC_MODE);
              #endif
 546   1      #endif
 547   1      #endif  // End of #if(_FRC_SUPPORT == _ON)
 548   1      }
 549          
 550          //--------------------------------------------------
 551          // Description  : Set Up stuffs into I-Domain
 552          // Input Value  : Timing Info Into VGIP
 553          // Output Value : None
 554          //--------------------------------------------------
 555          void SysModeSetUpInputCapture(void)
 556          {
 557   1          UserCommonInterfaceAdjustInputTiming();
 558   1      
 559   1          ScalerIDomainVgipSetInputCapture();
 560   1      }
 561          
 562          //--------------------------------------------------
 563          // Description  : Set Up I-Domain
 564          // Input Value  : Timing Info Into D Domain
 565          // Output Value : None
 566          //--------------------------------------------------
 567          void SysModeSetUpDisplayCapture(void)
 568          {
 569   1          // Initialize Display Timing
 570   1          SysModeDisplayTimingInitial();
 571   1      
 572   1          UserCommonInterfaceAdjustDisplayTiming();
 573   1      
 574   1          // Check Display Timing
 575   1          ScalerMDomainCheckDisplayFormat();
 576   1      }
 577          
 578          //--------------------------------------------------
 579          // Description  : Set Up M-Domain
 580          // Input Value  : Timing Info Into M Domain
 581          // Output Value : None
 582          //--------------------------------------------------
 583          bit SysModeSetUpMDomain(void)
 584          {
 585   1          if(ScalerMDomainControl() == _FALSE)
 586   1          {
 587   2              return _FALSE;
 588   2          }
 589   1      
 590   1          return _TRUE;
 591   1      }
 592          
 593          //--------------------------------------------------
 594          // Description  : Mode Reset
 595          // Input Value  : Reset Target
 596          // Output Value : None
 597          //--------------------------------------------------
C51 COMPILER V9.00   SYSMODE                                                               02/26/2026 13:41:42 PAGE 11  

 598          void SysModeResetState(BYTE ucResetTarget)
 599          {
 600   1          DebugMessageSystem("SysModeResetState!!", ucResetTarget);
 601   1      
 602   1          switch(ucResetTarget)
 603   1          {
 604   2              case _MODE_ACTION_RESET_TO_SEARCH:
 605   2      
 606   2                  // User Reset Process
 607   2                  UserCommonInterfaceOsdResetProc();
 608   2      
 609   2                  // Clear Source Ready Flag
 610   2                  SysSourceInfoReset();
 611   2      
 612   2                  // Clear Measure Ready Flag
 613   2                  CLR_MODE_TIMING_CONFIRM();
 614   2      
 615   2                  // Clear M Domain Ready Flag
 616   2                  CLR_MODE_DISPLAY_SETTING_READY();
 617   2      
 618   2                  // Clear No Wait For Active Flag
 619   2                  CLR_MODE_NO_WAIT_FOR_ACTIVE();
 620   2      
 621   2                  // Clear Mode Active Ready Flag
 622   2                  CLR_MODE_ACTIVE_READY();
 623   2      
 624   2                  SysModeSetFreeRun();
 625   2      
 626   2                  ScalerTimerCancelTimerEvent(_SYSTEM_TIMER_EVENT_JUDGE_ACTIVE_STATE);
 627   2                  ScalerTimerCancelTimerEvent(_SYSTEM_TIMER_EVENT_JUDGE_NOSIGNAL_STATE);
 628   2                  ScalerTimerCancelTimerEvent(_SYSTEM_TIMER_EVENT_JUDGE_NOSUPPORT_STATE);
 629   2      
 630   2                  break;
 631   2      
 632   2              case _MODE_ACTION_RESET_TO_DISPLAY_SETTING_WITHOUT_FORCETOBG:
 633   2              case _MODE_ACTION_RESET_TO_DISPLAY_SETTING:
 634   2      
 635   2                  if(GET_MODE_STATE() != _MODE_STATUS_ACTIVE)
 636   2                  {
 637   3                      // User Reset Process
 638   3                      UserCommonInterfaceOsdResetProc();
 639   3                  }
 640   2      
 641   2                  // Clear M Domain Ready Flag
 642   2                  CLR_MODE_DISPLAY_SETTING_READY();
 643   2      
 644   2                  // Set No Wait For Active Flag
 645   2                  SET_MODE_NO_WAIT_FOR_ACTIVE();
 646   2      
 647   2                  // Clear Mode Active Ready Flag
 648   2                  CLR_MODE_ACTIVE_READY();
 649   2      
 650   2                  break;
 651   2      
 652   2              case _MODE_ACTION_RESET_TO_NOSUPPORT:
 653   2      
 654   2                  if(GET_MODE_STATE() == _MODE_STATUS_DISPLAY_SETTING)
 655   2                  {
 656   3                      // Clear M Domain Ready Flag
 657   3                      CLR_MODE_DISPLAY_SETTING_READY();
 658   3      
 659   3                      SysModeSetFreeRun();
C51 COMPILER V9.00   SYSMODE                                                               02/26/2026 13:41:42 PAGE 12  

 660   3                  }
 661   2      
 662   2                  break;
 663   2      
 664   2              case _MODE_ACTION_RESET_TO_POWER_SAVING:
 665   2      
 666   2                  // User Reset Process
 667   2                  UserCommonInterfaceOsdResetProc();
 668   2      
 669   2                  // Clear Source Ready Flag
 670   2                  SET_SOURCE_TYPE(g_ucSearchIndex, _SOURCE_NONE);
 671   2      
 672   2                  // Clear Source Judge
 673   2                  CLR_SOURCE_JUDGE(g_ucSearchIndex);
 674   2      
 675   2      #if(_SOURCE_BACKGROUND_DETECT_SUPPORT == _ON)
                          CLR_SOURCE_BG_JUDGE(g_ucBgDetectIndex);
              #endif
 678   2      
 679   2                  // Clear Measure Ready Flag
 680   2                  CLR_MODE_TIMING_CONFIRM();
 681   2      
 682   2                  // Clear M Domain Ready Flag
 683   2                  CLR_MODE_DISPLAY_SETTING_READY();
 684   2      
 685   2                  // Clear No Wait For Active Flag
 686   2                  CLR_MODE_NO_WAIT_FOR_ACTIVE();
 687   2      
 688   2                  // Clear Mode Active Ready Flag
 689   2                  CLR_MODE_ACTIVE_READY();
 690   2      
 691   2                  ScalerTimerCancelTimerEvent(_SYSTEM_TIMER_EVENT_JUDGE_ACTIVE_STATE);
 692   2                  ScalerTimerCancelTimerEvent(_SYSTEM_TIMER_EVENT_JUDGE_NOSIGNAL_STATE);
 693   2                  ScalerTimerCancelTimerEvent(_SYSTEM_TIMER_EVENT_JUDGE_NOSUPPORT_STATE);
 694   2      
 695   2                  break;
 696   2      
 697   2              case _MODE_ACTION_RESET_TO_POWER_OFF:
 698   2      
 699   2                  // User Reset Process
 700   2                  UserCommonInterfaceOsdResetProc();
 701   2      
 702   2                  // Clear Source Ready Flag
 703   2                  SysSourceInfoReset();
 704   2      
 705   2                  CLR_SOURCE_HP_SOURCE_JUDGE();
 706   2      
 707   2                  // Clear Measure Ready Flag
 708   2                  CLR_MODE_TIMING_CONFIRM();
 709   2      
 710   2                  // Clear M Domain Ready Flag
 711   2                  CLR_MODE_DISPLAY_SETTING_READY();
 712   2      
 713   2                  // Clear No Wait For Active Flag
 714   2                  CLR_MODE_NO_WAIT_FOR_ACTIVE();
 715   2      
 716   2                  // Clear Mode Active Ready Flag
 717   2                  CLR_MODE_ACTIVE_READY();
 718   2      
 719   2                  // Judge Reset Process
 720   2                  ScalerTimerCancelTimerEvent(_SYSTEM_TIMER_EVENT_JUDGE_ACTIVE_STATE);
 721   2      
C51 COMPILER V9.00   SYSMODE                                                               02/26/2026 13:41:42 PAGE 13  

 722   2                  break;
 723   2      
 724   2              default:
 725   2                  break;
 726   2          }
 727   1      
 728   1          ScalerGlobalResetProc(ucResetTarget, SysSourceGetInputPort());
 729   1      }
 730          
 731          //--------------------------------------------------
 732          // Description  : Set Free Run Mode
 733          // Input Value  : None
 734          // Output Value : None
 735          //--------------------------------------------------
 736          void SysModeSetFreeRun(void)
 737          {
 738   1          DWORD ulDclk = GET_D_CLK_FREQ();
 739   1      
 740   1          // Set D Domain Timing
 741   1          SysModeDisplayTimingInitial();
 742   1      
 743   1          // Disable Global Double Buffer
 744   1          ScalerGlobalDoubleBufferEnable(_DISABLE);
 745   1      
 746   1          ScalerMDomainSetDisplayFormat(_FREE_RUN_NO_INPUT);
 747   1      
 748   1          // Enable Spread Spectrum
 749   1          ScalerPLLSetDPLLSSC(_DCLK_SPREAD_SPEED, _DCLK_SPREAD_RANGE);
 750   1      
 751   1          if(ulDclk != GET_D_CLK_FREQ())
 752   1          {
 753   2      #if(_PANEL_STYLE == _PANEL_VBO)
              #if(_PANEL_VBO_CHANGE_CLK_RESET_TYPE == _VBO_CHANGE_CLK_RESET_BY_RE_LINK_TRAIN)
                      // Turn off Backlight Power to prevent garbage
                      
                      UserCommonInterfacePanelPowerAction(_BACKLIGHT_OFF);
              #else
                      // Turn off Panel Power to prevent garbage
                      UserCommonInterfacePanelPowerAction(_PANEL_OFF);
              #endif
              #elif(_PANEL_STYLE == _PANEL_DPTX)
              #if(_PANEL_POW_SEQ_FAST_MODE == _ON)
                      // Turn off backlight to prevent garbage
                      
                      UserCommonInterfacePanelPowerAction(_BACKLIGHT_OFF);
              #else
                      // Turn off backlight to prevent garbage
                      UserCommonInterfacePanelPowerAction(_PANEL_OFF);
              #endif
              #endif
 772   2          }
 773   1      }
 774          
 775          //--------------------------------------------------
 776          // Description  : Mode State Change Flag for OSD
 777          // Input Value  : None
 778          // Output Value : None
 779          //--------------------------------------------------
 780          bit SysModeGetModeStateChange(void)
 781          {
 782   1          return GET_MODE_STATE_CHANGE_OSD();
 783   1      }
C51 COMPILER V9.00   SYSMODE                                                               02/26/2026 13:41:42 PAGE 14  

 784          
 785          //--------------------------------------------------
 786          // Description  : Clr Mode State Change Flag for OSD
 787          // Input Value  : None
 788          // Output Value : None
 789          //--------------------------------------------------
 790          void SysModeClrModeStateChange(void)
 791          {
 792   1          CLR_MODE_STATE_CHANGE_OSD();
 793   1      }
 794          
 795          
 796          //--------------------------------------------------
 797          // Description  : Set Reset Status for User
 798          // Input Value  : Target Reset State
 799          // Output Value : None
 800          //--------------------------------------------------
 801          void SysModeSetResetTarget(EnumModeAction enumResetTarget)
 802          {
 803   1          if(GET_MODE_STATE() == _MODE_STATUS_INITIAL)
 804   1          {
 805   2              return;
 806   2          }
 807   1      
 808   1          SET_MODE_RESET_TARGET(enumResetTarget);
 809   1      }
 810          
 811          //--------------------------------------------------
 812          // Description  : Let User Specify Which Color Space is used
 813          // Input Value  : Target Color Space, enumDBApply
 814          // Output Value : None
 815          //--------------------------------------------------
 816          void SysModeColorSpaceConvert(EnumColorSpace enumColorFormat, EnumDBApply enumDBApply)
 817          {
 818   1          enumDBApply = enumDBApply;
 819   1          enumColorFormat = enumColorFormat;
 820   1      
 821   1      #if(_VGA_SUPPORT == _ON)
                  if(GET_SOURCE_TYPE(g_ucSearchIndex) == _SOURCE_VGA)
                  {
                      ScalerADCClampMode(enumColorFormat);
              
                      // Download adc data from NVRam
                      UserCommonNVRamLoadADCSetting(enumColorFormat);
              
                      // Gain Offset Adjust.
                      UserCommonInterfaceAdjustADCData();
                  }
              #endif
 833   1      
 834   1      #if((_DVI_SUPPORT == _ON) && (_UNDERSCAN_SUPPORT == _ON))
 835   1          if(GET_SOURCE_TYPE(g_ucSearchIndex) == _SOURCE_DVI)
 836   1          {
 837   2              // Adjust porch color for DVI
 838   2              ScalerTMDSSetPorchColor(SysSourceGetInputPort(), enumColorFormat);
 839   2          }
 840   1      #endif
 841   1      
 842   1      #if(_COLOR_IP_COLOR_CONVERT == _ON)
 843   1          // Wait for D-domain DB apply ready
 844   1          ScalerColorWaitDDomainDBApply();
 845   1      
C51 COMPILER V9.00   SYSMODE                                                               02/26/2026 13:41:42 PAGE 15  

 846   1      #if((_M_DOMAIN_FORCE_YUV_FORMAT == _ON) || (_GLOBAL_COLOR_CONVERT_HUE_SATURATION_FUNCTION == _ON))
                  ScalerColorMdomainForceYUV(enumColorFormat, enumDBApply);
              #elif(_ULTRA_VIVID_SUPPORT == _ON)
 849   1          ScalerColorSpaceConvertUltraVividSupport(enumColorFormat, enumDBApply);
 850   1      #else
                  ScalerColorSpaceConvert(enumColorFormat, enumDBApply);
              #endif
 853   1      #endif // End of #if(_COLOR_IP_COLOR_CONVERT == _ON)
 854   1      }
 855          
 856          //--------------------------------------------------
 857          // Description  : Give Display Timing Initial Value
 858          // Input Value  : None
 859          // Output Value : None
 860          //--------------------------------------------------
 861          void SysModeDisplayTimingInitial(void)
 862          {
 863   1          // Set Up Display Timing According to Panel Spec
 864   1          SET_MDOMAIN_OUTPUT_HWIDTH(_PANEL_DH_WIDTH);
 865   1          SET_MDOMAIN_OUTPUT_HBWIDTH(_PANEL_DH_WIDTH);
 866   1          SET_MDOMAIN_OUTPUT_HTOTAL((_PANEL_DH_TOTAL - (_PANEL_DH_TOTAL % _DHTOTAL_MULTIPLE)));
 867   1          SET_MDOMAIN_OUTPUT_HSTART(_PANEL_DH_START);
 868   1          SET_MDOMAIN_OUTPUT_HBSTART(_PANEL_DH_START);
 869   1      
 870   1          SET_MDOMAIN_OUTPUT_VHEIGHT(_PANEL_DV_HEIGHT);
 871   1          SET_MDOMAIN_OUTPUT_VBHEIGHT(_PANEL_DV_HEIGHT);
 872   1          SET_MDOMAIN_OUTPUT_VTOTAL(_PANEL_DV_TOTAL);
 873   1          SET_MDOMAIN_OUTPUT_VSTART(_PANEL_DV_START);
 874   1          SET_MDOMAIN_OUTPUT_VBSTART(_PANEL_DV_START);
 875   1      
 876   1          SET_OUTPUT_VFREQ(_PANEL_TYP_FRAME_RATE);
 877   1      }
 878          
 879          //--------------------------------------------------
 880          // Description  : Check To Disable Global Double Buffer
 881          // Input Value  : None
 882          // Output Value : _TRUE: Disale Global Global Double Buffer
 883          //--------------------------------------------------
 884          bit SysModeCheckToDisableGlobalDoubleBuffer(void)
 885          {
 886   1          if(ScalerGlobalGetDBStatus() == _TRUE)
 887   1          {
 888   2      #if(_DISPLAY_ROTATION_SUPPORT == _ON)
 889   2              if(GET_ROT_TYPE() != UserInterfaceGetRotationDegree())
 890   2              {
 891   3                  return _TRUE;
 892   3              }
 893   2      #endif
 894   2              if(GET_MEMORY_DVF_SELECT() != ScalerDisplaySelectDVFMode())
 895   2              {
 896   3                  return _TRUE;
 897   3              }
 898   2          }
 899   1          return _FALSE;
 900   1      }
 901          
 902          //--------------------------------------------------
 903          // Description  : Set I domain initial value and check
 904          // Input Value  : None
 905          // Output Value : None
 906          //--------------------------------------------------
 907          void SysModeSetupIDomainIniValue(void)
C51 COMPILER V9.00   SYSMODE                                                               02/26/2026 13:41:42 PAGE 16  

 908          {
 909   1          // Copy Input Timing to I Domain Timing as initial value
 910   1          SET_MDOMAIN_INPUT_STRUCTURE(g_stInputTimingData);
 911   1      
 912   1      #if((_MEASURE_ADJUSTED_IHF_SUPPORT == _ON) || (_MEASURE_ADJUSTED_IVF_SUPPORT == _ON))
 913   1      #if(_VGA_SUPPORT == _ON)
                  if(SysSourceGetSourceType() != _SOURCE_VGA)
              #endif
 916   1          {
 917   2              ScalerMDomainUpdateInputInfo();
 918   2          }
 919   1      #endif
 920   1      
 921   1      #if(_FORMAT_CONVERSION_SUPPORT == _ON)
                  if(ScalerFmtCnvFtoPGetStatus() == _TRUE)
                  {
                      if(GET_MDOMAIN_INPUT_VHEIGHT_ODD() == _TRUE)
                      {
                          SET_MDOMAIN_INPUT_VHEIGHT(GET_MDOMAIN_INPUT_VHEIGHT() - 2);
                      }
              
                      SET_MDOMAIN_INPUT_VSTART(GET_MDOMAIN_INPUT_VSTART() - (GET_MDOMAIN_INPUT_VSTART() % 2));
                  }
              #endif
 932   1      
 933   1      #if(_DRR_SUPPORT == _ON)
 934   1          SysModeDrrSetMdomainInfo();
 935   1      #endif
 936   1      
 937   1      #if(_HDMI21_VRR_SUPPORT == _ON)
                  if(GET_DRR_IVF_INFO() == _TRUE)
              #elif(_FREESYNC_SUPPORT == _ON)
 940   1          if(GET_FREESYNC_IVF_INFO() == _TRUE)
 941   1      #endif
 942   1          {
 943   2              // Add Required Functions to Modify Input Timing
 944   2              if(GET_MDOMAIN_INPUT_VSTART() > (GET_MDOMAIN_INPUT_VTOTAL() - GET_MDOMAIN_INPUT_VHEIGHT()))
 945   2              {
 946   3                  SET_MDOMAIN_INPUT_VSTART((GET_MDOMAIN_INPUT_VTOTAL() - GET_MDOMAIN_INPUT_VHEIGHT()));
 947   3              }
 948   2          }
 949   1      
 950   1          if((GET_MDOMAIN_INPUT_HWIDTH() % 2) != 0x00)
 951   1          {
 952   2              // We should let H-width is even integer in case of the width of memory FIFO read width must even 
             -integer.
 953   2              SET_MDOMAIN_INPUT_HWIDTH(GET_MDOMAIN_INPUT_HWIDTH() + 1);
 954   2          }
 955   1      }
 956          
 957          #if(_DRR_SUPPORT == _ON)
 958          //--------------------------------------------------
 959          // Description  : Set Drr Mdomain Info
 960          // Input Value  : None
 961          // Output Value : None
 962          //--------------------------------------------------
 963          void SysModeDrrSetMdomainInfo(void)
 964          {
 965   1          EnumSourceSearchPort enumSearchPort = SysSourceGetInputPort();
 966   1      
 967   1      #if(_FREESYNC_SUPPORT == _ON)
 968   1          ScalerFreeSyncSPDInfoReceive(enumSearchPort);
C51 COMPILER V9.00   SYSMODE                                                               02/26/2026 13:41:42 PAGE 17  

 969   1      #endif
 970   1      
 971   1      #if(_HDMI21_VRR_SUPPORT == _ON)
                  if(ScalerDrrGetType() != _DRR_NONE_TYPE)
                  {
                      WORD usIVfreq = SysModeDrrGetIVFreq(enumSearchPort);
              
                      ScalerDrrSetPanelVfeqInfo(enumSearchPort);
              
                      if(usIVfreq != 0)
                      {
                          SET_DRR_IVF_INFO(_TRUE);
                          SET_MDOMAIN_INPUT_VTOTAL((DWORD)GET_MDOMAIN_INPUT_HFREQ() * 1000 / usIVfreq);
                      }
                      else
                      {
                          SET_DRR_IVF_INFO(_FALSE);
                          SET_MDOMAIN_INPUT_VTOTAL((DWORD)GET_MDOMAIN_INPUT_VHEIGHT() * 105 / 100);
              
                          usIVfreq = ((DWORD)GET_MDOMAIN_INPUT_HFREQ() * 1000 / GET_MDOMAIN_INPUT_VHEIGHT());
              
                          if(usIVfreq > GET_DRR_PANEL_MAX_FRAME_RATE())
                          {
                              usIVfreq = GET_DRR_PANEL_MAX_FRAME_RATE();
                          }
                      }
              
                      DebugMessageScaler("DRR new Vfreq max", usIVfreq);
                      SET_MDOMAIN_INPUT_VFREQ(usIVfreq);
                  }
                  else
              #endif
1001   1          {
1002   2      #if(_FREESYNC_SUPPORT == _ON)
1003   2              if(GET_FREESYNC_ENABLED() == _TRUE)
1004   2              {
1005   3                  WORD usIVfreq = SysModeDrrGetIVFreq(enumSearchPort);
1006   3      
1007   3                  if(usIVfreq != 0)
1008   3                  {
1009   4                      SET_FREESYNC_IVF_INFO(_TRUE);
1010   4                      SET_MDOMAIN_INPUT_VTOTAL((DWORD)GET_MDOMAIN_INPUT_HFREQ() * 1000 / usIVfreq);
1011   4                  }
1012   3                  else
1013   3                  {
1014   4                      SET_FREESYNC_IVF_INFO(_FALSE);
1015   4                      SET_MDOMAIN_INPUT_VTOTAL((DWORD)GET_MDOMAIN_INPUT_VHEIGHT() * 105 / 100);
1016   4      
1017   4                      usIVfreq = ((DWORD)GET_MDOMAIN_INPUT_HFREQ() * 1000 / GET_MDOMAIN_INPUT_VHEIGHT());
1018   4      
1019   4                      if(usIVfreq > _PANEL_FREESYNC_MAX_FRAME_RATE)
1020   4                      {
1021   5                          usIVfreq = _PANEL_FREESYNC_MAX_FRAME_RATE;
1022   5                      }
1023   4                  }
1024   3      
1025   3                  DebugMessageScaler("DRR new Vfreq max", usIVfreq);
1026   3                  SET_MDOMAIN_INPUT_VFREQ(usIVfreq);
1027   3              }
1028   2      #endif
1029   2          }
1030   1      }
C51 COMPILER V9.00   SYSMODE                                                               02/26/2026 13:41:42 PAGE 18  

1031          
1032          //--------------------------------------------------
1033          // Description  : Get DRR IVF
1034          // Input Value  : Input port
1035          // Output Value : IVF in DRR; 0 if not available
1036          //--------------------------------------------------
1037          WORD SysModeDrrGetIVFreq(EnumSourceSearchPort enumSearchPort)
1038          {
1039   1          BYTE ucPortType = GET_PORT_TYPE(SysSourceGetInputPortType(enumSearchPort));
1040   1          BYTE *pucReadArray = UserCommonInterfaceEdidGetDDCRamAddress(enumSearchPort);
1041   1          WORD usIVfreq = 0;
1042   1          WORD usInputPixelClk = 0;
1043   1      
1044   1          StructFreeSyncSourceInfo stSourceInfo;
1045   1          memset(&stSourceInfo, 0, sizeof(stSourceInfo));
1046   1      
1047   1          ScalerFreeSyncGetSourceInfo(enumSearchPort, ucPortType, &stSourceInfo);
1048   1      
1049   1      #if(_HDMI21_VRR_SUPPORT == _ON)
                  if(ScalerDrrGetType() != _DRR_NONE_TYPE)
                  {
                      if(GET_DRR_VFREQ_MAX() == 590)
                      {
                          SET_DRR_VFREQ_MAX(600);
                      }
              
                      SET_DRR_VFREQ_MIN(GET_DRR_PANEL_MIN_FRAME_RATE());
              
                      if((GET_DRR_VFREQ_MAX() >= GET_DRR_PANEL_MIN_FRAME_RATE()) &&
                         (GET_DRR_VFREQ_MAX() <= GET_DRR_PANEL_MAX_FRAME_RATE()) &&
                         (ScalerDrrVfreqMaxInfoEnable(enumSearchPort, ucPortType) == _TRUE))
                      {
                          DebugMessageScaler("DRR Get IVF from SPD info", GET_DRR_VFREQ_MAX());
                          return GET_DRR_VFREQ_MAX();
                      }
                  }
                  else
              #endif
1069   1          {
1070   2      #if(_FREESYNC_SUPPORT == _ON)
1071   2              if(GET_FREESYNC_VFREQ_MAX() == 590)
1072   2              {
1073   3                  SET_FREESYNC_VFREQ_MAX(600);
1074   3              }
1075   2      
1076   2              if(ScalerFreeSyncVfreqMaxInfoEnable(enumSearchPort, ucPortType) == _TRUE)
1077   2              {
1078   3                  DebugMessageScaler("DRR Get IVF from SPD info", GET_FREESYNC_VFREQ_MAX());
1079   3                  return GET_FREESYNC_VFREQ_MAX();
1080   3              }
1081   2      #endif
1082   2          }
1083   1      
1084   1          if(pucReadArray == _NULL_POINTER)
1085   1          {
1086   2              DebugMessageScaler("warning!!!!  Without EDID, Not Get IVF from EDID analysis", 0);
1087   2          }
1088   1          else
1089   1          {
1090   2      #if(_DP_SUPPORT == _ON)
1091   2              if(ucPortType == _PORT_DP)
1092   2              {
C51 COMPILER V9.00   SYSMODE                                                               02/26/2026 13:41:42 PAGE 19  

1093   3                  usInputPixelClk = GET_DP_NATIVE_INPUT_PIXEL_CLK();
1094   3              }
1095   2              else
1096   2      #endif
1097   2              {
1098   3                  usInputPixelClk = ScalerSyncGetInputPixelClk();
1099   3              }
1100   2      
1101   2              // Get IVF from EDID info, if any
1102   2              if(ScalerFreeSyncEdidAnalysisGetVfreqMax(pucReadArray, usInputPixelClk, &stSourceInfo, &usIVfreq) 
             -== _TABLE_SEARCHING_WITH_IVF_MAX)
1103   2              {
1104   3                  DebugMessageScaler("DRR Get IVF from EDID analysis", usIVfreq);
1105   3                  return usIVfreq;
1106   3              }
1107   2              else
1108   2              {
1109   3                  DebugMessageScaler("warning!!!!  Not Get IVF from EDID analysis", 0);
1110   3              }
1111   2          }
1112   1      
1113   1          // Get IVF Calculated by CVT, for QD980
1114   1          if(ScalerFreeSyncCalculateIVFmaxFromCVT(&usIVfreq, &stSourceInfo, ucPortType) == _TABLE_SEARCHING_WITH
             -_IVF_MAX)
1115   1          {
1116   2              DebugMessageScaler("DRR Get IVF Calculated by CVT", usIVfreq);
1117   2              return usIVfreq;
1118   2          }
1119   1      
1120   1          // Get IVF from user info, if any
1121   1          if(UserCommonInterfaceFreeSyncGetIVFmax(&usIVfreq, enumSearchPort) == _TABLE_SEARCHING_WITH_IVF_MAX)
1122   1          {
1123   2              DebugMessageScaler("DRR Get IVF from user define", usIVfreq);
1124   2              return usIVfreq;
1125   2          }
1126   1      
1127   1          DebugMessageScaler("DRR not Get IVF", 0);
1128   1          return 0;
1129   1      }
1130          
1131          #endif
1132          
1133          


MODULE INFORMATION:   STATIC OVERLAYABLE
   CODE SIZE        =   1804    ----
   CONSTANT SIZE    =    395    ----
   XDATA SIZE       =      3      24
   PDATA SIZE       =   ----    ----
   DATA SIZE        =   ----    ----
   IDATA SIZE       =   ----    ----
   BIT SIZE         =   ----       1
END OF MODULE INFORMATION.


C51 COMPILATION COMPLETE.  1 WARNING(S),  0 ERROR(S)
