C51 COMPILER V8.12   RL6449_SERIES_DP                                                      01/02/2025 16:31:32 PAGE 1   


C51 COMPILER V8.12, COMPILATION OF MODULE RL6449_SERIES_DP
OBJECT MODULE PLACED IN .\Output\RL6449_Projecr\RL6449_Series_DP.obj
COMPILER INVOKED BY: D:\ToolSort\KeilC51V812_\C51\BIN\C51.EXE Kernel\Scaler\RL6449_Series_Scaler\Code\RL6449_Series_DP.c
                    - LARGE OPTIMIZE(9,SPEED) INCDIR(.\Output\RL6449;.\Project\Header;.\Pcb;.\Panel;.\Kernel\Device\Header;.\Kernel\Common;.\
                    -Kernel\System\Header;.\Kernel\Scaler\ScalerFunction\Header;.\Kernel\Scaler\ScalerCommonFunction\Header;.\Kernel\Scaler\S
                    -calerFunction\Lib\Header;.\Kernel\Scaler\ScalerCommonFunction\Lib\Header;.\Kernel\Scaler\RL6449_Series_Scaler\Header;.\K
                    -ernel\Scaler\RL6449_Series_Scaler\Lib\Header;.\Kernel\Scaler\RL6449_Series_Common\Header;.\Kernel\Scaler\RL6449_Series_C
                    -ommon\Lib\Header;.\Kernel\User Common Function\Header;.\User\RTD Series\RTD2014Function\Header;.\User\RTD Series\RTD2014
                    -Osd\Header;.\User\RTD Factory\Header;.\User\None Series\NoneFunction\Header;.\User\None Series\NoneOsd\Header;.\User\Non
                    -e Factory\Header) DEFINE(_PROJECT=_RL6449_PROJECT,_SCALER_TYPE=_RL6449_SERIES) DEBUG OBJECTEXTEND PRINT(.\Output\RL6449_
                    -Projecr\RL6449_Series_DP.lst) OBJECT(.\Output\RL6449_Projecr\RL6449_Series_DP.obj)

line level    source

   1          /********************************************************************************/
   2          /*   Copyright (c) 2021 Realtek Semiconductor Corp. All rights reserved.        */
   3          /*                                                                              */
   4          /*   SPDX-License-Identifier: LicenseRef-Realtek-Proprietary                    */
   5          /*                                                                              */
   6          /*   This software component is confidential and proprietary to Realtek         */
   7          /*   Semiconductor Corp. Disclosure, reproduction, redistribution, in whole     */
   8          /*   or in part, of this work and its derivatives without express permission    */
   9          /*   is prohibited.                                                             */
  10          /********************************************************************************/
  11          
  12          //----------------------------------------------------------------------------------------------------
  13          // ID Code      : RL6449_Series_DP.c No.0000
  14          // Update Note  :
  15          //----------------------------------------------------------------------------------------------------
  16          
  17          #include "ScalerFunctionInclude.h"
  18          
  19          #if(_DP_SUPPORT == _ON)
  20          
  21          //****************************************************************************
  22          // DEFINITIONS / MACROS
  23          //****************************************************************************
  24          
  25          //****************************************************************************
  26          // STRUCT / TYPE / ENUM DEFINITTIONS
  27          //****************************************************************************
  28          
  29          //****************************************************************************
  30          // CODE TABLES
  31          //****************************************************************************
  32          
  33          //****************************************************************************
  34          // VARIABLE DECLARATIONS
  35          //****************************************************************************
  36          
  37          
  38          //****************************************************************************
  39          // FUNCTION DECLARATIONS
  40          //****************************************************************************
  41          void ScalerDpScanInitial(BYTE ucInputPort);
  42          void ScalerDpSecDataReset(BYTE ucInputPort);
  43          bit ScalerDpNormalPreDetect(BYTE ucInputPort);
  44          BYTE ScalerDpScanInputPort(BYTE ucInputPort);
  45          bit ScalerDpPSPreDetect(BYTE ucInputPort);
  46          bit ScalerDpStableDetect(BYTE ucInputPort);
  47          bit ScalerDpHdcpCheckValid(BYTE ucInputPort);
C51 COMPILER V8.12   RL6449_SERIES_DP                                                      01/02/2025 16:31:32 PAGE 2   

  48          void ScalerDpFirstActiveProc(BYTE ucInputPort);
  49          void ScalerDpPowerSwitch(EnumPowerAction enumPowerAction);
  50          
  51          #if(_DP_LINK_INTERVAL_CHECK_SUPPORT == _ON)
              bit ScalerDpRxLinkStatusLoss(void);
              #endif
  54          
  55          void ScalerDpAuxChPowerStatusCheck(BYTE ucInputPort, bit bCableStatus);
  56          
  57          #if(_DP_FREESYNC_SUPPORT == _ON)
  58          #if(_DP_TX_SUPPORT == _ON)
              void ScalerDpTxSSTSetAmdSpdInfo(bit bPlayback);
              #endif
  61          #endif
  62          
  63          //****************************************************************************
  64          // FUNCTION DEFINITIONS
  65          //****************************************************************************
  66          //--------------------------------------------------
  67          // Description  : Initial Setting for DP Scanning Port(Power Normal)
  68          // Input Value  : _D0_INPUT_PORT or _D1_INPUT_PORT
  69          // Output Value : None
  70          //--------------------------------------------------
  71          void ScalerDpScanInitial(BYTE ucInputPort)
  72          {
  73   1          switch(ucInputPort)
  74   1          {
  75   2      #if(_D0_DP_EXIST == _ON)
              
                      case _D0_INPUT_PORT:
              
                          ScalerDpRx0MacInitial();
              
                          ScalerDpRx0PhyInitial();
              
                          CLR_DP_RX0_FAKE_LINK_TRAINING();
              
                          break;
              #endif
  87   2      
  88   2      #if(_D1_DP_EXIST == _ON)
  89   2      
  90   2              case _D1_INPUT_PORT:
  91   2      
  92   2                  ScalerDpRx1MacInitial();
  93   2      
  94   2                  ScalerDpRx1PhyInitial();
  95   2      
  96   2                  CLR_DP_RX1_FAKE_LINK_TRAINING();
  97   2      
  98   2                  break;
  99   2      #endif
 100   2      
 101   2              default:
 102   2      
 103   2                  break;
 104   2          }
 105   1      }
 106          
 107          //--------------------------------------------------
 108          // Description  : DP Sec Data Reset
 109          // Input Value  : ucInputPort
C51 COMPILER V8.12   RL6449_SERIES_DP                                                      01/02/2025 16:31:32 PAGE 3   

 110          // Output Value : None
 111          //--------------------------------------------------
 112          void ScalerDpSecDataReset(BYTE ucInputPort)
 113          {
 114   1          switch(ucInputPort)
 115   1          {
 116   2              case _D0_INPUT_PORT:
 117   2      
 118   2      #if(_D0_DP_EXIST == _ON)
                          ScalerDpRx0SecDataBlockReset();
              #endif
 121   2                  break;
 122   2      
 123   2              case _D1_INPUT_PORT:
 124   2      
 125   2      #if(_D1_DP_EXIST == _ON)
 126   2                  ScalerDpRx1SecDataBlockReset();
 127   2      #endif
 128   2                  break;
 129   2      
 130   2              default:
 131   2                  break;
 132   2          }
 133   1      }
 134          
 135          //--------------------------------------------------
 136          // Description  : Signal PreDetection for DP(Power Normal)
 137          // Input Value  : _D0_INPUT_PORT or _D1_INPUT_PORT
 138          // Output Value : True : DP Signal Detected
 139          //              : False : No Signal
 140          //--------------------------------------------------
 141          bit ScalerDpNormalPreDetect(BYTE ucInputPort)
 142          {
 143   1          switch(ucInputPort)
 144   1          {
 145   2      #if(_D0_DP_EXIST == _ON)
              
                      case _D0_INPUT_PORT:
              
              #if((_D6_INPUT_PORT_TYPE == _D6_DP_PORT) && (_D6_INPUT_PORT_SWITCH_FROM == _SWITCH_FROM_D0))
                      case _D6_INPUT_PORT:
              
                          if(GET_D6_SWITCH_POWER_STATUS() == _DIGITAL_D6_SWITCH_POWER_DOWN)
                          {
                              return _FALSE;
                          }
              #endif
                          return ScalerDpRx0NormalPreDetect();
              #endif
 159   2      
 160   2      #if(_D1_DP_EXIST == _ON)
 161   2      
 162   2              case _D1_INPUT_PORT:
 163   2      
 164   2                  return ScalerDpRx1NormalPreDetect();
 165   2      #endif
 166   2              default:
 167   2      
 168   2                  break;
 169   2          }
 170   1      
 171   1          return _FALSE;
C51 COMPILER V8.12   RL6449_SERIES_DP                                                      01/02/2025 16:31:32 PAGE 4   

 172   1      }
 173          
 174          //--------------------------------------------------
 175          // Description  : DP Port Source/Sync Scanning and Setting
 176          // Input Value  : _D0_INPUT_PORT or _D1_INPUT_PORT
 177          // Output Value : Source DP --> DP Sync Stable
 178          //                Source None --> No Stable Sync
 179          //--------------------------------------------------
 180          BYTE ScalerDpScanInputPort(BYTE ucInputPort)
 181          {
 182   1          switch((ucInputPort))
 183   1          {
 184   2      #if(_D0_DP_EXIST == _ON)
                      case _D0_INPUT_PORT:
              
                          return ScalerDpRx0ScanInputPort();
              #endif
 189   2      
 190   2      #if(_D1_DP_EXIST == _ON)
 191   2              case _D1_INPUT_PORT:
 192   2      
 193   2                  return ScalerDpRx1ScanInputPort();
 194   2      #endif
 195   2      
 196   2              default:
 197   2      
 198   2                  break;
 199   2          }
 200   1      
 201   1          return _FALSE;
 202   1      }
 203          
 204          //--------------------------------------------------
 205          // Description  : Signal Detection for DP(Power Saving)
 206          // Input Value  : _D0_INPUT_PORT or _D1_INPUT_PORT
 207          // Output Value : True : DP Signal Detected
 208          //              : False : No Signal
 209          //--------------------------------------------------
 210          bit ScalerDpPSPreDetect(BYTE ucInputPort)
 211          {
 212   1          switch((ucInputPort))
 213   1          {
 214   2      #if(_D0_DP_EXIST == _ON)
                      case _D0_INPUT_PORT:
              
              #if((_D6_INPUT_PORT_TYPE == _D6_DP_PORT) && (_D6_INPUT_PORT_SWITCH_FROM == _SWITCH_FROM_D0))
                      case _D6_INPUT_PORT:
              
                          if(GET_D6_SWITCH_POWER_STATUS() == _DIGITAL_D6_SWITCH_POWER_DOWN)
                          {
                              return _FALSE;
                          }
              #endif
                          return ScalerDpRx0PSPreDetect();
              #endif
 227   2      
 228   2      #if(_D1_DP_EXIST == _ON)
 229   2              case _D1_INPUT_PORT:
 230   2      
 231   2                  return ScalerDpRx1PSPreDetect();
 232   2      #endif
 233   2      
C51 COMPILER V8.12   RL6449_SERIES_DP                                                      01/02/2025 16:31:32 PAGE 5   

 234   2              default:
 235   2      
 236   2                  break;
 237   2          }
 238   1      
 239   1          return _FALSE;
 240   1      }
 241          
 242          //--------------------------------------------------
 243          // Description  : On Line Check DP stability
 244          // Input Value  : _D0_INPUT_PORT or _D1_INPUT_PORT
 245          // Output Value : True --> DP Stable
 246          //                False --> DP Unstable
 247          //--------------------------------------------------
 248          bit ScalerDpStableDetect(BYTE ucInputPort)
 249          {
 250   1          switch((ucInputPort))
 251   1          {
 252   2      #if(_D0_DP_EXIST == _ON)
                      case _D0_INPUT_PORT:
              
                          return ScalerDpRx0StableDetect();
              #endif
 257   2      
 258   2      #if(_D1_DP_EXIST == _ON)
 259   2              case _D1_INPUT_PORT:
 260   2      
 261   2                  return ScalerDpRx1StableDetect();
 262   2      #endif
 263   2      
 264   2              default:
 265   2      
 266   2                  break;
 267   2          }
 268   1      
 269   1          return _FALSE;
 270   1      }
 271          
 272          //--------------------------------------------------
 273          // Description  : Check whether HDCP is valid
 274          // Input Value  : Input Port
 275          // Output Value : TRUE => HDCP valid
 276          //--------------------------------------------------
 277          bit ScalerDpHdcpCheckValid(BYTE ucInputPort)
 278          {
 279   1          if(ucInputPort == _D0_INPUT_PORT)
 280   1          {
 281   2      #if(_D0_DP_EXIST == _ON)
                      return ScalerDpRx0HdcpCheckValid();
              #endif
 284   2          }
 285   1          else if(ucInputPort == _D1_INPUT_PORT)
 286   1          {
 287   2      #if(_D1_DP_EXIST == _ON)
 288   2              return ScalerDpRx1HdcpCheckValid();
 289   2      #endif
 290   2          }
 291   1      
 292   1          return _FALSE;
 293   1      }
 294          
 295          //--------------------------------------------------
C51 COMPILER V8.12   RL6449_SERIES_DP                                                      01/02/2025 16:31:32 PAGE 6   

 296          // Description  : DP First Active Process
 297          // Input Value  : ucInputPort
 298          // Output Value : None
 299          //--------------------------------------------------
 300          void ScalerDpFirstActiveProc(BYTE ucInputPort)
 301          {
 302   1          switch(ucInputPort)
 303   1          {
 304   2      #if(_D0_DP_EXIST == _ON)
              
                      case _D0_INPUT_PORT:
              
                          // Enable DP Fifo Under/OverFlow Watch Dog
                          ScalerDpRx0SetFifoWD(_ENABLE);
              
                          // Enable DP Fifo Under/OverFlow IRQ
                          ScalerDpRx0SetFifoIRQ(_ENABLE);
              
                          break;
              #endif
 316   2      
 317   2      #if(_D1_DP_EXIST == _ON)
 318   2              case _D1_INPUT_PORT:
 319   2      
 320   2                  // Enable DP Fifo Under/OverFlow Watch Dog
 321   2                  ScalerDpRx1SetFifoWD(_ENABLE);
 322   2      
 323   2                  // Enable DP Fifo Under/OverFlow IRQ
 324   2                  ScalerDpRx1SetFifoIRQ(_ENABLE);
 325   2      
 326   2                  break;
 327   2      #endif
 328   2      
 329   2              default:
 330   2      
 331   2                  break;
 332   2          }
 333   1      }
 334          
 335          //--------------------------------------------------
 336          // Description  : Check DP Into Power Saving
 337          // Input Value  : None
 338          // Output Value : None
 339          //--------------------------------------------------
 340          void ScalerDpPowerSwitch(EnumPowerAction enumPowerAction)
 341          {
 342   1          switch(enumPowerAction)
 343   1          {
 344   2              case _POWER_ACTION_NORMAL_TO_OFF:
 345   2              case _POWER_ACTION_AC_ON_TO_OFF:
 346   2              case _POWER_ACTION_PS_TO_OFF:
 347   2      
 348   2                  SET_DP_DC_OFF_HPD_TOGGLE_FLAG();
 349   2      
 350   2      #if(_D0_DP_EXIST == _ON)
              #if(_DP_POWER_OFF_HDCP_SUPPORT == _OFF)
              
                          // Disable HDCP support
                          ScalerDpRx0ChangeHdcpDpcdCapability(_DISABLE);
              
                          // Power Down HDCP Reset
                          ScalerDpRx0HDCPBlockReset();
C51 COMPILER V8.12   RL6449_SERIES_DP                                                      01/02/2025 16:31:32 PAGE 7   

              
              #if(_DP_HDCP_2_2_SUPPORT == _ON)
                          ScalerDpRx0Hdcp2ResetProc();
              #endif
              
              #endif // End of #if(_DP_POWER_OFF_HDCP_SUPPORT == _OFF)
              
              #endif // End of #if(_D0_DP_EXIST == _ON)
 366   2      
 367   2      #if(_D1_DP_EXIST == _ON)
 368   2      #if(_DP_POWER_OFF_HDCP_SUPPORT == _OFF)
 369   2      
 370   2                  // Disable HDCP support
 371   2                  ScalerDpRx1ChangeHdcpDpcdCapability(_DISABLE);
 372   2      
 373   2                  // Power Down HDCP Reset
 374   2                  ScalerDpRx1HDCPBlockReset();
 375   2      
 376   2      #if(_DP_HDCP_2_2_SUPPORT == _ON)
 377   2                  ScalerDpRx1Hdcp2ResetProc();
 378   2      #endif
 379   2      
 380   2      #endif // End of #if(_DP_POWER_OFF_HDCP_SUPPORT == _OFF)
 381   2      
 382   2      #endif // End of #if(_D1_DP_EXIST == _ON)
 383   2      
 384   2                  ScalerDpLowPowerProc();
 385   2      
 386   2                  break;
 387   2      
 388   2              case _POWER_ACTION_NORMAL_TO_PS:
 389   2      
 390   2                  ScalerDpLowPowerProc();
 391   2      
 392   2                  break;
 393   2      
 394   2              case _POWER_ACTION_AC_ON_TO_NORMAL:
 395   2              case _POWER_ACTION_OFF_TO_NORMAL:
 396   2              case _POWER_ACTION_PS_TO_NORMAL:
 397   2      
 398   2                  if(enumPowerAction == _POWER_ACTION_PS_TO_NORMAL)
 399   2                  {
 400   3                      ScalerDpJudgeHPDToggle(_POWER_ACTION_PS_TO_NORMAL);
 401   3                  }
 402   2      
 403   2      #if(_D0_DP_EXIST == _ON)
              
                          // Disable Aux Power Saving Mode
                          ScalerSetBit(PB7_62_AUX_2, ~_BIT1, 0x00);
              
                          // Switch Aux PHY to GDI BandGap
                          ScalerSetBit(PB7_63_AUX_3, ~_BIT7, 0x00);
              
                          // Disable Aux INT
                          ScalerSetBit(PB7_7A_AUX_DIG_PHYA, ~_BIT4, 0x00);
              
                          // Stream Load By 63th MTPH
                          ScalerSetBit(PB5_02_STHD_CTRL_1, ~_BIT7, 0x00);
              
                          if(enumPowerAction == _POWER_ACTION_OFF_TO_NORMAL)
                          {
                              // Enable HDCP support
C51 COMPILER V8.12   RL6449_SERIES_DP                                                      01/02/2025 16:31:32 PAGE 8   

                              ScalerDpRx0ChangeHdcpDpcdCapability(_ENABLE);
                          }
              
              #endif // End of #if(_D0_DP_EXIST == _ON)
 424   2      
 425   2      #if(_D1_DP_EXIST == _ON)
 426   2      
 427   2                  // Disable Aux Power Saving Mode
 428   2                  ScalerSetBit(PBA_62_AUX_2, ~_BIT1, 0x00);
 429   2      
 430   2                  // Switch Aux PHY to GDI BandGap
 431   2                  ScalerSetBit(PBA_63_AUX_3, ~_BIT7, 0x00);
 432   2      
 433   2                  // Disable Aux INT
 434   2                  ScalerSetBit(PBA_7A_AUX_DIG_PHYA, ~_BIT4, 0x00);
 435   2      
 436   2                  // Stream Load By 63th MTPH
 437   2                  ScalerSetBit(PB8_02_STHD_CTRL_1, ~_BIT7, 0x00);
 438   2      
 439   2                  if(enumPowerAction == _POWER_ACTION_OFF_TO_NORMAL)
 440   2                  {
 441   3                      // Enable HDCP support
 442   3                      ScalerDpRx1ChangeHdcpDpcdCapability(_ENABLE);
 443   3                  }
 444   2      
 445   2      #endif // End of #if(_D1_DP_EXIST == _ON)
 446   2      
 447   2      #if((_DP_TX_SUPPORT == _ON) && (_DP_FREESYNC_SUPPORT == _ON))
              
                          // Specify Packet Detect Type
                          ScalerSetByte(PBC_53_DP_INFO_FM_RSV0, _SPD_INFO_TYPE);
              
              #endif
 453   2                  IP = 0xA0;
 454   2      
 455   2                  break;
 456   2      
 457   2              case _POWER_ACTION_NORMAL_TO_FAKE_OFF:
 458   2      
 459   2                  SET_DP_DC_OFF_HPD_TOGGLE_FLAG();
 460   2      
 461   2                  break;
 462   2      
 463   2              default:
 464   2                  break;
 465   2          }
 466   1      }
 467          
 468          #if(_DP_LINK_INTERVAL_CHECK_SUPPORT == _ON)
              //--------------------------------------------------
              // Description  : Check CDR, Signal, Align Link, DFE, Margin Link, Decode
              // Input Value  : _D0_INPUT_PORT or _D1_INPUT_PORT
              // Output Value : True --> DP Link Loss
              //                False --> DP Stable
              //--------------------------------------------------
              bit ScalerDpRxLinkStatusLoss(void)
              {
                  bit bLinkStatusLoss = _FALSE;
              
              #if(_D0_DP_EXIST == _ON)
                  if(GET_DP_RX0_LINK_TRAINING_STATUS() == _DP_NORMAL_LINK_TRAINING_PASS)
                  {
C51 COMPILER V8.12   RL6449_SERIES_DP                                                      01/02/2025 16:31:32 PAGE 9   

                      bLinkStatusLoss |= ScalerDpRx0LinkStatusLoss();
                  }
              #endif
              
              #if(_D1_DP_EXIST == _ON)
                  if(GET_DP_RX1_LINK_TRAINING_STATUS() == _DP_NORMAL_LINK_TRAINING_PASS)
                  {
                      bLinkStatusLoss |= ScalerDpRx1LinkStatusLoss();
                  }
              #endif
              
                  return bLinkStatusLoss;
              }
              #endif
 496          
 497          //--------------------------------------------------
 498          // Description  : Dp Rx Aux Ch Power Status Check
 499          // Input Value  : None
 500          // Output Value : None
 501          //--------------------------------------------------
 502          void ScalerDpAuxChPowerStatusCheck(BYTE ucInputPort, bit bCableStatus)
 503          {
 504   1      #if(_D0_DP_EXIST == _ON)
                  if(ucInputPort == _D0_INPUT_PORT)
                  {
                      ScalerDpRx0AuxChPowerStatusCheck(bCableStatus);
                  }
              #endif
 510   1      
 511   1      #if(_D1_DP_EXIST == _ON)
 512   1          if(ucInputPort == _D1_INPUT_PORT)
 513   1          {
 514   2              ScalerDpRx1AuxChPowerStatusCheck(bCableStatus);
 515   2          }
 516   1      #endif
 517   1      }
 518          
 519          #if(_DP_FREESYNC_SUPPORT == _ON)
 520          #if(_DP_TX_SUPPORT == _ON)
              //--------------------------------------------------
              // Description  : Set DP TX AMD SPD info, using MPEG info
              // Input Value  : On/ Off
              // Output Value : None
              //--------------------------------------------------
              void ScalerDpTxSSTSetAmdSpdInfo(bit bPlayback)
              {
                  BYTE pucData[9];
              
                  memset(pucData, 0, sizeof(pucData));
              
                  // Disable DP TX MPEG and timestamp
                  ScalerSetBit(PBC_00_SEC_FUNCTION_CTRL, ~(_BIT5 | _BIT0), 0x00);
              
                  if(bPlayback == _ON)
                  {
                      if(GET_DP_MST_FREESYNC_ENABLED() == _TRUE)
                      {
                          // Get MST2SST AMD SPD Info frame, only support in RL6410 & RL6432
                          ScalerGetDataPortByte(PBC_55_DP_INFO_FM_ADR, 0x21, 3, &pucData[1], _AUTOINC);
              
                          if((pucData[1] == 0x1A) && (pucData[2] == 0x00) && (pucData[3] == 0x00))
                          {
C51 COMPILER V8.12   RL6449_SERIES_DP                                                      01/02/2025 16:31:32 PAGE 10  

                              // Get MST2SST AMD SPD Info frame, only support in RL6410 & RL6432
                              ScalerGetDataPortByte(PBC_55_DP_INFO_FM_ADR, 0x21, 9, pucData, _AUTOINC);
              
                              // Set AMD SPD INFO
                              ScalerSetByte(PBC_3D_SEC_INFO_MPEG_DB0, pucData[0]);
                              ScalerSetByte(PBC_3E_SEC_INFO_MPEG_DB1, pucData[1]);
                              ScalerSetByte(PBC_3F_SEC_INFO_MPEG_DB2, pucData[2]);
                              ScalerSetByte(PBC_40_SEC_INFO_MPEG_DB3, pucData[3]);
                              ScalerSetByte(PBC_41_SEC_INFO_MPEG_DB4, pucData[4]);
                              ScalerSetByte(PBC_42_SEC_INFO_MPEG_DB5, pucData[5]);
                              ScalerSetByte(PBC_43_SEC_INFO_MPEG_DB6, pucData[6]);
                              ScalerSetByte(PBC_44_SEC_INFO_MPEG_DB7, pucData[7]);
                              ScalerSetByte(PBC_45_SEC_INFO_MPEG_DB8, pucData[8]);
              
                              // Set Header for AMD SPD Info
                              ScalerDpTxSetSecDataHeader(_SEC_PACKET_TYPE_INFOFRAME_RSV);
              
                              // DP TX MPEG and timestamp enable
                              ScalerSetBit(PBC_00_SEC_FUNCTION_CTRL, ~(_BIT5 | _BIT0), (_BIT5 | _BIT0));
                          }
                      }
                  }
              }
              #endif
 568          
 569          #endif // #if(_DP_FREESYNC_SUPPORT == _ON)
 570          
 571          #endif // #if(_DP_SUPPORT == _ON)
 572          


MODULE INFORMATION:   STATIC OVERLAYABLE
   CODE SIZE        =    227    ----
   CONSTANT SIZE    =   ----    ----
   XDATA SIZE       =   ----       1
   PDATA SIZE       =   ----    ----
   DATA SIZE        =   ----    ----
   IDATA SIZE       =   ----    ----
   BIT SIZE         =   ----       1
END OF MODULE INFORMATION.


C51 COMPILATION COMPLETE.  0 WARNING(S),  0 ERROR(S)
