C51 COMPILER V8.12   RL6449_SERIES_DISPLAYDPTX                                             01/02/2025 16:31:32 PAGE 1   


C51 COMPILER V8.12, COMPILATION OF MODULE RL6449_SERIES_DISPLAYDPTX
OBJECT MODULE PLACED IN .\Output\RL6449_Projecr\RL6449_Series_DisplayDPTx.obj
COMPILER INVOKED BY: D:\ToolSort\KeilC51V812_\C51\BIN\C51.EXE Kernel\Scaler\RL6449_Series_Scaler\Code\RL6449_Series_Disp
                    -layDPTx.c LARGE OPTIMIZE(9,SPEED) INCDIR(.\Output\RL6449;.\Project\Header;.\Pcb;.\Panel;.\Kernel\Device\Header;.\Kernel\
                    -Common;.\Kernel\System\Header;.\Kernel\Scaler\ScalerFunction\Header;.\Kernel\Scaler\ScalerCommonFunction\Header;.\Kernel
                    -\Scaler\ScalerFunction\Lib\Header;.\Kernel\Scaler\ScalerCommonFunction\Lib\Header;.\Kernel\Scaler\RL6449_Series_Scaler\H
                    -eader;.\Kernel\Scaler\RL6449_Series_Scaler\Lib\Header;.\Kernel\Scaler\RL6449_Series_Common\Header;.\Kernel\Scaler\RL6449
                    -_Series_Common\Lib\Header;.\Kernel\User Common Function\Header;.\User\RTD Series\RTD2014Function\Header;.\User\RTD Serie
                    -s\RTD2014Osd\Header;.\User\RTD Factory\Header;.\User\None Series\NoneFunction\Header;.\User\None Series\NoneOsd\Header;.
                    -\User\None Factory\Header) DEFINE(_PROJECT=_RL6449_PROJECT,_SCALER_TYPE=_RL6449_SERIES) DEBUG OBJECTEXTEND PRINT(.\Outpu
                    -t\RL6449_Projecr\RL6449_Series_DisplayDPTx.lst) OBJECT(.\Output\RL6449_Projecr\RL6449_Series_DisplayDPTx.obj)

line level    source

   1          /********************************************************************************/
   2          /*   Copyright (c) 2021 Realtek Semiconductor Corp. All rights reserved.        */
   3          /*                                                                              */
   4          /*   SPDX-License-Identifier: LicenseRef-Realtek-Proprietary                    */
   5          /*                                                                              */
   6          /*   This software component is confidential and proprietary to Realtek         */
   7          /*   Semiconductor Corp. Disclosure, reproduction, redistribution, in whole     */
   8          /*   or in part, of this work and its derivatives without express permission    */
   9          /*   is prohibited.                                                             */
  10          /********************************************************************************/
  11          
  12          //----------------------------------------------------------------------------------------------------
  13          // ID Code      : RL6449_Series_DisplayDPTx.c No.0000
  14          // Update Note  :
  15          //----------------------------------------------------------------------------------------------------
  16          
  17          #include "ScalerFunctionInclude.h"
  18          
  19          #if(_PANEL_STYLE == _PANEL_DPTX)
  20          
  21          //****************************************************************************
  22          // DEFINITIONS / MACROS
  23          //****************************************************************************
  24          #define _DISPLAY_DP_TX_SKEW_LANE0                   0
  25          #define _DISPLAY_DP_TX_SKEW_LANE1                   2
  26          #define _DISPLAY_DP_TX_SKEW_LANE2                   4
  27          #define _DISPLAY_DP_TX_SKEW_LANE3                   6
  28          
  29          //****************************************************************************
  30          // STRUCT / TYPE / ENUM DEFINITTIONS
  31          //****************************************************************************
  32          
  33          //****************************************************************************
  34          // CODE TABLES
  35          //****************************************************************************
  36          BYTE code tDISPLAY_DPTX_DRV_RBR_HBR_TABLE[48] =
  37          {
  38              // Pre-emphasis->        0                    1                    2                    3
  39              // VoltageSwing
  40              /*    0    */      0x00, 0x04, 0x40,    0x03, 0x06, 0x42,    0x85, 0x0A, 0x36,    0x0F, 0x0F, 0xF5,
  41              /*    1    */      0x00, 0x06, 0x42,    0x21, 0x0E, 0x24,    0x1C, 0x0F, 0xFF,    0x1C, 0x0F, 0xFF,
  42              /*    2    */      0x00, 0x0E, 0x42,    0x1C, 0x0F, 0xFA,    0x1C, 0x0F, 0xFA,    0x1C, 0x0F, 0xFA,
  43              /*    3    */      0x00, 0x0F, 0x2D,    0x00, 0x0F, 0x2D,    0x00, 0x0F, 0x2D,    0x00, 0x0F, 0x2D,
  44          };
  45          
  46          BYTE code tDISPLAY_DPTX_DRV_HBR2_TABLE[48] =
  47          {
C51 COMPILER V8.12   RL6449_SERIES_DISPLAYDPTX                                             01/02/2025 16:31:32 PAGE 2   

  48              // Pre-emphasis->        0                    1                    2                    3
  49              // VoltageSwing
  50              /*    0    */      0x00, 0x03, 0x22,    0x0F, 0x0B, 0x61,    0x0F, 0x0C, 0x5A,    0x63, 0x0F, 0xBE,
  51              /*    1    */      0x00, 0x05, 0x33,    0x23, 0x0E, 0x67,    0xE0, 0x0F, 0x7F,    0xE0, 0x0F, 0x7F,
  52              /*    2    */      0x00, 0x07, 0x55,    0xE0, 0x0B, 0xFF,    0xE0, 0x0B, 0xFF,    0xE0, 0x0B, 0xFF,
  53              /*    3    */      0x00, 0x0F, 0x2D,    0x00, 0x0F, 0x2D,    0x00, 0x0F, 0x2D,    0x00, 0x0F, 0x2D,
  54          };
  55          
  56          //****************************************************************************
  57          // VARIABLE DECLARATIONS
  58          //****************************************************************************
  59          
  60          //****************************************************************************
  61          // FUNCTION DECLARATIONS
  62          //****************************************************************************
  63          void ScalerDisplayDPTxPollingHotPlug(WORD usNum);
  64          bit ScalerDisplayDPTxLinkSequence(void);
  65          void ScalerDisplayDPTxLinkConfigCheck(void);
  66          void ScalerDisplayDPTxCheckSSC(void);
  67          void ScalerDisplayDPTxStreamHanlder(bit bOutput);
  68          
  69          #if(_PANEL_DPTX_FORCE_OUTPUT_SUPPORT == _ON)
              void ScalerDisplayDPTxLinkSignalForceOutput(void);
              #endif
  72          
  73          void ScalerDisplayDPTxPowerSequenceProc(bit bLevel);
  74          void ScalerDisplayDPTxPhyInitial(void);
  75          void ScalerDisplayDPTxSSCSet(bit bSscEn);
  76          void ScalerDisplayDPTxPhy(bit bOn);
  77          void ScalerDisplayDPTxPLL(bit bOn);
  78          void ScalerDisplayDPTxPower(bit bOn);
  79          void ScalerDisplayDPTxSetLinkRate(void);
  80          void ScalerDisplayDPTxSetZ0(void);
  81          
  82          #if(_DISPLAY_DP_TX_PORT_1 == _ON)
  83          void ScalerDisplayDPTx1AuxPHYSet(BYTE ucMode);
  84          void ScalerDisplayDPTx1SetSignalLevel(EnumDisplayDPTxLane enumLaneX, BYTE ucVoltageSwing, BYTE ucPreEmphas
             -is);
  85          void ScalerDisplayDPTx1SignalInitialSetting(void);
  86          EnumDisplayDPTxTrainPattern ScalerDisplayDPTx1SetTp2PatternType(void);
  87          #endif // End of #if(_DISPLAY_DP_TX_PORT_1 == _ON)
  88          
  89          #if(_DISPLAY_DP_TX_PORT_2 == _ON)
              void ScalerDisplayDPTx2SetSignalLevel(EnumDisplayDPTxLane enumLaneX, BYTE ucVoltageSwing, BYTE ucPreEmphas
             -is);
              EnumDisplayDPTxTrainPattern ScalerDisplayDPTx2SetTp2PatternType(void);
              #endif // End of #if(_DISPLAY_DP_TX_PORT_2 == _ON)
  93          
  94          //****************************************************************************
  95          // FUNCTION DEFINITIONS
  96          //****************************************************************************
  97          //--------------------------------------------------
  98          // Description  : Wait for Dp Tx Htpdn
  99          // Input Value  : WORD usNum
 100          // Output Value : None
 101          //--------------------------------------------------
 102          void ScalerDisplayDPTxPollingHotPlug(WORD usNum)
 103          {
 104   1          WORD usTimeElapsed = 0;
 105   1          WORD usPreviousTime = 0;
 106   1          bit bHPCheck = _FALSE;
 107   1          usPreviousTime = g_usTimerCounter;
C51 COMPILER V8.12   RL6449_SERIES_DISPLAYDPTX                                             01/02/2025 16:31:32 PAGE 3   

 108   1      
 109   1          do
 110   1          {
 111   2              bHPCheck = _SUCCESS;
 112   2      
 113   2      #if(_PANEL_DPTX_LINK_SEQUENCE_SWAP == _OFF)
 114   2      #if(_DISPLAY_DP_TX_PORT_1 == _ON)
 115   2      
 116   2              if(ScalerGetBit(P9C_70_HPD_CTRL, _BIT2) == _BIT2)
 117   2              {
 118   3                  bHPCheck &= _SUCCESS;
 119   3      
 120   3      #if(_PANEL_DPTX_SET_HPD_DETECT_SEQUENCE == _HPD_DETECT_AFTER_PANEL_HPD_T2_TIME)
                          // Clear HPD IRQ Flag
                          ScalerSetByte(P9C_71_HPD_IRQ, 0xFE);
              #endif
 124   3      
 125   3                  // Panel DPTx Power Sequence Check Point
 126   3                  PCB_DPTX1_POWER_SEQUENCE(_DPTX_POWER_SEQUENCE_HPD_ON);
 127   3              }
 128   2              else
 129   2              {
 130   3      #if(((_PANEL_DPTX_VENDOR_SPECIFIC_TYPE & _PANEL_DPTX_VENDOR_SPECIFIC_004F1H) == _PANEL_DPTX_VENDOR_SPECIFI
             -C_004F1H) &&\
 131   3          (_DISPLAY_DP_TX_PORT_2 == _ON))
                          pData[0] = 0x01;
                          ScalerDisplayDPTx2NativeAuxWrite(0x00, 0x04, 0xF1, 1, pData);
              #endif
 135   3      
 136   3                  bHPCheck &= _FALSE;
 137   3              }
 138   2      #endif // End of #if(_DISPLAY_DP_TX_PORT_1 == _ON)
 139   2      
 140   2      #if(_DISPLAY_DP_TX_PORT_2 == _ON)
              
                      if(ScalerGetBit(P9E_70_HPD_CTRL, _BIT2) == _BIT2)
                      {
                          bHPCheck &= _SUCCESS;
              
              #if(_PANEL_DPTX_SET_HPD_DETECT_SEQUENCE == _HPD_DETECT_AFTER_PANEL_HPD_T2_TIME)
                          // Clear HPD IRQ Flag
                          ScalerSetByte(P9E_71_HPD_IRQ, 0xFE);
              #endif
              
                          // Panel DPTx Power Sequence Check Point
                          PCB_DPTX2_POWER_SEQUENCE(_DPTX_POWER_SEQUENCE_HPD_ON);
                      }
                      else
                      {
              #if(((_PANEL_DPTX_VENDOR_SPECIFIC_TYPE & _PANEL_DPTX_VENDOR_SPECIFIC_004F1H) == _PANEL_DPTX_VENDOR_SPECIFI
             -C_004F1H) &&\
                  (_DISPLAY_DP_TX_PORT_1 == _ON))
                          pData[0] = 0x01;
                          ScalerDisplayDPTx1NativeAuxWrite(0x00, 0x04, 0xF1, 1, pData);
              #endif
              
                          bHPCheck &= _FALSE;
                      }
              #endif // End of #if(_DISPLAY_DP_TX_PORT_2 == _ON)
 165   2      #else
              #if(_DISPLAY_DP_TX_PORT_2 == _ON)
              
C51 COMPILER V8.12   RL6449_SERIES_DISPLAYDPTX                                             01/02/2025 16:31:32 PAGE 4   

                      if(ScalerGetBit(P9E_70_HPD_CTRL, _BIT2) == _BIT2)
                      {
                          bHPCheck &= _SUCCESS;
              
              #if(_PANEL_DPTX_SET_HPD_DETECT_SEQUENCE == _HPD_DETECT_AFTER_PANEL_HPD_T2_TIME)
                          // Clear HPD IRQ Flag
                          ScalerSetByte(P9E_71_HPD_IRQ, 0xFE);
              #endif
              
                          // Panel DPTx Power Sequence Check Point
                          PCB_DPTX2_POWER_SEQUENCE(_DPTX_POWER_SEQUENCE_HPD_ON);
                      }
                      else
                      {
              #if(((_PANEL_DPTX_VENDOR_SPECIFIC_TYPE & _PANEL_DPTX_VENDOR_SPECIFIC_004F1H) == _PANEL_DPTX_VENDOR_SPECIFI
             -C_004F1H) &&\
                  (_DISPLAY_DP_TX_PORT_1 == _ON))
                          ScalerDisplayDPTx1NativeAuxWrite(0x00, 0x04, 0xF1, 1, 0x01);
              #endif
              
                          bHPCheck &= _FALSE;
                      }
              #endif // End of #if(_DISPLAY_DP_TX_PORT_2 == _ON)
              
              #if(_DISPLAY_DP_TX_PORT_1 == _ON)
              
                      if(ScalerGetBit(P9C_70_HPD_CTRL, _BIT2) == _BIT2)
                      {
                          bHPCheck &= _SUCCESS;
              
              #if(_PANEL_DPTX_SET_HPD_DETECT_SEQUENCE == _HPD_DETECT_AFTER_PANEL_HPD_T2_TIME)
                          // Clear HPD IRQ Flag
                          ScalerSetByte(P9C_71_HPD_IRQ, 0xFE);
              #endif
              
                          // Panel DPTx Power Sequence Check Point
                          PCB_DPTX1_POWER_SEQUENCE(_DPTX_POWER_SEQUENCE_HPD_ON);
                      }
                      else
                      {
              #if(((_PANEL_DPTX_VENDOR_SPECIFIC_TYPE & _PANEL_DPTX_VENDOR_SPECIFIC_004F1H) == _PANEL_DPTX_VENDOR_SPECIFI
             -C_004F1H) &&\
                  (_DISPLAY_DP_TX_PORT_2 == _ON))
                          ScalerDisplayDPTx2NativeAuxWrite(0x00, 0x04, 0xF1, 1, 0x01);
              #endif
              
                          bHPCheck &= _FALSE;
                      }
              #endif // End of #if(_DISPLAY_DP_TX_PORT_1 == _ON)
              #endif // End of #if(_PANEL_DPTX_LINK_SEQUENCE_SWAP == _OFF)
 216   2      
 217   2              if(usPreviousTime != g_usTimerCounter)
 218   2              {
 219   3                  usTimeElapsed++;
 220   3                  usPreviousTime = g_usTimerCounter;
 221   3              }
 222   2          }
 223   1          while((usTimeElapsed <= usNum) && (bHPCheck != _SUCCESS));
 224   1      
 225   1          DebugMessageCheck("eDP HPD Time", usTimeElapsed);
 226   1      }
 227          
C51 COMPILER V8.12   RL6449_SERIES_DISPLAYDPTX                                             01/02/2025 16:31:32 PAGE 5   

 228          //--------------------------------------------------
 229          // Description  : Settings for Dp Tx Link Sequence
 230          // Input Value  : None
 231          // Output Value : None
 232          //--------------------------------------------------
 233          bit ScalerDisplayDPTxLinkSequence(void)
 234          {
 235   1          bit bLTCheck = _SUCCESS;
 236   1          BYTE ucLTRetryNum = 0;
 237   1      
 238   1          do
 239   1          {
 240   2              bLTCheck = _SUCCESS;
 241   2      
 242   2              // Check DPTx Link Config
 243   2              ScalerDisplayDPTxLinkConfigCheck();
 244   2      
 245   2              // Check DPTx SSCG Status
 246   2              ScalerDisplayDPTxCheckSSC();
 247   2      
 248   2      #if((_PANEL_DPTX_8_LANE_LT_SYNCHRONIZE == _ON) && ((_DISPLAY_DP_TX_PORT_1 == _ON) && (_DISPLAY_DP_TX_PORT_
             -2 == _ON)))
              
                      // Set Dptx Link Training
                      ScalerDisplayDPTxLinkTraining();
              
                      if(GET_DISPLAY_DP_TX_LT_RESULT() == _DISPLAY_DP_TX_TRAINING_PASS)
                      {
                          bLTCheck = _SUCCESS;
                      }
                      else
                      {
                          bLTCheck = _FALSE;
                      }
              #else
 262   2      #if(_PANEL_DPTX_LINK_SEQUENCE_SWAP == _OFF)
 263   2      #if(_DISPLAY_DP_TX_PORT_1 == _ON)
 264   2      
 265   2              // Set Dptx1 Link Training
 266   2              ScalerDisplayDPTx1LinkTraining();
 267   2      
 268   2              if(GET_DISPLAY_DP_TX1_LT_RESULT() == _DISPLAY_DP_TX_TRAINING_PASS)
 269   2              {
 270   3                  bLTCheck &= _SUCCESS;
 271   3              }
 272   2              else
 273   2              {
 274   3                  bLTCheck &= _FALSE;
 275   3              }
 276   2      #endif // End of #if(_DISPLAY_DP_TX_PORT_1 == _ON)
 277   2      
 278   2      #if(_DISPLAY_DP_TX_PORT_2 == _ON)
              
                      // Set Dptx2 Link Training
                      ScalerDisplayDPTx2LinkTraining();
              
                      if(GET_DISPLAY_DP_TX2_LT_RESULT() == _DISPLAY_DP_TX_TRAINING_PASS)
                      {
                          bLTCheck &= _SUCCESS;
                      }
                      else
                      {
C51 COMPILER V8.12   RL6449_SERIES_DISPLAYDPTX                                             01/02/2025 16:31:32 PAGE 6   

                          bLTCheck &= _FALSE;
                      }
              #endif // End of #if(_DISPLAY_DP_TX_PORT_2 == _ON)
 292   2      #else
              #if(_DISPLAY_DP_TX_PORT_2 == _ON)
              
                      // Set Dptx2 Link Training
                      ScalerDisplayDPTx2LinkTraining();
              
                      if(GET_DISPLAY_DP_TX2_LT_RESULT() == _DISPLAY_DP_TX_TRAINING_PASS)
                      {
                          bLTCheck &= _SUCCESS;
                      }
                      else
                      {
                          bLTCheck &= _FALSE;
                      }
              #endif // End of #if(_DISPLAY_DP_TX_PORT_2 == _ON)
              
              #if(_DISPLAY_DP_TX_PORT_1 == _ON)
              
                      // Set Dptx1 Link Training
                      ScalerDisplayDPTx1LinkTraining();
              
                      if(GET_DISPLAY_DP_TX1_LT_RESULT() == _DISPLAY_DP_TX_TRAINING_PASS)
                      {
                          bLTCheck &= _SUCCESS;
                      }
                      else
                      {
                          bLTCheck &= _FALSE;
                      }
              #endif // End of #if(_DISPLAY_DP_TX_PORT_1 == _ON)
              #endif // End of #if(_PANEL_DPTX_LINK_SEQUENCE_SWAP == _OFF)
 323   2      #endif // End of #if((_PANEL_DPTX_8_LANE_LT_SYNCHRONIZE == _ON) && ((_DISPLAY_DP_TX_PORT_1 == _ON) && (_DI
             -SPLAY_DP_TX_PORT_2 == _ON)))
 324   2              ucLTRetryNum += 1;
 325   2      
 326   2              ScalerTimerDelayXms(5);
 327   2          }
 328   1          while((ucLTRetryNum < 5) && (bLTCheck != _SUCCESS));
 329   1      
 330   1      #if(_PANEL_DPTX_AUX_SET_TP_END_SEQUENCE == _TRAIN_PATTERN_END_AFTER_IDEL_PATTERN)
              #if(_DISPLAY_DP_TX_PORT_1 == _ON)
                  // Training Pattern End For Link Training
                  pData[0] = _DISPLAY_DP_TX_TP_NONE;
                  ScalerDisplayDPTx1NativeAuxWrite(0x00, 0x01, 0x02, 1, pData);
              #endif
              
              #if(_DISPLAY_DP_TX_PORT_2 == _ON)
                  // Training Pattern End For Link Training
                  pData[0] = _DISPLAY_DP_TX_TP_NONE;
                  ScalerDisplayDPTx2NativeAuxWrite(0x00, 0x01, 0x02, 1, pData);
              #endif
              #endif // End of #if(_PANEL_DPTX_AUX_SET_TP_END_SEQUENCE == _TRAIN_PATTERN_END_AFTER_IDEL_PATTERN)
 343   1      
 344   1          return bLTCheck;
 345   1      }
 346          
 347          //--------------------------------------------------
 348          // Description  : Check for Dp Tx Link Config
 349          // Input Value  : None
C51 COMPILER V8.12   RL6449_SERIES_DISPLAYDPTX                                             01/02/2025 16:31:32 PAGE 7   

 350          // Output Value : None
 351          //--------------------------------------------------
 352          void ScalerDisplayDPTxLinkConfigCheck(void)
 353          {
 354   1      #if((_PANEL_DPTX_8_LANE_LT_SYNCHRONIZE == _ON) && ((_DISPLAY_DP_TX_PORT_1 == _ON) && (_DISPLAY_DP_TX_PORT_
             -2 == _ON)))
                  // Initial LT Result and State
                  SET_DISPLAY_DP_TX_LT_RESULT(_DISPLAY_DP_TX_TRAINING_NO_RESULT);
                  SET_DISPLAY_DP_TX_LT_STATE(_DISPLAY_DP_TX_TRAINING_PATTERN1);
              #endif
 359   1      
 360   1      #if(_PANEL_DPTX_LINK_SEQUENCE_SWAP == _OFF)
 361   1      #if(_DISPLAY_DP_TX_PORT_1 == _ON)
 362   1          SET_DISPLAY_DP_TX1_LINK_CONFIG(ScalerDisplayDPTx1LinkConfig());
 363   1      #endif
 364   1      
 365   1      #if(_DISPLAY_DP_TX_PORT_2 == _ON)
                  SET_DISPLAY_DP_TX2_LINK_CONFIG(ScalerDisplayDPTx2LinkConfig());
              #endif
 368   1      #else
              #if(_DISPLAY_DP_TX_PORT_2 == _ON)
                  SET_DISPLAY_DP_TX2_LINK_CONFIG(ScalerDisplayDPTx2LinkConfig());
              #endif
              
              #if(_DISPLAY_DP_TX_PORT_1 == _ON)
                  SET_DISPLAY_DP_TX1_LINK_CONFIG(ScalerDisplayDPTx1LinkConfig());
              #endif
              #endif // End of #if(_PANEL_DPTX_LINK_SEQUENCE_SWAP == _OFF)
 377   1      }
 378          
 379          //--------------------------------------------------
 380          // Description  : Setting for eDp Tx SSCG
 381          // Input Value  : None
 382          // Output Value : None
 383          //--------------------------------------------------
 384          void ScalerDisplayDPTxCheckSSC(void)
 385          {
 386   1          bit bDpTxSscEn = _ENABLE;
 387   1      
 388   1      #if(_PANEL_DPTX_LINK_SEQUENCE_SWAP == _OFF)
 389   1      #if(_DISPLAY_DP_TX_PORT_1 == _ON)
 390   1          bDpTxSscEn &= GET_DISPLAY_DP_TX1_DOWN_SPREAD();
 391   1      #endif
 392   1      
 393   1      #if(_DISPLAY_DP_TX_PORT_2 == _ON)
                  bDpTxSscEn &= GET_DISPLAY_DP_TX2_DOWN_SPREAD();
              #endif
 396   1      #else
              #if(_DISPLAY_DP_TX_PORT_2 == _ON)
                  bDpTxSscEn &= GET_DISPLAY_DP_TX2_DOWN_SPREAD();
              #endif
              
              #if(_DISPLAY_DP_TX_PORT_1 == _ON)
                  bDpTxSscEn &= GET_DISPLAY_DP_TX1_DOWN_SPREAD();
              #endif
              #endif // End of #if(_PANEL_DPTX_LINK_SEQUENCE_SWAP == _OFF)
 405   1      
 406   1      #if(_DEBUG_MESSAGE_CHECK_DISP_SETTING == _ON)
                  if(bDpTxSscEn == _ENABLE)
                  {
                      DebugMessageCheck("eDP Panel DPCD support SSCG", 0x00);
                  }
C51 COMPILER V8.12   RL6449_SERIES_DISPLAYDPTX                                             01/02/2025 16:31:32 PAGE 8   

                  else
                  {
                      DebugMessageCheck("eDP Panel DPCD might not support SSCG", 0x00);
                  }
              #endif
 416   1      
 417   1          bDpTxSscEn = (_PANEL_DPTX_SPREAD_RANGE != 0) ? ((_PANEL_DPTX_FORCE_SSCG_SUPPORT == _ON) ? _ENABLE : bD
             -pTxSscEn) : _DISABLE;
 418   1      
 419   1          SET_DISPLAY_DP_TX_SSCG_CONFIG(bDpTxSscEn);
 420   1      }
 421          
 422          //--------------------------------------------------
 423          // Description  : Settings for Dp Tx Stream Handler
 424          // Input Value  : None
 425          // Output Value : None
 426          //--------------------------------------------------
 427          void ScalerDisplayDPTxStreamHanlder(bit bOutput)
 428          {
 429   1      #if(_PANEL_DPTX_LINK_SEQUENCE_SWAP == _OFF)
 430   1      #if(_DISPLAY_DP_TX_PORT_1 == _ON)
 431   1          ScalerDisplayDPTx1VideoStreamOutput(bOutput);
 432   1      #endif
 433   1      
 434   1      #if(_DISPLAY_DP_TX_PORT_2 == _ON)
                  ScalerDisplayDPTx2VideoStreamOutput(bOutput);
              #endif
 437   1      #else
              #if(_DISPLAY_DP_TX_PORT_2 == _ON)
                  ScalerDisplayDPTx2VideoStreamOutput(bOutput);
              #endif
              
              #if(_DISPLAY_DP_TX_PORT_1 == _ON)
                  ScalerDisplayDPTx1VideoStreamOutput(bOutput);
              #endif
              #endif // End of #if(_PANEL_DPTX_LINK_SEQUENCE_SWAP == _OFF)
 446   1      }
 447          
 448          #if(_PANEL_DPTX_FORCE_OUTPUT_SUPPORT == _ON)
              //--------------------------------------------------
              // Description  : DP Tx Link TSignal Force Output
              // Input Value  :
              // Output Value :
              //--------------------------------------------------
              void ScalerDisplayDPTxLinkSignalForceOutput(void)
              {
              #if(_PANEL_DPTX_LINK_SEQUENCE_SWAP == _OFF)
              #if(_DISPLAY_DP_TX_PORT_1 == _ON)
                  ScalerDisplayDPTx1LinkForceOutput();
              #endif
              
              #if(_DISPLAY_DP_TX_PORT_2 == _ON)
                  ScalerDisplayDPTx2LinkForceOutput();
              #endif
              #else
              #if(_DISPLAY_DP_TX_PORT_2 == _ON)
                  ScalerDisplayDPTx2LinkForceOutput();
              #endif
              
              #if(_DISPLAY_DP_TX_PORT_1 == _ON)
                  ScalerDisplayDPTx1LinkForceOutput();
              #endif
C51 COMPILER V8.12   RL6449_SERIES_DISPLAYDPTX                                             01/02/2025 16:31:32 PAGE 9   

              #endif // End of #if(_PANEL_DPTX_LINK_SEQUENCE_SWAP == _OFF)
              
              #if(_PANEL_DPTX_AUX_SET_TP_END_SEQUENCE == _TRAIN_PATTERN_END_AFTER_IDEL_PATTERN)
              #if(_DISPLAY_DP_TX_PORT_1 == _ON)
                  // Training Pattern End For Link Training
                  pData[0] = _DISPLAY_DP_TX_TP_NONE;
                  ScalerDisplayDPTx1NativeAuxWrite(0x00, 0x01, 0x02, 1, pData);
              #endif
              
              #if(_DISPLAY_DP_TX_PORT_2 == _ON)
                  // Training Pattern End For Link Training
                  pData[0] = _DISPLAY_DP_TX_TP_NONE;
                  ScalerDisplayDPTx2NativeAuxWrite(0x00, 0x01, 0x02, 1, pData);
              #endif
              #endif // End of #if(_PANEL_DPTX_AUX_SET_TP_END_SEQUENCE == _TRAIN_PATTERN_END_AFTER_IDEL_PATTERN)
              }
              #endif
 489          
 490          //--------------------------------------------------
 491          // Description  : DP Tx Power Sequence Process
 492          // Input Value  :
 493          // Output Value :
 494          //--------------------------------------------------
 495          void ScalerDisplayDPTxPowerSequenceProc(bit bLevel)
 496          {
 497   1          bLevel = bLevel;
 498   1      
 499   1      #if(_PANEL_DPTX_LINK_SEQUENCE_SWAP == _OFF)
 500   1      #if(_DISPLAY_DP_TX_PORT_1 == _ON)
 501   1          PCB_DPTX1_POWER_SEQUENCE(bLevel);
 502   1      #endif
 503   1      
 504   1      #if(_DISPLAY_DP_TX_PORT_2 == _ON)
                  PCB_DPTX2_POWER_SEQUENCE(bLevel);
              #endif
 507   1      #else
              #if(_DISPLAY_DP_TX_PORT_2 == _ON)
                  PCB_DPTX2_POWER_SEQUENCE(bLevel);
              #endif
              
              #if(_DISPLAY_DP_TX_PORT_1 == _ON)
                  PCB_DPTX1_POWER_SEQUENCE(bLevel);
              #endif
              #endif // End of #if(_PANEL_DPTX_LINK_SEQUENCE_SWAP == _OFF)
 516   1      }
 517          
 518          //--------------------------------------------------
 519          // Description  : DP Tx Initial
 520          // Input Value  : None
 521          // Output Value : None
 522          //--------------------------------------------------
 523          void ScalerDisplayDPTxPhyInitial(void)
 524          {
 525   1          // Set DISP mode is Dp Tx
 526   1          ScalerSetBit(P39_00_LVDS_DISP_TYPE, ~(_BIT2 | _BIT1 | _BIT0), _BIT2);
 527   1      
 528   1          // Set Link Clk Source Selection of CKRD
 529   1          ScalerSetBit(P38_2A_VBY1_LCLK_SOURCE_CTRL, ~(_BIT3 | _BIT2 | _BIT1), 0x00);
 530   1      
 531   1          // Set Link Clk Source
 532   1          ScalerSetBit(P38_2A_VBY1_LCLK_SOURCE_CTRL, ~_BIT0, _BIT0);
 533   1      
C51 COMPILER V8.12   RL6449_SERIES_DISPLAYDPTX                                             01/02/2025 16:31:32 PAGE 10  

 534   1          // Set Dptx Digital Phy Initial
 535   1          ScalerSetBit(P38_88_PHY0_TXBIST_00_L1, ~(_BIT4 | _BIT0), (_BIT4 | _BIT0));
 536   1      
 537   1          // Set eDP mode
 538   1          ScalerSetBit(P38_89_PHY0_TXBIST_01_H2, ~(_BIT6 | _BIT5 | _BIT4), (_BIT6 | _BIT5));
 539   1      
 540   1          // Enable Vby1 Phy power
 541   1          ScalerDisplayDPTxAnalogPhyConrol(_ENABLE);
 542   1      
 543   1          // Initial Z0 for DPTx
 544   1          ScalerDisplayDPTxSetZ0();
 545   1      
 546   1          // Lane Skew Setting for 8 Lane
 547   1          ScalerSetBit(P38_85_PHY0_TXBIST_00_H2, ~(_BIT5 | _BIT4 | _BIT3 | _BIT2 | _BIT1 | _BIT0), ((_DISPLAY_DP
             -_TX_SKEW_LANE0 << 3) | _DISPLAY_DP_TX_SKEW_LANE1));
 548   1          ScalerSetByte(P38_86_PHY0_TXBIST_00_H1, ((_DISPLAY_DP_TX_SKEW_LANE2 << 5) | (_DISPLAY_DP_TX_SKEW_LANE3
             - << 2) | (_DISPLAY_DP_TX_SKEW_LANE0 >> 1)));
 549   1          ScalerSetByte(P38_87_PHY0_TXBIST_00_L2, ((_DISPLAY_DP_TX_SKEW_LANE0 << 7) | (_DISPLAY_DP_TX_SKEW_LANE1
             - << 4) | (_DISPLAY_DP_TX_SKEW_LANE2 << 1) | (_DISPLAY_DP_TX_SKEW_LANE3 >> 2)));
 550   1          ScalerSetBit(P38_88_PHY0_TXBIST_00_L1, ~(_BIT7 | _BIT6), (_DISPLAY_DP_TX_SKEW_LANE3 << 6));
 551   1      
 552   1          // Waiting for PHY initial
 553   1          ScalerTimerDelayXms(10);
 554   1      }
 555          
 556          //--------------------------------------------------
 557          // Description  : Dp Tx SSC Set
 558          // Input Value  :
 559          // Output Value :
 560          //--------------------------------------------------
 561          void ScalerDisplayDPTxSSCSet(bit bSscEn)
 562          {
 563   1          if(bSscEn == _ENABLE)
 564   1          {
 565   2              PDATA_WORD(0) = (WORD)((ScalerGetBit(P38_DC_DPTX_CMU12, 0x1F) << 4) | (ScalerGetByte(P38_DD_DPTX_C
             -MU13) >> 4));
 566   2              PDATA_WORD(1) = (WORD)((ScalerGetBit(P38_DD_DPTX_CMU13, 0x0F) << 8) | ScalerGetByte(P38_DE_DPTX_CM
             -U14));
 567   2      
 568   2              // Calculate SSC Frequency = 30~33k
 569   2              PDATA_WORD(3) = (((_EXT_XTAL / _DISPLAY_DP_TX_SSC_FREQ) + 2) & 0xFFFC);
 570   2      
 571   2              // Calculate SSC downspread
 572   2              PDATA_WORD(2) = ((((DWORD)PDATA_WORD(0) + 4) * 4096 + PDATA_WORD(1))) * 16 / 200 / PDATA_WORD(3) /
             - 15 * _PANEL_DPTX_SPREAD_RANGE;
 573   2      
 574   2              // Set SSC Frequency = 30~33k
 575   2              ScalerSetByte(P38_E0_DPTX_CMU16, (BYTE)(PDATA_WORD(3) >> 8));
 576   2              ScalerSetByte(P38_E1_DPTX_CMU17, (BYTE)PDATA_WORD(3));
 577   2      
 578   2              // Set SSC downspread
 579   2              ScalerSetByte(P38_E2_DPTX_CMU18, (BYTE)(PDATA_WORD(2) >> 8));
 580   2              ScalerSetByte(P38_E3_DPTX_CMU19, (BYTE)PDATA_WORD(2));
 581   2      
 582   2              // [5] 1: Enable SSC, 0: disable
 583   2              // [4] 0: 1st Order SDM, 1:2nd Order SDM
 584   2              // [3] 0: Triangular wave, 1: Square wave
 585   2              ScalerSetBit(P38_D5_DPTX_CMU5, ~(_BIT5 | _BIT4 | _BIT3), _BIT5);
 586   2          }
 587   1          else
 588   1          {
 589   2              // Disable SSC
C51 COMPILER V8.12   RL6449_SERIES_DISPLAYDPTX                                             01/02/2025 16:31:32 PAGE 11  

 590   2              ScalerSetBit(P38_D5_DPTX_CMU5, ~_BIT5, 0x00);
 591   2          }
 592   1      }
 593          
 594          //--------------------------------------------------
 595          // Description  : Settings for Dp Tx Digital Phy
 596          // Input Value  : _ON or _OFF
 597          // Output Value : None
 598          //--------------------------------------------------
 599          void ScalerDisplayDPTxPhy(bit bOn)
 600          {
 601   1          if(bOn == _ON)
 602   1          {
 603   2              // Set Dp Tx Digital Phy
 604   2              ScalerSetBit(P38_00_VIDEO_FORMAT_H, ~_BIT4, _BIT4);
 605   2      
 606   2              // Enable Digital Phy output
 607   2              ScalerSetByte(P38_8E_PHY0_TXBIST_02_H1, 0xFF);
 608   2          }
 609   1      
 610   1          else
 611   1          {
 612   2              // Disable Digital Phy output
 613   2              ScalerSetByte(P38_8E_PHY0_TXBIST_02_H1, 0x00);
 614   2      
 615   2              // Reset Dp Tx Digital Phy
 616   2              ScalerSetBit(P38_00_VIDEO_FORMAT_H, ~_BIT4, 0x00);
 617   2          }
 618   1      }
 619          
 620          //--------------------------------------------------
 621          // Description  : Dp Tx PLL Power Control
 622          // Input Value  : _ON or _OFF
 623          // Output Value : None
 624          //--------------------------------------------------
 625          void ScalerDisplayDPTxPLL(bit bOn)
 626          {
 627   1          if(bOn == _ON)
 628   1          {
 629   2              // Enable Vby1 and DPTx Clock
 630   2              ScalerSetBit(P1_DC_DCLK_GATED_CTRL2, ~_BIT1, _BIT1);
 631   2      
 632   2              // Power Up Dp Tx PLL for LCLK
 633   2              ScalerSetBit(P38_09_TRANSMIT_CONTROL_H2, ~_BIT6, _BIT6);
 634   2          }
 635   1      
 636   1          else
 637   1          {
 638   2              // Power Down Dp Tx PLL for LCLK
 639   2              ScalerSetBit(P38_09_TRANSMIT_CONTROL_H2, ~_BIT6, 0x00);
 640   2      
 641   2              // Disable Vby1 and DPTx Clock
 642   2              ScalerSetBit(P1_DC_DCLK_GATED_CTRL2, ~_BIT1, 0x00);
 643   2          }
 644   1      }
 645          
 646          //--------------------------------------------------
 647          // Description  : Dp Tx Power Control
 648          // Input Value  : _ON or _OFF
 649          // Output Value : None
 650          //--------------------------------------------------
 651          void ScalerDisplayDPTxPower(bit bOn)
C51 COMPILER V8.12   RL6449_SERIES_DISPLAYDPTX                                             01/02/2025 16:31:32 PAGE 12  

 652          {
 653   1          if(bOn == _ON)
 654   1          {
 655   2              // Disable Weakly Pull Down
 656   2              ScalerSetByte(P38_C1_DPTX_RCVDET_BIAS_PULLDN1, 0x00);
 657   2      
 658   2              // Power Up Dptx Digital Block: reg_en
 659   2              ScalerSetBit(P38_09_TRANSMIT_CONTROL_H2, ~_BIT7, _BIT7);
 660   2      
 661   2              // Disable Dptx Power Down Mode
 662   2              ScalerSetByte(P38_A3_DPTX_PHY_CTRL3, 0x00);
 663   2          }
 664   1      
 665   1          else
 666   1          {
 667   2              // Power Down Dptx Analog Block
 668   2              ScalerSetByte(P38_A1_DPTX_PHY_CTRL1, 0x00);
 669   2      
 670   2              // Enable Dptx Power Down Mode
 671   2              ScalerSetByte(P38_A3_DPTX_PHY_CTRL3, 0xFF);
 672   2      
 673   2              // Power Down Vby1 Digital Block
 674   2              ScalerSetBit(P38_09_TRANSMIT_CONTROL_H2, ~_BIT7, 0x00);
 675   2      
 676   2              // Enable Weakly Pull Down
 677   2              ScalerSetByte(P38_C1_DPTX_RCVDET_BIAS_PULLDN1, 0xFF);
 678   2          }
 679   1      }
 680          
 681          //--------------------------------------------------
 682          // Description  : Settings for Dp Tx VBy1 Link Rate
 683          // Input Value  : None
 684          // Output Value : None
 685          //--------------------------------------------------
 686          void ScalerDisplayDPTxSetLinkRate(void)
 687          {
 688   1      #if(_PANEL_DPTX_LINK_SEQUENCE_SWAP == _OFF)
 689   1      #if(_DISPLAY_DP_TX_PORT_1 == _ON)
 690   1          pData[0] = GET_DISPLAY_DP_TX1_LINK_RATE();
 691   1      #else
                  pData[0] = GET_DISPLAY_DP_TX2_LINK_RATE();
              #endif
 694   1      #else
              #if(_DISPLAY_DP_TX_PORT_2 == _ON)
                  pData[0] = GET_DISPLAY_DP_TX2_LINK_RATE();
              #else
                  pData[0] = GET_DISPLAY_DP_TX1_LINK_RATE();
              #endif
              #endif // End of #if(_PANEL_DPTX_LINK_SEQUENCE_SWAP == _OFF)
 701   1      
 702   1      }
 703          //--------------------------------------------------
 704          // Description  : Settings for Dp Tx Z0 Tunning
 705          // Input Value  : None
 706          // Output Value : None
 707          //--------------------------------------------------
 708          void ScalerDisplayDPTxSetZ0(void)
 709          {
 710   1          // Set Vby1 Z0 Value
 711   1          ScalerSetByte(P38_CC_DPTX_Z0_LANE7_6, 0x88);
 712   1          ScalerSetByte(P38_CD_DPTX_Z0_LANE5_4, 0x88);
 713   1          ScalerSetByte(P38_CE_DPTX_Z0_LANE3_2, 0x88);
C51 COMPILER V8.12   RL6449_SERIES_DISPLAYDPTX                                             01/02/2025 16:31:32 PAGE 13  

 714   1          ScalerSetByte(P38_CF_DPTX_Z0_LANE1_0, 0x88);
 715   1      }
 716          
 717          #if(_DISPLAY_DP_TX_PORT_1 == _ON)
 718          //--------------------------------------------------
 719          // Description  : Dp Tx Aux PHY Set
 720          // Input Value  :
 721          // Output Value :
 722          //--------------------------------------------------
 723          void ScalerDisplayDPTx1AuxPHYSet(BYTE ucMode)
 724          {
 725   1          if(ucMode == _DISPLAY_DP_TX_AUX_SINGLE_MODE)
 726   1          {
 727   2              // Set Aux Tx LDO
 728   2              ScalerSetBit(P9D_61_AUX_1, ~(_BIT7 | _BIT6 | _BIT5 | _BIT4), ((_PANEL_DPTX_AUX_SWING_LEVEL << 5) |
             - _BIT4));
 729   2      
 730   2              // Set ADJR P
 731   2              ScalerSetBit(P9D_61_AUX_1, ~(_BIT3 | _BIT2 | _BIT1 | _BIT0), 0x00);
 732   2      
 733   2              // [5]Enable Single-Ended Mode, [4:3]Aux Vth-->50mV, [0]Aux 50ohm auto K(Enable Big_Z0_P)
 734   2              ScalerSetBit(P9D_62_AUX_2, ~(_BIT5 | _BIT4 | _BIT3 | _BIT0), (_BIT5 | _BIT3 | _BIT0));
 735   2      
 736   2              // Enable Enlarge Z0-N and Set ADJR-N = 0
 737   2              ScalerSetBit(P9D_66_AUX_6, ~(_BIT4 | _BIT3 | _BIT2 | _BIT1 | _BIT0), _BIT4);
 738   2      
 739   2              // Set TX ADJR-P and ADJR-N
 740   2              ScalerSetByte(P9D_67_DIG_TX_03, 0x00);
 741   2          }
 742   1          else
 743   1          {
 744   2              // Set Aux Tx LDO, Rx Common Mode
 745   2              ScalerSetBit(P9D_61_AUX_1, ~(_BIT7 | _BIT6 | _BIT5 | _BIT4), ((_PANEL_DPTX_AUX_SWING_LEVEL << 5) |
             - _BIT4));
 746   2      
 747   2              // [5]Disable Single-Ended Mode, [4:3]Aux Vth-->50mV
 748   2              ScalerSetBit(P9D_62_AUX_2, ~(_BIT5 | _BIT4 | _BIT3), _BIT3);
 749   2      
 750   2      #if(_PANEL_DPTX_AUX_RX_BIG_Z0_ENABLE == _ENABLE)
 751   2              // Enable Big_Z0_P
 752   2              ScalerSetBit(P9D_62_AUX_2, ~_BIT0, _BIT0);
 753   2      
 754   2              // Set ADJR-P
 755   2              ScalerSetBit(P9D_61_AUX_1, ~(_BIT3 | _BIT2 | _BIT1 | _BIT0), (_BIT1 | _BIT0));
 756   2      
 757   2              // Enable Big_Z0_N and Set ADJR-N
 758   2              ScalerSetBit(P9D_66_AUX_6, ~(_BIT4 | _BIT3 | _BIT2 | _BIT1 | _BIT0), (_BIT4 | _BIT1 | _BIT0));
 759   2      #else
                      // Disable Big_Z0_P
                      ScalerSetBit(P9D_62_AUX_2, ~_BIT0, 0x00);
              
                      // Set ADJR-P
                      ScalerSetBit(P9D_61_AUX_1, ~(_BIT3 | _BIT2 | _BIT1 | _BIT0), _BIT3);
              
                      // Disable Big_Z0_N and Set ADJR-N
                      ScalerSetBit(P9D_66_AUX_6, ~(_BIT4 | _BIT3 | _BIT2 | _BIT1 | _BIT0), _BIT3);
              #endif
 769   2      
 770   2              // TX Z0 hand mode setting
 771   2              ScalerSetByte(P9D_67_DIG_TX_03, 0x88);
 772   2          }
 773   1      
C51 COMPILER V8.12   RL6449_SERIES_DISPLAYDPTX                                             01/02/2025 16:31:32 PAGE 14  

 774   1          // Aux comm current select max
 775   1          ScalerSetBit(P9D_64_AUX_4, ~(_BIT7 | _BIT6), (_BIT7 | _BIT6));
 776   1      }
 777          
 778          //--------------------------------------------------
 779          // Description  : Dp Tx ML set VoltageSwing and PreEmphasis
 780          // Input Value  : LaneX - 0~3 VoltageSwing - 0~3 PreEmphasis - 0~3
 781          // Output Value :
 782          //--------------------------------------------------
 783          void ScalerDisplayDPTx1SetSignalLevel(EnumDisplayDPTxLane enumLaneX, BYTE ucVoltageSwing, BYTE ucPreEmphas
             -is)
 784          {
 785   1          BYTE ucIndex = 0x00;
 786   1          BYTE *pucTable = 0x00;
 787   1      
 788   1      #if(_PANEL_DPTX_SET_LT_SIGNAL_LEVEL_MODE == _PANEL_DPTX_LT_MANUAL_MODE)
 789   1          ucVoltageSwing = _PANEL_DPTX_SWING_LEVEL;
 790   1          ucPreEmphasis = _PANEL_DPTX_PREEMPHASIS_LEVEL;
 791   1      #endif
 792   1      
 793   1          ucIndex = (ucVoltageSwing * 4 + ucPreEmphasis) * 3;
 794   1      
 795   1          if(_PANEL_DPTX_LINK_RATE == _PANEL_DPTX_LINK_HBR2)
 796   1          {
 797   2              pucTable = tDISPLAY_DPTX_DRV_HBR2_TABLE;
 798   2          }
 799   1          else
 800   1          {
 801   2              pucTable = tDISPLAY_DPTX_DRV_RBR_HBR_TABLE;
 802   2          }
 803   1      
 804   1          switch(enumLaneX)
 805   1          {
 806   2              case _DISPLAY_DP_TX_LANE_0: // VTX_lane0
 807   2      
 808   2                  // De-emphasis [9:8]
 809   2                  ScalerSetBit(P38_AD_DPTX_DEEMP_EN_LANE3_0H, ~(_BIT1 | _BIT0), (((pucTable[ucIndex + 1] & 0xF0)
             - >> 4)));
 810   2      
 811   2                  // De-emphasis [7:0]
 812   2                  ScalerSetByte(P38_B1_DPTX_DEEMP_EN_LANE0L, pucTable[ucIndex + 0]);
 813   2      
 814   2                  // Data [3:0]
 815   2                  ScalerSetBit(P38_B7_DPTX_DRV_DAC_DAT_LANE1_0, ~0x0F, (pucTable[ucIndex + 1] & 0x0F));
 816   2      
 817   2                  // Post1 [3:0]
 818   2                  ScalerSetBit(P38_BF_DPTX_DRV_DAC_POST1_LANE1_0, ~0x0F, ((pucTable[ucIndex + 2] & 0xF0) >> 4));
 819   2      
 820   2                  // Post0 [3:0]
 821   2                  ScalerSetBit(P38_BB_DPTX_DRV_DAC_POST0_LANE1_0, ~0x0F, (pucTable[ucIndex + 2] & 0x0F));
 822   2      
 823   2                  break;
 824   2      
 825   2              case _DISPLAY_DP_TX_LANE_1: // VTX_lane1
 826   2      
 827   2                  // De-emphasis [9:8]
 828   2                  ScalerSetBit(P38_AD_DPTX_DEEMP_EN_LANE3_0H, ~(_BIT3 | _BIT2), (((pucTable[ucIndex + 1] & 0xF0)
             - >> 4) << 2));
 829   2      
 830   2                  // De-emphasis [7:0]
 831   2                  ScalerSetByte(P38_B0_DPTX_DEEMP_EN_LANE1L, pucTable[ucIndex + 0]);
 832   2      
C51 COMPILER V8.12   RL6449_SERIES_DISPLAYDPTX                                             01/02/2025 16:31:32 PAGE 15  

 833   2                  // Data [3:0]
 834   2                  ScalerSetBit(P38_B7_DPTX_DRV_DAC_DAT_LANE1_0, ~0xF0, ((pucTable[ucIndex + 1] & 0x0F) << 4));
 835   2      
 836   2                  // Post1 [3:0]
 837   2                  ScalerSetBit(P38_BF_DPTX_DRV_DAC_POST1_LANE1_0, ~0xF0, (pucTable[ucIndex + 2] & 0xF0));
 838   2      
 839   2                  // Post0 [3:0]
 840   2                  ScalerSetBit(P38_BB_DPTX_DRV_DAC_POST0_LANE1_0, ~0xF0, ((pucTable[ucIndex + 2] & 0x0F) << 4));
 841   2      
 842   2                  break;
 843   2      
 844   2              case _DISPLAY_DP_TX_LANE_2: // VTX_lane2
 845   2      
 846   2                  // De-emphasis [9:8]
 847   2                  ScalerSetBit(P38_AD_DPTX_DEEMP_EN_LANE3_0H, ~(_BIT5 | _BIT4), (((pucTable[ucIndex + 1] & 0xF0)
             - >> 4) << 4));
 848   2      
 849   2                  // De-emphasis [7:0]
 850   2                  ScalerSetByte(P38_AF_DPTX_DEEMP_EN_LANE2L, pucTable[ucIndex + 0]);
 851   2      
 852   2                  // Data [3:0]
 853   2                  ScalerSetBit(P38_B6_DPTX_DRV_DAC_DAT_LANE3_2, ~0x0F, (pucTable[ucIndex + 1] & 0x0F));
 854   2      
 855   2                  // Post1 [3:0]
 856   2                  ScalerSetBit(P38_BE_DPTX_DRV_DAC_POST1_LANE3_2, ~0x0F, ((pucTable[ucIndex + 2] & 0xF0) >> 4));
 857   2      
 858   2                  // Post0 [3:0]
 859   2                  ScalerSetBit(P38_BA_DPTX_DRV_DAC_POST0_LANE3_2, ~0x0F, (pucTable[ucIndex + 2] & 0x0F));
 860   2      
 861   2                  break;
 862   2      
 863   2              case _DISPLAY_DP_TX_LANE_3: // VTX_lane3
 864   2      
 865   2                  // De-emphasis [9:8]
 866   2                  ScalerSetBit(P38_AD_DPTX_DEEMP_EN_LANE3_0H, ~(_BIT7 | _BIT6), (((pucTable[ucIndex + 1] & 0xF0)
             - >> 4) << 6));
 867   2      
 868   2                  // De-emphasis [7:0]
 869   2                  ScalerSetByte(P38_AE_DPTX_DEEMP_EN_LANE3L, pucTable[ucIndex + 0]);
 870   2      
 871   2                  // Data [3:0]
 872   2                  ScalerSetBit(P38_B6_DPTX_DRV_DAC_DAT_LANE3_2, ~0xF0, ((pucTable[ucIndex + 1] & 0x0F) << 4));
 873   2      
 874   2                  // Post1 [3:0]
 875   2                  ScalerSetBit(P38_BE_DPTX_DRV_DAC_POST1_LANE3_2, ~0xF0, (pucTable[ucIndex + 2] & 0xF0));
 876   2      
 877   2                  // Post0 [3:0]
 878   2                  ScalerSetBit(P38_BA_DPTX_DRV_DAC_POST0_LANE3_2, ~0xF0, ((pucTable[ucIndex + 2] & 0x0F) << 4));
 879   2      
 880   2                  break;
 881   2      
 882   2              default:
 883   2      
 884   2                  break;
 885   2          }
 886   1      }
 887          
 888          //--------------------------------------------------
 889          // Description  : Dp Tx Main Link Power on
 890          // Input Value  :
 891          // Output Value :
 892          //--------------------------------------------------
C51 COMPILER V8.12   RL6449_SERIES_DISPLAYDPTX                                             01/02/2025 16:31:32 PAGE 16  

 893          void ScalerDisplayDPTx1SignalInitialSetting(void)
 894          {
 895   1      #if(_PANEL_DPTX_LANE_PN_SWAP == _ENABLE)
                  // Set Swap For Lane PN
                  ScalerSetBit(P38_80_DPTX_PN_SWAP1, ~(_BIT3 | _BIT2 | _BIT1 | _BIT0), (_BIT3 | _BIT2 | _BIT1 | _BIT0));
              #else
 899   1          // Set No Swap For Lane PN
 900   1          ScalerSetBit(P38_80_DPTX_PN_SWAP1, ~(_BIT3 | _BIT2 | _BIT1 | _BIT0), 0x00);
 901   1      #endif
 902   1      
 903   1      #if(_PANEL_DPTX_LANE_SWAP == _ENABLE)
                  if(GET_DISPLAY_DP_TX1_LANE_NUM() == _DP_TWO_LANE)
                  {
                      // Set TX1 DPHY to APHY mux from MAC0 lane 0 1 --> 1 0
                      ScalerSetByte(P38_84_DPTX_LANE_SWAP1_0, 0x01);
                  }
                  else
                  {
                      // Set TX1 DPHY to APHY mux from MAC0 lane 0 1 2 3 --> 3 2 1 0
                      ScalerSetByte(P38_83_DPTX_LANE_SWAP3_2, 0x01);
                      ScalerSetByte(P38_84_DPTX_LANE_SWAP1_0, 0x23);
                  }
              #else
 916   1          // Set TX1 DPHY to APHY mux from MAC0 lane 0 1 2 3 --> 0 1 2 3
 917   1          ScalerSetByte(P38_83_DPTX_LANE_SWAP3_2, 0x32);
 918   1          ScalerSetByte(P38_84_DPTX_LANE_SWAP1_0, 0x10);
 919   1      #endif // End of #if(_PANEL_DPTX_LANE_SWAP ==  _ENABLE)
 920   1      
 921   1          // Set Lane Non-Swap for MAC0
 922   1          ScalerSetByte(P9C_13_DPTX_SFIFO_LANE_SWAP1, 0x1B);
 923   1      
 924   1          // Set Voltage Swing and pre-emphasis level 0
 925   1          ScalerDisplayDPTx1SignalReset();
 926   1      
 927   1          // Initial bist mode
 928   1          ScalerSetBit(P38_88_PHY0_TXBIST_00_L1, ~(_BIT3 | _BIT2), _BIT2);
 929   1      
 930   1          // Disable scrambling
 931   1          ScalerSetBit(P38_89_PHY0_TXBIST_01_H2, ~_BIT1, _BIT1);
 932   1      
 933   1          // DPTX power on TX driver and Enable output
 934   1          switch(GET_DISPLAY_DP_TX1_LANE_NUM())
 935   1          {
 936   2              case _DP_ONE_LANE: // VTX Lane0
 937   2      
 938   2                  // Set Mac 1 Lane
 939   2                  ScalerSetBit(P9C_A0_DP_MAC_CTRL, ~(_BIT1 | _BIT0), _BIT0);
 940   2      
 941   2                  // Dig PHY Set
 942   2                  ScalerSetBit(P9C_00_DP_PHY_CTRL, ~(_BIT7 | _BIT6 | _BIT5 | _BIT4), _BIT4);
 943   2      
 944   2                  // Reset Small FIFO Before Output Enable
 945   2                  ScalerSetBit(P9C_10_DPTX_SFIFO_CTRL0, ~_BIT7, 0x00);
 946   2                  ScalerSetBit(P9C_10_DPTX_SFIFO_CTRL0, ~_BIT7, _BIT7);
 947   2      
 948   2                  // Lane:0 power on
 949   2                  ScalerSetBit(P38_A1_DPTX_PHY_CTRL1, ~_BIT0, _BIT0);
 950   2      
 951   2                  break;
 952   2      
 953   2              case _DP_TWO_LANE: // VTX Lane0~1
 954   2      
C51 COMPILER V8.12   RL6449_SERIES_DISPLAYDPTX                                             01/02/2025 16:31:32 PAGE 17  

 955   2                  // Set Mac 2 Lane
 956   2                  ScalerSetBit(P9C_A0_DP_MAC_CTRL, ~(_BIT1 | _BIT0), _BIT1);
 957   2      
 958   2                  // Dig PHY Set
 959   2                  ScalerSetBit(P9C_00_DP_PHY_CTRL, ~(_BIT7 | _BIT6 | _BIT5 | _BIT4), (_BIT5 | _BIT4));
 960   2      
 961   2                  // Reset Small FIFO Before Output Enable
 962   2                  ScalerSetBit(P9C_10_DPTX_SFIFO_CTRL0, ~_BIT7, 0x00);
 963   2                  ScalerSetBit(P9C_10_DPTX_SFIFO_CTRL0, ~_BIT7, _BIT7);
 964   2      
 965   2                  // Lane:0-1 power on
 966   2                  ScalerSetBit(P38_A1_DPTX_PHY_CTRL1, ~(_BIT1 | _BIT0), (_BIT1 | _BIT0));
 967   2      
 968   2                  break;
 969   2      
 970   2              case _DP_FOUR_LANE: // VTX Lane0~3
 971   2      
 972   2                  // Set Mac 4 Lane
 973   2                  ScalerSetBit(P9C_A0_DP_MAC_CTRL, ~(_BIT1 | _BIT0), (_BIT1 | _BIT0));
 974   2      
 975   2                  // Dig PHY Set
 976   2                  ScalerSetBit(P9C_00_DP_PHY_CTRL, ~(_BIT7 | _BIT6 | _BIT5 | _BIT4), (_BIT7 | _BIT6 | _BIT5 | _B
             -IT4));
 977   2      
 978   2                  // Reset Small FIFO Before Output Enable
 979   2                  ScalerSetBit(P9C_10_DPTX_SFIFO_CTRL0, ~_BIT7, 0x00);
 980   2                  ScalerSetBit(P9C_10_DPTX_SFIFO_CTRL0, ~_BIT7, _BIT7);
 981   2      
 982   2                  // Lane:0-3 power on
 983   2                  ScalerSetBit(P38_A1_DPTX_PHY_CTRL1, ~(_BIT3 | _BIT2 | _BIT1 | _BIT0), (_BIT3 | _BIT2 | _BIT1 |
             - _BIT0));
 984   2      
 985   2                  break;
 986   2      
 987   2              default:
 988   2                  break;
 989   2          }
 990   1      }
 991          
 992          //--------------------------------------------------
 993          // Description  : Set TP2 Pattern Type
 994          // Input Value  : None
 995          // Output Value : _DISPLAY_DP_TX_TP_2 or _DISPLAY_DP_TX_TP_3
 996          //--------------------------------------------------
 997          EnumDisplayDPTxTrainPattern ScalerDisplayDPTx1SetTp2PatternType(void)
 998          {
 999   1          // Check TP3 Supported
1000   1          if(GET_DISPLAY_DP_TX1_TP3_SUPPORT() == _TRUE)
1001   1          {
1002   2              // Ser Repeat Bist Pattern
1003   2              ScalerSetBit(P38_85_PHY0_TXBIST_00_H2, ~_BIT7, _BIT7);
1004   2      
1005   2              // Set Packet Length
1006   2              ScalerSetByte(P38_8B_PHY0_TXBIST_01_L2, 0x20);
1007   2      
1008   2              // Main Link Switch to TPS3 Pattern
1009   2              ScalerSetBit(P38_89_PHY0_TXBIST_01_H2, ~_BIT7, _BIT7);
1010   2      
1011   2              // Set 8 Bits Mode
1012   2              ScalerSetBit(P38_88_PHY0_TXBIST_00_L1, ~(_BIT3 | _BIT2), _BIT3);
1013   2      
1014   2              return _DISPLAY_DP_TX_TP_3;
C51 COMPILER V8.12   RL6449_SERIES_DISPLAYDPTX                                             01/02/2025 16:31:32 PAGE 18  

1015   2          }
1016   1          else
1017   1          {
1018   2              // Set 10 Bits Mode
1019   2              ScalerSetBit(P38_88_PHY0_TXBIST_00_L1, ~(_BIT3 | _BIT2), _BIT2);
1020   2      
1021   2              // Main Link Switch to TPS2 Pattern
1022   2              ScalerSetBit(P38_88_PHY0_TXBIST_00_L1, ~_BIT5, 0x00);
1023   2      
1024   2              return _DISPLAY_DP_TX_TP_2;
1025   2          }
1026   1      }
1027          #endif // End of #if(_DISPLAY_DP_TX_PORT_1 == _ON)
1028          
1029          #if(_DISPLAY_DP_TX_PORT_2 == _ON)
              //--------------------------------------------------
              
              //--------------------------------------------------
              // Description  : Dp Tx ML set VoltageSwing and PreEmphasis
              // Input Value  : LaneX - 0~3 VoltageSwing - 0~3 PreEmphasis - 0~3
              // Output Value :
              //--------------------------------------------------
              void ScalerDisplayDPTx2SetSignalLevel(EnumDisplayDPTxLane enumLaneX, BYTE ucVoltageSwing, BYTE ucPreEmphas
             -is)
              {
                  BYTE ucIndex = 0x00;
                  BYTE *pucTable = 0x00;
              
              #if(_PANEL_DPTX_SET_LT_SIGNAL_LEVEL_MODE == _PANEL_DPTX_LT_MANUAL_MODE)
                  ucVoltageSwing = _PANEL_DPTX_SWING_LEVEL;
                  ucPreEmphasis = _PANEL_DPTX_PREEMPHASIS_LEVEL;
              #endif
              
                  ucIndex = (ucVoltageSwing * 4 + ucPreEmphasis) * 3;
              
                  if(_PANEL_DPTX_LINK_RATE == _PANEL_DPTX_LINK_HBR2)
                  {
                      pucTable = tDISPLAY_DPTX_DRV_HBR2_TABLE;
                  }
                  else
                  {
                      pucTable = tDISPLAY_DPTX_DRV_RBR_HBR_TABLE;
                  }
              
                  switch(enumLaneX)
                  {
                      case _DISPLAY_DP_TX_LANE_0: // VTX_lane4
              
                          // De-emphasis [9:8]
                          ScalerSetBit(P38_A8_DPTX_DEEMP_EN_LANE7_4H, ~(_BIT1 | _BIT0), (((pucTable[ucIndex + 1] & 0xF0)
             - >> 4)));
              
                          // De-emphasis [7:0]
                          ScalerSetByte(P38_AC_DPTX_DEEMP_EN_LANE4L, pucTable[ucIndex + 0]);
              
                          // Data [3:0]
                          ScalerSetBit(P38_B5_DPTX_DRV_DAC_DAT_LANE5_4, ~0x0F, (pucTable[ucIndex + 1] & 0x0F));
              
                          // Post1 [3:0]
                          ScalerSetBit(P38_BD_DPTX_DRV_DAC_POST1_LANE5_4, ~0x0F, ((pucTable[ucIndex + 2] & 0xF0) >> 4));
              
                          // Post0 [3:0]
C51 COMPILER V8.12   RL6449_SERIES_DISPLAYDPTX                                             01/02/2025 16:31:32 PAGE 19  

                          ScalerSetBit(P38_B9_DPTX_DRV_DAC_POST0_LANE5_4, ~0x0F, (pucTable[ucIndex + 2] & 0x0F));
              
                          break;
              
                      case _DISPLAY_DP_TX_LANE_1: // VTX_lane5
              
                          // De-emphasis [9:8]
                          ScalerSetBit(P38_A8_DPTX_DEEMP_EN_LANE7_4H, ~(_BIT3 | _BIT2), (((pucTable[ucIndex + 1] & 0xF0)
             - >> 4) << 2));
              
                          // De-emphasis [7:0]
                          ScalerSetByte(P38_AB_DPTX_DEEMP_EN_LANE5L, pucTable[ucIndex + 0]);
              
                          // Data [3:0]
                          ScalerSetBit(P38_B5_DPTX_DRV_DAC_DAT_LANE5_4, ~0xF0, ((pucTable[ucIndex + 1] & 0x0F) << 4));
              
                          // Post1 [3:0]
                          ScalerSetBit(P38_BD_DPTX_DRV_DAC_POST1_LANE5_4, ~0xF0, (pucTable[ucIndex + 2] & 0xF0));
              
                          // Post0 [3:0]
                          ScalerSetBit(P38_B9_DPTX_DRV_DAC_POST0_LANE5_4, ~0xF0, ((pucTable[ucIndex + 2] & 0x0F) << 4));
              
                          break;
              
                      case _DISPLAY_DP_TX_LANE_2: // VTX_lane6
              
                          // De-emphasis [9:8]
                          ScalerSetBit(P38_A8_DPTX_DEEMP_EN_LANE7_4H, ~(_BIT5 | _BIT4), (((pucTable[ucIndex + 1] & 0xF0)
             - >> 4) << 4));
              
                          // De-emphasis [7:0]
                          ScalerSetByte(P38_AA_DPTX_DEEMP_EN_LANE6L, pucTable[ucIndex + 0]);
              
                          // Data [3:0]
                          ScalerSetBit(P38_B4_DPTX_DRV_DAC_DAT_LANE7_6, ~0x0F, (pucTable[ucIndex + 1] & 0x0F));
              
                          // Post1 [3:0]
                          ScalerSetBit(P38_BC_DPTX_DRV_DAC_POST1_LANE7_6, ~0x0F, ((pucTable[ucIndex + 2] & 0xF0) >> 4));
              
                          // Post0 [3:0]
                          ScalerSetBit(P38_B8_DPTX_DRV_DAC_POST0_LANE7_6, ~0x0F, (pucTable[ucIndex + 2] & 0x0F));
              
                          break;
              
                      case _DISPLAY_DP_TX_LANE_3: // VTX_lane7
              
                          // De-emphasis [9:8]
                          ScalerSetBit(P38_A8_DPTX_DEEMP_EN_LANE7_4H, ~(_BIT7 | _BIT6), (((pucTable[ucIndex + 1] & 0xF0)
             - >> 4) << 6));
              
                          // De-emphasis [7:0]
                          ScalerSetByte(P38_A9_DPTX_DEEMP_EN_LANE7L, pucTable[ucIndex + 0]);
              
                          // Data [3:0]
                          ScalerSetBit(P38_B4_DPTX_DRV_DAC_DAT_LANE7_6, ~0xF0, ((pucTable[ucIndex + 1] & 0x0F) << 4));
              
                          // Post1 [3:0]
                          ScalerSetBit(P38_BC_DPTX_DRV_DAC_POST1_LANE7_6, ~0xF0, (pucTable[ucIndex + 2] & 0xF0));
              
                          // Post0 [3:0]
                          ScalerSetBit(P38_B8_DPTX_DRV_DAC_POST0_LANE7_6, ~0xF0, ((pucTable[ucIndex + 2] & 0x0F) << 4));
              
C51 COMPILER V8.12   RL6449_SERIES_DISPLAYDPTX                                             01/02/2025 16:31:32 PAGE 20  

                          break;
              
                      default:
              
                          break;
                  }
              }
              
              //--------------------------------------------------
              // Description  : Set TP2 Pattern Type
              // Input Value  : None
              // Output Value : _DISPLAY_DP_TX_TP_2 or _DISPLAY_DP_TX_TP_3
              //--------------------------------------------------
              EnumDisplayDPTxTrainPattern ScalerDisplayDPTx2SetTp2PatternType(void)
              {
                  // Check TP3 Supported
                  if(GET_DISPLAY_DP_TX2_TP3_SUPPORT() == _TRUE)
                  {
                      // Ser Repeat Bist Pattern
                      ScalerSetBit(P38_85_PHY0_TXBIST_00_H2, ~_BIT7, _BIT7);
              
                      // Set Packet Length
                      ScalerSetByte(P38_8B_PHY0_TXBIST_01_L2, 0x20);
              
                      // Main Link Switch to TPS3 Pattern
                      ScalerSetBit(P38_89_PHY0_TXBIST_01_H2, ~_BIT7, _BIT7);
              
                      // Switch APHY1 mux to DPHY0 port
                      ScalerDisplayDPTx2SetTps3PatternMux(_ON);
              
                      // Set 8 Bits Mode
                      ScalerSetBit(P38_88_PHY0_TXBIST_00_L1, ~(_BIT3 | _BIT2), _BIT3);
              
                      return _DISPLAY_DP_TX_TP_3;
                  }
                  else
                  {
                      // Set 10 Bits Mode
                      ScalerSetBit(P38_88_PHY0_TXBIST_00_L1, ~(_BIT3 | _BIT2), _BIT2);
              
                      // Main Link Switch to TPS2 Pattern
                      ScalerSetBit(P38_88_PHY0_TXBIST_00_L1, ~_BIT5, 0x00);
              
                      return _DISPLAY_DP_TX_TP_2;
                  }
              }
              #endif // End of #if(_DISPLAY_DP_TX_PORT_2 == _ON)
1181          #endif // End of #if(_PANEL_STYLE == _PANEL_DPTX)


MODULE INFORMATION:   STATIC OVERLAYABLE
   CODE SIZE        =   1244    ----
   CONSTANT SIZE    =     96    ----
   XDATA SIZE       =   ----       6
   PDATA SIZE       =   ----    ----
   DATA SIZE        =   ----    ----
   IDATA SIZE       =   ----    ----
   BIT SIZE         =   ----       9
END OF MODULE INFORMATION.


C51 COMPILATION COMPLETE.  0 WARNING(S),  0 ERROR(S)
