C51 COMPILER V8.12   RTD2014USERINTERFACEHDR                                               01/02/2025 16:32:21 PAGE 1   


C51 COMPILER V8.12, COMPILATION OF MODULE RTD2014USERINTERFACEHDR
OBJECT MODULE PLACED IN .\Output\RL6449_Projecr\RTD2014UserInterfaceHDR.obj
COMPILER INVOKED BY: D:\ToolSort\KeilC51V812_\C51\BIN\C51.EXE User\RTD Series\RTD2014Function\Code\RTD2014UserInterfaceH
                    -DR.c LARGE OPTIMIZE(9,SPEED) INCDIR(.\Output\RL6449;.\Project\Header;.\Pcb;.\Panel;.\Kernel\Device\Header;.\Kernel\Commo
                    -n;.\Kernel\System\Header;.\Kernel\Scaler\ScalerFunction\Header;.\Kernel\Scaler\ScalerCommonFunction\Header;.\Kernel\Scal
                    -er\ScalerFunction\Lib\Header;.\Kernel\Scaler\ScalerCommonFunction\Lib\Header;.\Kernel\Scaler\RL6449_Series_Scaler\Header
                    -;.\Kernel\Scaler\RL6449_Series_Scaler\Lib\Header;.\Kernel\Scaler\RL6449_Series_Common\Header;.\Kernel\Scaler\RL6449_Seri
                    -es_Common\Lib\Header;.\Kernel\User Common Function\Header;.\User\RTD Series\RTD2014Function\Header;.\User\RTD Series\RTD
                    -2014Osd\Header;.\User\RTD Factory\Header;.\User\None Series\NoneFunction\Header;.\User\None Series\NoneOsd\Header;.\User
                    -\None Factory\Header) DEFINE(_PROJECT=_RL6449_PROJECT,_SCALER_TYPE=_RL6449_SERIES) DEBUG OBJECTEXTEND PRINT(.\Output\RL6
                    -449_Projecr\RTD2014UserInterfaceHDR.lst) OBJECT(.\Output\RL6449_Projecr\RTD2014UserInterfaceHDR.obj)

line level    source

   1          /********************************************************************************/
   2          /*   Copyright (c) 2021 Realtek Semiconductor Corp. All rights reserved.        */
   3          /*                                                                              */
   4          /*   SPDX-License-Identifier: LicenseRef-Realtek-Proprietary                    */
   5          /*                                                                              */
   6          /*   This software component is confidential and proprietary to Realtek         */
   7          /*   Semiconductor Corp. Disclosure, reproduction, redistribution, in whole     */
   8          /*   or in part, of this work and its derivatives without express permission    */
   9          /*   is prohibited.                                                             */
  10          /********************************************************************************/
  11          
  12          //----------------------------------------------------------------------------------------------------
  13          // ID Code      : RTD2014UserInterfaceHDR.c
  14          // Update Note  :
  15          //----------------------------------------------------------------------------------------------------
  16          
  17          #define __USER_INTERFACE_HDR__
  18          
  19          #include "UserCommonInclude.h"
  20          
  21          #if(_ULTRA_HDR_SUPPORT == _ON)
  22          
  23          //****************************************************************************
  24          // DEFINITIONS / MACROS
  25          //****************************************************************************
  26          
  27          
  28          //****************************************************************************
  29          // STRUCT / TYPE / ENUM DEFINITTIONS
  30          //****************************************************************************
  31          
  32          
  33          //****************************************************************************
  34          // CODE TABLES
  35          //****************************************************************************
  36          
  37          
  38          //****************************************************************************
  39          // VARIABLE DECLARATIONS
  40          //****************************************************************************
  41          
  42          
  43          //****************************************************************************
  44          // FUNCTION DECLARATIONS
  45          //****************************************************************************
  46          void UserInterfaceHDRAdjustSDRProc(void);
  47          
C51 COMPILER V8.12   RTD2014USERINTERFACEHDR                                               01/02/2025 16:32:21 PAGE 2   

  48          #if(_HDR10_SUPPORT == _ON)
  49          EnumHDR10ModeDef UserInterfaceHDRGetHDR10ModeStatus(EnumSourceSearchPort enumSourcePort);
  50          void UserInterfaceHDRAdjustHDR10Proc(void);
  51          EnumHDR10MaxMasteringLvType UserInterfaceHDRGetHDR10ForceModeMaxMasteringLv(void);
  52          EnumHDR10ColorMatrix UserInterfaceHDRGetHDR10ForceModeColorMatrix(void);
  53          EnumHDR10MaxMasteringLvType UserInterfaceHDRGetHDR10MaxMasteringLv0Type(void);
  54          EnumHDR10DarkEnhanceStatus UserInterfaceHDRGetHDR10DarkEnhanceStatus(void);
  55          
  56          #if(_HDR10_LIGHT_ENHANCE_SUPPORT == _ON)
              EnumHDR10LightEnhanceStatus UserInterfaceHDRGetHDR10LightEnhanceStatus(void);
              #if(_BACKLIGHT_DIMMING_SUPPORT == _ON)
              BYTE UserInterfaceHDRGetHDR10LightEnhanceGain(void);
              #endif
              #endif
  62          
  63          #if(_DCC_FUNCTION == _ON)
  64          BYTE UserInterfaceHDRGetHDR10DCCTableBank(void);
  65          code BYTE *UserInterfaceHDRGetHDR10DCCTable(EnumHDR10LightEnhanceMaxMasteringLv enumHDR10LightEnhanceMaxMa
             -steringLv);
  66          #endif
  67          
  68          #if(_ICM_SUPPORT == _ON)
  69          BYTE UserInterfaceHDRGetHDR10ICMTableBank(void);
  70          code BYTE *UserInterfaceHDRGetHDR10ICMTable(void);
  71          #endif
  72          
  73          #if((_HDR10_FIXED_POINT_TONEMAPPING_SUPPORT == _ON) || (_HDR10_USER_DEFINE_FIXED_POINT_TONEMAPPING_SUPPORT
             - == _ON))
              EnumHDR10FixedPointToneMappingStatus UserInterfaceHDRGetHDR10FixedPointTMStatus(void);
              #endif
  76          
  77          extern void UserInterfaceHDRGetHDR10UserAssignTable(StructHDR10Table *pstHDR10Table);
  78          #endif
  79          
  80          #if(_FREESYNC_II_SUPPORT == _ON)
              void UserInterfaceHDRAdjustFreeSyncIIProc(void);
              #endif
  83          
  84          //****************************************************************************
  85          // FUNCTION DEFINITIONS
  86          //****************************************************************************
  87          //--------------------------------------------------
  88          // Description  : Adjust HDR to SDR flow
  89          // Input Value  : EnumDisplayRegion
  90          // Output Value : None
  91          //--------------------------------------------------
  92          void UserInterfaceHDRAdjustSDRProc(void)
  93          {
  94   1      #if(_SDR_TO_HDR_SUPPORT == _ON)
                  if(GET_OSD_SDR_TO_HDR() == _ON)
                  {
                      UserAdjustSDRToHDR(_ON);
                  }
                  else
              #endif
 101   1          {
 102   2      #if((_DCC_FUNCTION == _ON) || (_ICM_SUPPORT == _ON))
 103   2              UserAdjustColorEffectMode();
 104   2      #endif
 105   2              OsdFuncColorPcmAdjust();
 106   2          }
 107   1          UserAdjustBacklight(GET_OSD_BACKLIGHT());
C51 COMPILER V8.12   RTD2014USERINTERFACEHDR                                               01/02/2025 16:32:21 PAGE 3   

 108   1      }
 109          
 110          
 111          
 112          
 113          #if(_HDR10_SUPPORT == _ON)
 114          //--------------------------------------------------
 115          // Description  : None
 116          // Input Value  : None
 117          // Output Value : None
 118          //--------------------------------------------------
 119          EnumHDR10ModeDef UserInterfaceHDRGetHDR10ModeStatus(EnumSourceSearchPort enumSourcePort)
 120          {
 121   1          enumSourcePort = enumSourcePort;
 122   1      
 123   1          if(GET_OSD_HDR_MODE() == _HDR10_MODE_OFF)
 124   1          {
 125   2              // HDR always OFF
 126   2              return _HDR10_MODE_OFF;
 127   2          }
 128   1          else if(GET_OSD_HDR_MODE() == _HDR10_MODE_AUTO)
 129   1          {
 130   2              // HDR Check Data
 131   2              return _HDR10_MODE_AUTO;
 132   2          }
 133   1          else if(GET_OSD_HDR_MODE() == _HDR10_MODE_FORCE_2084)
 134   1          {
 135   2              // HDR always ON
 136   2              return _HDR10_MODE_FORCE_2084;
 137   2          }
 138   1      
 139   1          return _HDR10_MODE_OFF;
 140   1      }
 141          
 142          //--------------------------------------------------
 143          // Description  : Adjust SDR to HDR flow
 144          // Input Value  : void
 145          // Output Value : None
 146          //--------------------------------------------------
 147          void UserInterfaceHDRAdjustHDR10Proc(void)
 148          {
 149   1      #if(_CONTRAST_SUPPORT == _ON)
 150   1          UserCommonHDRAdjustHDR10Contrast(GET_OSD_HDR_CONTRAST());
 151   1      #endif
 152   1          UserAdjustBacklight(_BACKLIGHT_MAX);
 153   1      }
 154          
 155          //--------------------------------------------------
 156          // Description  : Get HDR10 Force Mode - Max Mastering Lv Type
 157          // Input Value  : None
 158          // Output Value : EnumHDR10MaxMasteringLvType
 159          //--------------------------------------------------
 160          EnumHDR10MaxMasteringLvType UserInterfaceHDRGetHDR10ForceModeMaxMasteringLv(void)
 161          {
 162   1          return _HDR10_MAX_MASTERING_LV_TYPE_1200;
 163   1      }
 164          
 165          
 166          //--------------------------------------------------
 167          // Description  : Get HDR10 Force Mode - Color Matrix
 168          // Input Value  : None
 169          // Output Value : EnumHDR10ColorMatrix
C51 COMPILER V8.12   RTD2014USERINTERFACEHDR                                               01/02/2025 16:32:21 PAGE 4   

 170          //--------------------------------------------------
 171          EnumHDR10ColorMatrix UserInterfaceHDRGetHDR10ForceModeColorMatrix(void)
 172          {
 173   1          return _HDR10_COLOR_MATRIX_BT2020;
 174   1      }
 175          
 176          //--------------------------------------------------
 177          // Description  : Get HDR10 Max Mastering Lv 0 - Max Mastering Lv Type
 178          // Input Value  : None
 179          // Output Value : EnumHDR10MaxMasteringLvType
 180          //--------------------------------------------------
 181          EnumHDR10MaxMasteringLvType UserInterfaceHDRGetHDR10MaxMasteringLv0Type(void)
 182          {
 183   1          return _HDR10_MAX_MASTERING_LV_TYPE_540;
 184   1      }
 185          
 186          //--------------------------------------------------
 187          // Description  : None
 188          // Input Value  : None
 189          // Output Value : None
 190          //--------------------------------------------------
 191          EnumHDR10DarkEnhanceStatus UserInterfaceHDRGetHDR10DarkEnhanceStatus(void)
 192          {
 193   1          if(GET_OSD_DARK_ENHANCE_STATUS()== _ON)
 194   1          {
 195   2              return _HDR10_DARK_ENHANCE_ON;
 196   2          }
 197   1          else
 198   1          {
 199   2              return _HDR10_DARK_ENHANCE_OFF;
 200   2          }
 201   1      }
 202          
 203          #if(_HDR10_LIGHT_ENHANCE_SUPPORT == _ON)
              //--------------------------------------------------
              // Description  : Get HDR10 Light Enhance Status
              // Input Value  : None
              // Output Value : EnumHDR10LightEnhanceStatus
              //--------------------------------------------------
              EnumHDR10LightEnhanceStatus UserInterfaceHDRGetHDR10LightEnhanceStatus(void)
              {
                  if(GET_OSD_HDR_LIGHT_ENHANCE() != _HDR10_LIGHTENHANCE_NONE)
                  {
                      return _HDR10_LIGHTENHANCE_ON;
                  }
                  else
                  {
                      return _HDR10_LIGHTENHANCE_OFF;
                  }
              }
              
              #if(_BACKLIGHT_DIMMING_SUPPORT == _ON)
              //--------------------------------------------------
              // Description  : Get HDR10 Light Enhance Gain Value, user should return value corresponded to Light Enhan
             -ce table used.
              // Input Value  : None
              // Output Value : HDR10 Light Enhance Gain Value / 100, e.g. return 160 when actual gain value is 1.60, an
             -d Gain Value range should be 100 ~ 160!!
              //--------------------------------------------------
              BYTE UserInterfaceHDRGetHDR10LightEnhanceGain(void)
              {
                  if(UserCommonHDRGetHDR10Status() == _HDR10_ON)
C51 COMPILER V8.12   RTD2014USERINTERFACEHDR                                               01/02/2025 16:32:21 PAGE 5   

                  {
                      switch(GET_OSD_HDR_LIGHT_ENHANCE())
                      {
                          default:
                          case _HDR10_LIGHTENHANCE_NONE:
                              return 100;
              
                          case _HDR10_LIGHTENHANCE_TYPE_120:
                              return 120;
              
                          case _HDR10_LIGHTENHANCE_TYPE_140:
                              return 140;
              
                          case _HDR10_LIGHTENHANCE_TYPE_160:
                              return 160;
                      }
                  }
              
                  return 100;
              }
              #endif
              #endif
 252          
 253          #if(_DCC_FUNCTION == _ON)
 254          //--------------------------------------------------
 255          // Description  : Get HDR10 DCC Table Bnak
 256          // Input Value  : None
 257          // Output Value : HDR10 DCC table bank
 258          //--------------------------------------------------
 259          BYTE UserInterfaceHDRGetHDR10DCCTableBank(void)
 260          {
 261   1          return GET_CURRENT_BANK_NUMBER();
 262   1      }
 263          
 264          //--------------------------------------------------
 265          // Description  : Get HDR10 DCC Table Address
 266          // Input Value  : Max MasteringLv Type --> 540 / 1200 / 4000 / 10000 nit
 267          // Output Value : HDR10 DCC table address
 268          //--------------------------------------------------
 269          code BYTE *UserInterfaceHDRGetHDR10DCCTable(EnumHDR10LightEnhanceMaxMasteringLv enumHDR10LightEnhanceMaxMa
             -steringLv)
 270          {
 271   1          enumHDR10LightEnhanceMaxMasteringLv = enumHDR10LightEnhanceMaxMasteringLv;
 272   1      
 273   1      #if(_HDR10_LIGHT_ENHANCE_SUPPORT == _ON)
                  switch((EnumHDR10LightEnhanceType)GET_OSD_HDR_LIGHT_ENHANCE())
                  {
                      case _HDR10_LIGHTENHANCE_NONE:
                          break;
              
                      case _HDR10_LIGHTENHANCE_TYPE_120:
                          return tDCC_LIGHTENHANCE_120_TABLE[enumHDR10LightEnhanceMaxMasteringLv];
              
                      case _HDR10_LIGHTENHANCE_TYPE_140:
                          return tDCC_LIGHTENHANCE_140_TABLE[enumHDR10LightEnhanceMaxMasteringLv];
              
                      case _HDR10_LIGHTENHANCE_TYPE_160:
                          return tDCC_LIGHTENHANCE_160_TABLE[enumHDR10LightEnhanceMaxMasteringLv];
              
                      default:
                          return tDCC_LIGHTENHANCE_120_TABLE[enumHDR10LightEnhanceMaxMasteringLv];
                  }
C51 COMPILER V8.12   RTD2014USERINTERFACEHDR                                               01/02/2025 16:32:21 PAGE 6   

              #endif
 292   1      
 293   1          if(GET_OSD_COLOR_EFFECT() != _COLOREFFECT_USER)
 294   1          {
 295   2              return tDCC_HDR10_TABLE[GET_OSD_COLOR_EFFECT()];
 296   2          }
 297   1      
 298   1          return tDCC_HDR10_TABLE[0];
 299   1      }
 300          #endif
 301          
 302          #if(_ICM_SUPPORT == _ON)
 303          //--------------------------------------------------
 304          // Description  : Get HDR10 ICM Table Bnak
 305          // Input Value  : None
 306          // Output Value : HDR10 ICM table bank
 307          //--------------------------------------------------
 308          BYTE UserInterfaceHDRGetHDR10ICMTableBank(void)
 309          {
 310   1          return GET_CURRENT_BANK_NUMBER();
 311   1      }
 312          
 313          //--------------------------------------------------
 314          // Description  : Get HDR10 ICM Table Address
 315          // Input Value  : None
 316          // Output Value : HDR10 ICM table address
 317          //--------------------------------------------------
 318          code BYTE *UserInterfaceHDRGetHDR10ICMTable(void)
 319          {
 320   1      #if(_HDR10_COLOR_ENHANCE_SUPPORT == _ON)
                  EnumHDR10ColorEnhanceType enumHDR10ColorEnhanceType = GET_OSD_HDR_COLOR_ENHANCE();
              
                  if(enumHDR10ColorEnhanceType != _HDR10_COLORENHANCE_OFF)
                  {
                      switch(enumHDR10ColorEnhanceType)
                      {
                          case _HDR10_COLORENHANCE_TYPE_1:
                              return tICM_COLORENHANCE_TABLE[0];
                              break;
              
                          case _HDR10_COLORENHANCE_TYPE_2:
                              return tICM_COLORENHANCE_TABLE[1];
                              break;
              
                          case _HDR10_COLORENHANCE_TYPE_3:
                              return tICM_COLORENHANCE_TABLE[2];
                              break;
              
                          default:
                              return tICM_COLORENHANCE_TABLE[0];
                              break;
                      }
                  }
              #endif
 345   1          if(GET_OSD_COLOR_EFFECT() != _COLOREFFECT_USER)
 346   1          {
 347   2              return tICM_HDR10_TABLE[GET_OSD_COLOR_EFFECT()];
 348   2          }
 349   1          else
 350   1          {
 351   2              return tICM_HDR10_TABLE[0];
 352   2          }
C51 COMPILER V8.12   RTD2014USERINTERFACEHDR                                               01/02/2025 16:32:21 PAGE 7   

 353   1      }
 354          #endif
 355          
 356          #if((_HDR10_FIXED_POINT_TONEMAPPING_SUPPORT == _ON) || (_HDR10_USER_DEFINE_FIXED_POINT_TONEMAPPING_SUPPORT
             - == _ON))
              //--------------------------------------------------
              // Description  : Get HDR10 Fixed Point Tone Mapping Status
              // Input Value  : None
              // Output Value : EnumHDR10FixedPointToneMappingStatus
              //--------------------------------------------------
              EnumHDR10FixedPointToneMappingStatus UserInterfaceHDRGetHDR10FixedPointTMStatus(void)
              {
                  return _HDR10_FIXED_POINT_TM_OFF;
              }
              #endif
 367          
 368          //--------------------------------------------------
 369          // Description  : Get HDR10 User assigned PCM Table Status. If status is on, please assigned PCM table add
             -r & bank;
 370          // Input Value  : None
 371          // Output Value : StructHDR10UserAssignTable
 372          //--------------------------------------------------
 373          void UserInterfaceHDRGetHDR10UserAssignTable(StructHDR10Table *pstHDR10Table)
 374          {
 375   1          pstHDR10Table->enumHDR10UserAssignTableStatus = _HDR10_USER_ASSIGNED_TABLE_OFF;
 376   1      }
 377          #endif // End of #if(_HDR10_SUPPORT == _ON)
 378          
 379          #if(_FREESYNC_II_SUPPORT == _ON)
              //--------------------------------------------------
              // Description  : Adjust SDR to FreeSync II flow
              // Input Value  : void
              // Output Value : None
              //--------------------------------------------------
              void UserInterfaceHDRAdjustFreeSyncIIProc(void)
              {
              }
              #endif // End of #if(_FREESYNC_II_SUPPORT == _ON)
 389          #endif // End of #if(_ULTRA_HDR_SUPPORT == _ON)
 390          


MODULE INFORMATION:   STATIC OVERLAYABLE
   CODE SIZE        =    193    ----
   CONSTANT SIZE    =   2838    ----
   XDATA SIZE       =   ----    ----
   PDATA SIZE       =   ----    ----
   DATA SIZE        =   ----    ----
   IDATA SIZE       =   ----    ----
   BIT SIZE         =   ----    ----
END OF MODULE INFORMATION.


C51 COMPILATION COMPLETE.  0 WARNING(S),  0 ERROR(S)
