C51 COMPILER V8.12   SCALERDPTXHDCP2                                                       01/02/2025 16:30:25 PAGE 1   


C51 COMPILER V8.12, COMPILATION OF MODULE SCALERDPTXHDCP2
OBJECT MODULE PLACED IN .\Output\RL6449_Projecr\ScalerDPTxHDCP2.obj
COMPILER INVOKED BY: D:\ToolSort\KeilC51V812_\C51\BIN\C51.EXE Kernel\Scaler\ScalerFunction\Code\ScalerDPTxHDCP2.c LARGE 
                    -OPTIMIZE(9,SPEED) INCDIR(.\Output\RL6449;.\Project\Header;.\Pcb;.\Panel;.\Kernel\Device\Header;.\Kernel\Common;.\Kernel\
                    -System\Header;.\Kernel\Scaler\ScalerFunction\Header;.\Kernel\Scaler\ScalerCommonFunction\Header;.\Kernel\Scaler\ScalerFu
                    -nction\Lib\Header;.\Kernel\Scaler\ScalerCommonFunction\Lib\Header;.\Kernel\Scaler\RL6449_Series_Scaler\Header;.\Kernel\S
                    -caler\RL6449_Series_Scaler\Lib\Header;.\Kernel\Scaler\RL6449_Series_Common\Header;.\Kernel\Scaler\RL6449_Series_Common\L
                    -ib\Header;.\Kernel\User Common Function\Header;.\User\RTD Series\RTD2014Function\Header;.\User\RTD Series\RTD2014Osd\Hea
                    -der;.\User\RTD Factory\Header;.\User\None Series\NoneFunction\Header;.\User\None Series\NoneOsd\Header;.\User\None Facto
                    -ry\Header) DEFINE(_PROJECT=_RL6449_PROJECT,_SCALER_TYPE=_RL6449_SERIES) DEBUG OBJECTEXTEND PRINT(.\Output\RL6449_Projecr
                    -\ScalerDPTxHDCP2.lst) OBJECT(.\Output\RL6449_Projecr\ScalerDPTxHDCP2.obj)

line level    source

   1          /********************************************************************************/
   2          /*   Copyright (c) 2021 Realtek Semiconductor Corp. All rights reserved.        */
   3          /*                                                                              */
   4          /*   SPDX-License-Identifier: LicenseRef-Realtek-Proprietary                    */
   5          /*                                                                              */
   6          /*   This software component is confidential and proprietary to Realtek         */
   7          /*   Semiconductor Corp. Disclosure, reproduction, redistribution, in whole     */
   8          /*   or in part, of this work and its derivatives without express permission    */
   9          /*   is prohibited.                                                             */
  10          /********************************************************************************/
  11          
  12          //----------------------------------------------------------------------------------------------------
  13          // ID Code      : ScalerDPTxHDCP2.c No.0000
  14          // Update Note  :
  15          //----------------------------------------------------------------------------------------------------
  16          
  17          #include "ScalerFunctionInclude.h"
  18          
  19          #if((_DP_HDCP_2_2_SUPPORT == _ON) && (_DP_TX_SUPPORT == _ON))
              
              //****************************************************************************
              // DEFINITIONS / MACROS
              //****************************************************************************
              
              //****************************************************************************
              // STRUCT / TYPE / ENUM DEFINITTIONS
              //****************************************************************************
              
              //****************************************************************************
              // CODE TABLES
              //****************************************************************************
              
              //****************************************************************************
              // VARIABLE DECLARATIONS
              //****************************************************************************
              
              //****************************************************************************
              // FUNCTION DECLARATIONS
              //****************************************************************************
              
              //****************************************************************************
              // FUNCTION DEFINITIONS
              //****************************************************************************
              
              #endif // End of #if((_DP_HDCP_2_2_SUPPORT == _ON) && (_DP_TX_SUPPORT == _ON))


C51 COMPILER V8.12   SCALERDPTXHDCP2                                                       01/02/2025 16:30:25 PAGE 2   

MODULE INFORMATION:   STATIC OVERLAYABLE
   CODE SIZE        =   ----    ----
   CONSTANT SIZE    =   ----    ----
   XDATA SIZE       =   ----    ----
   PDATA SIZE       =   ----    ----
   DATA SIZE        =   ----    ----
   IDATA SIZE       =   ----    ----
   BIT SIZE         =   ----    ----
END OF MODULE INFORMATION.


C51 COMPILATION COMPLETE.  0 WARNING(S),  0 ERROR(S)
