C51 COMPILER V8.12   USERCOMMONDUALBANKUSERTABLE                                           01/02/2025 16:32:13 PAGE 1   


C51 COMPILER V8.12, COMPILATION OF MODULE USERCOMMONDUALBANKUSERTABLE
OBJECT MODULE PLACED IN .\Output\RL6449_Projecr\UserCommonDualBankUserTable.obj
COMPILER INVOKED BY: D:\ToolSort\KeilC51V812_\C51\BIN\C51.EXE Kernel\User Common Function\Code\UserCommonDualBankUserTab
                    -le.c LARGE OPTIMIZE(9,SPEED) INCDIR(.\Output\RL6449;.\Project\Header;.\Pcb;.\Panel;.\Kernel\Device\Header;.\Kernel\Commo
                    -n;.\Kernel\System\Header;.\Kernel\Scaler\ScalerFunction\Header;.\Kernel\Scaler\ScalerCommonFunction\Header;.\Kernel\Scal
                    -er\ScalerFunction\Lib\Header;.\Kernel\Scaler\ScalerCommonFunction\Lib\Header;.\Kernel\Scaler\RL6449_Series_Scaler\Header
                    -;.\Kernel\Scaler\RL6449_Series_Scaler\Lib\Header;.\Kernel\Scaler\RL6449_Series_Common\Header;.\Kernel\Scaler\RL6449_Seri
                    -es_Common\Lib\Header;.\Kernel\User Common Function\Header;.\User\RTD Series\RTD2014Function\Header;.\User\RTD Series\RTD
                    -2014Osd\Header;.\User\RTD Factory\Header;.\User\None Series\NoneFunction\Header;.\User\None Series\NoneOsd\Header;.\User
                    -\None Factory\Header) DEFINE(_PROJECT=_RL6449_PROJECT,_SCALER_TYPE=_RL6449_SERIES) DEBUG OBJECTEXTEND PRINT(.\Output\RL6
                    -449_Projecr\UserCommonDualBankUserTable.lst) OBJECT(.\Output\RL6449_Projecr\UserCommonDualBankUserTable.obj)

line level    source

   1          /********************************************************************************/
   2          /*   Copyright (c) 2021 Realtek Semiconductor Corp. All rights reserved.        */
   3          /*                                                                              */
   4          /*   SPDX-License-Identifier: LicenseRef-Realtek-Proprietary                    */
   5          /*                                                                              */
   6          /*   This software component is confidential and proprietary to Realtek         */
   7          /*   Semiconductor Corp. Disclosure, reproduction, redistribution, in whole     */
   8          /*   or in part, of this work and its derivatives without express permission    */
   9          /*   is prohibited.                                                             */
  10          /********************************************************************************/
  11          
  12          //----------------------------------------------------------------------------------------------------
  13          // ID Code      : UserCommonDualBankUserTable.c No.0000
  14          // Update Note  :
  15          //----------------------------------------------------------------------------------------------------
  16          
  17          #define __USER_COMMON_DUAL_BANK_USER_TABLE__
  18          
  19          #include "UserCommonInclude.h"
  20          
  21          #if((_DUAL_BANK_FLASH_PARTITION_SUPPORT == _ON) &&\
  22              (_DUAL_BANK_TYPE == _DUAL_BANK_FLASH_PARTITION_USER_FLAG_MODE) &&\
  23              (_DUAL_BANK_USER_FLAG_LOCATION_AREA != _DUAL_BANK_FLAG_LOCATION_IN_NONE_FW))
              #warning "NOTE: Please check _DUAL_BANK_FLASH_PARTITION_DEFAULT_CODE_TABLE should be all 0xFF or equal _DU
             -AL_BANK_FLASH_PARTITION_USER_FLAG_DATA!!"
              #endif
  26          
  27          //****************************************************************************
  28          // DEFINITIONS / MACROS
  29          //****************************************************************************
  30          
  31          //****************************************************************************
  32          // STRUCT / TYPE / ENUM DEFINITTIONS
  33          //****************************************************************************
  34          
  35          //****************************************************************************
  36          // CODE TABLES
  37          //****************************************************************************
  38          #if(_DUAL_BANK_FP_USER_FLAG_TABLE_SUPPORT == _ON)
              BYTE code tDUALBANKUSERFLAGTABLE[] =
              {
                  _DUAL_BANK_FLASH_PARTITION_DEFAULT_CODE_TABLE
              };
              #endif
  44          
  45          #if(_DUAL_BANK_USER_DATA_TABLE_SUPPORT == _ON)
              BYTE code tDUALBANK_FILLHEX[_DUALBANK_FILL_LENGTH * 1024] =
C51 COMPILER V8.12   USERCOMMONDUALBANKUSERTABLE                                           01/02/2025 16:32:13 PAGE 2   

              {
              #if(_DUALBANK_FILL_LENGTH >= 1)
              #include <UserCommonDualBankUser1KTable.h>
              #endif
              #if(_DUALBANK_FILL_LENGTH >= 2)
              #include <UserCommonDualBankUser1KTable.h>
              #endif
              #if(_DUALBANK_FILL_LENGTH >= 3)
              #include <UserCommonDualBankUser1KTable.h>
              #endif
              #if(_DUALBANK_FILL_LENGTH >= 4)
              #include <UserCommonDualBankUser1KTable.h>
              #endif
              #if(_DUALBANK_FILL_LENGTH >= 5)
              #include <UserCommonDualBankUser1KTable.h>
              #endif
              #if(_DUALBANK_FILL_LENGTH >= 6)
              #include <UserCommonDualBankUser1KTable.h>
              #endif
              #if(_DUALBANK_FILL_LENGTH >= 7)
              #include <UserCommonDualBankUser1KTable.h>
              #endif
              #if(_DUALBANK_FILL_LENGTH >= 8)
              #include <UserCommonDualBankUser1KTable.h>
              #endif
              #if(_DUALBANK_FILL_LENGTH >= 9)
              #include <UserCommonDualBankUser1KTable.h>
              #endif
              #if(_DUALBANK_FILL_LENGTH >= 10)
              #include <UserCommonDualBankUser1KTable.h>
              #endif
              #if(_DUALBANK_FILL_LENGTH >= 11)
              #include <UserCommonDualBankUser1KTable.h>
              #endif
              #if(_DUALBANK_FILL_LENGTH >= 12)
              #include <UserCommonDualBankUser1KTable.h>
              #endif
              };
              #endif
  86          
  87          
  88          //****************************************************************************
  89          // VARIABLE DECLARATIONS
  90          //****************************************************************************
  91          
  92          
  93          //****************************************************************************
  94          // FUNCTION DECLARATIONS
  95          //****************************************************************************
  96          
  97          
  98          //****************************************************************************
  99          // FUNCTION DEFINITIONS
 100          //****************************************************************************
 101          


MODULE INFORMATION:   STATIC OVERLAYABLE
   CODE SIZE        =   ----    ----
   CONSTANT SIZE    =   ----    ----
   XDATA SIZE       =   ----    ----
   PDATA SIZE       =   ----    ----
C51 COMPILER V8.12   USERCOMMONDUALBANKUSERTABLE                                           01/02/2025 16:32:13 PAGE 3   

   DATA SIZE        =   ----    ----
   IDATA SIZE       =   ----    ----
   BIT SIZE         =   ----    ----
END OF MODULE INFORMATION.


C51 COMPILATION COMPLETE.  0 WARNING(S),  0 ERROR(S)
