C51 COMPILER V8.12   RL6463_SERIES_MCU                                                     03/10/2025 13:50:46 PAGE 1   


C51 COMPILER V8.12, COMPILATION OF MODULE RL6463_SERIES_MCU
OBJECT MODULE PLACED IN .\Output\RL6463\RL6463_Series_Mcu.obj
COMPILER INVOKED BY: D:\liuxh\keil3\C51\BIN\C51.EXE Kernel\Scaler\RL6463_Series_Scaler\Code\RL6463_Series_Mcu.c LARGE OP
                    -TIMIZE(9,SPEED) INCDIR(.\Output\RL6463;.\Project\Header;.\Pcb;.\Panel;.\Kernel\Device\Header;.\Kernel\Common;.\Kernel\Sy
                    -stem\Header;.\Kernel\Scaler\ScalerFunction\Header;.\Kernel\Scaler\ScalerCommonFunction\Header;.\Kernel\Scaler\ScalerFunc
                    -tion\Lib\Header;.\Kernel\Scaler\ScalerCommonFunction\Lib\Header;.\Kernel\Scaler\RL6463_Series_Scaler\Header;.\Kernel\Sca
                    -ler\RL6463_Series_Scaler\Lib\Header;.\Kernel\User Common Function\Header;.\User\RTD Series\RTD2014Function\Header;.\User
                    -\RTD Series\RTD2014Osd\Header;.\User\RTD Factory\Header;.\User\None Series\NoneFunction\Header;.\User\None Series\NoneOs
                    -d\Header;.\User\None Factory\Header) DEFINE(_PROJECT=_RL6463_PROJECT,_SCALER_TYPE=_RL6463_SERIES) DEBUG OBJECTEXTEND PRI
                    -NT(.\Output\RL6463\RL6463_Series_Mcu.lst) OBJECT(.\Output\RL6463\RL6463_Series_Mcu.obj)

line level    source

   1          /********************************************************************************/
   2          /*   Copyright (c) 2021 Realtek Semiconductor Corp. All rights reserved.        */
   3          /*                                                                              */
   4          /*   SPDX-License-Identifier: LicenseRef-Realtek-Proprietary                    */
   5          /*                                                                              */
   6          /*   This software component is confidential and proprietary to Realtek         */
   7          /*   Semiconductor Corp. Disclosure, reproduction, redistribution, in whole     */
   8          /*   or in part, of this work and its derivatives without express permission    */
   9          /*   is prohibited.                                                             */
  10          /********************************************************************************/
  11          
  12          //----------------------------------------------------------------------------------------------------
  13          // ID Code      : RL6463_Series_Mcu.c No.0000
  14          // Update Note  :
  15          //----------------------------------------------------------------------------------------------------
  16          
  17          #define __RL6463_SERIES_MCU__
  18          
  19          #include "ScalerFunctionInclude.h"
  20          
  21          //****************************************************************************
  22          // DEFINITIONS / MACROS
  23          //****************************************************************************
  24          //--------------------------------------------------
  25          // Definitions DDCRAM Address
  26          //--------------------------------------------------
  27          #define _EMBEDDED_DDCRAM_VGA_DDC_ADDRESS                    0xE000
  28          #define _EMBEDDED_DDCRAM_DDC0_ADDRESS                       0xE080
  29          #define _EMBEDDED_DDCRAM_DDC1_ADDRESS                       0xE180
  30          
  31          
  32          //****************************************************************************
  33          // STRUCT / TYPE / ENUM DEFINITTIONS
  34          //****************************************************************************
  35          
  36          //****************************************************************************
  37          // CODE TABLES
  38          //****************************************************************************
  39          
  40          //****************************************************************************
  41          // VARIABLE DECLARATIONS
  42          //****************************************************************************
  43          #if(_A0_EMBEDDED_DDCRAM_MAX_SIZE != _EDID_SIZE_NONE)
              BYTE xdata MCU_DDCRAM_A0[_A0_EMBEDDED_DDCRAM_MAX_SIZE]          _at_ _EMBEDDED_DDCRAM_VGA_DDC_ADDRESS;
              #endif
  46          
  47          #if(_D0_EMBEDDED_DDCRAM_MAX_SIZE != _EDID_SIZE_NONE)
              
C51 COMPILER V8.12   RL6463_SERIES_MCU                                                     03/10/2025 13:50:46 PAGE 2   

              #if(_D0_DDC_CHANNEL_SEL == _DDC0)
              BYTE xdata MCU_DDCRAM_D0[_D0_EMBEDDED_DDCRAM_MAX_SIZE]          _at_ _EMBEDDED_DDCRAM_DDC0_ADDRESS;
              #else
              BYTE xdata MCU_DDCRAM_D0[_D0_EMBEDDED_DDCRAM_MAX_SIZE]          _at_ _EMBEDDED_DDCRAM_DDC1_ADDRESS;
              #endif // End of _DDC_CHANNEL_FOR_D0
              
              #endif // End of #if(_D0_EMBEDDED_DDCRAM_MAX_SIZE != _EDID_SIZE_NONE)
  56          
  57          #if(_D1_EMBEDDED_DDCRAM_MAX_SIZE != _EDID_SIZE_NONE)
              
              #if(_D1_DDC_CHANNEL_SEL == _DDC0)
              BYTE xdata MCU_DDCRAM_D1[_D1_EMBEDDED_DDCRAM_MAX_SIZE]          _at_ _EMBEDDED_DDCRAM_DDC0_ADDRESS;
              #else
              BYTE xdata MCU_DDCRAM_D1[_D1_EMBEDDED_DDCRAM_MAX_SIZE]          _at_ _EMBEDDED_DDCRAM_DDC1_ADDRESS;
              #endif // End of _DDC_CHANNEL_FOR_D1
              
              #endif // End of #if(_D1_EMBEDDED_DDCRAM_MAX_SIZE != _EDID_SIZE_NONE)
  66          
  67          //--------------------------------------------------
  68          // EMCU PC99 EDID (Page FD)
  69          //--------------------------------------------------
  70          volatile BYTE xdata MCU_FD00_ADC_DDC2_LOAD_EDID_CTRL                _at_ 0xFD00;
  71          volatile BYTE xdata MCU_FD01_D0_LOAD_EDID_CTRL                      _at_ 0xFD01;
  72          volatile BYTE xdata MCU_FD02_D1_LOAD_EDID_CTRL                      _at_ 0xFD02;
  73          volatile BYTE xdata MCU_FD03_ADC_DDC2_EDID_ADDR_H                   _at_ 0xFD03;
  74          volatile BYTE xdata MCU_FD04_ADC_DDC2_EDID_ADDR_M                   _at_ 0xFD04;
  75          volatile BYTE xdata MCU_FD05_ADC_DDC2_EDID_ADDR_L                   _at_ 0xFD05;
  76          volatile BYTE xdata MCU_FD06_D0_EDID_ADDR_H                         _at_ 0xFD06;
  77          volatile BYTE xdata MCU_FD07_D0_EDID_ADDR_M                         _at_ 0xFD07;
  78          volatile BYTE xdata MCU_FD08_D0_EDID_ADDR_L                         _at_ 0xFD08;
  79          volatile BYTE xdata MCU_FD09_D1_EDID_ADDR_H                         _at_ 0xFD09;
  80          volatile BYTE xdata MCU_FD0A_D1_EDID_ADDR_M                         _at_ 0xFD0A;
  81          volatile BYTE xdata MCU_FD0B_D1_EDID_ADDR_L                         _at_ 0xFD0B;
  82          volatile BYTE xdata MCU_FD0C_RETRY_SELECTION                        _at_ 0xFD0C;
  83          volatile BYTE xdata MCU_FD0D_ADC_DDC2_CHECK_RESULT                  _at_ 0xFD0D;
  84          volatile BYTE xdata MCU_FD0E_ADC_DDC2_EDID_CHECKSUM                 _at_ 0xFD0E;
  85          volatile BYTE xdata MCU_FD0F_ADC_DDC2_FINAL_CHECKSUM_RESULT         _at_ 0xFD0F;
  86          volatile BYTE xdata MCU_FD10_D0_CHECK_RESULT                        _at_ 0xFD10;
  87          volatile BYTE xdata MCU_FD11_D0_EDID_CHECKSUM_0                     _at_ 0xFD11;
  88          volatile BYTE xdata MCU_FD12_D0_FINAL_CHECKSUM_RESULT_0             _at_ 0xFD12;
  89          volatile BYTE xdata MCU_FD13_D0_EDID_CHECKSUM_1                     _at_ 0xFD13;
  90          volatile BYTE xdata MCU_FD14_D0_FINAL_CHECKSUM_RESULT_1             _at_ 0xFD14;
  91          volatile BYTE xdata MCU_FD15_D1_CHECK_RESULT                        _at_ 0xFD15;
  92          volatile BYTE xdata MCU_FD16_D1_EDID_CHECKSUM_0                     _at_ 0xFD16;
  93          volatile BYTE xdata MCU_FD17_D1_FINAL_CHECKSUM_RESULT_0             _at_ 0xFD17;
  94          volatile BYTE xdata MCU_FD18_D1_EDID_CHECKSUM_1                     _at_ 0xFD18;
  95          volatile BYTE xdata MCU_FD19_D1_FINAL_CHECKSUM_RESULT_1             _at_ 0xFD19;
  96          volatile BYTE xdata MCU_FD1A_LOAD_EDID_DONE                         _at_ 0xFD1A;
  97          volatile BYTE xdata MCU_FD1B_LOAD_EDID_FSM                          _at_ 0xFD1B;
  98          volatile BYTE xdata MCU_FD1C_RETRY_CNT                              _at_ 0xFD1C;
  99          volatile BYTE xdata MCU_FD20_DUMMY                                  _at_ 0xFD20;
 100          
 101          
 102          //--------------------------------------------------
 103          // EMCU ADC_DDC2 (Page FD)
 104          //--------------------------------------------------
 105          volatile BYTE xdata MCU_FD30_ADC_DDC2_SEGMENT_ADDRESS               _at_ 0xFD30;
 106          volatile BYTE xdata MCU_FD31_ADC_DDC2_SEGMENT_DATA                  _at_ 0xFD31;
 107          volatile BYTE xdata MCU_FD32_ADC_DDC2_DDC_ENABLE                    _at_ 0xFD32;
 108          volatile BYTE xdata MCU_FD33_ADC_DDC2_DDC_CONTROL_1                 _at_ 0xFD33;
 109          volatile BYTE xdata MCU_FD34_ADC_DDC2_DDC_CONTROL_2                 _at_ 0xFD34;
 110          volatile BYTE xdata MCU_FD35_ADC_DDC2_DDC_INDEX                     _at_ 0xFD35;
C51 COMPILER V8.12   RL6463_SERIES_MCU                                                     03/10/2025 13:50:46 PAGE 3   

 111          volatile BYTE xdata MCU_FD36_ADC_DDC2_DDC_ACCESS_PORT               _at_ 0xFD36;
 112          volatile BYTE xdata MCU_FD37_ADC_DDC2_EDID_IRQ                      _at_ 0xFD37;
 113          volatile BYTE xdata MCU_FD38_ADC_DDC2_RESERVED                      _at_ 0xFD38;
 114          
 115          
 116          //--------------------------------------------------
 117          // Cache Controller (Page FD)
 118          //--------------------------------------------------
 119          volatile BYTE xdata MCU_FDA0_CACHE_FUNCTION                         _at_ 0xFDA0;
 120          volatile BYTE xdata MCU_FDA1_CACHE_OPTION                           _at_ 0xFDA1;
 121          volatile BYTE xdata MCU_FDA2_CACHE_START_ADDRESS_H                  _at_ 0xFDA2;
 122          volatile BYTE xdata MCU_FDA3_CACHE_START_ADDRESS_M                  _at_ 0xFDA3;
 123          volatile BYTE xdata MCU_FDA4_CACHE_START_ADDRESS_L                  _at_ 0xFDA4;
 124          volatile BYTE xdata MCU_FDA5_CACHE_END_ADDRESS_H                    _at_ 0xFDA5;
 125          volatile BYTE xdata MCU_FDA6_CACHE_END_ADDRESS_M                    _at_ 0xFDA6;
 126          volatile BYTE xdata MCU_FDA7_CACHE_END_ADDRESS_L                    _at_ 0xFDA7;
 127          volatile BYTE xdata MCU_FDA8_CACHE_START_ADDRESS_H2                 _at_ 0xFDA8;
 128          volatile BYTE xdata MCU_FDA9_CACHE_START_ADDRESS_M2                 _at_ 0xFDA9;
 129          volatile BYTE xdata MCU_FDAA_CACHE_START_ADDRESS_L2                 _at_ 0xFDAA;
 130          volatile BYTE xdata MCU_FDAB_CACHE_END_ADDRESS_H2                   _at_ 0xFDAB;
 131          volatile BYTE xdata MCU_FDAC_CACHE_END_ADDRESS_M2                   _at_ 0xFDAC;
 132          volatile BYTE xdata MCU_FDAD_CACHE_END_ADDRESS_L2                   _at_ 0xFDAD;
 133          volatile BYTE xdata MCU_FDAE_COMMON_START_ADDRESS_H                 _at_ 0xFDAE;
 134          volatile BYTE xdata MCU_FDAF_COMMON_START_ADDRESS_L                 _at_ 0xFDAF;
 135          volatile BYTE xdata MCU_FDB0_COMMON_END_ADDRESS_H                   _at_ 0xFDB0;
 136          volatile BYTE xdata MCU_FDB1_COMMON_END_ADDRESS_L                   _at_ 0xFDB1;
 137          volatile BYTE xdata MCU_FDB2_CACHE_ADDRESS_WILD_CARD                _at_ 0xFDB2;
 138          volatile BYTE xdata MCU_FDB3_PERFORMANCE_METER_CONTROL              _at_ 0xFDB3;
 139          volatile BYTE xdata MCU_FDB4_PERFORMANCE_METER_INTERRUPT            _at_ 0xFDB4;
 140          volatile BYTE xdata MCU_FDB5_PERFORMANCE_METER_STATUS               _at_ 0xFDB5;
 141          volatile BYTE xdata MCU_FDB6_PERFORMANCE_METER_LAST_ADDRESS_H       _at_ 0xFDB6;
 142          volatile BYTE xdata MCU_FDB7_PERFORMANCE_METER_LAST_ADDRESS_M       _at_ 0xFDB7;
 143          volatile BYTE xdata MCU_FDB8_PERFORMANCE_METER_LAST_ADDRESS_L       _at_ 0xFDB8;
 144          volatile BYTE xdata MCU_FDB9_PERFORMANCE_METER_REF_COUNT_H          _at_ 0xFDB9;
 145          volatile BYTE xdata MCU_FDBA_PERFORMANCE_METER_REF_COUNT_M1         _at_ 0xFDBA;
 146          volatile BYTE xdata MCU_FDBB_PERFORMANCE_METER_REF_COUNT_M0         _at_ 0xFDBB;
 147          volatile BYTE xdata MCU_FDBC_PERFORMANCE_METER_REF_COUNT_L          _at_ 0xFDBC;
 148          volatile BYTE xdata MCU_FDBD_PERFORMANCE_METER_MISS_COUNT_H         _at_ 0xFDBD;
 149          volatile BYTE xdata MCU_FDBE_PERFORMANCE_METER_MISS_COUNT_M1        _at_ 0xFDBE;
 150          volatile BYTE xdata MCU_FDBF_PERFORMANCE_METER_MISS_COUNT_M0        _at_ 0xFDBF;
 151          volatile BYTE xdata MCU_FDC0_PERFORMANCE_METER_MISS_COUNT_L         _at_ 0xFDC0;
 152          volatile BYTE xdata MCU_FDC1_PERFORMANCE_METER_MEM_RESTART_H        _at_ 0xFDC1;
 153          volatile BYTE xdata MCU_FDC2_PERFORMANCE_METER_MEM_RESTART_M1       _at_ 0xFDC2;
 154          volatile BYTE xdata MCU_FDC3_PERFORMANCE_METER_MEM_RESTART_M0       _at_ 0xFDC3;
 155          volatile BYTE xdata MCU_FDC4_PERFORMANCE_METER_MEM_RESTART_L        _at_ 0xFDC4;
 156          volatile BYTE xdata MCU_FDC5_PERFORMANCE_METER_CRC_H                _at_ 0xFDC5;
 157          volatile BYTE xdata MCU_FDC6_PERFORMANCE_METER_CRC_L                _at_ 0xFDC6;
 158          volatile BYTE xdata MCU_FDC7_CACHE_CONTENT_ADDRESS_H                _at_ 0xFDC7;
 159          volatile BYTE xdata MCU_FDC8_CACHE_CONTENT_ADDRESS_L                _at_ 0xFDC8;
 160          volatile BYTE xdata MCU_FDC9_CACHE_CONTENT_DATA                     _at_ 0xFDC9;
 161          volatile BYTE xdata MCU_FDCA_CACHE_SRAM_BIST_CTRL                   _at_ 0xFDCA;
 162          volatile BYTE xdata MCU_FDCB_CACHE_SRAM_DRF_BIST_CTRL               _at_ 0xFDCB;
 163          volatile BYTE xdata MCU_FDCC_CACHE_LOAD_CTRL                        _at_ 0xFDCC;
 164          
 165          
 166          //--------------------------------------------------
 167          // EMCU GPIO Control (Page FE)
 168          //--------------------------------------------------
 169          volatile BYTE xdata MCU_FE00_PORT40_PIN_REG                         _at_ 0xFE00;
 170          volatile BYTE xdata MCU_FE01_PORT41_PIN_REG                         _at_ 0xFE01;
 171          volatile BYTE xdata MCU_FE02_PORT42_PIN_REG                         _at_ 0xFE02;
 172          volatile BYTE xdata MCU_FE03_PORT43_PIN_REG                         _at_ 0xFE03;
C51 COMPILER V8.12   RL6463_SERIES_MCU                                                     03/10/2025 13:50:46 PAGE 4   

 173          volatile BYTE xdata MCU_FE04_PORT44_PIN_REG                         _at_ 0xFE04;
 174          volatile BYTE xdata MCU_FE05_PORT45_PIN_REG                         _at_ 0xFE05;
 175          volatile BYTE xdata MCU_FE06_PORT46_PIN_REG                         _at_ 0xFE06;
 176          volatile BYTE xdata MCU_FE07_PORT47_PIN_REG                         _at_ 0xFE07;
 177          volatile BYTE xdata MCU_FE08_PORT50_PIN_REG                         _at_ 0xFE08;
 178          volatile BYTE xdata MCU_FE09_PORT51_PIN_REG                         _at_ 0xFE09;
 179          volatile BYTE xdata MCU_FE0A_PORT52_PIN_REG                         _at_ 0xFE0A;
 180          volatile BYTE xdata MCU_FE0B_PORT53_PIN_REG                         _at_ 0xFE0B;
 181          volatile BYTE xdata MCU_FE0C_PORT54_PIN_REG                         _at_ 0xFE0C;
 182          volatile BYTE xdata MCU_FE0D_PORT55_PIN_REG                         _at_ 0xFE0D;
 183          volatile BYTE xdata MCU_FE0E_PORT56_PIN_REG                         _at_ 0xFE0E;
 184          volatile BYTE xdata MCU_FE0F_PORT57_PIN_REG                         _at_ 0xFE0F;
 185          volatile BYTE xdata MCU_FE10_PORT60_PIN_REG                         _at_ 0xFE10;
 186          volatile BYTE xdata MCU_FE11_PORT61_PIN_REG                         _at_ 0xFE11;
 187          volatile BYTE xdata MCU_FE12_PORT62_PIN_REG                         _at_ 0xFE12;
 188          volatile BYTE xdata MCU_FE13_PORT63_PIN_REG                         _at_ 0xFE13;
 189          volatile BYTE xdata MCU_FE14_PORT64_PIN_REG                         _at_ 0xFE14;
 190          volatile BYTE xdata MCU_FE15_PORT65_PIN_REG                         _at_ 0xFE15;
 191          volatile BYTE xdata MCU_FE16_PORT66_PIN_REG                         _at_ 0xFE16;
 192          volatile BYTE xdata MCU_FE17_PORT67_PIN_REG                         _at_ 0xFE17;
 193          volatile BYTE xdata MCU_FE18_PORT70_PIN_REG                         _at_ 0xFE18;
 194          volatile BYTE xdata MCU_FE19_PORT71_PIN_REG                         _at_ 0xFE19;
 195          volatile BYTE xdata MCU_FE1A_PORT72_PIN_REG                         _at_ 0xFE1A;
 196          volatile BYTE xdata MCU_FE1B_PORT73_PIN_REG                         _at_ 0xFE1B;
 197          volatile BYTE xdata MCU_FE1C_PORT74_PIN_REG                         _at_ 0xFE1C;
 198          volatile BYTE xdata MCU_FE1D_PORT75_PIN_REG                         _at_ 0xFE1D;
 199          volatile BYTE xdata MCU_FE1E_PORT76_PIN_REG                         _at_ 0xFE1E;
 200          volatile BYTE xdata MCU_FE1F_PORT77_PIN_REG                         _at_ 0xFE1F;
 201          volatile BYTE xdata MCU_FE20_PORT80_PIN_REG                         _at_ 0xFE20;
 202          volatile BYTE xdata MCU_FE21_PORT81_PIN_REG                         _at_ 0xFE21;
 203          volatile BYTE xdata MCU_FE22_PORT82_PIN_REG                         _at_ 0xFE22;
 204          volatile BYTE xdata MCU_FE23_PORT83_PIN_REG                         _at_ 0xFE23;
 205          volatile BYTE xdata MCU_FE24_PORT84_PIN_REG                         _at_ 0xFE24;
 206          volatile BYTE xdata MCU_FE25_PORT85_PIN_REG                         _at_ 0xFE25;
 207          volatile BYTE xdata MCU_FE26_PORT86_PIN_REG                         _at_ 0xFE26;
 208          volatile BYTE xdata MCU_FE27_PORT87_PIN_REG                         _at_ 0xFE27;
 209          volatile BYTE xdata MCU_FE60_PORT_READ_CONTROL                      _at_ 0xFE60;
 210          volatile BYTE xdata MCU_FE61_DUMMY_4                                _at_ 0xFE61;
 211          
 212          
 213          //--------------------------------------------------
 214          // EMCU DDC-CI Part 0 (Page FE)
 215          //--------------------------------------------------
 216          volatile BYTE xdata MCU_FE86_IIC_1_CH_SEL                           _at_ 0xFE86;
 217          volatile BYTE xdata MCU_FE87_IIC_1_SET_SLAVE                        _at_ 0xFE87;
 218          volatile BYTE xdata MCU_FE88_IIC_1_SUB_IN                           _at_ 0xFE88;
 219          volatile BYTE xdata MCU_FE89_IIC_1_DATA_IN                          _at_ 0xFE89;
 220          volatile BYTE xdata MCU_FE8A_IIC_1_DATA_OUT                         _at_ 0xFE8A;
 221          volatile BYTE xdata MCU_FE8B_IIC_1_STATUS                           _at_ 0xFE8B;
 222          volatile BYTE xdata MCU_FE8C_IIC_1_IRQ_CONTROL                      _at_ 0xFE8C;
 223          volatile BYTE xdata MCU_FE8D_IIC_1_STATUS2                          _at_ 0xFE8D;
 224          volatile BYTE xdata MCU_FE8E_IIC_1_IRQ_CONTROL2                     _at_ 0xFE8E;
 225          volatile BYTE xdata MCU_FE8F_IIC_1_CHANNEL_CONTROL                  _at_ 0xFE8F;
 226          volatile BYTE xdata MCU_FE90_DDCCI_1_NULL_BYTE1                     _at_ 0xFE90;
 227          volatile BYTE xdata MCU_FE91_DDCCI_1_NULL_BYTE2                     _at_ 0xFE91;
 228          volatile BYTE xdata MCU_FE92_DDCCI_1_NULL_BYTE3                     _at_ 0xFE92;
 229          volatile BYTE xdata MCU_FE93_DDCCI_1_REMAIN_DATA                    _at_ 0xFE93;
 230          
 231          
 232          //--------------------------------------------------
 233          // EMCU DDCRAM Settings (Page FE)
 234          //--------------------------------------------------
C51 COMPILER V8.12   RL6463_SERIES_MCU                                                     03/10/2025 13:50:46 PAGE 5   

 235          volatile BYTE xdata MCU_FEB1_DDCRAM_ST_ADDRESS                      _at_ 0xFEB1;
 236          volatile BYTE xdata MCU_FEB2_XRAM_BIST_CTRL                         _at_ 0xFEB2;
 237          volatile BYTE xdata MCU_FEB3_XRAM_DRF_BIST_CTRL                     _at_ 0xFEB3;
 238          volatile BYTE xdata MCU_FEB4_MCU_DUMMY2                             _at_ 0xFEB4;
 239          
 240          
 241          //--------------------------------------------------
 242          // EMCU Interrupt Control Part 1 (Page FF)
 243          //--------------------------------------------------
 244          volatile BYTE xdata MCU_FF00_IRQ_STATUS                             _at_ 0xFF00;
 245          
 246          
 247          //--------------------------------------------------
 248          // EMCU OSD Reorder Part 1 (Page FF)
 249          //--------------------------------------------------
 250          volatile BYTE xdata MCU_FF03_TRIPLE_BYTES_OPERATION                 _at_ 0xFF03;
 251          volatile BYTE xdata MCU_FF04_SHIFT_BITS_NUMBER                      _at_ 0xFF04;
 252          volatile BYTE xdata MCU_FF05_SHIFT_BYTE_ADDRESS                     _at_ 0xFF05;
 253          volatile BYTE xdata MCU_FF06_INPUT_TRIPLE_BYTES                     _at_ 0xFF06;
 254          volatile BYTE xdata MCU_FF07_RESULT_TRIPLE_BYTES                    _at_ 0xFF07;
 255          
 256          
 257          //--------------------------------------------------
 258          // EMCU LSADC (Page FF)
 259          //--------------------------------------------------
 260          volatile BYTE xdata MCU_FF08_ADC_ACONTROL                           _at_ 0xFF08;
 261          volatile BYTE xdata MCU_FF09_ADC_A0_CONVERT_RESULT                  _at_ 0xFF09;
 262          volatile BYTE xdata MCU_FF0A_ADC_A1_CONVERT_RESULT                  _at_ 0xFF0A;
 263          volatile BYTE xdata MCU_FF0B_ADC_A2_CONVERT_RESULT                  _at_ 0xFF0B;
 264          volatile BYTE xdata MCU_FF0C_ADC_A3_CONVERT_RESULT                  _at_ 0xFF0C;
 265          volatile BYTE xdata MCU_FF0D_ADC_CLK_DIV                            _at_ 0xFF0D;
 266          volatile BYTE xdata MCU_FF0E_AUTO_MODE_CTRL01                       _at_ 0xFF0E;
 267          volatile BYTE xdata MCU_FF0F_ADC0_THRESHOLD_H                       _at_ 0xFF0F;
 268          volatile BYTE xdata MCU_FF10_ADC0_THRESHOLD_L                       _at_ 0xFF10;
 269          volatile BYTE xdata MCU_FF11_ADC1_THRESHOLD_H                       _at_ 0xFF11;
 270          volatile BYTE xdata MCU_FF12_ADC1_THRESHOLD_L                       _at_ 0xFF12;
 271          volatile BYTE xdata MCU_FF13_ADC2_THRESHOLD_H                       _at_ 0xFF13;
 272          volatile BYTE xdata MCU_FF14_ADC2_THRESHOLD_L                       _at_ 0xFF14;
 273          volatile BYTE xdata MCU_FF15_ADC3_THRESHOLD_H                       _at_ 0xFF15;
 274          volatile BYTE xdata MCU_FF16_ADC3_THRESHOLD_L                       _at_ 0xFF16;
 275          volatile BYTE xdata MCU_FF17_CTRL0_WAIT_TIME_VALUE                  _at_ 0xFF17;
 276          
 277          
 278          //--------------------------------------------------
 279          // EMCU OSD Reorder Part 2 (Page FF)
 280          //--------------------------------------------------
 281          volatile BYTE xdata MCU_FF18_BYTE_ADDRESS                           _at_ 0xFF18;
 282          
 283          
 284          //--------------------------------------------------
 285          // EMCU DDC Part 1 (Page FF)
 286          //--------------------------------------------------
 287          volatile BYTE xdata MCU_FF19_ADC_SEGMENT_ADDRESS                    _at_ 0xFF19;
 288          volatile BYTE xdata MCU_FF1A_ADC_SEGMENT_DATA                       _at_ 0xFF1A;
 289          volatile BYTE xdata MCU_FF1B_ADC_DDC_ENABLE                         _at_ 0xFF1B;
 290          volatile BYTE xdata MCU_FF1C_ADC_DDC_CONTROL_1                      _at_ 0xFF1C;
 291          volatile BYTE xdata MCU_FF1D_ADC_DDC_CONTROL_2                      _at_ 0xFF1D;
 292          volatile BYTE xdata MCU_FF1E_DDC0_DDC_ENABLE                        _at_ 0xFF1E;
 293          volatile BYTE xdata MCU_FF1F_DDC0_DDC_CONTROL_1                     _at_ 0xFF1F;
 294          volatile BYTE xdata MCU_FF20_DDC0_DDC_CONTROL_2                     _at_ 0xFF20;
 295          
 296          
C51 COMPILER V8.12   RL6463_SERIES_MCU                                                     03/10/2025 13:50:46 PAGE 6   

 297          //--------------------------------------------------
 298          // EMCU DDC-CI Part 1 (Page FF)
 299          //--------------------------------------------------
 300          volatile BYTE xdata MCU_FF22_IIC_CH_SEL                             _at_ 0xFF22;
 301          volatile BYTE xdata MCU_FF23_IIC_SET_SLAVE                          _at_ 0xFF23;
 302          volatile BYTE xdata MCU_FF24_IIC_SUB_IN                             _at_ 0xFF24;
 303          volatile BYTE xdata MCU_FF25_IIC_DATA_IN                            _at_ 0xFF25;
 304          volatile BYTE xdata MCU_FF26_IIC_DATA_OUT                           _at_ 0xFF26;
 305          volatile BYTE xdata MCU_FF27_IIC_STATUS                             _at_ 0xFF27;
 306          volatile BYTE xdata MCU_FF28_IIC_IRQ_CONTROL                        _at_ 0xFF28;
 307          volatile BYTE xdata MCU_FF29_IIC_STATUS2                            _at_ 0xFF29;
 308          volatile BYTE xdata MCU_FF2A_IIC_IRQ_CONTROL2                       _at_ 0xFF2A;
 309          volatile BYTE xdata MCU_FF2B_IIC_CHANNEL_CONTROL                    _at_ 0xFF2B;
 310          
 311          
 312          //--------------------------------------------------
 313          // EMCU DDC Part 2 (Page FF)
 314          //--------------------------------------------------
 315          volatile BYTE xdata MCU_FF2C_DDC1_DDC_ENABLE                        _at_ 0xFF2C;
 316          volatile BYTE xdata MCU_FF2D_DDC1_DDC_CONTROL_1                     _at_ 0xFF2D;
 317          volatile BYTE xdata MCU_FF2E_DDC1_DDC_CONTROL_2                     _at_ 0xFF2E;
 318          volatile BYTE xdata MCU_FF2F_ADC_DDC_INDEX                          _at_ 0xFF2F;
 319          volatile BYTE xdata MCU_FF30_ADC_DDC_ACCESS_PORT                    _at_ 0xFF30;
 320          volatile BYTE xdata MCU_FF31_DDC0_DDC_INDEX                         _at_ 0xFF31;
 321          volatile BYTE xdata MCU_FF32_DDC0_DDC_ACCESS_PORT                   _at_ 0xFF32;
 322          volatile BYTE xdata MCU_FF33_DDC1_DDC_INDEX                         _at_ 0xFF33;
 323          volatile BYTE xdata MCU_FF34_DDC1_DDC_ACCESS_PORT                   _at_ 0xFF34;
 324          volatile BYTE xdata MCU_FF35_DDCCI_REMAIN_DATA                      _at_ 0xFF35;
 325          volatile BYTE xdata MCU_FF36_DDC0_SEGMENT_ADDRESS                   _at_ 0xFF36;
 326          volatile BYTE xdata MCU_FF37_DDC0_SEGMENT_DATA                      _at_ 0xFF37;
 327          volatile BYTE xdata MCU_FF38_DDC1_SEGMENT_ADDRESS                   _at_ 0xFF38;
 328          volatile BYTE xdata MCU_FF39_DDC1_SEGMENT_DATA                      _at_ 0xFF39;
 329          
 330          
 331          //--------------------------------------------------
 332          // EMCU PWM Part 1 (Page FF)
 333          //--------------------------------------------------
 334          volatile BYTE xdata MCU_FF3A_PWM_CK_SEL                             _at_ 0xFF3A;
 335          volatile BYTE xdata MCU_FF3B_PWM03_M                                _at_ 0xFF3B;
 336          volatile BYTE xdata MCU_FF3C_PWM45_M                                _at_ 0xFF3C;
 337          volatile BYTE xdata MCU_FF3D_PWM01_N_MSB                            _at_ 0xFF3D;
 338          volatile BYTE xdata MCU_FF3E_PWM0_N_LSB                             _at_ 0xFF3E;
 339          volatile BYTE xdata MCU_FF3F_PWM1_N_LSB                             _at_ 0xFF3F;
 340          volatile BYTE xdata MCU_FF40_PWM23_N_MSB                            _at_ 0xFF40;
 341          volatile BYTE xdata MCU_FF41_PWM2_N_LSB                             _at_ 0xFF41;
 342          volatile BYTE xdata MCU_FF42_PWM3_N_LSB                             _at_ 0xFF42;
 343          volatile BYTE xdata MCU_FF43_PWM45_N_MSB                            _at_ 0xFF43;
 344          volatile BYTE xdata MCU_FF44_PWM4_N_LSB                             _at_ 0xFF44;
 345          volatile BYTE xdata MCU_FF45_PWM5_N_LSB                             _at_ 0xFF45;
 346          volatile BYTE xdata MCU_FF46_PWML                                   _at_ 0xFF46;
 347          volatile BYTE xdata MCU_FF47_PWM_VS_CTRL                            _at_ 0xFF47;
 348          volatile BYTE xdata MCU_FF48_PWM_EN                                 _at_ 0xFF48;
 349          volatile BYTE xdata MCU_FF49_PWM_CK                                 _at_ 0xFF49;
 350          volatile BYTE xdata MCU_FF4A_PWM0H_DUT                              _at_ 0xFF4A;
 351          volatile BYTE xdata MCU_FF4B_PWM1H_DUT                              _at_ 0xFF4B;
 352          volatile BYTE xdata MCU_FF4C_PWM01L_DUT                             _at_ 0xFF4C;
 353          volatile BYTE xdata MCU_FF4D_PWM2H_DUT                              _at_ 0xFF4D;
 354          volatile BYTE xdata MCU_FF4E_PWM3H_DUT                              _at_ 0xFF4E;
 355          volatile BYTE xdata MCU_FF4F_PWM23L_DUT                             _at_ 0xFF4F;
 356          volatile BYTE xdata MCU_FF50_PWM4H_DUT                              _at_ 0xFF50;
 357          volatile BYTE xdata MCU_FF51_PWM5H_DUT                              _at_ 0xFF51;
 358          volatile BYTE xdata MCU_FF52_PWM45L_DUT                             _at_ 0xFF52;
C51 COMPILER V8.12   RL6463_SERIES_MCU                                                     03/10/2025 13:50:46 PAGE 7   

 359          volatile BYTE xdata MCU_FF53_PWM_DUT_TYPE                           _at_ 0xFF53;
 360          volatile BYTE xdata MCU_FF54_PWM_CNT_MODE                           _at_ 0xFF54;
 361          
 362          
 363          //--------------------------------------------------
 364          // EMCU I2C Control Module (Page FF)
 365          //--------------------------------------------------
 366          volatile BYTE xdata MCU_FF55_I2CM_CR0                               _at_ 0xFF55;
 367          volatile BYTE xdata MCU_FF56_I2CM_CR1                               _at_ 0xFF56;
 368          volatile BYTE xdata MCU_FF57_I2CM_CR2                               _at_ 0xFF57;
 369          volatile BYTE xdata MCU_FF58_I2CM_CR3                               _at_ 0xFF58;
 370          volatile BYTE xdata MCU_FF59_I2CM_STR0                              _at_ 0xFF59;
 371          volatile BYTE xdata MCU_FF5A_I2CM_STR1                              _at_ 0xFF5A;
 372          volatile BYTE xdata MCU_FF5B_I2CM_STR2                              _at_ 0xFF5B;
 373          volatile BYTE xdata MCU_FF5C_I2CM_STR3                              _at_ 0xFF5C;
 374          volatile BYTE xdata MCU_FF5D_I2CM_SR                                _at_ 0xFF5D;
 375          volatile BYTE xdata MCU_FF5E_I2CM_TD                                _at_ 0xFF5E;
 376          volatile BYTE xdata MCU_FF5F_I2CM_CCR                               _at_ 0xFF5F;
 377          
 378          
 379          //--------------------------------------------------
 380          // EMCU SPI-FLASH Part 1 (Page FF)
 381          //--------------------------------------------------
 382          volatile BYTE xdata MCU_FF60_COMMON_INST_EN                         _at_ 0xFF60;
 383          volatile BYTE xdata MCU_FF61_COMMON_OP_CODE                         _at_ 0xFF61;
 384          volatile BYTE xdata MCU_FF62_WREN_OP_CODE                           _at_ 0xFF62;
 385          volatile BYTE xdata MCU_FF63_EWSR_OP_CODE                           _at_ 0xFF63;
 386          volatile BYTE xdata MCU_FF64_FLASH_PROG_ISP0                        _at_ 0xFF64;
 387          volatile BYTE xdata MCU_FF65_FLASH_PROG_ISP1                        _at_ 0xFF65;
 388          volatile BYTE xdata MCU_FF66_FLASH_PROG_ISP2                        _at_ 0xFF66;
 389          volatile BYTE xdata MCU_FF67_COMMON_INST_READ_PORT0                 _at_ 0xFF67;
 390          volatile BYTE xdata MCU_FF68_COMMON_INST_READ_PORT1                 _at_ 0xFF68;
 391          volatile BYTE xdata MCU_FF69_COMMON_INST_READ_PORT2                 _at_ 0xFF69;
 392          volatile BYTE xdata MCU_FF6A_READ_OP_CODE                           _at_ 0xFF6A;
 393          volatile BYTE xdata MCU_FF6B_FAST_READ_OP_CODE                      _at_ 0xFF6B;
 394          volatile BYTE xdata MCU_FF6C_READ_INSTRUCTION                       _at_ 0xFF6C;
 395          volatile BYTE xdata MCU_FF6D_PROGRAM_OP_CODE                        _at_ 0xFF6D;
 396          volatile BYTE xdata MCU_FF6E_READ_STATUS_REGISTER_OP_CODE           _at_ 0xFF6E;
 397          volatile BYTE xdata MCU_FF6F_PROGRAM_INSTRUCTION                    _at_ 0xFF6F;
 398          volatile BYTE xdata MCU_FF70_PROGRAM_DATA_PORT                      _at_ 0xFF70;
 399          volatile BYTE xdata MCU_FF71_PROGRAM_LENGTH                         _at_ 0xFF71;
 400          volatile BYTE xdata MCU_FF72_CRC_END_ADDR0                          _at_ 0xFF72;
 401          volatile BYTE xdata MCU_FF73_CRC_END_ADDR1                          _at_ 0xFF73;
 402          volatile BYTE xdata MCU_FF74_CRC_END_ADDR2                          _at_ 0xFF74;
 403          volatile BYTE xdata MCU_FF75_CRC_RESULT                             _at_ 0xFF75;
 404          volatile BYTE xdata MCU_FF76_CEN_CTRL                               _at_ 0xFF76;
 405          volatile BYTE xdata MCU_FF77_REV_DUMMY4                             _at_ 0xFF77;
 406          volatile BYTE xdata MCU_FF78_ACCESS_FLASH_ADDR_0                    _at_ 0xFF78;
 407          volatile BYTE xdata MCU_FF79_ACCESS_FLASH_ADDR_1                    _at_ 0xFF79;
 408          volatile BYTE xdata MCU_FF7A_ACCESS_FLASH_ADDR_2                    _at_ 0xFF7A;
 409          volatile BYTE xdata MCU_FF7B_ACCESS_FLASH_DATA_PORT                 _at_ 0xFF7B;
 410          volatile BYTE xdata MCU_FF7C_ACCESS_FLASH_DATA_CTRL                 _at_ 0xFF7C;
 411          volatile BYTE xdata MCU_FF80_AAI_MODE_BYTE_NUM                      _at_ 0xFF80;
 412          volatile BYTE xdata MCU_FF81_ISP_CMD_INSERT                         _at_ 0xFF81;
 413          volatile BYTE xdata MCU_FF82_ISP_CMD_LENGTH                         _at_ 0xFF82;
 414          
 415          
 416          //--------------------------------------------------
 417          // EMCU PWM Part 2 (Page FF)
 418          //--------------------------------------------------
 419          volatile BYTE xdata MCU_FF90_PWM01_TOTALCNT_MSB                     _at_ 0xFF90;
 420          volatile BYTE xdata MCU_FF91_PWM0_TOTALCNT_LSB                      _at_ 0xFF91;
C51 COMPILER V8.12   RL6463_SERIES_MCU                                                     03/10/2025 13:50:46 PAGE 8   

 421          volatile BYTE xdata MCU_FF92_PWM1_TOTALCNT_LSB                      _at_ 0xFF92;
 422          volatile BYTE xdata MCU_FF93_PWM23_TOTALCNT_MSB                     _at_ 0xFF93;
 423          volatile BYTE xdata MCU_FF94_PWM2_TOTALCNT_LSB                      _at_ 0xFF94;
 424          volatile BYTE xdata MCU_FF95_PWM3_TOTALCNT_LSB                      _at_ 0xFF95;
 425          volatile BYTE xdata MCU_FF96_PWM45_TOTALCNT_MSB                     _at_ 0xFF96;
 426          volatile BYTE xdata MCU_FF97_PWM4_TOTALCNT_LSB                      _at_ 0xFF97;
 427          volatile BYTE xdata MCU_FF98_PWM5_TOTALCNT_LSB                      _at_ 0xFF98;
 428          volatile BYTE xdata MCU_FF99_PWM_CK_SEL_HS                          _at_ 0xFF99;
 429          volatile BYTE xdata MCU_FF9A_PWM01_CYCLE_MAX                        _at_ 0xFF9A;
 430          volatile BYTE xdata MCU_FF9B_PWM23_CYCLE_MAX                        _at_ 0xFF9B;
 431          volatile BYTE xdata MCU_FF9C_PWM45_CYCLE_MAX                        _at_ 0xFF9C;
 432          
 433          
 434          //--------------------------------------------------
 435          // EMCU Watchdog Counter Part 1 (Page FF)
 436          //--------------------------------------------------
 437          volatile BYTE xdata MCU_FFAA_WATCHDOG_CNT2_VALUE                    _at_ 0xFFAA;
 438          volatile BYTE xdata MCU_FFAB_WATCHDOG_CNT23_VALUE                   _at_ 0xFFAB;
 439          volatile BYTE xdata MCU_FFAC_WATCHDOG_CNT3_VALUE                    _at_ 0xFFAC;
 440          volatile BYTE xdata MCU_FFAD_WATCHDOG_CNT1_VALUE                    _at_ 0xFFAD;
 441          volatile BYTE xdata MCU_FFAE_WATCHDOG_TIMER_THRESHOLD               _at_ 0xFFAE;
 442          volatile BYTE xdata MCU_FFAF_WATCHDOG_TIMER_THRESHOLD_MASK          _at_ 0xFFAF;
 443          volatile BYTE xdata MCU_FFB0_WATCHDOG_TIMER_H_THRESHOLD_MASK        _at_ 0xFFB0;
 444          
 445          
 446          //--------------------------------------------------
 447          // EMCU DDCCI Part 2 (Page FF)
 448          //--------------------------------------------------
 449          volatile BYTE xdata MCU_FFB1_DDCCI_NULL_BYTE1                       _at_ 0xFFB1;
 450          volatile BYTE xdata MCU_FFB2_DDCCI_NULL_BYTE2                       _at_ 0xFFB2;
 451          volatile BYTE xdata MCU_FFB3_DDCCI_NULL_BYTE3                       _at_ 0xFFB3;
 452          
 453          
 454          //--------------------------------------------------
 455          // EMCU Interrupt Control Part 0 (Page FF)
 456          //--------------------------------------------------
 457          volatile BYTE xdata MCU_FFB8_EXT_INT0_CONTROL                       _at_ 0xFFB8;
 458          volatile BYTE xdata MCU_FFB9_EXT_INT1_CONTROL                       _at_ 0xFFB9;
 459          
 460          
 461          //--------------------------------------------------
 462          // EMCU Test Mode (Page FF)
 463          //--------------------------------------------------
 464          volatile BYTE xdata MCU_FFBB_PERI_TEST                              _at_ 0xFFBB;
 465          volatile BYTE xdata MCU_FFBC_CYCLE_GATING                           _at_ 0xFFBC;
 466          volatile BYTE xdata MCU_FFBD_MCU_CLK_DIV_R                          _at_ 0xFFBD;
 467          volatile BYTE xdata MCU_FFBE_MCU_DUMMY                              _at_ 0xFFBE;
 468          
 469          
 470          //--------------------------------------------------
 471          // EMCU Interrupt Control Part 2 (Page FF)
 472          //--------------------------------------------------
 473          volatile BYTE xdata MCU_FFC2_IRQ_PRIORITY_1                         _at_ 0xFFC2;
 474          volatile BYTE xdata MCU_FFC3_IRQ_PRIORITY_2                         _at_ 0xFFC3;
 475          volatile BYTE xdata MCU_FFC4_IRQ_PRIORITY_3                         _at_ 0xFFC4;
 476          
 477          
 478          //--------------------------------------------------
 479          // EMCU SFR Access (Page FF)
 480          //--------------------------------------------------
 481          volatile BYTE xdata MCU_FFE2_PORT1_PIN_REG                          _at_ 0xFFE2;
 482          volatile BYTE xdata MCU_FFE3_PORT3_PIN_REG                          _at_ 0xFFE3;
C51 COMPILER V8.12   RL6463_SERIES_MCU                                                     03/10/2025 13:50:46 PAGE 9   

 483          
 484          
 485          //--------------------------------------------------
 486          // EMCU DDC Part 3 (Page FF)
 487          //--------------------------------------------------
 488          volatile BYTE xdata MCU_FFE4_DDC0_EDID_IRQ                          _at_ 0xFFE4;
 489          volatile BYTE xdata MCU_FFE5_DDC1_EDID_IRQ                          _at_ 0xFFE5;
 490          volatile BYTE xdata MCU_FFE7_VGA_EDID_IRQ                           _at_ 0xFFE7;
 491          
 492          
 493          //--------------------------------------------------
 494          // EMCU In System Programming Part 1 (Page FF)
 495          //--------------------------------------------------
 496          volatile BYTE xdata MCU_FFE8_ISP_CONTROL                            _at_ 0xFFE8;
 497          volatile BYTE xdata MCU_FFE9_MCU_CLK_CONTROL_1                      _at_ 0xFFE9;
 498          
 499          
 500          //--------------------------------------------------
 501          // EMCU Watchdog Timer Part 2 (Page FF)
 502          //--------------------------------------------------
 503          volatile BYTE xdata MCU_FFEA_WATCHDOG_TIMER                         _at_ 0xFFEA;
 504          volatile BYTE xdata MCU_FFEB_WDT_TEST                               _at_ 0xFFEB;
 505          
 506          
 507          //--------------------------------------------------
 508          // EMCU In System Programming Part 2 (Page FF)
 509          //--------------------------------------------------
 510          volatile BYTE xdata MCU_FFEC_ISP_SLAVE_ADDRESS                      _at_ 0xFFEC;
 511          volatile BYTE xdata MCU_FFED_MCU_CONTROL                            _at_ 0xFFED;
 512          volatile BYTE xdata MCU_FFEE_MCU_CLOCK_CONTROL                      _at_ 0xFFEE;
 513          volatile BYTE xdata MCU_FFEF_RAM_TEST                               _at_ 0xFFEF;
 514          
 515          
 516          //--------------------------------------------------
 517          // EMCU Xdata-SPI-FLASH Write Protect (Page FF)
 518          //--------------------------------------------------
 519          volatile BYTE xdata MCU_FFF0_XDATA_SPI_FLASH_WRITE_PROTECT          _at_ 0xFFF0;
 520          volatile BYTE xdata MCU_FFF1_SCA_WR_INTRVL                          _at_ 0xFFF1;
 521          volatile BYTE xdata MCU_FFF2_PWM_I2C_CLOCK_STOP                     _at_ 0xFFF2;
 522          
 523          
 524          //--------------------------------------------------
 525          // EMCU Scalar Interface (Page FF)
 526          //--------------------------------------------------
 527          volatile BYTE xdata MCU_FFF3_SCA_INF_CONTROL                        _at_ 0xFFF3;
 528          volatile BYTE xdata MCU_FFF4_SCA_INF_ADDR                           _at_ 0xFFF4;
 529          volatile BYTE xdata MCU_FFF5_SCA_INF_DATA                           _at_ 0xFFF5;
 530          volatile BYTE xdata MCU_FFF6_SCA_INF_BWR_ADRH                       _at_ 0xFFF6;
 531          volatile BYTE xdata MCU_FFF7_SCA_INF_BWR_ADRM                       _at_ 0xFFF7;
 532          volatile BYTE xdata MCU_FFF8_SCA_INF_BWR_ADRL                       _at_ 0xFFF8;
 533          volatile BYTE xdata MCU_FFF9_SCA_INF_BWR_COUNT_H                    _at_ 0xFFF9;
 534          volatile BYTE xdata MCU_FFFA_SCA_INF_BWR_COUNT_L                    _at_ 0xFFFA;
 535          volatile BYTE xdata MCU_FFFB_SCA_INF_PERIOD                         _at_ 0xFFFB;
 536          
 537          
 538          //--------------------------------------------------
 539          // EMCU Bankswitch (Page FF)
 540          //--------------------------------------------------
 541          volatile BYTE xdata MCU_FFFC_BANK_SWICH_CONTROL                     _at_ 0xFFFC;
 542          volatile BYTE xdata MCU_FFFD_XDATA_BANK_START                       _at_ 0xFFFD;
 543          volatile BYTE xdata MCU_FFFE_XDATA_BANK_SEL                         _at_ 0xFFFE;
 544          volatile BYTE xdata MCU_FFFF_PBANK_SWITCH                           _at_ 0xFFFF;
C51 COMPILER V8.12   RL6463_SERIES_MCU                                                     03/10/2025 13:50:46 PAGE 10  

 545          
 546          
 547          //****************************************************************************
 548          // FUNCTION DECLARATIONS
 549          //****************************************************************************
 550          void ScalerMcuMemoryZeroInit(void);
 551          void ScalerMcuDdcDebounceSel(EnumClkSel enumClock);
 552          void ScalerMcuDdcciSwitchPort(EnumDDCCIDebugMode enumMode, BYTE ucInputPort);
 553          #if(_DDCCI_CODE_REDUCTION == _OFF)
 554          #if(_DDCCI_AUTO_SWITCH_SUPPORT == _ON)
 555          void ScalerMcuDdcciAutoSwitchInactiveChannel(bit bEnable);
 556          #if(_DEBUG_MESSAGE_SUPPORT == _OFF)
 557          void ScalerMcuDdcciAutoSwitchInactiveChannel_EXINT1(bit bEnable);
 558          #endif
 559          #endif
 560          #endif
 561          void ScalerMcuGpioInitial(void);
 562          void ScalerMcuDdcInitial(void);
 563          #if(_DELL_HDMI_HPD_DDC_STYLE_SUPPORT == _ON)
              void ScalerMcuDdcciEnable(bit bEn, BYTE ucInputPort);
              #endif
 566          void ScalerMcuDdcRamEnable(void);
 567          
 568          void ScalerMcuDdcciInitial(void);
 569          
 570          #if(1)//((_OGC_SUPPORT == _ON) || (_OCC_SUPPORT == _ON) || (_OGC_DICOM_SUPPORT == _ON))
 571          void ScalerMcuDdcciReleaseScl(void);
 572          #if(_DEBUG_MESSAGE_SUPPORT == _OFF)
 573          void ScalerMcuDdcciHoldScl_EXINT1(void);
 574          #endif
 575          #endif
 576          
 577          void ScalerMcuSetISPChannel(WORD usISPChannel);
 578          
 579          void ScalerMcuDdcISPChannelCtrl(BYTE ucDdcChannel, bit bEnable);
 580          
 581          //****************************************************************************
 582          // FUNCTION DEFINITIONS
 583          //****************************************************************************
 584          //--------------------------------------------------
 585          // Description  : MCU memory init in startup
 586          // Input Value  : None
 587          // Output Value : None
 588          //--------------------------------------------------
 589          #pragma save
 590          #pragma OT(8)
 591          void ScalerMcuMemoryZeroInit(void)
 592          {
 593   1          // Initialize data/idata to 0 in [8 : (SP + 1 - 2)]
 594   1      #if(_DUAL_BANK_SUPPORT == _ON)
              #if((_DUAL_BANK_FLASH_PARTITION_SUPPORT == _ON) && (_DUAL_BANK_FLASH_PARTITION_BOOT_USER_SEL == _DUAL_BANK
             -_FLASH_PARTITION_BOTH))
                  if(GET_CURRENT_BANK_NUMBER() != 0)
                  {
                      memset((volatile BYTE data *)0x08, 0, (0x30 - 0x08));
                      memset((volatile BYTE data *)(0x30 + 1), 0, ((SP - 0x01) - (0x30 + 1)));
                  }
                  else
                  {
                      memset((volatile BYTE data *)0x08, 0, ((SP - 0x01) - 0x08));
                  }
              #elif((_DUAL_BANK_FLASH_PARTITION_SUPPORT == _ON) && (_DUAL_BANK_FLASH_PARTITION_BOOT_USER_SEL == _DUAL_BA
C51 COMPILER V8.12   RL6463_SERIES_MCU                                                     03/10/2025 13:50:46 PAGE 11  

             -NK_FLASH_PARTITION_BOOT))
                  memset((volatile BYTE data *)0x08, 0, ((SP - 0x01) - 0x08));
              #else
                  // for Diff /Copy Bank / Flash Partition User
                  // skip address for _BOOT_BANK_OFFSET_ADDR
                  memset((volatile BYTE data *)0x08, 0, (0x30 - 0x08));
                  memset((volatile BYTE data *)(0x30 + 1), 0, ((SP - 0x01) - (0x30 + 1)));
              #endif
              #else
 614   1          memset((volatile BYTE data *)0x08, 0, ((SP - 0x01) - 0x08));
 615   1      #endif
 616   1      
 617   1      #if(_HW_PC99_SUPPORT == _ON)
 618   1      
 619   1      #if((_A0_EMBEDDED_DDCRAM_LOCATION == _EDID_TABLE_LOCATION_PC99) ||\
 620   1          (_D0_EMBEDDED_DDCRAM_LOCATION == _EDID_TABLE_LOCATION_PC99) ||\
 621   1          (_D1_EMBEDDED_DDCRAM_LOCATION == _EDID_TABLE_LOCATION_PC99))
              
              #if(_A0_EMBEDDED_DDCRAM_MAX_SIZE == _EDID_SIZE_NONE)
                  // A0 Port Xdata Init to 0
                  memset((volatile BYTE xdata *)_EMBEDDED_DDCRAM_VGA_DDC_ADDRESS, 0, 0x80);
              #endif
              
              #if(_D0_EMBEDDED_DDCRAM_MAX_SIZE == _EDID_SIZE_NONE)
                  // D0 Port Xdata Init to 0
                  memset((volatile BYTE xdata *)_EMBEDDED_DDCRAM_DDC0_ADDRESS, 0, 0x100);
              #endif
              
              
              #if(_D1_EMBEDDED_DDCRAM_MAX_SIZE == _EDID_SIZE_NONE)
                  // D1 Port Xdata Init to 0
                  memset((volatile BYTE xdata *)_EMBEDDED_DDCRAM_DDC1_ADDRESS, 0, 0x100);
              #endif
              
                  memset((volatile BYTE xdata *)(_XRAM_ADDR_START + 0x280), 0, (_XRAM_ADDR_END - (_XRAM_ADDR_START + 0x2
             -80) + 1));
              
              #else
 642   1      
 643   1          // Initialize all xdata to 0
 644   1          memset((volatile BYTE xdata *)_XRAM_ADDR_START, 0, (_XRAM_ADDR_END - _XRAM_ADDR_START + 1));
 645   1      
 646   1      #endif
 647   1      
 648   1      #endif // End of #if(_HW_PC99_SUPPORT == _ON)
 649   1      
 650   1      }
 651          #pragma restore
 652          
 653          //--------------------------------------------------
 654          // Description  : DDC Debounce Settings
 655          // Input Value  : Clock --> _EXT_XTAL_CLK/_IOSC_CLK
 656          // Output Value : None
 657          //--------------------------------------------------
 658          void ScalerMcuDdcDebounceSel(EnumClkSel enumClock)
 659          {
 660   1          enumClock = enumClock;
 661   1      
 662   1          // VGA_DDC De-bounce Reference Clock(IOSC = 28M) div by 4, latch 3 stages
 663   1          MCU_FF1C_ADC_DDC_CONTROL_1 |= (_BIT7 | _BIT6 | _BIT5 | _BIT4);
 664   1      
 665   1          // VGA_DDC2 De-bounce Reference Clock(IOSC = 28M) div by 4, latch 3 stages
C51 COMPILER V8.12   RL6463_SERIES_MCU                                                     03/10/2025 13:50:46 PAGE 12  

 666   1          MCU_FD33_ADC_DDC2_DDC_CONTROL_1 |= (_BIT7 | _BIT6 | _BIT5 | _BIT4);
 667   1      
 668   1      #if(((_D0_INPUT_PORT_TYPE == _D0_DP_PORT) && (_D0_DDC_CHANNEL_SEL == _DDC0)) ||\
 669   1          ((_D1_INPUT_PORT_TYPE == _D1_DP_PORT) && (_D1_DDC_CHANNEL_SEL == _DDC0)))
                  // DDC0 De-bounce Reference Clock(IOSC = 27M) div by 2, latch 1 stages
                  MCU_FF1F_DDC0_DDC_CONTROL_1 &= ~(_BIT7);
                  MCU_FF1F_DDC0_DDC_CONTROL_1 |= (_BIT6 | _BIT4);
              #elif(((_D0_TMDS_SUPPORT == _ON) && (_D0_DDC_CHANNEL_SEL == _DDC0)) ||\
                    ((_D1_TMDS_SUPPORT == _ON) && (_D1_DDC_CHANNEL_SEL == _DDC0)))
                  // DDC0 De-bounce Reference Clock(IOSC = 27M) div by 4, latch 3 stages
                  MCU_FF1F_DDC0_DDC_CONTROL_1 |= (_BIT7 | _BIT6 | _BIT5 | _BIT4);
              #endif
 678   1      
 679   1      #if(((_D0_INPUT_PORT_TYPE == _D0_DP_PORT) && (_D0_DDC_CHANNEL_SEL == _DDC1)) ||\
 680   1          ((_D1_INPUT_PORT_TYPE == _D1_DP_PORT) && (_D1_DDC_CHANNEL_SEL == _DDC1)))
                  // DDC1 De-bounce Reference Clock(IOSC = 27M) div by 2, latch 1 stages
                  MCU_FF2D_DDC1_DDC_CONTROL_1 &= ~(_BIT7);
                  MCU_FF2D_DDC1_DDC_CONTROL_1 |= (_BIT6 | _BIT4);
              #elif(((_D0_TMDS_SUPPORT == _ON) && (_D0_DDC_CHANNEL_SEL == _DDC1)) ||\
                    ((_D1_TMDS_SUPPORT == _ON) && (_D1_DDC_CHANNEL_SEL == _DDC1)))
 686   1          // DDC1 De-bounce Reference Clock(IOSC = 27M) div by 4, latch 3 stages
 687   1          MCU_FF2D_DDC1_DDC_CONTROL_1 |= (_BIT7 | _BIT6 | _BIT5 | _BIT4);
 688   1      #endif
 689   1      
 690   1      #if(((_D0_INPUT_PORT_TYPE == _D0_DP_PORT) && (_D0_DDC_CHANNEL_SEL == _DDC2)) ||\
 691   1          ((_D1_INPUT_PORT_TYPE == _D1_DP_PORT) && (_D1_DDC_CHANNEL_SEL == _DDC2)))
                  // DDC2 De-bounce Reference Clock(IOSC = 27M) div by 2, latch 1 stages
                  MCU_FE65_DDC2_DDC_CONTROL_1 &= ~(_BIT7);
                  MCU_FE65_DDC2_DDC_CONTROL_1 |= (_BIT6 | _BIT4);
              #elif(((_D0_TMDS_SUPPORT == _ON) && (_D0_DDC_CHANNEL_SEL == _DDC2)) ||\
                    ((_D1_TMDS_SUPPORT == _ON) && (_D1_DDC_CHANNEL_SEL == _DDC2)))
                  // DDC2 De-bounce Reference Clock(IOSC = 27M) div by 4, latch 3 stages
                  MCU_FE65_DDC2_DDC_CONTROL_1 |= (_BIT7 | _BIT6 | _BIT5 | _BIT4);
              #endif
 700   1      }
 701          
 702          //--------------------------------------------------
 703          // Description  : DDCCI switch DDC Port
 704          // Input Value  : enumMode --> Debug or DDCCI Mode
 705          //                ucInputPort --> Input Port Type
 706          // Output Value : None
 707          //--------------------------------------------------
 708          void ScalerMcuDdcciSwitchPort(EnumDDCCIDebugMode enumMode, BYTE ucInputPort)
 709          {
 710   1      #if(_AUTO_TEST_SUPPORT == _ON)
                  // Set slave address for DDCCI
                  MCU_FF23_IIC_SET_SLAVE = 0x3E;
              
                  // Disable STOP_I, Enable D_IN_I, SUB_I interrupts
                  MCU_FF28_IIC_IRQ_CONTROL &= ~_BIT4;
                  MCU_FF28_IIC_IRQ_CONTROL |= _BIT2 | _BIT1;
              
                  return;
              #endif
 720   1      
 721   1      #if(_DEBUG_MESSAGE_SUPPORT == _ON)
                  // Force to debug mode when debug message is enable
                  enumMode = _DEBUG_MODE;
              #endif
 725   1      
 726   1          // Disable STOP_I, D_IN_I, SUB_I interrupts
 727   1          MCU_FF28_IIC_IRQ_CONTROL &= ~(_BIT4 | _BIT3 | _BIT2 | _BIT1);
C51 COMPILER V8.12   RL6463_SERIES_MCU                                                     03/10/2025 13:50:46 PAGE 13  

 728   1      
 729   1          if(enumMode == _DDCCI_MODE)
 730   1          {
 731   2              // Set slave address for DDCCI
 732   2              MCU_FF23_IIC_SET_SLAVE = 0x6E;
 733   2              // Debug Mode Change to DDCCI Mode Need Clear IRQ Flag
 734   2              if(ScalerDebugGetDDCCIDebugMode() != enumMode)
 735   2              {
 736   3                  // Clear IRQ FLag
 737   3                  MCU_FF27_IIC_STATUS = 0x00;
 738   3                  // Read IIC Data In(0xFF25) to Clear Data In Flag
 739   3                  pData[0] = MCU_FF25_IIC_DATA_IN;
 740   3                  // Write IIC Data Out(0xFF26) to Clear Data Out Flag
 741   3                  MCU_FF26_IIC_DATA_OUT = 0x00;
 742   3                  // Clear IIC Buffer Overflow or Underflow Flag
 743   3                  MCU_FF29_IIC_STATUS2 &= ~(_BIT5 | _BIT4);
 744   3                  // Reset IIC Buffer
 745   3                  MCU_FF2A_IIC_IRQ_CONTROL2 |= _BIT6;
 746   3              }
 747   2              // Enable D_IN_I, SUB_I interrupts
 748   2              MCU_FF28_IIC_IRQ_CONTROL |= _BIT2 | _BIT1;
 749   2      
 750   2      #if((_DUAL_BANK_SUPPORT == _ON) || (_DIGITAL_SIGNATURE_SUPPORT == _ON))
                      CLR_DDCCI_SWITCH_STATE();
              #endif
 753   2      
 754   2              switch(ucInputPort)
 755   2              {
 756   3                  case _A0_INPUT_PORT:
 757   3      
 758   3                      if(GET_A0_DDC_CHANNEL_SEL() == _VGA_DDC2)
 759   3                      {
 760   4                          // DDCCI switch to VGA_DDC2
 761   4                          MCU_FF22_IIC_CH_SEL &= ~(_BIT3 | _BIT2 | _BIT1 | _BIT0);
 762   4                          MCU_FF22_IIC_CH_SEL |= _BIT3;
 763   4                      }
 764   3                      else
 765   3                      {
 766   4                          // DDCCI switch to VGA_DDC
 767   4                          MCU_FF22_IIC_CH_SEL &= ~(_BIT3 | _BIT2 | _BIT1 | _BIT0);
 768   4                      }
 769   3      
 770   3                      break;
 771   3      
 772   3                  case _D0_INPUT_PORT:
 773   3      
 774   3                      // DDCCI switch to DDC0 if D0 is assigned to DDC0
 775   3                      MCU_FF22_IIC_CH_SEL &= ~(_BIT3 | _BIT2 | _BIT1 | _BIT0);
 776   3                      MCU_FF22_IIC_CH_SEL |= _BIT0;
 777   3      
 778   3                      break;
 779   3      
 780   3                  case _D1_INPUT_PORT:
 781   3      
 782   3                      // DDCCI switch to DDC1 if D1 is assigned to DDC1
 783   3                      MCU_FF22_IIC_CH_SEL &= ~(_BIT3 | _BIT2 | _BIT1 | _BIT0);
 784   3                      MCU_FF22_IIC_CH_SEL |= _BIT1;
 785   3      
 786   3                      break;
 787   3      
 788   3                  default:
 789   3                      break;
C51 COMPILER V8.12   RL6463_SERIES_MCU                                                     03/10/2025 13:50:46 PAGE 14  

 790   3              }
 791   2          }
 792   1          else
 793   1          {
 794   2              // Set slave address for debug tool
 795   2              MCU_FF23_IIC_SET_SLAVE = 0x6A;
 796   2              // DDCCI Mode Change to Debug Mode Need Clear IRQ Flag
 797   2              if(ScalerDebugGetDDCCIDebugMode() != enumMode)
 798   2              {
 799   3                  // Clear IRQ FLag
 800   3                  MCU_FF27_IIC_STATUS = 0x00;
 801   3                  // Read IIC Data In(0xFF25) to Clear Data In Flag
 802   3                  pData[0] = MCU_FF25_IIC_DATA_IN;
 803   3                  // Write IIC Data Out(0xFF26) to Clear Data Out Flag
 804   3                  MCU_FF26_IIC_DATA_OUT = 0x00;
 805   3                  // Clear IIC Buffer Overflow or Underflow Flag
 806   3                  MCU_FF29_IIC_STATUS2 &= ~(_BIT5 | _BIT4);
 807   3                  // Reset IIC Buffer
 808   3                  MCU_FF2A_IIC_IRQ_CONTROL2 |= _BIT6;
 809   3              }
 810   2              // Enable STOP_I, D_IN_I, SUB_I interrupts
 811   2              MCU_FF28_IIC_IRQ_CONTROL |= _BIT4 | _BIT2 | _BIT1;
 812   2      
 813   2      #if(_DEBUG_DDC_CHANNEL_SEL == _DDC1)
 814   2              // DDC from DDC1 channel
 815   2              MCU_FF22_IIC_CH_SEL &= ~(_BIT3 | _BIT2 | _BIT1 | _BIT0);
 816   2              MCU_FF22_IIC_CH_SEL |= _BIT1;
 817   2      #elif(_DEBUG_DDC_CHANNEL_SEL == _DDC0)
                      // DDC from DDC0 channel
                      MCU_FF22_IIC_CH_SEL &= ~(_BIT3 | _BIT2 | _BIT1 | _BIT0);
                      MCU_FF22_IIC_CH_SEL |= _BIT0;
              #elif((_DEBUG_DDC_CHANNEL_SEL == _VGA_DDC) || (_DEBUG_DDC_CHANNEL_SEL == _VGA_DDC2))
                      if(GET_A0_DDC_CHANNEL_SEL() == _VGA_DDC2)
                      {
                          // DDC from VGA_DDC2 channel
                          MCU_FF22_IIC_CH_SEL &= ~(_BIT3 | _BIT2 | _BIT1 | _BIT0);
                          MCU_FF22_IIC_CH_SEL |= _BIT3;
                      }
                      else
                      {
                          // DDC from VGA_DDC channel
                          MCU_FF22_IIC_CH_SEL &= ~(_BIT3 | _BIT2 | _BIT1 | _BIT0);
                      }
              #endif
 834   2          }
 835   1          ScalerDebugSelectDDCCIDebugMode(enumMode);
 836   1      }
 837          
 838          #if(_DDCCI_CODE_REDUCTION == _OFF)
 839          #if(_DDCCI_AUTO_SWITCH_SUPPORT == _ON)
 840          //--------------------------------------------------
 841          // Description  : Set DDCCI Auto Switch Channel Enable
 842          // Input Value  : bEnable --> Status to Set
 843          // Output Value : None
 844          //--------------------------------------------------
 845          void ScalerMcuDdcciAutoSwitchInactiveChannel(bit bEnable)
 846          {
 847   1          if(bEnable == _ENABLE)
 848   1          {
 849   2              switch(MCU_FF22_IIC_CH_SEL)
 850   2              {
 851   3                  case _DDCCI_ADC_DDC:
C51 COMPILER V8.12   RL6463_SERIES_MCU                                                     03/10/2025 13:50:46 PAGE 15  

 852   3      
 853   3                      MCU_FF20_DDC0_DDC_CONTROL_2 |= _BIT4;
 854   3                      MCU_FF2E_DDC1_DDC_CONTROL_2 |= _BIT4;
 855   3                      MCU_FD34_ADC_DDC2_DDC_CONTROL_2 |= _BIT4;
 856   3      
 857   3                      break;
 858   3      
 859   3                  case _DDCCI_DDC0:
 860   3      
 861   3                      MCU_FF1D_ADC_DDC_CONTROL_2 |= _BIT4;
 862   3                      MCU_FF2E_DDC1_DDC_CONTROL_2 |= _BIT4;
 863   3                      MCU_FD34_ADC_DDC2_DDC_CONTROL_2 |= _BIT4;
 864   3      
 865   3                      break;
 866   3      
 867   3                  case _DDCCI_DDC1:
 868   3      
 869   3                      MCU_FF1D_ADC_DDC_CONTROL_2 |= _BIT4;
 870   3                      MCU_FF20_DDC0_DDC_CONTROL_2 |= _BIT4;
 871   3                      MCU_FD34_ADC_DDC2_DDC_CONTROL_2 |= _BIT4;
 872   3      
 873   3                      break;
 874   3      
 875   3                  case _DDCCI_ADC_DDC2:
 876   3      
 877   3                      MCU_FF1D_ADC_DDC_CONTROL_2 |= _BIT4;
 878   3                      MCU_FF20_DDC0_DDC_CONTROL_2 |= _BIT4;
 879   3                      MCU_FF2E_DDC1_DDC_CONTROL_2 |= _BIT4;
 880   3      
 881   3                      break;
 882   3      
 883   3                  default:
 884   3      
 885   3                      break;
 886   3              }
 887   2          }
 888   1          else
 889   1          {
 890   2              switch(MCU_FF22_IIC_CH_SEL)
 891   2              {
 892   3                  case _DDCCI_ADC_DDC:
 893   3      
 894   3                      MCU_FF20_DDC0_DDC_CONTROL_2 &= ~_BIT4;
 895   3                      MCU_FF2E_DDC1_DDC_CONTROL_2 &= ~_BIT4;
 896   3                      MCU_FD34_ADC_DDC2_DDC_CONTROL_2 &= ~_BIT4;
 897   3      
 898   3                      break;
 899   3      
 900   3                  case _DDCCI_DDC0:
 901   3      
 902   3                      MCU_FF1D_ADC_DDC_CONTROL_2 &= ~_BIT4;
 903   3                      MCU_FF2E_DDC1_DDC_CONTROL_2 &= ~_BIT4;
 904   3                      MCU_FD34_ADC_DDC2_DDC_CONTROL_2 &= ~_BIT4;
 905   3      
 906   3                      break;
 907   3      
 908   3                  case _DDCCI_DDC1:
 909   3      
 910   3                      MCU_FF1D_ADC_DDC_CONTROL_2 &= ~_BIT4;
 911   3                      MCU_FF20_DDC0_DDC_CONTROL_2 &= ~_BIT4;
 912   3                      MCU_FD34_ADC_DDC2_DDC_CONTROL_2 &= ~_BIT4;
 913   3      
C51 COMPILER V8.12   RL6463_SERIES_MCU                                                     03/10/2025 13:50:46 PAGE 16  

 914   3                      break;
 915   3      
 916   3                  case _DDCCI_ADC_DDC2:
 917   3      
 918   3                      MCU_FF1D_ADC_DDC_CONTROL_2 &= ~_BIT4;
 919   3                      MCU_FF20_DDC0_DDC_CONTROL_2 &= ~_BIT4;
 920   3                      MCU_FF2E_DDC1_DDC_CONTROL_2 &= ~_BIT4;
 921   3      
 922   3                      break;
 923   3      
 924   3                  default:
 925   3      
 926   3                      break;
 927   3              }
 928   2          }
 929   1      }
 930          
 931          #if(_DEBUG_MESSAGE_SUPPORT == _OFF)
 932          //--------------------------------------------------
 933          // Description  : Set DDCCI Auto Switch Inactive Channel Disable
 934          // Input Value  : bEnable --> Status to Set
 935          // Output Value : None
 936          //--------------------------------------------------
 937          void ScalerMcuDdcciAutoSwitchInactiveChannel_EXINT1(bit bEnable) using 2
 938          {
 939   1          if(bEnable == _ENABLE)
 940   1          {
 941   2              switch(MCU_FF22_IIC_CH_SEL)
 942   2              {
 943   3                  case _DDCCI_ADC_DDC:
 944   3      
 945   3                      MCU_FF20_DDC0_DDC_CONTROL_2 |= _BIT4;
 946   3                      MCU_FF2E_DDC1_DDC_CONTROL_2 |= _BIT4;
 947   3                      MCU_FD34_ADC_DDC2_DDC_CONTROL_2 |= _BIT4;
 948   3      
 949   3                      break;
 950   3      
 951   3                  case _DDCCI_DDC0:
 952   3      
 953   3                      MCU_FF1D_ADC_DDC_CONTROL_2 |= _BIT4;
 954   3                      MCU_FF2E_DDC1_DDC_CONTROL_2 |= _BIT4;
 955   3                      MCU_FD34_ADC_DDC2_DDC_CONTROL_2 |= _BIT4;
 956   3      
 957   3                      break;
 958   3      
 959   3                  case _DDCCI_DDC1:
 960   3      
 961   3                      MCU_FF1D_ADC_DDC_CONTROL_2 |= _BIT4;
 962   3                      MCU_FF20_DDC0_DDC_CONTROL_2 |= _BIT4;
 963   3                      MCU_FD34_ADC_DDC2_DDC_CONTROL_2 |= _BIT4;
 964   3      
 965   3                      break;
 966   3      
 967   3                  case _DDCCI_ADC_DDC2:
 968   3      
 969   3                      MCU_FF1D_ADC_DDC_CONTROL_2 |= _BIT4;
 970   3                      MCU_FF20_DDC0_DDC_CONTROL_2 |= _BIT4;
 971   3                      MCU_FF2E_DDC1_DDC_CONTROL_2 |= _BIT4;
 972   3      
 973   3                      break;
 974   3      
 975   3                  default:
C51 COMPILER V8.12   RL6463_SERIES_MCU                                                     03/10/2025 13:50:46 PAGE 17  

 976   3      
 977   3                      break;
 978   3              }
 979   2          }
 980   1          else
 981   1          {
 982   2              switch(MCU_FF22_IIC_CH_SEL)
 983   2              {
 984   3                  case _DDCCI_ADC_DDC:
 985   3      
 986   3                      MCU_FF20_DDC0_DDC_CONTROL_2 &= ~_BIT4;
 987   3                      MCU_FF2E_DDC1_DDC_CONTROL_2 &= ~_BIT4;
 988   3                      MCU_FD34_ADC_DDC2_DDC_CONTROL_2 &= ~_BIT4;
 989   3      
 990   3                      break;
 991   3      
 992   3                  case _DDCCI_DDC0:
 993   3      
 994   3                      MCU_FF1D_ADC_DDC_CONTROL_2 &= ~_BIT4;
 995   3                      MCU_FF2E_DDC1_DDC_CONTROL_2 &= ~_BIT4;
 996   3                      MCU_FD34_ADC_DDC2_DDC_CONTROL_2 &= ~_BIT4;
 997   3      
 998   3                      break;
 999   3      
1000   3                  case _DDCCI_DDC1:
1001   3      
1002   3                      MCU_FF1D_ADC_DDC_CONTROL_2 &= ~_BIT4;
1003   3                      MCU_FF20_DDC0_DDC_CONTROL_2 &= ~_BIT4;
1004   3                      MCU_FD34_ADC_DDC2_DDC_CONTROL_2 &= ~_BIT4;
1005   3      
1006   3                      break;
1007   3      
1008   3                  case _DDCCI_ADC_DDC2:
1009   3      
1010   3                      MCU_FF1D_ADC_DDC_CONTROL_2 &= ~_BIT4;
1011   3                      MCU_FF20_DDC0_DDC_CONTROL_2 &= ~_BIT4;
1012   3                      MCU_FF2E_DDC1_DDC_CONTROL_2 &= ~_BIT4;
1013   3      
1014   3                      break;
1015   3      
1016   3                  default:
1017   3      
1018   3                      break;
1019   3              }
1020   2          }
1021   1      }
1022          #endif
1023          #endif
1024          #endif
1025          
1026          //--------------------------------------------------
1027          // Description  : GPIO Initial Settings
1028          // Input Value  : None
1029          // Output Value : None
1030          //--------------------------------------------------
1031          void ScalerMcuGpioInitial(void)
1032          {
1033   1          // Port_pin_reg_n signal is enabled (P1, P3 GPI->Bus Value)
1034   1          MCU_FFED_MCU_CONTROL |= _BIT7;
1035   1      
1036   1          // Source selection for P1, P3, P4, P5, P6, P7, P8, read back from bus value
1037   1          MCU_FE60_PORT_READ_CONTROL = 0xFF;
C51 COMPILER V8.12   RL6463_SERIES_MCU                                                     03/10/2025 13:50:46 PAGE 18  

1038   1      
1039   1      #if(_D0_INPUT_PORT_TYPE != _D0_NO_PORT)
              #if(_D0_INPUT_PORT_TYPE == _D0_DP_PORT)
                  PCB_D0_HOTPLUG(_D0_HOT_PLUG_LOW);
              #else
              #if(_DELL_HDMI_HPD_DDC_STYLE_SUPPORT == _OFF)
                  PCB_D0_HOTPLUG(_D0_HOT_PLUG_HIGH);
              #else
                  PCB_D0_HOTPLUG(_D0_HOT_PLUG_LOW);
              #endif
              #endif
              #endif
1050   1      
1051   1      #if(_D1_INPUT_PORT_TYPE != _D1_NO_PORT)
1052   1      #if(_D1_INPUT_PORT_TYPE == _D1_DP_PORT)
                  PCB_D1_HOTPLUG(_D1_HOT_PLUG_LOW);
              #else
1055   1      #if(_DELL_HDMI_HPD_DDC_STYLE_SUPPORT == _OFF)
1056   1          PCB_D1_HOTPLUG(_D1_HOT_PLUG_HIGH);
1057   1      #else
                  PCB_D1_HOTPLUG(_D1_HOT_PLUG_LOW);
              #endif
1060   1      
1061   1      #endif
1062   1      #endif
1063   1      
1064   1          PCB_A0_EDID_EEPROM_WRITE_PROTECT(_EDID_EEPROM_WP_ENABLE);
1065   1          PCB_D0_EDID_EEPROM_WRITE_PROTECT(_EDID_EEPROM_WP_ENABLE);
1066   1          PCB_D1_EDID_EEPROM_WRITE_PROTECT(_EDID_EEPROM_WP_ENABLE);
1067   1      
1068   1          PCB_FLASH_WRITE_PROTECT(_FLASH_WRITE_PROTECT_ENABLE);
1069   1          PCB_EEPROM_WRITE_PROTECT(_EEPROM_WP_ENABLE);
1070   1      
1071   1          PCB_PANEL_POWER(_PANEL_CONTROL_OFF);
1072   1          PCB_BACKLIGHT_POWER_PIN(_LIGHT_CONTROL_OFF);
1073   1         // PCB_LED_AC_ON_INITIAL();                  //??????????????????????????????????????
1074   1      
1075   1          PCB_ON_REGION_GPIO_SETTING_POWER_AC_ON();
1076   1          PCB_OFF_REGION_GPIO_SETTING_POWER_AC_PD_PS_ON();
1077   1      
1078   1          // Initi External Edid Gpio in AC ON Case
1079   1          PCB_MULTI_EDID_SWITCH_POWER_AC_ON();
1080   1      }
1081          
1082          //--------------------------------------------------
1083          // Description  : DDC Initial Settings
1084          // Input Value  : None
1085          // Output Value : None
1086          //--------------------------------------------------
1087          void ScalerMcuDdcInitial(void)
1088          {
1089   1          // Disable DDCRAM Start Addr Change to 0xE200
1090   1          MCU_FFE9_MCU_CLK_CONTROL_1 &= ~(_BIT6 | _BIT5);
1091   1      
1092   1          // Disable DDC Segment for VGA_DDC
1093   1          MCU_FF1D_ADC_DDC_CONTROL_2 &= ~_BIT2;
1094   1      
1095   1          // Disable DDC Segment for DDC0
1096   1          MCU_FF20_DDC0_DDC_CONTROL_2 &= ~_BIT2;
1097   1      
1098   1          // Disable DDC Segment for DDC1
1099   1          MCU_FF2E_DDC1_DDC_CONTROL_2 &= ~_BIT2;
C51 COMPILER V8.12   RL6463_SERIES_MCU                                                     03/10/2025 13:50:46 PAGE 19  

1100   1      
1101   1          // Slave address 0xA0 for VGA_DDC
1102   1          MCU_FF1B_ADC_DDC_ENABLE &= ~(_BIT7 | _BIT6 | _BIT5);
1103   1      
1104   1          // Slave address 0xA0 for DDC0
1105   1          MCU_FF1E_DDC0_DDC_ENABLE &= ~(_BIT7 | _BIT6 | _BIT5);
1106   1      
1107   1          // Slave address 0xA0 for DDC1
1108   1          MCU_FF2C_DDC1_DDC_ENABLE &= ~(_BIT7 | _BIT6 | _BIT5);
1109   1      
1110   1          MCU_FF1C_ADC_DDC_CONTROL_1 |= _BIT2;
1111   1          MCU_FF1F_DDC0_DDC_CONTROL_1 |= _BIT2;
1112   1          MCU_FF2D_DDC1_DDC_CONTROL_1 |= _BIT2;
1113   1      
1114   1          // Disable DDC Segment for VGA_DDC2
1115   1          MCU_FD34_ADC_DDC2_DDC_CONTROL_2 &= ~_BIT2;
1116   1      
1117   1          // Slave address 0xA0 for VGA_DDC2
1118   1          MCU_FD32_ADC_DDC2_DDC_ENABLE &= ~(_BIT7 | _BIT6 | _BIT5);
1119   1      
1120   1          // Force DDC to DDC2 Mode
1121   1          MCU_FD33_ADC_DDC2_DDC_CONTROL_1 |= _BIT2;
1122   1      
1123   1          // DDC Debounce Settings
1124   1          ScalerMcuDdcDebounceSel(_IOSC_CLK);
1125   1      
1126   1          // A0 DDC force Nack
1127   1      
1128   1          // ADC_DDC Force Nack
1129   1          MCU_FFE7_VGA_EDID_IRQ |= _BIT5;
1130   1      
1131   1          // ADC_DDC2 Force Nack
1132   1          MCU_FD37_ADC_DDC2_EDID_IRQ |= _BIT5;
1133   1      
1134   1          // D0 D1 DDC force Nack
1135   1          // DDC0 Force Nack when not embedded EDID
1136   1          MCU_FFE4_DDC0_EDID_IRQ |= _BIT5;
1137   1      
1138   1          // DDC1 Force Nack when not embedded EDID
1139   1          MCU_FFE5_DDC1_EDID_IRQ |= _BIT5;
1140   1      
1141   1      /////////////////////////////////////////
1142   1      // Release DDC SCL Pin force to Low /////
1143   1      /////////////////////////////////////////
1144   1      
1145   1          // DDC1
1146   1          MCU_FF2E_DDC1_DDC_CONTROL_2 &= ~_BIT0;
1147   1      
1148   1          // DDC0
1149   1          MCU_FF20_DDC0_DDC_CONTROL_2 &= ~_BIT0;
1150   1      
1151   1          // VGA DDC
1152   1          MCU_FF1D_ADC_DDC_CONTROL_2 &= ~_BIT0;
1153   1      
1154   1          // VGA_DDC2
1155   1          MCU_FD34_ADC_DDC2_DDC_CONTROL_2 &= ~_BIT0;
1156   1      }
1157          
1158          #if(_DELL_HDMI_HPD_DDC_STYLE_SUPPORT == _ON)
              //--------------------------------------------------
              // Description  : Enable/Disable Ddcci Channel
              // Input Value  : ucInputPort --> Input Port
C51 COMPILER V8.12   RL6463_SERIES_MCU                                                     03/10/2025 13:50:46 PAGE 20  

              //                bEn --> Enable/Disable
              // Output Value : InputPort
              //--------------------------------------------------
              void ScalerMcuDdcciEnable(bit bEn, BYTE ucInputPort)
              {
                  BYTE ucDdcChannel = ScalerMcuGetDdcChannelFromInputPort(ucInputPort);
              
                  if(bEn == _DISABLE)
                  {
                      switch(ucDdcChannel)
                      {
                          case _VGA_DDC:
                              MCU_FF1D_ADC_DDC_CONTROL_2 &= ~_BIT4;
                              break;
              
              #if(_D0_DDC_CHANNEL_SEL != _NO_DDC)
                          case _D0_DDC_CHANNEL_SEL:
                              if(_D0_DDC_CHANNEL_SEL == _DDC0)
                              {
                                  MCU_FF20_DDC0_DDC_CONTROL_2 &= ~_BIT4;
                              }
              
                              if(_D0_DDC_CHANNEL_SEL == _DDC1)
                              {
                                  MCU_FF2E_DDC1_DDC_CONTROL_2 &= ~_BIT4;
                              }
              
                              break;
              #endif
              
              #if(_D1_DDC_CHANNEL_SEL != _NO_DDC)
                          case _D1_DDC_CHANNEL_SEL:
                              if(_D1_DDC_CHANNEL_SEL == _DDC0)
                              {
                                  MCU_FF20_DDC0_DDC_CONTROL_2 &= ~_BIT4;
                              }
              
                              if(_D1_DDC_CHANNEL_SEL == _DDC1)
                              {
                                  MCU_FF2E_DDC1_DDC_CONTROL_2 &= ~_BIT4;
                              }
              
                              break;
              #endif
              
                          default:
                              break;
                      }
                  }
                  else
                  {
                      switch(ucDdcChannel)
                      {
                          case _VGA_DDC:
                              MCU_FF1D_ADC_DDC_CONTROL_2 |= _BIT4;
                              break;
              
              #if(_D0_DDC_CHANNEL_SEL != _NO_DDC)
                          case _D0_DDC_CHANNEL_SEL:
                              if(_D0_DDC_CHANNEL_SEL == _DDC0)
                              {
                                  MCU_FF20_DDC0_DDC_CONTROL_2 |= _BIT4;
C51 COMPILER V8.12   RL6463_SERIES_MCU                                                     03/10/2025 13:50:46 PAGE 21  

                              }
              
                              if(_D0_DDC_CHANNEL_SEL == _DDC1)
                              {
                                  MCU_FF2E_DDC1_DDC_CONTROL_2 |= _BIT4;
                              }
              
                              break;
              #endif
              
              #if(_D1_DDC_CHANNEL_SEL != _NO_DDC)
                          case _D1_DDC_CHANNEL_SEL:
                              if(_D1_DDC_CHANNEL_SEL == _DDC0)
                              {
                                  MCU_FF20_DDC0_DDC_CONTROL_2 |= _BIT4;
                              }
              
                              if(_D1_DDC_CHANNEL_SEL == _DDC1)
                              {
                                  MCU_FF2E_DDC1_DDC_CONTROL_2 |= _BIT4;
                              }
              
                              break;
              #endif
              
                          default:
                              break;
                      }
                  }
              }
              #endif
1255          
1256          //--------------------------------------------------
1257          // Description  : Enable DDC Ram
1258          // Input Value  : None
1259          // Output Value : None
1260          //--------------------------------------------------
1261          void ScalerMcuDdcRamEnable(void)
1262          {
1263   1          // VGA_DDC2 Debounce Enable, ADC DDC channel enable
1264   1          MCU_FD32_ADC_DDC2_DDC_ENABLE |= (_BIT1 | _BIT0);
1265   1      
1266   1          // VGA_DDC Debounce Enable, ADC DDC channel enable
1267   1          MCU_FF1B_ADC_DDC_ENABLE |= (_BIT1 | _BIT0);
1268   1      
1269   1          // DDC0 Debounce Enable, DDC0 channel enable
1270   1          MCU_FF1E_DDC0_DDC_ENABLE |= (_BIT1 | _BIT0);
1271   1      
1272   1          // DDC1 Debounce Enable, DDC1 channel enable
1273   1          MCU_FF2C_DDC1_DDC_ENABLE |= (_BIT1 | _BIT0);
1274   1      }
1275          
1276          //--------------------------------------------------
1277          // Description  : DDC-CI Initial Settings
1278          // Input Value  : None
1279          // Output Value : None
1280          //--------------------------------------------------
1281          void ScalerMcuDdcciInitial(void)
1282          {
1283   1          // Set slave address for debug tool
1284   1          MCU_FF23_IIC_SET_SLAVE = 0x6A;
1285   1          // Set DDCCI Mode for Debug Tool
C51 COMPILER V8.12   RL6463_SERIES_MCU                                                     03/10/2025 13:50:46 PAGE 22  

1286   1          ScalerDebugSelectDDCCIDebugMode(_DEBUG_MODE);
1287   1      
1288   1          // Disable DDCCI 1
1289   1          MCU_FE87_IIC_1_SET_SLAVE = 0x3D;
1290   1          MCU_FE86_IIC_1_CH_SEL |= (_BIT2 | _BIT1 | _BIT0);
1291   1      
1292   1      #if(_DEBUG_DDC_CHANNEL_SEL == _DDC1)
1293   1          // DDC from DDC1 channel
1294   1          MCU_FF22_IIC_CH_SEL &= ~(_BIT3 | _BIT2 | _BIT1 | _BIT0);
1295   1          MCU_FF22_IIC_CH_SEL |= _BIT1;
1296   1      #elif(_DEBUG_DDC_CHANNEL_SEL == _DDC0)
                  // DDC from DDC0 channel
                  MCU_FF22_IIC_CH_SEL &= ~(_BIT3 | _BIT2 | _BIT1 | _BIT0);
                  MCU_FF22_IIC_CH_SEL |= _BIT0;
              #elif((_DEBUG_DDC_CHANNEL_SEL == _VGA_DDC) || (_DEBUG_DDC_CHANNEL_SEL == _VGA_DDC2))
                  if(GET_A0_DDC_CHANNEL_SEL() == _VGA_DDC2)
                  {
                      // DDC from VGA_DDC2 channel
                      MCU_FF22_IIC_CH_SEL &= ~(_BIT3 | _BIT2 | _BIT1 | _BIT0);
                      MCU_FF22_IIC_CH_SEL |= _BIT3;
                  }
                  else
                  {
                      // DDC from VGA_DDC channel
                      MCU_FF22_IIC_CH_SEL &= ~(_BIT3 | _BIT2 | _BIT1 | _BIT0);
                  }
              #endif
1313   1      
1314   1          // Assign DDC-CI interrupts to int1 (IRQ2)
1315   1          MCU_FFC4_IRQ_PRIORITY_3 &= ~(_BIT2 | _BIT1 | _BIT0);
1316   1          MCU_FFC4_IRQ_PRIORITY_3 |= _BIT0;
1317   1      
1318   1          // Enable DDC-CI buffer auto reset
1319   1          MCU_FF2A_IIC_IRQ_CONTROL2 |= _BIT7;
1320   1      
1321   1          // Clear DDCCI status
1322   1          MCU_FF27_IIC_STATUS = 0x00;
1323   1          pData[0] = MCU_FF25_IIC_DATA_IN;
1324   1          MCU_FF26_IIC_DATA_OUT = 0x00;
1325   1          MCU_FF29_IIC_STATUS2 &= ~(_BIT5 | _BIT4);
1326   1      
1327   1          // Reset IIC Buffer
1328   1          MCU_FF2A_IIC_IRQ_CONTROL2 |= _BIT6;
1329   1          // For HP case, return Null Msg if Command isn't finish
1330   1      #if(_HW_DDCCI_BUFFER_EMPTY_REPLY_NULL_MSG_SUPPORT == _ON)
                  MCU_FF2B_IIC_CHANNEL_CONTROL |= _BIT5;
              #endif
1333   1      
1334   1          EX1 = 1;
1335   1      
1336   1          // Enable STOP_I, D_IN_I, SUB_I interrupts
1337   1          MCU_FF28_IIC_IRQ_CONTROL |= _BIT4 | _BIT2 | _BIT1;
1338   1      
1339   1          DebugMessageSystem("######    F/W START    ######", _OFF);
1340   1      }
1341          
1342          
1343          #if(1)//((_OGC_SUPPORT == _ON) || (_OCC_SUPPORT == _ON) || (_OGC_DICOM_SUPPORT == _ON))
1344          //--------------------------------------------------
1345          // Description  : Release SCL
1346          // Input Value  : NONE
1347          // Output Value : NONE
C51 COMPILER V8.12   RL6463_SERIES_MCU                                                     03/10/2025 13:50:46 PAGE 23  

1348          //--------------------------------------------------
1349          void ScalerMcuDdcciReleaseScl(void)
1350          {
1351   1          switch(MCU_FF22_IIC_CH_SEL & (_BIT3 | _BIT2 | _BIT1 | _BIT0))
1352   1          {
1353   2              case _DDC1:
1354   2                  MCU_FF2E_DDC1_DDC_CONTROL_2 &= ~_BIT0;
1355   2                  break;
1356   2      
1357   2              case _DDC0:
1358   2                  MCU_FF20_DDC0_DDC_CONTROL_2 &= ~_BIT0;
1359   2                  break;
1360   2      
1361   2              case _VGA_DDC:
1362   2                  MCU_FF1D_ADC_DDC_CONTROL_2 &= ~_BIT0;
1363   2                  break;
1364   2      
1365   2              case _VGA_DDC2:
1366   2                  MCU_FD34_ADC_DDC2_DDC_CONTROL_2 &= ~_BIT0;
1367   2                  break;
1368   2      
1369   2              default:
1370   2      
1371   2                  break;
1372   2          }
1373   1      }
1374          
1375          #if(_DEBUG_MESSAGE_SUPPORT == _OFF)
1376          //--------------------------------------------------
1377          // Description  : hold SCL
1378          // Input Value  : NONE
1379          // Output Value : NONE
1380          //--------------------------------------------------
1381          void ScalerMcuDdcciHoldScl_EXINT1(void) using 2
1382          {
1383   1          switch(MCU_FF22_IIC_CH_SEL & (_BIT3 | _BIT2 | _BIT1 | _BIT0))
1384   1          {
1385   2              case _DDC1:
1386   2                  MCU_FF2E_DDC1_DDC_CONTROL_2 |= _BIT0;
1387   2                  break;
1388   2      
1389   2              case _DDC0:
1390   2                  MCU_FF20_DDC0_DDC_CONTROL_2 |= _BIT0;
1391   2                  break;
1392   2      
1393   2              case _VGA_DDC:
1394   2                  MCU_FF1D_ADC_DDC_CONTROL_2 |= _BIT0;
1395   2                  break;
1396   2      
1397   2              case _VGA_DDC2:
1398   2                  MCU_FD34_ADC_DDC2_DDC_CONTROL_2 |= _BIT0;
1399   2                  break;
1400   2      
1401   2              default:
1402   2      
1403   2                  break;
1404   2          }
1405   1      }
1406          
1407          #endif // #if(_DEBUG_MESSAGE_SUPPORT == _OFF)
1408          #endif  // End of #if((_OGC_SUPPORT == _ON) || (_OCC_SUPPORT == _ON) || (_OGC_DICOM_SUPPORT == _ON))
1409          
C51 COMPILER V8.12   RL6463_SERIES_MCU                                                     03/10/2025 13:50:46 PAGE 24  

1410          //--------------------------------------------------
1411          // Description  : ISP Channel Setting
1412          // Input Value  : ISPChannel -> VGA_DDC: _BIT0; DDC0: _BIT1; DDC1: _BIT2;... DDC5: _BIT6;
1413          //                _NO_DDC: _BIT7; VGA_DDC2: _BIT8
1414          // Output Value : NONE
1415          //--------------------------------------------------
1416          void ScalerMcuSetISPChannel(WORD usISPChannel)
1417          {
1418   1          // VGA_DDC
1419   1          ScalerMcuDdcISPChannelCtrl(_VGA_DDC, (bit)(usISPChannel & _BIT0));
1420   1          // DDC0
1421   1          ScalerMcuDdcISPChannelCtrl(_DDC0, (bit)(usISPChannel & _BIT1));
1422   1          // DDC1
1423   1          ScalerMcuDdcISPChannelCtrl(_DDC1, (bit)(usISPChannel & _BIT2));
1424   1          // VGA_DDC2
1425   1          ScalerMcuDdcISPChannelCtrl(_VGA_DDC2, (bit)(usISPChannel & _BIT8));
1426   1      }
1427          
1428          //--------------------------------------------------
1429          // Description  : ISP Channel Setting
1430          // Input Value  : ucDdcChannel --> VGA_DDC...VGA_DDC2
1431          //                bEnable --> _ENABLE: enable DDC ISP function, no protect
1432          //                            _DISABLE: disable DDC ISP function, protect
1433          // Output Value : NONE
1434          //--------------------------------------------------
1435          void ScalerMcuDdcISPChannelCtrl(BYTE ucDdcChannel, bit bEnable)
1436          {
1437   1          switch(ucDdcChannel)
1438   1          {
1439   2              case _VGA_DDC:
1440   2                  // VGA_DDC ISP
1441   2                  MCU_FF1D_ADC_DDC_CONTROL_2 = (bEnable) ? (MCU_FF1D_ADC_DDC_CONTROL_2 | _BIT3) : (MCU_FF1D_ADC_
             -DDC_CONTROL_2 & (~_BIT3));
1442   2                  break;
1443   2      
1444   2              case _DDC0:
1445   2                  // DDC0 ISP
1446   2                  MCU_FF20_DDC0_DDC_CONTROL_2 = (bEnable) ? (MCU_FF20_DDC0_DDC_CONTROL_2 | _BIT3) : (MCU_FF20_DD
             -C0_DDC_CONTROL_2 & (~_BIT3));
1447   2                  break;
1448   2      
1449   2              case _DDC1:
1450   2                  // DDC1 ISP
1451   2                  MCU_FF2E_DDC1_DDC_CONTROL_2 = (bEnable) ? (MCU_FF2E_DDC1_DDC_CONTROL_2 | _BIT3) : (MCU_FF2E_DD
             -C1_DDC_CONTROL_2 & (~_BIT3));
1452   2                  break;
1453   2      
1454   2              case _VGA_DDC2:
1455   2                  // VGA_DDC2 ISP
1456   2                  MCU_FD34_ADC_DDC2_DDC_CONTROL_2 = (bEnable) ? (MCU_FD34_ADC_DDC2_DDC_CONTROL_2 | _BIT3) : (MCU
             -_FD34_ADC_DDC2_DDC_CONTROL_2 & (~_BIT3));
1457   2                  break;
1458   2      
1459   2              case _NO_DDC:
1460   2              default:
1461   2                  break;
1462   2          }
1463   1      }


MODULE INFORMATION:   STATIC OVERLAYABLE
   CODE SIZE        =   1006    ----
C51 COMPILER V8.12   RL6463_SERIES_MCU                                                     03/10/2025 13:50:46 PAGE 25  

   CONSTANT SIZE    =   ----    ----
   XDATA SIZE       =   ----       4
   PDATA SIZE       =   ----    ----
   DATA SIZE        =   ----    ----
   IDATA SIZE       =   ----    ----
   BIT SIZE         =   ----       3
END OF MODULE INFORMATION.


C51 COMPILATION COMPLETE.  0 WARNING(S),  0 ERROR(S)
