C51 COMPILER V8.12   RL6463_SERIES_PLL                                                     03/10/2025 13:50:48 PAGE 1   


C51 COMPILER V8.12, COMPILATION OF MODULE RL6463_SERIES_PLL
OBJECT MODULE PLACED IN .\Output\RL6463\RL6463_Series_PLL.obj
COMPILER INVOKED BY: D:\liuxh\keil3\C51\BIN\C51.EXE Kernel\Scaler\RL6463_Series_Scaler\Code\RL6463_Series_PLL.c LARGE OP
                    -TIMIZE(9,SPEED) INCDIR(.\Output\RL6463;.\Project\Header;.\Pcb;.\Panel;.\Kernel\Device\Header;.\Kernel\Common;.\Kernel\Sy
                    -stem\Header;.\Kernel\Scaler\ScalerFunction\Header;.\Kernel\Scaler\ScalerCommonFunction\Header;.\Kernel\Scaler\ScalerFunc
                    -tion\Lib\Header;.\Kernel\Scaler\ScalerCommonFunction\Lib\Header;.\Kernel\Scaler\RL6463_Series_Scaler\Header;.\Kernel\Sca
                    -ler\RL6463_Series_Scaler\Lib\Header;.\Kernel\User Common Function\Header;.\User\RTD Series\RTD2014Function\Header;.\User
                    -\RTD Series\RTD2014Osd\Header;.\User\RTD Factory\Header;.\User\None Series\NoneFunction\Header;.\User\None Series\NoneOs
                    -d\Header;.\User\None Factory\Header) DEFINE(_PROJECT=_RL6463_PROJECT,_SCALER_TYPE=_RL6463_SERIES) DEBUG OBJECTEXTEND PRI
                    -NT(.\Output\RL6463\RL6463_Series_PLL.lst) OBJECT(.\Output\RL6463\RL6463_Series_PLL.obj)

line level    source

   1          /********************************************************************************/
   2          /*   Copyright (c) 2021 Realtek Semiconductor Corp. All rights reserved.        */
   3          /*                                                                              */
   4          /*   SPDX-License-Identifier: LicenseRef-Realtek-Proprietary                    */
   5          /*                                                                              */
   6          /*   This software component is confidential and proprietary to Realtek         */
   7          /*   Semiconductor Corp. Disclosure, reproduction, redistribution, in whole     */
   8          /*   or in part, of this work and its derivatives without express permission    */
   9          /*   is prohibited.                                                             */
  10          /********************************************************************************/
  11          
  12          //----------------------------------------------------------------------------------------------------
  13          // ID Code      : RL6463_Series_PLL.c No.0000
  14          // Update Note  :
  15          //----------------------------------------------------------------------------------------------------
  16          
  17          #include "ScalerFunctionInclude.h"
  18          
  19          //****************************************************************************
  20          // DEFINITIONS / MACROS
  21          //****************************************************************************
  22          #if(_PANEL_STYLE == _PANEL_LVDS)
  23          //--------------------------------------------------
  24          // Definations of LVDS VCO Range, convert into Dclk frequency
  25          //--------------------------------------------------
  26          #define _LVDS_PLL_BOUNDRY_0                         (250000  * (1 << _LVDS_OUTPUT_PORT) / (7 << _D_DOMAIN_
             -PATH))
  27          #define _LVDS_PLL_BOUNDRY_1                         (500000  * (1 << _LVDS_OUTPUT_PORT) / (7 << _D_DOMAIN_
             -PATH))
  28          #define _LVDS_PLL_BOUNDRY_2                         (1000000 * (1 << _LVDS_OUTPUT_PORT) / (7 << _D_DOMAIN_
             -PATH))
  29          #endif // End of #if(_PANEL_STYLE == _PANEL_LVDS)
  30          
  31          //****************************************************************************
  32          // STRUCT / TYPE / ENUM DEFINITTIONS
  33          //****************************************************************************
  34          
  35          //****************************************************************************
  36          // CODE TABLES
  37          //****************************************************************************
  38          
  39          //****************************************************************************
  40          // VARIABLE DECLARATIONS
  41          //****************************************************************************
  42          
  43          //****************************************************************************
  44          // FUNCTION DECLARATIONS
  45          //****************************************************************************
C51 COMPILER V8.12   RL6463_SERIES_PLL                                                     03/10/2025 13:50:48 PAGE 2   

  46          
  47          //****************************************************************************
  48          // FUNCTION DEFINITIONS
  49          //****************************************************************************
  50          


MODULE INFORMATION:   STATIC OVERLAYABLE
   CODE SIZE        =   ----    ----
   CONSTANT SIZE    =   ----    ----
   XDATA SIZE       =   ----    ----
   PDATA SIZE       =   ----    ----
   DATA SIZE        =   ----    ----
   IDATA SIZE       =   ----    ----
   BIT SIZE         =   ----    ----
END OF MODULE INFORMATION.


C51 COMPILATION COMPLETE.  0 WARNING(S),  0 ERROR(S)
