C51 COMPILER V8.12   RTD2014OSDPALETTE                                                     03/10/2025 13:51:07 PAGE 1   


C51 COMPILER V8.12, COMPILATION OF MODULE RTD2014OSDPALETTE
OBJECT MODULE PLACED IN .\Output\RL6463\RTD2014OsdPalette.obj
COMPILER INVOKED BY: D:\liuxh\keil3\C51\BIN\C51.EXE User\RTD Series\RTD2014Osd\Code\RTD2014OsdPalette.c LARGE OPTIMIZE(9
                    -,SPEED) INCDIR(.\Output\RL6463;.\Project\Header;.\Pcb;.\Panel;.\Kernel\Device\Header;.\Kernel\Common;.\Kernel\System\Hea
                    -der;.\Kernel\Scaler\ScalerFunction\Header;.\Kernel\Scaler\ScalerCommonFunction\Header;.\Kernel\Scaler\ScalerFunction\Lib
                    -\Header;.\Kernel\Scaler\ScalerCommonFunction\Lib\Header;.\Kernel\Scaler\RL6463_Series_Scaler\Header;.\Kernel\Scaler\RL64
                    -63_Series_Scaler\Lib\Header;.\Kernel\User Common Function\Header;.\User\RTD Series\RTD2014Function\Header;.\User\RTD Ser
                    -ies\RTD2014Osd\Header;.\User\RTD Factory\Header;.\User\None Series\NoneFunction\Header;.\User\None Series\NoneOsd\Header
                    -;.\User\None Factory\Header) DEFINE(_PROJECT=_RL6463_PROJECT,_SCALER_TYPE=_RL6463_SERIES) DEBUG OBJECTEXTEND PRINT(.\Out
                    -put\RL6463\RTD2014OsdPalette.lst) OBJECT(.\Output\RL6463\RTD2014OsdPalette.obj)

line level    source

   1          /********************************************************************************/
   2          /*   Copyright (c) 2021 Realtek Semiconductor Corp. All rights reserved.        */
   3          /*                                                                              */
   4          /*   SPDX-License-Identifier: LicenseRef-Realtek-Proprietary                    */
   5          /*                                                                              */
   6          /*   This software component is confidential and proprietary to Realtek         */
   7          /*   Semiconductor Corp. Disclosure, reproduction, redistribution, in whole     */
   8          /*   or in part, of this work and its derivatives without express permission    */
   9          /*   is prohibited.                                                             */
  10          /********************************************************************************/
  11          
  12          //----------------------------------------------------------------------------------------------------
  13          // ID Code      : RTD2014OsdPalette.c No.0000
  14          // Update Note  :
  15          //----------------------------------------------------------------------------------------------------
  16          
  17          #define __RTD_OSDPALETTE__
  18          
  19          #include "UserCommonInclude.h"
  20          
  21          #if(_OSD_TYPE == _REALTEK_2014_OSD)
  22          
  23          
  24          
  25          //****************************************************************************
  26          // DEFINITIONS / MACROS
  27          //****************************************************************************
  28          #if(_DEFAULT_OSD_STYLE == _TRG_OSD_STYLE )
              #define _RGB_BLACK                                      0x00, 0x00, 0x00
              #define _RGB_WHITE                                      0xFF, 0xFF, 0xFF
              #define _RGB_TURKEY_BLUE                                43,   169, 166
              #define _RGB_GRAY                                       0,    128, 128
              #define _RGB_DARKGRAY                                   0,     50,  51
              #define _RGB_RED                                        0xFF, 0x00, 0x00
              #define _RGB_FACTORY_BLUE                               0x35, 0x86, 0xEF
              #define _RGB_BLUE_EG                                    0x00, 0x80, 0xFF
              #define _RGB_BLOCK                                      0xC8, 0xC8, 0xC8
              #define _RGB_YELLOW                                     244, 211,  37 //0xF4, 0xD3, 0x25
              #define _RGB_GRAY_180                                   0xB4, 0xB4, 0xB4
              #define _FRGB_BLUE                                      0,     173, 239
              #define _FRGB_YELLOW                                    0xFF, 0xFF, 0x00
              #define _FRGB_UNUSED                                    0xFF, 0x00, 0xFF
              #define _RGB_DARKGRAY2                                  0x9E, 0x9E, 0x9E
              #define _RGB_BLACK_10                                   0x0A, 0x0A, 0x0A
              #define _FRGB_GREEN                                     0x00, 0xFF, 0x00
              
              #elif(_DEFAULT_OSD_STYLE == _SUMA_OSD_STYLE)
  48          #define _RGB_BLACK                                      0x00, 0x00, 0x00
C51 COMPILER V8.12   RTD2014OSDPALETTE                                                     03/10/2025 13:51:07 PAGE 2   

  49          #define _RGB_WHITE                                      0xFF, 0xFF, 0xFF
  50          #define _RGB_TURKEY_BLUE                                0x2B, 0xA9, 0xA6
  51          #define _RGB_GRAY                                       131,143,214//0xB2, 0xB2, 0xB2
  52          #define _RGB_DARKGRAY                                   90,107,201      //0x5E, 0x5C, 0x5C
  53          #define _RGB_RED                                        0xFF, 0x00, 0x00
  54          #define _RGB_FACTORY_BLUE                               0x35, 0x86, 0xEF
  55          #define _RGB_BLUE_EG                                    0x00, 0x80, 0xFF
  56          #define _RGB_BLOCK                                      0xC8, 0xC8, 0xC8
  57          #define _RGB_YELLOW                                     244, 211,  37 //0xF4, 0xD3, 0x25
  58          #define _RGB_GRAY_180                                   0xB4, 0xB4, 0xB4
  59          #define _FRGB_BLUE                                      0x00, 0x00, 0xFF
  60          #define _FRGB_YELLOW                                    0xFF, 0xFF, 0x00
  61          #define _FRGB_UNUSED                                    0xFF, 0x00, 0xFF
  62          #define _RGB_DARKGRAY2                                  0x9E, 0x9E, 0x9E
  63          #define _RGB_BLACK_10                                   0x0A, 0x0A, 0x0A
  64          #define _FRGB_GREEN                                     0x00, 0xFF, 0x00
  65          
  66          #else
              
              #define _RGB_BLACK                                      0x00, 0x00, 0x00
              #define _RGB_WHITE                                      0xFF, 0xFF, 0xFF
              #define _RGB_TURKEY_BLUE                                0x2B, 0xA9, 0xA6
              #define _RGB_GRAY                                       0xB2, 0xB2, 0xB2
              #define _RGB_DARKGRAY                                   0x5E, 0x5C, 0x5C
              #define _RGB_RED                                        0xFF, 0x00, 0x00
              #define _RGB_FACTORY_BLUE                               0x35, 0x86, 0xEF
              #define _RGB_BLUE_EG                                    0x00, 0x00, 0x00
              #define _RGB_BLOCK                                      0xC8, 0xC8, 0xC8
              #define _RGB_YELLOW                                     0xF4, 0xD3, 0x25
              #define _RGB_GRAY_180                                   0xB4, 0xB4, 0xB4
              #define _FRGB_BLUE                                      0x00, 0x00, 0xFF
              #define _FRGB_YELLOW                                    0xFF, 0xFF, 0x00
              #define _FRGB_UNUSED                                    0xFF, 0x00, 0xFF
              #define _RGB_DARKGRAY2                                  0x9E, 0x9E, 0x9E
              #define _RGB_BLACK_10                                   0x0A, 0x0A, 0x0A
              #define _RGB_GREEN                                      0x00, 0x80, 0x40
              #endif
  86          
  87          #define _LOGO_BLACK                                     0x00, 0x00, 0x00
  88          #define _LOGO_WHITE                                     0xFF, 0xFF, 0xFF
  89          #define _LOGO_RED                                       0xFF, 0x00, 0x00
  90          #define _LOGO_GREEN                                     0x00, 0xFF, 0x00
  91          #define _LOGO_BLUE                                      0x00, 0x00, 0xFF
  92          #define _LOGO_YELLOW                                    0xFF, 0xFF, 0x00
  93          #define _LOGO_GRAY                                      0x60, 0x60, 0x60
  94          #define _LOGO_DARKBLUE                                  0x40, 0x40, 0xFF
  95          #define _LOGO_LIGHTBLUE                                 0x80, 0x80, 0xFF
  96          #define _LOGO_SELECTBOTTOM                              0x3A, 0x46, 0x50
  97          #define _LOGO_PINK                                      0xFF, 0x80, 0xFF
  98          #define _LOGO_RED_1                                     164, 48, 41
  99          
 100          #define _LOGO_ORANGE_H                                  0xFA, 0xB4, 0x28
 101          #define _LOGO_ORANGE_L                                  0xEB, 0xA0, 0x05
 102          
 103          //****************************************************************************
 104          // STRUCT / TYPE / ENUM DEFINITTIONS
 105          //****************************************************************************
 106          
 107          
 108          //****************************************************************************
 109          // CODE TABLES
 110          //****************************************************************************
C51 COMPILER V8.12   RTD2014OSDPALETTE                                                     03/10/2025 13:51:07 PAGE 3   

 111          #if(_LOGO_TYPE == _LOGO_TYPE_THREE_BIRDS)
              
              #define _LOGO_RGB_COLOR0                            0, 0, 0
              #define _LOGO_RGB_COLOR1                            255, 255, 255
              #define _LOGO_RGB_COLOR2                            0, 145, 190
              #define _LOGO_RGB_COLOR3                            172, 22, 44
              #define _LOGO_RGB_COLOR4                            40, 40, 40
              #define _LOGO_RGB_COLOR5                            0, 80, 30
              #define _LOGO_RGB_COLOR6                            237, 231, 214
              #define _LOGO_RGB_COLOR7                            210, 140, 40
              #define _LOGO_RGB_COLOR8                            0, 0, 0
              #define _LOGO_RGB_COLOR9                            0, 30, 150
              #define _LOGO_RGB_COLOR10                          0, 180, 110
              #define _LOGO_RGB_COLOR11                          110, 30, 130
              #define _LOGO_RGB_COLOR12                          255, 170, 0
              #define _LOGO_RGB_COLOR13                          0, 60, 40
              #define _LOGO_RGB_COLOR14                          225, 170, 80
              #define _LOGO_RGB_COLOR15                          255, 200, 0
              
              BYTE code tPALETTE_LOGO[] =
              {
                  _LOGO_RGB_COLOR0,
                  _LOGO_RGB_COLOR1,
                  _LOGO_RGB_COLOR2,
                  _LOGO_RGB_COLOR3,
                  _LOGO_RGB_COLOR4,
                  _LOGO_RGB_COLOR5,
                  _LOGO_RGB_COLOR6,
                  _LOGO_RGB_COLOR7,
                  
                  _LOGO_RGB_COLOR8,
                  _LOGO_RGB_COLOR9,
                  _LOGO_RGB_COLOR10,
                  _LOGO_RGB_COLOR11,
                  _LOGO_RGB_COLOR12,
                  _LOGO_RGB_COLOR13,
                  _LOGO_RGB_COLOR14,
                  _LOGO_RGB_COLOR15,
                  
                  _LOGO_RGB_COLOR0,
                  _LOGO_RGB_COLOR2,
                  _LOGO_RGB_COLOR3,
                  _LOGO_RGB_COLOR4,
                  _LOGO_RGB_COLOR9,
                  _LOGO_RGB_COLOR7,
                  _LOGO_RGB_COLOR10,
                  _LOGO_RGB_COLOR11,
                  
                  _LOGO_RGB_COLOR8,
                  _LOGO_RGB_COLOR1,
                  _LOGO_RGB_COLOR5,
                  _LOGO_RGB_COLOR6,
                  _LOGO_RGB_COLOR12,
                  _LOGO_RGB_COLOR13,
                  _LOGO_RGB_COLOR15,
                  _LOGO_RGB_COLOR14,
              
              };
              
              #endif
 171          
 172          BYTE code tPALETTE_RTD_LOGO[] =
C51 COMPILER V8.12   RTD2014OSDPALETTE                                                     03/10/2025 13:51:07 PAGE 4   

 173          {
 174              _LOGO_BLACK,
 175              _LOGO_WHITE,
 176              _LOGO_RED,
 177              _LOGO_GREEN,
 178              _LOGO_BLUE,
 179              _LOGO_YELLOW,
 180              _LOGO_GRAY,
 181              _LOGO_DARKBLUE,
 182              _LOGO_LIGHTBLUE,
 183              _LOGO_SELECTBOTTOM,
 184              _LOGO_PINK,
 185              _LOGO_RED_1,
 186              _LOGO_GREEN,
 187              _LOGO_ORANGE_L,
 188              _LOGO_ORANGE_H,
 189              _LOGO_GRAY,
 190          };
 191          
 192          BYTE code tPALETTE_MAIN_MENU[] =
 193          {
 194          #if(_DEFAULT_OSD_STYLE == _TRG_OSD_STYLE )
              
                  _RGB_BLACK,
                  _RGB_WHITE,
                  _RGB_TURKEY_BLUE,
                  _RGB_GRAY,
                  _RGB_DARKGRAY,
                  _RGB_RED,
                  _RGB_FACTORY_BLUE,
                  _RGB_YELLOW,                        // 7
                  
                  _RGB_BLOCK,
                  _RGB_BLACK,
                  _RGB_BLUE_EG,
                  _RGB_GRAY_180,
                  _FRGB_BLUE,
                  _FRGB_YELLOW,
                  _FRGB_GREEN,
                  _RGB_DARKGRAY2,
              
              #elif(_DEFAULT_OSD_STYLE == _SUMA_OSD_STYLE)
 215          
 216                  _RGB_BLACK,
 217                  _RGB_WHITE,
 218                  _RGB_TURKEY_BLUE,
 219                  _RGB_GRAY,
 220                  _RGB_DARKGRAY,
 221                  _RGB_RED,
 222                  _RGB_FACTORY_BLUE,
 223                  _RGB_BLUE_EG,
 224                  _RGB_BLOCK,
 225                  _RGB_BLACK,
 226                  _RGB_YELLOW,
 227                  _RGB_GRAY_180,
 228                  _FRGB_BLUE,
 229                  _FRGB_YELLOW,
 230                  _FRGB_UNUSED,
 231                  _RGB_DARKGRAY2,
 232          
 233          #else
              
C51 COMPILER V8.12   RTD2014OSDPALETTE                                                     03/10/2025 13:51:07 PAGE 5   

                  _RGB_BLACK,
                  _RGB_WHITE,
                  _RGB_TURKEY_BLUE,
                  _RGB_GRAY,
                  _RGB_DARKGRAY,
                  _RGB_RED,
                  _RGB_GREEN,
                  //_RGB_FACTORY_BLUE,
                  _RGB_BLUE_EG,
                  _RGB_BLOCK,
                  _RGB_BLACK,
                  _RGB_YELLOW,
                  _RGB_GRAY_180,
                  _FRGB_BLUE,
                  _FRGB_YELLOW,
                  _FRGB_UNUSED,
                  _RGB_DARKGRAY2,
              
              #endif
 254          };
 255          
 256          BYTE code tPALETTE_FRONT_SIGHT[] =
 257          {
 258              _RGB_BLACK,
 259              _RGB_WHITE,
 260              _RGB_TURKEY_BLUE,
 261              _RGB_GRAY,
 262              _RGB_BLACK_10,      //_RGB_DARKGRAY,
 263              _RGB_RED,
 264              _RGB_FACTORY_BLUE,
 265              _RGB_BLUE_EG,
 266              _RGB_BLOCK,
 267              _RGB_BLACK,
 268              _RGB_YELLOW,
 269              _RGB_GRAY_180,
 270              _FRGB_BLUE,
 271              _FRGB_YELLOW,
 272              _FRGB_UNUSED,
 273              _RGB_DARKGRAY2,
 274          
 275          };
 276          
 277          
 278          //****************************************************************************
 279          // FUNCTION DECLARATIONS
 280          //****************************************************************************
 281          void OsdPaletteLoadPigment(BYTE ucPaletteIndex, BYTE *pucColorPaletteArray);
 282          void OsdPaletteSelectPalette(BYTE ucValue);
 283          
 284          //****************************************************************************
 285          // FUNCTION DEFINITIONS
 286          //****************************************************************************
 287          //--------------------------------------------------
 288          // Description  :
 289          // Input Value  : None
 290          // Output Value : None
 291          //--------------------------------------------------
 292          void OsdPaletteLoadPigment(BYTE ucPaletteIndex, BYTE *pucColorPaletteArray)
 293          {
 294   1          BYTE ucAddr = ucPaletteIndex * 16;
 295   1          BYTE ucI = 0;
 296   1      
C51 COMPILER V8.12   RTD2014OSDPALETTE                                                     03/10/2025 13:51:07 PAGE 6   

 297   1          for(ucI = 0; ucI < 16; ucI++)
 298   1          {
 299   2              ScalerOsdSetColorPalette(ucAddr + ucI, *(pucColorPaletteArray + (ucI * 3)), *(pucColorPaletteArray
             - + (ucI * 3) + 1), *(pucColorPaletteArray + (ucI * 3) + 2));
 300   2          }
 301   1      }
 302          
 303          //--------------------------------------------------
 304          // Description  :
 305          // Input Value  : None
 306          // Output Value : None
 307          //--------------------------------------------------
 308          void OsdPaletteSelectPalette(BYTE ucValue)
 309          {
 310   1          switch(ucValue)
 311   1          {
 312   2              case _PALETTE_RTD_LOGO:
 313   2                  OsdPaletteLoadPigment(_PALETTE_INDEX0, tPALETTE_RTD_LOGO);
 314   2                  break;
 315   2      
 316   2              case _PALETTE_MAIN_MENU:
 317   2                  OsdPaletteLoadPigment(_PALETTE_INDEX0, tPALETTE_MAIN_MENU);
 318   2                  break;
 319   2                              
 320   2                      case _PALETTE_FRONT_SIGHT:
 321   2                              OsdPaletteLoadPigment(_PALETTE_INDEX0, tPALETTE_FRONT_SIGHT);
 322   2                              break;
 323   2      
 324   2              default:
 325   2                  break;
 326   2          }
 327   1      }
 328          BYTE* OsdTableFuncGetColorPaletteAddress(BYTE ucColorPalette)
 329          {
 330   1          BYTE *pAddress = 0;
 331   1      
 332   1          switch(ucColorPalette)
 333   1          {
 334   2              case _PALETTE_RTD_LOGO:
 335   2                  pAddress = tPALETTE_RTD_LOGO;
 336   2                  break;
 337   2      
 338   2      #if(_LOGO_TYPE == _LOGO_TYPE_THREE_BIRDS)
                      case _PALETTE_LOGO_3NIRD:
                          pAddress = tPALETTE_LOGO;
                          break;
              #endif
 343   2      
 344   2              default:
 345   2                              pAddress = tPALETTE_RTD_LOGO;
 346   2                              break;
 347   2          }
 348   1      
 349   1          return pAddress;
 350   1      }
 351          
 352          void OsdTableFuncSetColorPalette(BYTE ucPaletteIndex, BYTE ucColorPalette)
 353          {
 354   1          BYTE ucAddr = ucPaletteIndex * 16;
 355   1          BYTE ucI = 0;
 356   1          BYTE *pAddress = 0;
 357   1      
C51 COMPILER V8.12   RTD2014OSDPALETTE                                                     03/10/2025 13:51:07 PAGE 7   

 358   1          pAddress = OsdTableFuncGetColorPaletteAddress(ucColorPalette);
 359   1      /*
 360   1              //Duncan 130219 fixed RL6001 can't write palette color
 361   1          if(ScalerOsdGetOsdEnable() == _FALSE)
 362   1          {
 363   1              // OSD circuit is activated
 364   1              ScalerOsdFrameControlByte(0x000, _OSD_BYTE2, 0x00);
 365   1              ScalerTimerDelayXms(20);
 366   1          }
 367   1      */
 368   1          for(ucI = 0; ucI < 16; ucI++)
 369   1          {
 370   2              ScalerOsdSetColorPalette(ucAddr + ucI, *(pAddress + (ucI * 3)), *(pAddress + (ucI * 3) + 1), *(pAd
             -dress + (ucI * 3) + 2));
 371   2          }
 372   1      
 373   1      }
 374          
 375          
 376          #endif // End of #if(_OSD_TYPE == _REALTEK_2014_OSD)


MODULE INFORMATION:   STATIC OVERLAYABLE
   CODE SIZE        =    246    ----
   CONSTANT SIZE    =    144    ----
   XDATA SIZE       =   ----      10
   PDATA SIZE       =   ----    ----
   DATA SIZE        =   ----    ----
   IDATA SIZE       =   ----    ----
   BIT SIZE         =   ----    ----
END OF MODULE INFORMATION.


C51 COMPILATION COMPLETE.  0 WARNING(S),  0 ERROR(S)
