C51 COMPILER V8.12   RTD2014USERINTERFACEGLOBALDIMMING                                     03/10/2025 13:51:03 PAGE 1   


C51 COMPILER V8.12, COMPILATION OF MODULE RTD2014USERINTERFACEGLOBALDIMMING
OBJECT MODULE PLACED IN .\Output\RL6463\RTD2014UserInterfaceGlobalDimming.obj
COMPILER INVOKED BY: D:\liuxh\keil3\C51\BIN\C51.EXE User\RTD Series\RTD2014Function\Code\RTD2014UserInterfaceGlobalDimmi
                    -ng.c LARGE OPTIMIZE(9,SPEED) INCDIR(.\Output\RL6463;.\Project\Header;.\Pcb;.\Panel;.\Kernel\Device\Header;.\Kernel\Commo
                    -n;.\Kernel\System\Header;.\Kernel\Scaler\ScalerFunction\Header;.\Kernel\Scaler\ScalerCommonFunction\Header;.\Kernel\Scal
                    -er\ScalerFunction\Lib\Header;.\Kernel\Scaler\ScalerCommonFunction\Lib\Header;.\Kernel\Scaler\RL6463_Series_Scaler\Header
                    -;.\Kernel\Scaler\RL6463_Series_Scaler\Lib\Header;.\Kernel\User Common Function\Header;.\User\RTD Series\RTD2014Function\
                    -Header;.\User\RTD Series\RTD2014Osd\Header;.\User\RTD Factory\Header;.\User\None Series\NoneFunction\Header;.\User\None 
                    -Series\NoneOsd\Header;.\User\None Factory\Header) DEFINE(_PROJECT=_RL6463_PROJECT,_SCALER_TYPE=_RL6463_SERIES) DEBUG OBJ
                    -ECTEXTEND PRINT(.\Output\RL6463\RTD2014UserInterfaceGlobalDimming.lst) OBJECT(.\Output\RL6463\RTD2014UserInterfaceGlobal
                    -Dimming.obj)

line level    source

   1          /********************************************************************************/
   2          /*   Copyright (c) 2021 Realtek Semiconductor Corp. All rights reserved.        */
   3          /*                                                                              */
   4          /*   SPDX-License-Identifier: LicenseRef-Realtek-Proprietary                    */
   5          /*                                                                              */
   6          /*   This software component is confidential and proprietary to Realtek         */
   7          /*   Semiconductor Corp. Disclosure, reproduction, redistribution, in whole     */
   8          /*   or in part, of this work and its derivatives without express permission    */
   9          /*   is prohibited.                                                             */
  10          /********************************************************************************/
  11          
  12          //----------------------------------------------------------------------------------------------------
  13          // ID Code      : RTD2014UserInterfaceLocalDimming.c
  14          // Update Note  :
  15          //----------------------------------------------------------------------------------------------------
  16          
  17          #define __USER_INTERFACE_GLOBAL_DIMMING__
  18          
  19          #include "UserCommonInclude.h"
  20          
  21          #if((_OSD_TYPE == _REALTEK_2014_OSD) && (_GLOBAL_DIMMING_SUPPORT == _ON))
              
              //****************************************************************************
              // DEFINITIONS / MACROS
              //****************************************************************************
              
              
              //****************************************************************************
              // STRUCT / TYPE / ENUM DEFINITTIONS
              //****************************************************************************
              
              
              //****************************************************************************
              // CODE TABLES
              //****************************************************************************
              
              
              //****************************************************************************
              // VARIABLE DECLARATIONS
              //****************************************************************************
              
              
              //****************************************************************************
              // FUNCTION DECLARATIONS
              //****************************************************************************
              void UserInterfaceGlobalDimmingAdjustPWM(WORD usPWMValue);
              void UserInterfaceGlobalDimmingAdjustPCM(void);
C51 COMPILER V8.12   RTD2014USERINTERFACEGLOBALDIMMING                                     03/10/2025 13:51:03 PAGE 2   

              
              //****************************************************************************
              // FUNCTION DEFINITIONS
              //****************************************************************************
              //--------------------------------------------------
              // Description  :
              // Input Value  : 0~ 2048
              // Output Value :
              //--------------------------------------------------
              void UserInterfaceGlobalDimmingAdjustPWM(WORD usPWMValue)
              {
                  WORD usNormPWM = 0;
              #if(_DEVICE_LED_DRIVER_TYPE != _DEVICE_LED_DRIVER_NONE)
                  usNormPWM = ((DWORD)usPWMValue * _DEVICE_LED_DRIVER_PWM_MAX) / _GD_PANEL_PWM_MAX;
                  ExternalDeviceInterfaceLedDriverPwm(_PANEL_PWM_LOCAL_ALL, usNormPWM, _DEVICE_CALI_OFF);
              #else
                  usNormPWM = ((DWORD)usPWMValue * _BACKLIGHT_MAX) / _GD_PANEL_PWM_MAX;
                  // Adjust backlight by changing PWM duty
                  PCB_BACKLIGHT_PWM(usNormPWM);
              #endif
              }
              
              //--------------------------------------------------
              // Description  : Adjust PCM in Global Dimming Mode
              // Input Value  : void
              // Output Value : void
              //--------------------------------------------------
              void UserInterfaceGlobalDimmingAdjustPCM(void)
              {
              #if(_SDR_TO_HDR_SUPPORT == _ON)
              
                  UserAdjustSDRToHDR(GET_OSD_SDR_TO_HDR());
              
              #else
              
              #if(_PCM_FUNCTION == _ON)
                  UserAdjustPCM(GET_OSD_PCM_STATUS());
              #endif
              
              #endif
              }
              
              //--------------------------------------------------
              // Description  : Get Global Dimming OSD Status
              // Input Value  : void
              // Output Value : _GD_ENABLE or _GD_DISABLE
              //--------------------------------------------------
              EnumGDStatus UserInterfaceGetGlobalDimmingStatus(void)
              {
                  return _GD_ENABLE;
              }
              #endif // End of #if((_OSD_TYPE == _REALTEK_2014_OSD) && (_Global_DIMMING_SUPPORT == _ON))
 100          


MODULE INFORMATION:   STATIC OVERLAYABLE
   CODE SIZE        =   ----    ----
   CONSTANT SIZE    =   ----    ----
   XDATA SIZE       =   ----    ----
   PDATA SIZE       =   ----    ----
   DATA SIZE        =   ----    ----
   IDATA SIZE       =   ----    ----
C51 COMPILER V8.12   RTD2014USERINTERFACEGLOBALDIMMING                                     03/10/2025 13:51:03 PAGE 3   

   BIT SIZE         =   ----    ----
END OF MODULE INFORMATION.


C51 COMPILATION COMPLETE.  0 WARNING(S),  0 ERROR(S)
