C51 COMPILER V8.12   RTD2014USERADJUSTRGBGAMMA                                             03/10/2025 13:51:01 PAGE 1   


C51 COMPILER V8.12, COMPILATION OF MODULE RTD2014USERADJUSTRGBGAMMA
OBJECT MODULE PLACED IN .\Output\RL6463\RTD2014UserAdjustRGBGamma.obj
COMPILER INVOKED BY: D:\liuxh\keil3\C51\BIN\C51.EXE User\RTD Series\RTD2014Function\Code\RTD2014UserAdjustRGBGamma.c LAR
                    -GE OPTIMIZE(9,SPEED) INCDIR(.\Output\RL6463;.\Project\Header;.\Pcb;.\Panel;.\Kernel\Device\Header;.\Kernel\Common;.\Kern
                    -el\System\Header;.\Kernel\Scaler\ScalerFunction\Header;.\Kernel\Scaler\ScalerCommonFunction\Header;.\Kernel\Scaler\Scale
                    -rFunction\Lib\Header;.\Kernel\Scaler\ScalerCommonFunction\Lib\Header;.\Kernel\Scaler\RL6463_Series_Scaler\Header;.\Kerne
                    -l\Scaler\RL6463_Series_Scaler\Lib\Header;.\Kernel\User Common Function\Header;.\User\RTD Series\RTD2014Function\Header;.
                    -\User\RTD Series\RTD2014Osd\Header;.\User\RTD Factory\Header;.\User\None Series\NoneFunction\Header;.\User\None Series\N
                    -oneOsd\Header;.\User\None Factory\Header) DEFINE(_PROJECT=_RL6463_PROJECT,_SCALER_TYPE=_RL6463_SERIES) DEBUG OBJECTEXTEN
                    -D PRINT(.\Output\RL6463\RTD2014UserAdjustRGBGamma.lst) OBJECT(.\Output\RL6463\RTD2014UserAdjustRGBGamma.obj)

line level    source

   1          /********************************************************************************/
   2          /*   Copyright (c) 2021 Realtek Semiconductor Corp. All rights reserved.        */
   3          /*                                                                              */
   4          /*   SPDX-License-Identifier: LicenseRef-Realtek-Proprietary                    */
   5          /*                                                                              */
   6          /*   This software component is confidential and proprietary to Realtek         */
   7          /*   Semiconductor Corp. Disclosure, reproduction, redistribution, in whole     */
   8          /*   or in part, of this work and its derivatives without express permission    */
   9          /*   is prohibited.                                                             */
  10          /********************************************************************************/
  11          
  12          //----------------------------------------------------------------------------------------------------
  13          // ID Code      : RTD2014UserAdjustRGBGamma.c No.0000
  14          // Update Note  :
  15          //----------------------------------------------------------------------------------------------------
  16          
  17          #define __USER_ADJUST_RGB_GAMMA__
  18          
  19          #include "UserCommonInclude.h"
  20          
  21          #if((_OSD_TYPE == _REALTEK_2014_OSD) && (_RGB_GAMMA_FUNCTION == _ON))
              
              //****************************************************************************
              // DEFINITIONS / MACROS
              //****************************************************************************
              
              
              //****************************************************************************
              // STRUCT / TYPE / ENUM DEFINITTIONS
              //****************************************************************************
              
              
              //****************************************************************************
              // CODE TABLES
              //****************************************************************************
              
              
              //****************************************************************************
              // VARIABLE DECLARATIONS
              //****************************************************************************
              
              
              //****************************************************************************
              // FUNCTION DECLARATIONS
              //****************************************************************************
              void UserAdjustRGBGamma(BYTE ucGamma);
              
              
C51 COMPILER V8.12   RTD2014USERADJUSTRGBGAMMA                                             03/10/2025 13:51:01 PAGE 2   

              
              //****************************************************************************
              // FUNCTION DEFINITIONS
              //****************************************************************************
              //--------------------------------------------------
              // Description  : Adjust Gamma
              // Input Value  : Gamma type
              // Output Value : None
              //--------------------------------------------------
              void UserAdjustRGBGamma(BYTE ucGamma)
              {
                  ScalerColorRGBOutputGammaAdjust(tRGBGAMMA_TABLE[ucGamma - 1], GET_CURRENT_BANK_NUMBER());
              }
              
              
              #endif // End of #if((_OSD_TYPE == _REALTEK_2014_OSD) && (_RGB_GAMMA_FUNCTION == _ON))


MODULE INFORMATION:   STATIC OVERLAYABLE
   CODE SIZE        =   ----    ----
   CONSTANT SIZE    =   ----    ----
   XDATA SIZE       =   ----    ----
   PDATA SIZE       =   ----    ----
   DATA SIZE        =   ----    ----
   IDATA SIZE       =   ----    ----
   BIT SIZE         =   ----    ----
END OF MODULE INFORMATION.


C51 COMPILATION COMPLETE.  0 WARNING(S),  0 ERROR(S)
