C51 COMPILER V8.12   SCALERDPRX0_INT_COMBOPHY                                              03/10/2025 13:50:30 PAGE 1   


C51 COMPILER V8.12, COMPILATION OF MODULE SCALERDPRX0_INT_COMBOPHY
OBJECT MODULE PLACED IN .\Output\RL6463\ScalerDPRx0_INT_ComboPhy.obj
COMPILER INVOKED BY: D:\liuxh\keil3\C51\BIN\C51.EXE Kernel\Scaler\ScalerFunction\Code\ScalerDPRx0_INT_ComboPhy.c LARGE O
                    -PTIMIZE(9,SPEED) INCDIR(.\Output\RL6463;.\Project\Header;.\Pcb;.\Panel;.\Kernel\Device\Header;.\Kernel\Common;.\Kernel\S
                    -ystem\Header;.\Kernel\Scaler\ScalerFunction\Header;.\Kernel\Scaler\ScalerCommonFunction\Header;.\Kernel\Scaler\ScalerFun
                    -ction\Lib\Header;.\Kernel\Scaler\ScalerCommonFunction\Lib\Header;.\Kernel\Scaler\RL6463_Series_Scaler\Header;.\Kernel\Sc
                    -aler\RL6463_Series_Scaler\Lib\Header;.\Kernel\User Common Function\Header;.\User\RTD Series\RTD2014Function\Header;.\Use
                    -r\RTD Series\RTD2014Osd\Header;.\User\RTD Factory\Header;.\User\None Series\NoneFunction\Header;.\User\None Series\NoneO
                    -sd\Header;.\User\None Factory\Header) DEFINE(_PROJECT=_RL6463_PROJECT,_SCALER_TYPE=_RL6463_SERIES) DEBUG OBJECTEXTEND PR
                    -INT(.\Output\RL6463\ScalerDPRx0_INT_ComboPhy.lst) OBJECT(.\Output\RL6463\ScalerDPRx0_INT_ComboPhy.obj)

line level    source

   1          /********************************************************************************/
   2          /*   Copyright (c) 2021 Realtek Semiconductor Corp. All rights reserved.        */
   3          /*                                                                              */
   4          /*   SPDX-License-Identifier: LicenseRef-Realtek-Proprietary                    */
   5          /*                                                                              */
   6          /*   This software component is confidential and proprietary to Realtek         */
   7          /*   Semiconductor Corp. Disclosure, reproduction, redistribution, in whole     */
   8          /*   or in part, of this work and its derivatives without express permission    */
   9          /*   is prohibited.                                                             */
  10          /********************************************************************************/
  11          
  12          //----------------------------------------------------------------------------------------------------
  13          // ID Code      : ScalerDPRx0_INT_ComboPhy.c No.0000
  14          // Update Note  :
  15          //----------------------------------------------------------------------------------------------------
  16          
  17          #include "ScalerFunctionInclude.h"
  18          
  19          //****************************************************************************
  20          // DEFINITIONS / MACROS
  21          //****************************************************************************
  22          
  23          //****************************************************************************
  24          // STRUCT / TYPE / ENUM DEFINITTIONS
  25          //****************************************************************************
  26          
  27          //****************************************************************************
  28          // CODE TABLES
  29          //****************************************************************************
  30          
  31          //****************************************************************************
  32          // VARIABLE DECLARATIONS
  33          //****************************************************************************
  34          
  35          //****************************************************************************
  36          // FUNCTION DECLARATIONS
  37          //****************************************************************************
  38          #if(_DP_SUPPORT == _ON)
              BYTE ScalerDpRx0GetDpcdBitInfo_EXINT0(BYTE ucDpcdAccessPortH, BYTE ucDpcdAccessPortM, BYTE ucDpcdAccessPor
             -tL, BYTE ucDpcdBit);
              BYTE ScalerDpRx0GetDpcdInfo_EXINT0(BYTE ucDpcdAccessPortH, BYTE ucDpcdAccessPortM, BYTE ucDpcdAccessPortL)
             -;
              void ScalerDpRx0SetDpcdBitValue_EXINT0(BYTE ucDpcdAccessPortH, BYTE ucDpcdAccessPortM, BYTE ucDpcdAccessPo
             -rtL, BYTE ucNotDpcdBit, BYTE ucDpcdBit);
              void ScalerDpRx0SetDpcdValue_EXINT0(BYTE ucDpcdAccessPortH, BYTE ucDpcdAccessPortM, BYTE ucDpcdAccessPortL
             -, BYTE ucDpcdValue);
              void ScalerDpRx0SinkStatusSet_EXINT0(EnumDpSinkReceivePort enumReceiverPort, EnumDpSinkStatus enumInSync);
              BYTE ScalerDpRx0Tp2Check_EXINT0(EnumDpLinkTrainingType enumDpLtType);
C51 COMPILER V8.12   SCALERDPRX0_INT_COMBOPHY                                              03/10/2025 13:50:30 PAGE 2   

              BYTE ScalerDpRx0TrainingPattern1_EXINT0(EnumDpLinkTrainingType enumDpLtType);
              BYTE ScalerDpRx0TrainingPattern2_EXINT0(EnumDpLinkTrainingType enumDpLtType);
              void ScalerDpRx0TrainingPatternEnd_EXINT0(void);
              
              #if(_WD_TIMER_INT_SUPPORT == _ON)
              BYTE ScalerDpRx0GetDpcdInfo_WDINT(BYTE ucDpcdAccessPortH, BYTE ucDpcdAccessPortM, BYTE ucDpcdAccessPortL);
              #endif
              
              #endif
  54          
  55          //****************************************************************************
  56          // FUNCTION DEFINITIONS
  57          //****************************************************************************
  58          #if(_DP_SUPPORT == _ON)
              //--------------------------------------------------
              // Description  : Get DPCD Table Information
              // Input Value  : ucDpcdAccessPortH --> High Byte of DPCD Address
              //                ucDpcdAccessPortM --> Middle Byte of DPCD Address
              //                ucDpcdAccessPortL --> Low Bye of DPCD Adress
              // Output Value : DPCD Information
              //--------------------------------------------------
              BYTE ScalerDpRx0GetDpcdBitInfo_EXINT0(BYTE ucDpcdAccessPortH, BYTE ucDpcdAccessPortM, BYTE ucDpcdAccessPor
             -tL, BYTE ucDpcdBit) using 1
              {
                  ScalerSetByte_EXINT(PB7_C1_DPCD_ADDR_PORT_H, ucDpcdAccessPortH);
                  ScalerSetByte_EXINT(PB7_C2_DPCD_ADDR_PORT_M, ucDpcdAccessPortM);
                  ScalerSetByte_EXINT(PB7_C3_DPCD_ADDR_PORT_L, ucDpcdAccessPortL);
              
                  return ScalerGetBit_EXINT(PB7_C4_DPCD_DATA_PORT, ucDpcdBit);
              }
              //--------------------------------------------------
              // Description  : Get DPCD Table Information in INT0
              // Input Value  : ucDpcdAccessPortH --> High Byte of DPCD Address
              //                ucDpcdAccessPortM --> Middle Byte of DPCD Address
              //                ucDpcdAccessPortL --> Low Bye of DPCD Adress
              // Output Value : DPCD Information
              //--------------------------------------------------
              BYTE ScalerDpRx0GetDpcdInfo_EXINT0(BYTE ucDpcdAccessPortH, BYTE ucDpcdAccessPortM, BYTE ucDpcdAccessPortL)
             - using 1
              {
                  ScalerSetByte_EXINT(PB7_C1_DPCD_ADDR_PORT_H, ucDpcdAccessPortH);
                  ScalerSetByte_EXINT(PB7_C2_DPCD_ADDR_PORT_M, ucDpcdAccessPortM);
                  ScalerSetByte_EXINT(PB7_C3_DPCD_ADDR_PORT_L, ucDpcdAccessPortL);
              
                  return ScalerGetByte_EXINT(PB7_C4_DPCD_DATA_PORT);
              }
              //--------------------------------------------------
              // Description  : Set DPCD Table Information in INT0
              // Input Value  : ucDpcdAccessPortH --> High Byte of DPCD Address
              //                ucDpcdAccessPortM --> Middle Byte of DPCD Address
              //                ucDpcdAccessPortL --> Low Bye of DPCD Adress
              //                ucDpcdValue --> DPCD Value
              // Output Value : None
              //--------------------------------------------------
              void ScalerDpRx0SetDpcdBitValue_EXINT0(BYTE ucDpcdAccessPortH, BYTE ucDpcdAccessPortM, BYTE ucDpcdAccessPo
             -rtL, BYTE ucNotDpcdBit, BYTE ucDpcdBit) using 1
              {
                  ScalerSetByte_EXINT(PB7_C1_DPCD_ADDR_PORT_H, ucDpcdAccessPortH);
                  ScalerSetByte_EXINT(PB7_C2_DPCD_ADDR_PORT_M, ucDpcdAccessPortM);
                  ScalerSetByte_EXINT(PB7_C3_DPCD_ADDR_PORT_L, ucDpcdAccessPortL);
                  ScalerSetBit_EXINT(PB7_C4_DPCD_DATA_PORT, ~(~ucNotDpcdBit), ucDpcdBit);
              }
C51 COMPILER V8.12   SCALERDPRX0_INT_COMBOPHY                                              03/10/2025 13:50:30 PAGE 3   

              //--------------------------------------------------
              // Description  : Set DPCD Table Information in INT0
              // Input Value  : ucDpcdAccessPortH --> High Byte of DPCD Address
              //                ucDpcdAccessPortM --> Middle Byte of DPCD Address
              //                ucDpcdAccessPortL --> Low Bye of DPCD Adress
              //                ucDpcdValue --> DPCD Value
              // Output Value : None
              //--------------------------------------------------
              void ScalerDpRx0SetDpcdValue_EXINT0(BYTE ucDpcdAccessPortH, BYTE ucDpcdAccessPortM, BYTE ucDpcdAccessPortL
             -, BYTE ucDpcdValue) using 1
              {
                  ScalerSetByte_EXINT(PB7_C1_DPCD_ADDR_PORT_H, ucDpcdAccessPortH);
                  ScalerSetByte_EXINT(PB7_C2_DPCD_ADDR_PORT_M, ucDpcdAccessPortM);
                  ScalerSetByte_EXINT(PB7_C3_DPCD_ADDR_PORT_L, ucDpcdAccessPortL);
                  ScalerSetByte_EXINT(PB7_C4_DPCD_DATA_PORT, ucDpcdValue);
              }
              //--------------------------------------------------
              // Description  : DP Sink Status Setting in EXINT
              // Input Value  : Receive Port, Sync Status
              // Output Value : None
              //--------------------------------------------------
              void ScalerDpRx0SinkStatusSet_EXINT0(EnumDpSinkReceivePort enumReceiverPort, EnumDpSinkStatus enumInSync) 
             -using 1
              {
                  if(enumInSync == _DP_SINK_IN_SYNC)
                  {
                      if(enumReceiverPort == _DP_SINK_REVEICE_PORT0)
                      {
                          // Set Receive Port 0 in Sync
                          ScalerDpRx0SetDpcdValue_EXINT0(0x00, 0x02, 0x05, (ScalerDpRx0GetDpcdInfo_EXINT0(0x00, 0x02, 0x
             -05) | _BIT0));
                      }
                      else if(enumReceiverPort == _DP_SINK_REVEICE_PORT1)
                      {
                          // Set Receive Port 1 in Sync
                          ScalerDpRx0SetDpcdValue_EXINT0(0x00, 0x02, 0x05, (ScalerDpRx0GetDpcdInfo_EXINT0(0x00, 0x02, 0x
             -05) | _BIT1));
                      }
                  }
                  else
                  {
                      if(enumReceiverPort == _DP_SINK_REVEICE_PORT0)
                      {
                          // Set Receive Port 0 Out of Sync
                          ScalerDpRx0SetDpcdValue_EXINT0(0x00, 0x02, 0x05, (ScalerDpRx0GetDpcdInfo_EXINT0(0x00, 0x02, 0x
             -05) & ~_BIT0));
                      }
                      else if(enumReceiverPort == _DP_SINK_REVEICE_PORT1)
                      {
                          // Set Receive Port 1 Out of Sync
                          ScalerDpRx0SetDpcdValue_EXINT0(0x00, 0x02, 0x05, (ScalerDpRx0GetDpcdInfo_EXINT0(0x00, 0x02, 0x
             -05) & ~_BIT1));
                      }
                  }
              }
              //--------------------------------------------------
              // Description  : Check Dp Training Pattern 2
              // Input Value  : Normal or Fake LT
              // Output Value : TRUE --> TP2 Pass
              //--------------------------------------------------
              BYTE ScalerDpRx0Tp2Check_EXINT0(EnumDpLinkTrainingType enumDpLtType) using 1
              {
C51 COMPILER V8.12   SCALERDPRX0_INT_COMBOPHY                                              03/10/2025 13:50:30 PAGE 4   

                  BYTE ucEQCRCStatus = 0;
                  BYTE ucDecodeStatus = 0;
                  BYTE ucFakeLTLaneCount = g_ucDpRx0LaneCount;
              
                  pData_EXINT[0] = ScalerDpRx0GetDpcdInfo_EXINT0(0x00, 0x01, 0x03);
                  pData_EXINT[1] = ScalerDpRx0GetDpcdInfo_EXINT0(0x00, 0x01, 0x04);
                  pData_EXINT[2] = ScalerDpRx0GetDpcdInfo_EXINT0(0x00, 0x01, 0x05);
                  pData_EXINT[3] = ScalerDpRx0GetDpcdInfo_EXINT0(0x00, 0x01, 0x06);
              
                  ScalerDpRx0SetDpcdValue_EXINT0(0x00, 0x02, 0x04, 0x80);
              
                  if(enumDpLtType == _DP_NORMAL_LT)
                  {
                      g_ucDpRx0LinkRequest01 = ((pData_EXINT[0] & 0x03) |
                                                ((pData_EXINT[0] >> 1) & 0x0C) |
                                                ((pData_EXINT[1] << 4) & 0x30) |
                                                ((pData_EXINT[1] << 3) & 0xC0));
              
                      g_ucDpRx0LinkRequest23 = ((pData_EXINT[2] & 0x03) |
                                                ((pData_EXINT[2] >> 1) & 0x0C) |
                                                ((pData_EXINT[3] << 4) & 0x30) |
                                                ((pData_EXINT[3] << 3) & 0xC0));
              
                      // Clear 8b/10b Decode Error Flag
                      ScalerSetBit_EXINT(PB_06_DECODE_10B8B_ERROR, ~(_BIT3 | _BIT2 | _BIT1 | _BIT0), (_BIT3 | _BIT2 | _B
             -IT1 | _BIT0));
              
                      // Enable EQ-CRC and Clear EQ-CRC Status (-K28.5)
                      ScalerSetBit_EXINT(PB_12_EQ_CRC_1, ~(_BIT7 | _BIT6 | _BIT3 | _BIT2 | _BIT1 | _BIT0), (_BIT7 | _BIT
             -6 | _BIT3 | _BIT2 | _BIT1 | _BIT0));
              
                      // Delay Time us [45,x]
                      DELAY_45US_EXINT();
              
                      ucEQCRCStatus = ScalerGetByte_EXINT(PB_12_EQ_CRC_1);
              
                      // Disable EQ-CRC
                      ScalerSetBit_EXINT(PB_12_EQ_CRC_1, ~(_BIT7 | _BIT3 | _BIT2 | _BIT1 | _BIT0), (_BIT3 | _BIT2 | _BIT
             -1 | _BIT0));
              
                      // Enable EQ-CRC and Clear EQ-CRC Status (+K28.5)
                      ScalerSetBit_EXINT(PB_12_EQ_CRC_1, ~(_BIT7 | _BIT6 | _BIT3 | _BIT2 | _BIT1 | _BIT0), (_BIT7 | _BIT
             -3 | _BIT2 | _BIT1 | _BIT0));
              
                      // Delay Time us [45,x]
                      DELAY_45US_EXINT();
              
                      ucEQCRCStatus = (ucEQCRCStatus | ScalerGetByte_EXINT(PB_12_EQ_CRC_1));
              
                      // Disable EQ-CRC
                      ScalerSetBit_EXINT(PB_12_EQ_CRC_1, ~(_BIT7 | _BIT3 | _BIT2 | _BIT1 | _BIT0), (_BIT3 | _BIT2 | _BIT
             -1 | _BIT0));
              
                      ucDecodeStatus = ScalerGetByte_EXINT(PB_06_DECODE_10B8B_ERROR);
              
                      g_ucDpRx0EQCRC = 0x00;
              
                      if(GET_DP_RX0_PCB_LANE0_MAPPING() == _DP_SCALER_LANE0)
                      {
                          g_ucDpRx0EQCRC |= (ucEQCRCStatus & 0x01);
                      }
                      else if(GET_DP_RX0_PCB_LANE0_MAPPING() == _DP_SCALER_LANE1)
C51 COMPILER V8.12   SCALERDPRX0_INT_COMBOPHY                                              03/10/2025 13:50:30 PAGE 5   

                      {
                          g_ucDpRx0EQCRC |= ((ucEQCRCStatus & 0x02) >> 1);
                      }
                      else if(GET_DP_RX0_PCB_LANE0_MAPPING() == _DP_SCALER_LANE2)
                      {
                          g_ucDpRx0EQCRC |= ((ucEQCRCStatus & 0x04) >> 2);
                      }
                      else if(GET_DP_RX0_PCB_LANE0_MAPPING() == _DP_SCALER_LANE3)
                      {
                          g_ucDpRx0EQCRC |= ((ucEQCRCStatus & 0x08) >> 3);
                      }
              
                      if(GET_DP_RX0_PCB_LANE1_MAPPING() == _DP_SCALER_LANE0)
                      {
                          g_ucDpRx0EQCRC |= ((ucEQCRCStatus & 0x01) << 1);
                      }
                      else if(GET_DP_RX0_PCB_LANE1_MAPPING() == _DP_SCALER_LANE1)
                      {
                          g_ucDpRx0EQCRC |= (ucEQCRCStatus & 0x02);
                      }
                      else if(GET_DP_RX0_PCB_LANE1_MAPPING() == _DP_SCALER_LANE2)
                      {
                          g_ucDpRx0EQCRC |= ((ucEQCRCStatus & 0x04) >> 1);
                      }
                      else if(GET_DP_RX0_PCB_LANE1_MAPPING() == _DP_SCALER_LANE3)
                      {
                          g_ucDpRx0EQCRC |= ((ucEQCRCStatus & 0x08) >> 2);
                      }
              
                      if(GET_DP_RX0_PCB_LANE2_MAPPING() == _DP_SCALER_LANE0)
                      {
                          g_ucDpRx0EQCRC |= ((ucEQCRCStatus & 0x01) << 2);
                      }
                      else if(GET_DP_RX0_PCB_LANE2_MAPPING() == _DP_SCALER_LANE1)
                      {
                          g_ucDpRx0EQCRC |= ((ucEQCRCStatus & 0x02) << 1);
                      }
                      else if(GET_DP_RX0_PCB_LANE2_MAPPING() == _DP_SCALER_LANE2)
                      {
                          g_ucDpRx0EQCRC |= (ucEQCRCStatus & 0x04);
                      }
                      else if(GET_DP_RX0_PCB_LANE2_MAPPING() == _DP_SCALER_LANE3)
                      {
                          g_ucDpRx0EQCRC |= ((ucEQCRCStatus & 0x08) >> 1);
                      }
              
                      if(GET_DP_RX0_PCB_LANE3_MAPPING() == _DP_SCALER_LANE0)
                      {
                          g_ucDpRx0EQCRC |= ((ucEQCRCStatus & 0x01) << 3);
                      }
                      else if(GET_DP_RX0_PCB_LANE3_MAPPING() == _DP_SCALER_LANE1)
                      {
                          g_ucDpRx0EQCRC |= ((ucEQCRCStatus & 0x02) << 2);
                      }
                      else if(GET_DP_RX0_PCB_LANE3_MAPPING() == _DP_SCALER_LANE2)
                      {
                          g_ucDpRx0EQCRC |= ((ucEQCRCStatus & 0x04) << 1);
                      }
                      else if(GET_DP_RX0_PCB_LANE3_MAPPING() == _DP_SCALER_LANE3)
                      {
                          g_ucDpRx0EQCRC |= (ucEQCRCStatus & 0x08);
                      }
C51 COMPILER V8.12   SCALERDPRX0_INT_COMBOPHY                                              03/10/2025 13:50:30 PAGE 6   

              
                      ucEQCRCStatus = g_ucDpRx0EQCRC;
              
                      g_ucDpRx0EQCRC = 0x00;
              
                      if(GET_DP_RX0_PCB_LANE0_MAPPING() == _DP_SCALER_LANE0)
                      {
                          g_ucDpRx0EQCRC |= (ucDecodeStatus & 0x01);
                      }
                      else if(GET_DP_RX0_PCB_LANE0_MAPPING() == _DP_SCALER_LANE1)
                      {
                          g_ucDpRx0EQCRC |= ((ucDecodeStatus & 0x02) >> 1);
                      }
                      else if(GET_DP_RX0_PCB_LANE0_MAPPING() == _DP_SCALER_LANE2)
                      {
                          g_ucDpRx0EQCRC |= ((ucDecodeStatus & 0x04) >> 2);
                      }
                      else if(GET_DP_RX0_PCB_LANE0_MAPPING() == _DP_SCALER_LANE3)
                      {
                          g_ucDpRx0EQCRC |= ((ucDecodeStatus & 0x08) >> 3);
                      }
              
                      if(GET_DP_RX0_PCB_LANE1_MAPPING() == _DP_SCALER_LANE0)
                      {
                          g_ucDpRx0EQCRC |= ((ucDecodeStatus & 0x01) << 1);
                      }
                      else if(GET_DP_RX0_PCB_LANE1_MAPPING() == _DP_SCALER_LANE1)
                      {
                          g_ucDpRx0EQCRC |= (ucDecodeStatus & 0x02);
                      }
                      else if(GET_DP_RX0_PCB_LANE1_MAPPING() == _DP_SCALER_LANE2)
                      {
                          g_ucDpRx0EQCRC |= ((ucDecodeStatus & 0x04) >> 1);
                      }
                      else if(GET_DP_RX0_PCB_LANE1_MAPPING() == _DP_SCALER_LANE3)
                      {
                          g_ucDpRx0EQCRC |= ((ucDecodeStatus & 0x08) >> 2);
                      }
              
                      if(GET_DP_RX0_PCB_LANE2_MAPPING() == _DP_SCALER_LANE0)
                      {
                          g_ucDpRx0EQCRC |= ((ucDecodeStatus & 0x01) << 2);
                      }
                      else if(GET_DP_RX0_PCB_LANE2_MAPPING() == _DP_SCALER_LANE1)
                      {
                          g_ucDpRx0EQCRC |= ((ucDecodeStatus & 0x02) << 1);
                      }
                      else if(GET_DP_RX0_PCB_LANE2_MAPPING() == _DP_SCALER_LANE2)
                      {
                          g_ucDpRx0EQCRC |= (ucDecodeStatus & 0x04);
                      }
                      else if(GET_DP_RX0_PCB_LANE2_MAPPING() == _DP_SCALER_LANE3)
                      {
                          g_ucDpRx0EQCRC |= ((ucDecodeStatus & 0x08) >> 1);
                      }
              
                      if(GET_DP_RX0_PCB_LANE3_MAPPING() == _DP_SCALER_LANE0)
                      {
                          g_ucDpRx0EQCRC |= ((ucDecodeStatus & 0x01) << 3);
                      }
                      else if(GET_DP_RX0_PCB_LANE3_MAPPING() == _DP_SCALER_LANE1)
                      {
C51 COMPILER V8.12   SCALERDPRX0_INT_COMBOPHY                                              03/10/2025 13:50:30 PAGE 7   

                          g_ucDpRx0EQCRC |= ((ucDecodeStatus & 0x02) << 2);
                      }
                      else if(GET_DP_RX0_PCB_LANE3_MAPPING() == _DP_SCALER_LANE2)
                      {
                          g_ucDpRx0EQCRC |= ((ucDecodeStatus & 0x04) << 1);
                      }
                      else if(GET_DP_RX0_PCB_LANE3_MAPPING() == _DP_SCALER_LANE3)
                      {
                          g_ucDpRx0EQCRC |= (ucDecodeStatus & 0x08);
                      }
              
                      ucDecodeStatus = g_ucDpRx0EQCRC;
              
                      switch(g_ucDpRx0LaneCount)
                      {
                          case _DP_FOUR_LANE:
              
              #if(_DP_LT_VALID_LANE_REQUEST_THE_SAME_LEVEL == _ON)
                              if((ucEQCRCStatus & (_BIT3 | _BIT2 | _BIT1 | _BIT0)) != (_BIT3 | _BIT2 | _BIT1 | _BIT0))
                              {
                                  ucEQCRCStatus &= ~(_BIT3 | _BIT2 | _BIT1 | _BIT0);
                              }
              #endif
              
                              // reset LinkStatus CR state
                              g_ucDpRx0LinkStatus01 = 0x11;
                              g_ucDpRx0LinkStatus23 = 0x11;
              
                              // Lane2 EQ-CRC Check
                              if(((ucEQCRCStatus & _BIT2) == _BIT2) && ((ucDecodeStatus & _BIT2) == 0x00))
                              {
                                  g_ucDpRx0LinkStatus23 = g_ucDpRx0LinkStatus23 | 0x07;
                              }
                              else
                              {
                                  if(((ScalerDpRx0GetDpcdInfo_EXINT0(0x00, 0x01, 0x05) & _BIT5) != _BIT5) &&
                                     (((g_ucDpRx0LinkRequest23 & 0x03) + ((g_ucDpRx0LinkRequest23 >> 2) & 0x03)) < 3))
                                  {
                                      g_ucDpRx0LinkRequest23 = g_ucDpRx0LinkRequest23 + 0x04;
                                  }
              #if(_DP_LT_TP2_RETRY_FOR_S2P1_S3P0 == _ON)
                                  else
                                  {
                                      if(g_pucDpRx0MaxSwing[2] != 0xFF)
                                      {
                                          // S2P1 -> S3P0
                                          if(((pData_EXINT[2] & (_BIT2 | _BIT1 | _BIT0)) == _BIT1) &&
                                             ((pData_EXINT[2] & (_BIT4 | _BIT3)) == _BIT3) &&
                                             (g_pucDpRx0MaxSwing[2] == 3))
                                          {
                                              g_ucDpRx0LinkRequest23 = 0x03 | (g_ucDpRx0LinkRequest23 & 0xF0);
                                              g_pucDpRx0MaxSwing[2] = 0xFF;
                                          }
              
                                          // S3P0 -> S2P1
                                          if(((pData_EXINT[2] & (_BIT1 | _BIT0)) == (_BIT1 | _BIT0)) &&
                                             ((pData_EXINT[2] & (_BIT5 | _BIT4 | _BIT3)) == 0x00))
                                          {
                                              g_ucDpRx0LinkRequest23 = 0x06 | (g_ucDpRx0LinkRequest23 & 0xF0);
                                              g_pucDpRx0MaxSwing[2] = 0xFF;
                                          }
                                      }
C51 COMPILER V8.12   SCALERDPRX0_INT_COMBOPHY                                              03/10/2025 13:50:30 PAGE 8   

                                  }
              #endif
                              }
              
                              // Lane3 EQ-CRC Check
                              if(((ucEQCRCStatus & _BIT3) == _BIT3) && ((ucDecodeStatus & _BIT3) == 0x00))
                              {
                                  g_ucDpRx0LinkStatus23 = g_ucDpRx0LinkStatus23 | 0x70;
                              }
                              else
                              {
                                  if(((ScalerDpRx0GetDpcdInfo_EXINT0(0x00, 0x01, 0x06) & _BIT5) != _BIT5) &&
                                     ((((g_ucDpRx0LinkRequest23 >> 4) & 0x03) + ((g_ucDpRx0LinkRequest23 >> 6) & 0x03)) 
             -< 3))
                                  {
                                      g_ucDpRx0LinkRequest23 = g_ucDpRx0LinkRequest23 + 0x40;
                                  }
              #if(_DP_LT_TP2_RETRY_FOR_S2P1_S3P0 == _ON)
                                  else
                                  {
                                      if(g_pucDpRx0MaxSwing[3] != 0xFF)
                                      {
                                          // S2P1 -> S3P0
                                          if(((pData_EXINT[3] & (_BIT2 | _BIT1 | _BIT0)) == _BIT1) &&
                                             ((pData_EXINT[3] & (_BIT4 | _BIT3)) == _BIT3) &&
                                             (g_pucDpRx0MaxSwing[3] == 3))
                                          {
                                              g_ucDpRx0LinkRequest23 = 0x30 | (g_ucDpRx0LinkRequest23 & 0x0F);
                                              g_pucDpRx0MaxSwing[3] = 0xFF;
                                          }
              
                                          // S3P0 -> S2P1
                                          if(((pData_EXINT[3] & (_BIT1 | _BIT0)) == (_BIT1 | _BIT0)) &&
                                             ((pData_EXINT[3] & (_BIT5 | _BIT4 | _BIT3)) == 0x00))
                                          {
                                              g_ucDpRx0LinkRequest23 = 0x60 | (g_ucDpRx0LinkRequest23 & 0x0F);
                                              g_pucDpRx0MaxSwing[3] = 0xFF;
                                          }
                                      }
                                  }
              #endif
                              }
              
                              // Lane1 EQ-CRC Check
                              if(((ucEQCRCStatus & _BIT1) == _BIT1) && ((ucDecodeStatus & _BIT1) == 0x00))
                              {
                                  g_ucDpRx0LinkStatus01 = g_ucDpRx0LinkStatus01 | 0x70;
                              }
                              else
                              {
                                  if(((ScalerDpRx0GetDpcdInfo_EXINT0(0x00, 0x01, 0x04) & _BIT5) != _BIT5) &&
                                     ((((g_ucDpRx0LinkRequest01 >> 4) & 0x03) + ((g_ucDpRx0LinkRequest01 >> 6) & 0x03)) 
             -< 3))
                                  {
                                      g_ucDpRx0LinkRequest01 = g_ucDpRx0LinkRequest01 + 0x40;
                                  }
              #if(_DP_LT_TP2_RETRY_FOR_S2P1_S3P0 == _ON)
                                  else
                                  {
                                      if(g_pucDpRx0MaxSwing[1] != 0xFF)
                                      {
                                          // S2P1 -> S3P0
C51 COMPILER V8.12   SCALERDPRX0_INT_COMBOPHY                                              03/10/2025 13:50:30 PAGE 9   

                                          if(((pData_EXINT[1] & (_BIT2 | _BIT1 | _BIT0)) == _BIT1) &&
                                             ((pData_EXINT[1] & (_BIT4 | _BIT3)) == _BIT3) &&
                                             (g_pucDpRx0MaxSwing[1] == 3))
                                          {
                                              g_ucDpRx0LinkRequest01 = 0x30 | (g_ucDpRx0LinkRequest01 & 0x0F);
                                              g_pucDpRx0MaxSwing[1] = 0xFF;
                                          }
              
                                          // S3P0 -> S2P1
                                          if(((pData_EXINT[1] & (_BIT1 | _BIT0)) == (_BIT1 | _BIT0)) &&
                                             ((pData_EXINT[1] & (_BIT5 | _BIT4 | _BIT3)) == 0x00))
                                          {
                                              g_ucDpRx0LinkRequest01 = 0x60 | (g_ucDpRx0LinkRequest01 & 0x0F);
                                              g_pucDpRx0MaxSwing[1] = 0xFF;
                                          }
                                      }
                                  }
              #endif
                              }
              
                              // Lane0 EQ-CRC Check
                              if(((ucEQCRCStatus & _BIT0) == _BIT0) && ((ucDecodeStatus & _BIT0) == 0x00))
                              {
                                  g_ucDpRx0LinkStatus01 = g_ucDpRx0LinkStatus01 | 0x07;
                              }
                              else
                              {
                                  if(((ScalerDpRx0GetDpcdInfo_EXINT0(0x00, 0x01, 0x03) & _BIT5) != _BIT5) &&
                                     (((g_ucDpRx0LinkRequest01 & 0x03) + ((g_ucDpRx0LinkRequest01 >> 2) & 0x03)) < 3))
                                  {
                                      g_ucDpRx0LinkRequest01 = g_ucDpRx0LinkRequest01 + 0x04;
                                  }
              #if(_DP_LT_TP2_RETRY_FOR_S2P1_S3P0 == _ON)
                                  else
                                  {
                                      if(g_pucDpRx0MaxSwing[0] != 0xFF)
                                      {
                                          // S2P1 -> S3P0
                                          if(((pData_EXINT[0] & (_BIT2 | _BIT1 | _BIT0)) == _BIT1) &&
                                             ((pData_EXINT[0] & (_BIT4 | _BIT3)) == _BIT3) &&
                                             (g_pucDpRx0MaxSwing[0] == 3))
                                          {
                                              g_ucDpRx0LinkRequest01 = 0x03 | (g_ucDpRx0LinkRequest01 & 0xF0);
                                              g_pucDpRx0MaxSwing[0] = 0xFF;
                                          }
              
                                          // S3P0 -> S2P1
                                          if(((pData_EXINT[0] & (_BIT1 | _BIT0)) == (_BIT1 | _BIT0)) &&
                                             ((pData_EXINT[0] & (_BIT5 | _BIT4 | _BIT3)) == 0x00))
                                          {
                                              g_ucDpRx0LinkRequest01 = 0x06 | (g_ucDpRx0LinkRequest01 & 0xF0);
                                              g_pucDpRx0MaxSwing[0] = 0xFF;
                                          }
                                      }
                                  }
              #endif
                              }
              
                              if((g_ucDpRx0LinkRequest01 & (_BIT3 | _BIT2)) < ((g_ucDpRx0LinkRequest23 & (_BIT7 | _BIT6)
             -) >> 4))
                              {
                                  SET_DP_RX0_MAIN_LINK_MARGINAL();
C51 COMPILER V8.12   SCALERDPRX0_INT_COMBOPHY                                              03/10/2025 13:50:30 PAGE 10  

                              }
              
                              break;
              
                          case _DP_TWO_LANE:
              
              #if(_DP_LT_VALID_LANE_REQUEST_THE_SAME_LEVEL == _ON)
                              if((ucEQCRCStatus & (_BIT1 | _BIT0)) != (_BIT1 | _BIT0))
                              {
                                  ucEQCRCStatus &= ~(_BIT1 | _BIT0);
                              }
              #endif
              
                              // reset LinkStatus CR state
                              g_ucDpRx0LinkStatus01 = 0x11;
                              g_ucDpRx0LinkStatus23 = 0x00;
              
                              // Lane1 EQ-CRC Check
                              if(((ucEQCRCStatus & _BIT1) == _BIT1) && ((ucDecodeStatus & _BIT1) == 0x00))
                              {
                                  g_ucDpRx0LinkStatus01 = g_ucDpRx0LinkStatus01 | 0x70;
                              }
                              else
                              {
                                  if(((ScalerDpRx0GetDpcdInfo_EXINT0(0x00, 0x01, 0x04) & _BIT5) != _BIT5) &&
                                     ((((g_ucDpRx0LinkRequest01 >> 4) & 0x03) + ((g_ucDpRx0LinkRequest01 >> 6) & 0x03)) 
             -< 3))
                                  {
                                      g_ucDpRx0LinkRequest01 = g_ucDpRx0LinkRequest01 + 0x40;
                                  }
              #if(_DP_LT_TP2_RETRY_FOR_S2P1_S3P0 == _ON)
                                  else
                                  {
                                      if(g_pucDpRx0MaxSwing[1] != 0xFF)
                                      {
                                          // S2P1 -> S3P0
                                          if(((pData_EXINT[1] & (_BIT2 | _BIT1 | _BIT0)) == _BIT1) &&
                                             ((pData_EXINT[1] & (_BIT4 | _BIT3)) == _BIT3) &&
                                             (g_pucDpRx0MaxSwing[1] == 3))
                                          {
                                              g_ucDpRx0LinkRequest01 = 0x30 | (g_ucDpRx0LinkRequest01 & 0x0F);
                                              g_pucDpRx0MaxSwing[1] = 0xFF;
                                          }
              
                                          // S3P0 -> S2P1
                                          if(((pData_EXINT[1] & (_BIT1 | _BIT0)) == (_BIT1 | _BIT0)) &&
                                             ((pData_EXINT[1] & (_BIT5 | _BIT4 | _BIT3)) == 0x00))
                                          {
                                              g_ucDpRx0LinkRequest01 = 0x60 | (g_ucDpRx0LinkRequest01 & 0x0F);
                                              g_pucDpRx0MaxSwing[1] = 0xFF;
                                          }
                                      }
                                  }
              #endif
                              }
              
                              // Lane0 EQ-CRC Check
                              if(((ucEQCRCStatus & _BIT0) == _BIT0) && ((ucDecodeStatus & _BIT0) == 0x00))
                              {
                                  g_ucDpRx0LinkStatus01 = g_ucDpRx0LinkStatus01 | 0x07;
                              }
                              else
C51 COMPILER V8.12   SCALERDPRX0_INT_COMBOPHY                                              03/10/2025 13:50:30 PAGE 11  

                              {
                                  if(((ScalerDpRx0GetDpcdInfo_EXINT0(0x00, 0x01, 0x03) & _BIT5) != _BIT5) &&
                                     (((g_ucDpRx0LinkRequest01 & 0x03) + ((g_ucDpRx0LinkRequest01 >> 2) & 0x03)) < 3))
                                  {
                                      g_ucDpRx0LinkRequest01 = g_ucDpRx0LinkRequest01 + 0x04;
                                  }
              #if(_DP_LT_TP2_RETRY_FOR_S2P1_S3P0 == _ON)
                                  else
                                  {
                                      if(g_pucDpRx0MaxSwing[0] != 0xFF)
                                      {
                                          // S2P1 -> S3P0
                                          if(((pData_EXINT[0] & (_BIT2 | _BIT1 | _BIT0)) == _BIT1) &&
                                             ((pData_EXINT[0] & (_BIT4 | _BIT3)) == _BIT3) &&
                                             (g_pucDpRx0MaxSwing[0] == 3))
                                          {
                                              g_ucDpRx0LinkRequest01 = 0x03 | (g_ucDpRx0LinkRequest01 & 0xF0);
                                              g_pucDpRx0MaxSwing[0] = 0xFF;
                                          }
              
                                          // S3P0 -> S2P1
                                          if(((pData_EXINT[0] & (_BIT1 | _BIT0)) == (_BIT1 | _BIT0)) &&
                                             ((pData_EXINT[0] & (_BIT5 | _BIT4 | _BIT3)) == 0x00))
                                          {
                                              g_ucDpRx0LinkRequest01 = 0x06 | (g_ucDpRx0LinkRequest01 & 0xF0);
                                              g_pucDpRx0MaxSwing[0] = 0xFF;
                                          }
                                      }
                                  }
              #endif
                              }
              
                              break;
              
                          case _DP_ONE_LANE:
                          default:
              
                              // reset LinkStatus CR state
                              g_ucDpRx0LinkStatus01 = 0x01;
                              g_ucDpRx0LinkStatus23 = 0x00;
              
                              // Lane0 EQ-CRC Check
                              if(((ucEQCRCStatus & _BIT0) == _BIT0) && ((ucDecodeStatus & _BIT0) == 0x00))
                              {
                                  g_ucDpRx0LinkStatus01 = g_ucDpRx0LinkStatus01 | 0x07;
                              }
                              else
                              {
                                  if(((ScalerDpRx0GetDpcdInfo_EXINT0(0x00, 0x01, 0x03) & _BIT5) != _BIT5) &&
                                     (((g_ucDpRx0LinkRequest01 & 0x03) + ((g_ucDpRx0LinkRequest01 >> 2) & 0x03)) < 3))
                                  {
                                      g_ucDpRx0LinkRequest01 = g_ucDpRx0LinkRequest01 + 0x04;
                                  }
              #if(_DP_LT_TP2_RETRY_FOR_S2P1_S3P0 == _ON)
                                  else
                                  {
                                      if(g_pucDpRx0MaxSwing[0] != 0xFF)
                                      {
                                          // S2P1 -> S3P0
                                          if(((pData_EXINT[0] & (_BIT2 | _BIT1 | _BIT0)) == _BIT1) &&
                                             ((pData_EXINT[0] & (_BIT4 | _BIT3)) == _BIT3) &&
                                             (g_pucDpRx0MaxSwing[0] == 3))
C51 COMPILER V8.12   SCALERDPRX0_INT_COMBOPHY                                              03/10/2025 13:50:30 PAGE 12  

                                          {
                                              g_ucDpRx0LinkRequest01 = 0x03 | (g_ucDpRx0LinkRequest01 & 0xF0);
                                              g_pucDpRx0MaxSwing[0] = 0xFF;
                                          }
              
                                          // S3P0 -> S2P1
                                          if(((pData_EXINT[0] & (_BIT1 | _BIT0)) == (_BIT1 | _BIT0)) &&
                                             ((pData_EXINT[0] & (_BIT5 | _BIT4 | _BIT3)) == 0x00))
                                          {
                                              g_ucDpRx0LinkRequest01 = 0x06 | (g_ucDpRx0LinkRequest01 & 0xF0);
                                              g_pucDpRx0MaxSwing[0] = 0xFF;
                                          }
                                      }
                                  }
              #endif
                              }
              
                              break;
                      }
              
                      ScalerDpRx0SetDpcdValue_EXINT0(0x00, 0x02, 0x02, g_ucDpRx0LinkStatus01);
                      ScalerDpRx0SetDpcdValue_EXINT0(0x00, 0x02, 0x03, g_ucDpRx0LinkStatus23);
                      ScalerDpRx0SetDpcdValue_EXINT0(0x00, 0x02, 0x06, g_ucDpRx0LinkRequest01);
                      ScalerDpRx0SetDpcdValue_EXINT0(0x00, 0x02, 0x07, g_ucDpRx0LinkRequest23);
              
                      switch(g_ucDpRx0LaneCount)
                      {
                          case _DP_ONE_LANE:
              
                              if((g_ucDpRx0LinkStatus01 & 0x07) == 0x07)
                              {
                                  ScalerDpRx0SetDpcdValue_EXINT0(0x00, 0x02, 0x04, 0x81);
                                  return _TRUE;
                              }
              
                              break;
              
                          case _DP_TWO_LANE:
              
                              if((g_ucDpRx0LinkStatus01 & 0x77) == 0x77)
                              {
                                  ScalerDpRx0SetDpcdValue_EXINT0(0x00, 0x02, 0x04, 0x81);
                                  return _TRUE;
                              }
              
                              break;
              
                          case _DP_FOUR_LANE:
                          default:
              
                              if(((g_ucDpRx0LinkStatus01 & 0x77) == 0x77) && (((g_ucDpRx0LinkStatus23 & 0x77) == 0x77)))
                              {
                                  ScalerDpRx0SetDpcdValue_EXINT0(0x00, 0x02, 0x04, 0x81);
                                  return _TRUE;
                              }
              
                              break;
                      }
                  }
                  else
                  {
                      g_ucDpRx0LinkRequest01 = (pData_EXINT[0] & 0x03) | ((pData_EXINT[1] << 4) & 0x30);
C51 COMPILER V8.12   SCALERDPRX0_INT_COMBOPHY                                              03/10/2025 13:50:30 PAGE 13  

                      g_ucDpRx0LinkRequest23 = (pData_EXINT[2] & 0x03) | ((pData_EXINT[3] << 4) & 0x30);
              
              #if(_DP_RX_MI_DONGLE_SUPPORT == _ON)
                      if(g_ucDpRx0FakeLTLaneCount <= g_ucDpRx0LaneCount)
                      {
                          ucFakeLTLaneCount = g_ucDpRx0FakeLTLaneCount;
                      }
                      else
                      {
                          ucFakeLTLaneCount = g_ucDpRx0LaneCount;
                      }
              #endif
                      switch(ucFakeLTLaneCount)
                      {
                          case _DP_ONE_LANE:
              
                              ScalerDpRx0SetDpcdValue_EXINT0(0x00, 0x02, 0x02, 0x01);
                              ScalerDpRx0SetDpcdValue_EXINT0(0x00, 0x02, 0x03, 0x00);
              
                              if(((pData_EXINT[0] & _BIT2) != _BIT2) && ((pData_EXINT[0] & (_BIT1 | _BIT0)) < _BIT1))
                              {
                                  g_ucDpRx0LinkRequest01 = ((g_ucDpRx0LinkRequest01 & 0xFC) | (pData_EXINT[0] & (_BIT1 |
             - _BIT0))) + 0x01;
                              }
              
                              ScalerDpRx0SetDpcdValue_EXINT0(0x00, 0x02, 0x06, g_ucDpRx0LinkRequest01);
                              ScalerDpRx0SetDpcdValue_EXINT0(0x00, 0x02, 0x07, 0x00);
              
                              if(((pData_EXINT[0] & _BIT5) == _BIT5) || ((pData_EXINT[0] & _BIT2) == _BIT2) || ((pData_E
             -XINT[0] & (_BIT1 | _BIT0)) == (ScalerDpRx0GetDpcdInfo_EXINT0(0x00, 0x02, 0x06) & (_BIT1 | _BIT0))))
                              {
                                  ScalerDpRx0SetDpcdValue_EXINT0(0x00, 0x02, 0x02, 0x07);
                                  ScalerDpRx0SetDpcdValue_EXINT0(0x00, 0x02, 0x04, 0x81);
              
                                  return _TRUE;
                              }
              
                              break;
              
                          case _DP_TWO_LANE:
              
                              ScalerDpRx0SetDpcdValue_EXINT0(0x00, 0x02, 0x02, 0x11);
                              ScalerDpRx0SetDpcdValue_EXINT0(0x00, 0x02, 0x03, 0x00);
              
                              if(((pData_EXINT[0] & _BIT2) != _BIT2) && ((pData_EXINT[0] & (_BIT1 | _BIT0)) < _BIT1))
                              {
                                  g_ucDpRx0LinkRequest01 = ((g_ucDpRx0LinkRequest01 & 0xFC) | (pData_EXINT[0] & (_BIT1 |
             - _BIT0))) + 0x01;
                              }
              
                              if(((pData_EXINT[1] & _BIT2) != _BIT2) && ((pData_EXINT[1] & (_BIT1 | _BIT0)) < _BIT1))
                              {
                                  g_ucDpRx0LinkRequest01 = ((g_ucDpRx0LinkRequest01 & 0xCF) | ((pData_EXINT[1] & (_BIT1 
             -| _BIT0)) << 4)) + 0x10;
                              }
              
                              ScalerDpRx0SetDpcdValue_EXINT0(0x00, 0x02, 0x06, g_ucDpRx0LinkRequest01);
                              ScalerDpRx0SetDpcdValue_EXINT0(0x00, 0x02, 0x07, 0x00);
              
                              if((((pData_EXINT[0] & _BIT5) == _BIT5) || ((pData_EXINT[0] & _BIT2) == _BIT2) || ((pData_
             -EXINT[0] & (_BIT1 | _BIT0)) == (ScalerDpRx0GetDpcdInfo_EXINT0(0x00, 0x02, 0x06) & (_BIT1 | _BIT0)))) &&
                                 (((pData_EXINT[1] & _BIT5) == _BIT5) || ((pData_EXINT[1] & _BIT2) == _BIT2) || ((pData_
C51 COMPILER V8.12   SCALERDPRX0_INT_COMBOPHY                                              03/10/2025 13:50:30 PAGE 14  

             -EXINT[1] & (_BIT1 | _BIT0)) == ((ScalerDpRx0GetDpcdInfo_EXINT0(0x00, 0x02, 0x06) & (_BIT5 | _BIT4)) >> 4))))
                              {
                                  ScalerDpRx0SetDpcdValue_EXINT0(0x00, 0x02, 0x02, 0x77);
                                  ScalerDpRx0SetDpcdValue_EXINT0(0x00, 0x02, 0x04, 0x81);
              
                                  return _TRUE;
                              }
              
                              break;
              
                          case _DP_FOUR_LANE:
                          default:
              
                              ScalerDpRx0SetDpcdValue_EXINT0(0x00, 0x02, 0x02, 0x11);
                              ScalerDpRx0SetDpcdValue_EXINT0(0x00, 0x02, 0x03, 0x11);
              
                              if(((pData_EXINT[0] & _BIT2) != _BIT2) && ((pData_EXINT[0] & (_BIT1 | _BIT0)) < _BIT1))
                              {
                                  g_ucDpRx0LinkRequest01 = ((g_ucDpRx0LinkRequest01 & 0xFC) | (pData_EXINT[0] & (_BIT1 |
             - _BIT0))) + 0x01;
                              }
              
                              if(((pData_EXINT[1] & _BIT2) != _BIT2) && ((pData_EXINT[1] & (_BIT1 | _BIT0)) < _BIT1))
                              {
                                  g_ucDpRx0LinkRequest01 = ((g_ucDpRx0LinkRequest01 & 0xCF) | ((pData_EXINT[1] & (_BIT1 
             -| _BIT0)) << 4)) + 0x10;
                              }
              
                              if(((pData_EXINT[2] & _BIT2) != _BIT2) && ((pData_EXINT[2] & (_BIT1 | _BIT0)) < _BIT1))
                              {
                                  g_ucDpRx0LinkRequest23 = ((g_ucDpRx0LinkRequest23 & 0xFC) | (pData_EXINT[2] & (_BIT1 |
             - _BIT0))) + 0x01;
                              }
              
                              if(((pData_EXINT[3] & _BIT2) != _BIT2) && ((pData_EXINT[3] & (_BIT1 | _BIT0)) < _BIT1))
                              {
                                  g_ucDpRx0LinkRequest23 = ((g_ucDpRx0LinkRequest23 & 0xCF) | ((pData_EXINT[3] & (_BIT1 
             -| _BIT0)) << 4)) + 0x10;
                              }
              
                              ScalerDpRx0SetDpcdValue_EXINT0(0x00, 0x02, 0x06, g_ucDpRx0LinkRequest01);
                              ScalerDpRx0SetDpcdValue_EXINT0(0x00, 0x02, 0x07, g_ucDpRx0LinkRequest23);
              
                              if((((pData_EXINT[0] & _BIT5) == _BIT5) || ((pData_EXINT[0] & _BIT2) == _BIT2) || ((pData_
             -EXINT[0] & (_BIT1 | _BIT0)) == (ScalerDpRx0GetDpcdInfo_EXINT0(0x00, 0x02, 0x06) & (_BIT1 | _BIT0)))) &&
                                 (((pData_EXINT[1] & _BIT5) == _BIT5) || ((pData_EXINT[1] & _BIT2) == _BIT2) || ((pData_
             -EXINT[1] & (_BIT1 | _BIT0)) == ((ScalerDpRx0GetDpcdInfo_EXINT0(0x00, 0x02, 0x06) & (_BIT5 | _BIT4)) >> 4))) &&
                                 (((pData_EXINT[2] & _BIT5) == _BIT5) || ((pData_EXINT[2] & _BIT2) == _BIT2) || ((pData_
             -EXINT[2] & (_BIT1 | _BIT0)) == (ScalerDpRx0GetDpcdInfo_EXINT0(0x00, 0x02, 0x07) & (_BIT1 | _BIT0)))) &&
                                 (((pData_EXINT[3] & _BIT5) == _BIT5) || ((pData_EXINT[3] & _BIT2) == _BIT2) || ((pData_
             -EXINT[3] & (_BIT1 | _BIT0)) == ((ScalerDpRx0GetDpcdInfo_EXINT0(0x00, 0x02, 0x07) & (_BIT5 | _BIT4)) >> 4))))
                              {
                                  ScalerDpRx0SetDpcdValue_EXINT0(0x00, 0x02, 0x02, 0x77);
                                  ScalerDpRx0SetDpcdValue_EXINT0(0x00, 0x02, 0x03, 0x77);
                                  ScalerDpRx0SetDpcdValue_EXINT0(0x00, 0x02, 0x04, 0x81);
              
                                  return _TRUE;
                              }
              
                              break;
                      }
                  }
C51 COMPILER V8.12   SCALERDPRX0_INT_COMBOPHY                                              03/10/2025 13:50:30 PAGE 15  

              
                  return _FALSE;
              }
              //--------------------------------------------------
              // Description  : Check Dp Training Pattern 1
              // Input Value  : Normal or Fake LT
              // Output Value : TRUE --> TP1 Pass
              //--------------------------------------------------
              BYTE ScalerDpRx0TrainingPattern1_EXINT0(EnumDpLinkTrainingType enumDpLtType) using 1
              {
                  if(ScalerDpRx0GetDpcdBitInfo_EXINT0(0x00, 0x00, 0x0E, _BIT7) == _BIT7)
                  {
              #if(_HW_DP_DPCD_EXT_CAP_PHYSICAL_ADDRESS_SUPPORT == _OFF)
                      if(g_ucDpRx0LinkRate > _D0_DP_LINK_CLK_RATE)
              #else
                      if(g_ucDpRx0LinkRate > ScalerDpRx0GetDpcdInfo_EXINT0(0x00, 0x22, 0x01))
              #endif
                      {
                          ScalerDpRx0SetDpcdValue_EXINT0(0x00, 0x02, 0x02, 0x00);
                          ScalerDpRx0SetDpcdValue_EXINT0(0x00, 0x02, 0x03, 0x00);
                          ScalerDpRx0SetDpcdValue_EXINT0(0x00, 0x02, 0x04, 0x80);
              
                          return _FALSE;
                      }
                  }
                  else
                  {
                      if(g_ucDpRx0LinkRate > ScalerDpRx0GetDpcdInfo_EXINT0(0x00, 0x00, 0x01))
                      {
                          ScalerDpRx0SetDpcdValue_EXINT0(0x00, 0x02, 0x02, 0x00);
                          ScalerDpRx0SetDpcdValue_EXINT0(0x00, 0x02, 0x03, 0x00);
                          ScalerDpRx0SetDpcdValue_EXINT0(0x00, 0x02, 0x04, 0x80);
              
                          return _FALSE;
                      }
                  }
              
                  ScalerDpRx0ErrorCounterDisable_EXINT0();
              
                  if(enumDpLtType == _DP_NORMAL_LT)
                  {
                      ScalerDpRx0Tp1SetPhy_EXINT0(_DP_NF_REF_XTAL);
                  }
              
                  ScalerDpRx0ErrorCounterEnable_EXINT0(enumDpLtType);
              
                  if(ScalerDpRx0Tp1Check_EXINT0(enumDpLtType) == _TRUE)
                  {
                      return _TRUE;
                  }
              
                  return _FALSE;
              }
              //--------------------------------------------------
              // Description  : Check Dp Training Pattern 2
              // Input Value  : Normal or Fake LT
              // Output Value : TRUE --> TP2 Pass
              //--------------------------------------------------
              BYTE ScalerDpRx0TrainingPattern2_EXINT0(EnumDpLinkTrainingType enumDpLtType) using 1
              {
                  ScalerDpRx0ErrorCounterDisable_EXINT0();
              
C51 COMPILER V8.12   SCALERDPRX0_INT_COMBOPHY                                              03/10/2025 13:50:30 PAGE 16  

                  if(enumDpLtType == _DP_NORMAL_LT)
                  {
                      ScalerDpRx0Tp2SetPhy_EXINT0();
                  }
              
                  ScalerDpRx0ErrorCounterEnable_EXINT0(enumDpLtType);
              
                  if(ScalerDpRx0Tp2Check_EXINT0(enumDpLtType) == _TRUE)
                  {
                      return _TRUE;
                  }
              
                  return _FALSE;
              }
              //--------------------------------------------------
              // Description  : Settings after Link Training Pass
              // Input Value  : None
              // Output Value : None
              //--------------------------------------------------
              void ScalerDpRx0TrainingPatternEnd_EXINT0(void) using 1
              {
                  switch(g_ucDpRx0LaneCount)
                  {
                      case _DP_ONE_LANE:
                          ScalerSetBit_EXINT(PB_01_PHY_DIG_RESET_CTRL, ~(_BIT4 | _BIT3), _BIT3);
              
                          // Clear Lane1/2/3 Link status
                          ScalerDpRx0SetDpcdBitValue_EXINT0(0x00, 0x02, 0x02, ~(_BIT6 | _BIT5 | _BIT4), 0x00);
                          ScalerDpRx0SetDpcdBitValue_EXINT0(0x00, 0x02, 0x03, ~(_BIT6 | _BIT5 | _BIT4 | _BIT2 | _BIT1 | 
             -_BIT0), 0x00);
              
                          break;
              
                      case _DP_TWO_LANE:
                          ScalerSetBit_EXINT(PB_01_PHY_DIG_RESET_CTRL, ~(_BIT4 | _BIT3), _BIT4);
              
                          // Clear Lane2/3 Link status
                          ScalerDpRx0SetDpcdBitValue_EXINT0(0x00, 0x02, 0x03, ~(_BIT6 | _BIT5 | _BIT4 | _BIT2 | _BIT1 | 
             -_BIT0), 0x00);
              
                          break;
              
                      case _DP_FOUR_LANE:
                      default:
                          ScalerSetBit_EXINT(PB_01_PHY_DIG_RESET_CTRL, ~(_BIT4 | _BIT3), (_BIT4 | _BIT3));
                          break;
                  }
              
                  // De-Skew Circuit Reset
                  ScalerSetBit_EXINT(PB_0E_DESKEW_PHY, ~(_BIT7 | _BIT6), 0x00);
                  ScalerSetBit_EXINT(PB_0E_DESKEW_PHY, ~(_BIT7 | _BIT6), _BIT6);
              
                  if((ScalerDpRx0GetDpcdInfo_EXINT0(0x00, 0x01, 0x01) & _BIT7) == _BIT7)
                  {
                      // Enable Enhancement Control Mode --> MAC
                      ScalerSetBit_EXINT(PB_01_PHY_DIG_RESET_CTRL, ~_BIT2, _BIT2);
                  }
                  else
                  {
                      // Disable Enhancement Control Mode --> MAC
                      ScalerSetBit_EXINT(PB_01_PHY_DIG_RESET_CTRL, ~_BIT2, 0x00);
                  }
C51 COMPILER V8.12   SCALERDPRX0_INT_COMBOPHY                                              03/10/2025 13:50:30 PAGE 17  

              
                  if((ScalerDpRx0GetDpcdInfo_EXINT0(0x00, 0x01, 0x02) & _BIT5) == _BIT5)
                  {
                      // Disable Scrambling
                      ScalerSetBit_EXINT(PB_07_SCRAMBLE_CTRL, ~_BIT5, _BIT5);
                  }
                  else
                  {
                      // Enable Scrambling
                      ScalerSetBit_EXINT(PB_07_SCRAMBLE_CTRL, ~_BIT5, 0x00);
                  }
              }
              
              #if(_WD_TIMER_INT_SUPPORT == _ON)
              //--------------------------------------------------
              // Description  : Get DPCD Table Information in WDINT
              // Input Value  : ucDpcdAccessPortH --> High Byte of DPCD Address
              //                ucDpcdAccessPortM --> Middle Byte of DPCD Address
              //                ucDpcdAccessPortL --> Low Bye of DPCD Adress
              // Output Value : DPCD Information
              //--------------------------------------------------
              BYTE ScalerDpRx0GetDpcdInfo_WDINT(BYTE ucDpcdAccessPortH, BYTE ucDpcdAccessPortM, BYTE ucDpcdAccessPortL) 
             -using 3
              {
                  ScalerSetByte_EXINT(PB7_C1_DPCD_ADDR_PORT_H, ucDpcdAccessPortH);
                  ScalerSetByte_EXINT(PB7_C2_DPCD_ADDR_PORT_M, ucDpcdAccessPortM);
                  ScalerSetByte_EXINT(PB7_C3_DPCD_ADDR_PORT_L, ucDpcdAccessPortL);
              
                  return ScalerGetByte_EXINT(PB7_C4_DPCD_DATA_PORT);
              }
              #endif
              
              #endif


MODULE INFORMATION:   STATIC OVERLAYABLE
   CODE SIZE        =   ----    ----
   CONSTANT SIZE    =   ----    ----
   XDATA SIZE       =   ----    ----
   PDATA SIZE       =   ----    ----
   DATA SIZE        =   ----    ----
   IDATA SIZE       =   ----    ----
   BIT SIZE         =   ----    ----
END OF MODULE INFORMATION.


C51 COMPILATION COMPLETE.  0 WARNING(S),  0 ERROR(S)
