C51 COMPILER V8.12   SCALERCOMMONCOLOR                                                     03/10/2025 13:50:31 PAGE 1   


C51 COMPILER V8.12, COMPILATION OF MODULE SCALERCOMMONCOLOR
OBJECT MODULE PLACED IN .\Output\RL6463\ScalerCommonColor.obj
COMPILER INVOKED BY: D:\liuxh\keil3\C51\BIN\C51.EXE Kernel\Scaler\ScalerCommonFunction\Code\ScalerCommonColor.c LARGE OP
                    -TIMIZE(9,SPEED) INCDIR(.\Output\RL6463;.\Project\Header;.\Pcb;.\Panel;.\Kernel\Device\Header;.\Kernel\Common;.\Kernel\Sy
                    -stem\Header;.\Kernel\Scaler\ScalerFunction\Header;.\Kernel\Scaler\ScalerCommonFunction\Header;.\Kernel\Scaler\ScalerFunc
                    -tion\Lib\Header;.\Kernel\Scaler\ScalerCommonFunction\Lib\Header;.\Kernel\Scaler\RL6463_Series_Scaler\Header;.\Kernel\Sca
                    -ler\RL6463_Series_Scaler\Lib\Header;.\Kernel\User Common Function\Header;.\User\RTD Series\RTD2014Function\Header;.\User
                    -\RTD Series\RTD2014Osd\Header;.\User\RTD Factory\Header;.\User\None Series\NoneFunction\Header;.\User\None Series\NoneOs
                    -d\Header;.\User\None Factory\Header) DEFINE(_PROJECT=_RL6463_PROJECT,_SCALER_TYPE=_RL6463_SERIES) DEBUG OBJECTEXTEND PRI
                    -NT(.\Output\RL6463\ScalerCommonColor.lst) OBJECT(.\Output\RL6463\ScalerCommonColor.obj)

line level    source

   1          /********************************************************************************/
   2          /*   Copyright (c) 2021 Realtek Semiconductor Corp. All rights reserved.        */
   3          /*                                                                              */
   4          /*   SPDX-License-Identifier: LicenseRef-Realtek-Proprietary                    */
   5          /*                                                                              */
   6          /*   This software component is confidential and proprietary to Realtek         */
   7          /*   Semiconductor Corp. Disclosure, reproduction, redistribution, in whole     */
   8          /*   or in part, of this work and its derivatives without express permission    */
   9          /*   is prohibited.                                                             */
  10          /********************************************************************************/
  11          
  12          //----------------------------------------------------------------------------------------------------
  13          // ID Code      : ScalerCommonColor.c No.0000
  14          // Update Note  :
  15          //----------------------------------------------------------------------------------------------------
  16          
  17          #define __SCALER_COMMON_COLOR__
  18          
  19          #include "ScalerCommonFunctionInclude.h"
  20          
  21          //****************************************************************************
  22          // DEFINITIONS / MACROS
  23          //****************************************************************************
  24          
  25          
  26          //****************************************************************************
  27          // STRUCT / TYPE / ENUM DEFINITTIONS
  28          //****************************************************************************
  29          
  30          
  31          //****************************************************************************
  32          // CODE TABLES
  33          //****************************************************************************
  34          
  35          
  36          //****************************************************************************
  37          // VARIABLE DECLARATIONS
  38          //****************************************************************************
  39          StructColorInfo g_pstColorInfo[_COLOR_INFO_NUM];
  40          StructColorInfo *g_pstColorInfoPointer = &g_pstColorInfo[0];
  41          //****************************************************************************
  42          // FUNCTION DECLARATIONS
  43          //****************************************************************************
  44          #if(_SOURCE_BACKGROUND_DETECT_SUPPORT == _ON)
              void ScalerColorSwitchColorInfoArray(EnumColorInfo enumColorInfo);
              void ScalerColorSwitchColorInfoArray_EXINT0(EnumColorInfo enumColorInfo);
              #endif
  48          
C51 COMPILER V8.12   SCALERCOMMONCOLOR                                                     03/10/2025 13:50:31 PAGE 2   

  49          //****************************************************************************
  50          // FUNCTION DEFINITIONS
  51          //****************************************************************************
  52          
  53          
  54          #if(_SOURCE_BACKGROUND_DETECT_SUPPORT == _ON)
              //--------------------------------------------------
              // Description  : Change ColorInfoPointer
              // Input Value  : EnumColorInfo _COLOR_INFO_SYSTEM or COLOR_INFO_BG_DETECT
              // Output Value : None
              //--------------------------------------------------
              void ScalerColorSwitchColorInfoArray(EnumColorInfo enumColorInfo)
              {
                  g_pstColorInfoPointer = &g_pstColorInfo[enumColorInfo % _COLOR_INFO_NUM];
              }
              
              //--------------------------------------------------
              // Description  : Change ColorInfoPointer
              // Input Value  : EnumColorInfo _COLOR_INFO_SYSTEM or COLOR_INFO_BG_DETECT
              // Output Value : None
              //--------------------------------------------------
              void ScalerColorSwitchColorInfoArray_EXINT0(EnumColorInfo enumColorInfo) using 1
              {
                  g_pstColorInfoPointer = &g_pstColorInfo[enumColorInfo];
              }
              
              #endif
  76          


MODULE INFORMATION:   STATIC OVERLAYABLE
   CODE SIZE        =   ----    ----
   CONSTANT SIZE    =   ----    ----
   XDATA SIZE       =      6    ----
   PDATA SIZE       =   ----    ----
   DATA SIZE        =   ----    ----
   IDATA SIZE       =   ----    ----
   BIT SIZE         =   ----    ----
END OF MODULE INFORMATION.


C51 COMPILATION COMPLETE.  0 WARNING(S),  0 ERROR(S)
