C51 COMPILER V8.12   SCALERDPRX1HDCP2                                                      03/10/2025 13:50:21 PAGE 1   


C51 COMPILER V8.12, COMPILATION OF MODULE SCALERDPRX1HDCP2
OBJECT MODULE PLACED IN .\Output\RL6463\ScalerDPRx1HDCP2.obj
COMPILER INVOKED BY: D:\liuxh\keil3\C51\BIN\C51.EXE Kernel\Scaler\ScalerFunction\Code\ScalerDPRx1HDCP2.c LARGE OPTIMIZE(
                    -9,SPEED) INCDIR(.\Output\RL6463;.\Project\Header;.\Pcb;.\Panel;.\Kernel\Device\Header;.\Kernel\Common;.\Kernel\System\He
                    -ader;.\Kernel\Scaler\ScalerFunction\Header;.\Kernel\Scaler\ScalerCommonFunction\Header;.\Kernel\Scaler\ScalerFunction\Li
                    -b\Header;.\Kernel\Scaler\ScalerCommonFunction\Lib\Header;.\Kernel\Scaler\RL6463_Series_Scaler\Header;.\Kernel\Scaler\RL6
                    -463_Series_Scaler\Lib\Header;.\Kernel\User Common Function\Header;.\User\RTD Series\RTD2014Function\Header;.\User\RTD Se
                    -ries\RTD2014Osd\Header;.\User\RTD Factory\Header;.\User\None Series\NoneFunction\Header;.\User\None Series\NoneOsd\Heade
                    -r;.\User\None Factory\Header) DEFINE(_PROJECT=_RL6463_PROJECT,_SCALER_TYPE=_RL6463_SERIES) DEBUG OBJECTEXTEND PRINT(.\Ou
                    -tput\RL6463\ScalerDPRx1HDCP2.lst) OBJECT(.\Output\RL6463\ScalerDPRx1HDCP2.obj)

line level    source

   1          /********************************************************************************/
   2          /*   Copyright (c) 2021 Realtek Semiconductor Corp. All rights reserved.        */
   3          /*                                                                              */
   4          /*   SPDX-License-Identifier: LicenseRef-Realtek-Proprietary                    */
   5          /*                                                                              */
   6          /*   This software component is confidential and proprietary to Realtek         */
   7          /*   Semiconductor Corp. Disclosure, reproduction, redistribution, in whole     */
   8          /*   or in part, of this work and its derivatives without express permission    */
   9          /*   is prohibited.                                                             */
  10          /********************************************************************************/
  11          
  12          //----------------------------------------------------------------------------------------------------
  13          // ID Code      : ScalerDPRx1HDCP2.c No.0000
  14          // Update Note  :
  15          //----------------------------------------------------------------------------------------------------
  16          
  17          #include "ScalerFunctionInclude.h"
  18          
  19          #if(_DP_HDCP_2_2_SUPPORT == _ON)
              #if(_D1_DP_EXIST == _ON)
              
              //****************************************************************************
              // DEFINITIONS / MACROS
              //****************************************************************************
              
              //****************************************************************************
              // STRUCT / TYPE / ENUM DEFINITTIONS
              //****************************************************************************
              
              //****************************************************************************
              // CODE TABLES
              //****************************************************************************
              
              //****************************************************************************
              // VARIABLE DECLARATIONS
              //****************************************************************************
              
              //****************************************************************************
              // FUNCTION DECLARATIONS
              //****************************************************************************
              
              //****************************************************************************
              // FUNCTION DEFINITIONS
              //****************************************************************************
              
              #endif // End of #if(_D1_DP_EXIST == _ON)
              #endif // End of #if(_DP_HDCP_2_2_SUPPORT == _ON)

C51 COMPILER V8.12   SCALERDPRX1HDCP2                                                      03/10/2025 13:50:21 PAGE 2   


MODULE INFORMATION:   STATIC OVERLAYABLE
   CODE SIZE        =   ----    ----
   CONSTANT SIZE    =   ----    ----
   XDATA SIZE       =   ----    ----
   PDATA SIZE       =   ----    ----
   DATA SIZE        =   ----    ----
   IDATA SIZE       =   ----    ----
   BIT SIZE         =   ----    ----
END OF MODULE INFORMATION.


C51 COMPILATION COMPLETE.  0 WARNING(S),  0 ERROR(S)
