C51 COMPILER V8.12   SYSMODE                                                               03/10/2025 13:50:14 PAGE 1   


C51 COMPILER V8.12, COMPILATION OF MODULE SYSMODE
OBJECT MODULE PLACED IN .\Output\RL6463\SysMode.obj
COMPILER INVOKED BY: D:\liuxh\keil3\C51\BIN\C51.EXE Kernel\System\Code\SysMode.c LARGE OPTIMIZE(9,SPEED) INCDIR(.\Output
                    -\RL6463;.\Project\Header;.\Pcb;.\Panel;.\Kernel\Device\Header;.\Kernel\Common;.\Kernel\System\Header;.\Kernel\Scaler\Sca
                    -lerFunction\Header;.\Kernel\Scaler\ScalerCommonFunction\Header;.\Kernel\Scaler\ScalerFunction\Lib\Header;.\Kernel\Scaler
                    -\ScalerCommonFunction\Lib\Header;.\Kernel\Scaler\RL6463_Series_Scaler\Header;.\Kernel\Scaler\RL6463_Series_Scaler\Lib\He
                    -ader;.\Kernel\User Common Function\Header;.\User\RTD Series\RTD2014Function\Header;.\User\RTD Series\RTD2014Osd\Header;.
                    -\User\RTD Factory\Header;.\User\None Series\NoneFunction\Header;.\User\None Series\NoneOsd\Header;.\User\None Factory\He
                    -ader) DEFINE(_PROJECT=_RL6463_PROJECT,_SCALER_TYPE=_RL6463_SERIES) DEBUG OBJECTEXTEND PRINT(.\Output\RL6463\SysMode.lst)
                    - OBJECT(.\Output\RL6463\SysMode.obj)

line level    source

   1          /********************************************************************************/
   2          /*   Copyright (c) 2021 Realtek Semiconductor Corp. All rights reserved.        */
   3          /*                                                                              */
   4          /*   SPDX-License-Identifier: LicenseRef-Realtek-Proprietary                    */
   5          /*                                                                              */
   6          /*   This software component is confidential and proprietary to Realtek         */
   7          /*   Semiconductor Corp. Disclosure, reproduction, redistribution, in whole     */
   8          /*   or in part, of this work and its derivatives without express permission    */
   9          /*   is prohibited.                                                             */
  10          /********************************************************************************/
  11          
  12          //----------------------------------------------------------------------------------------------------
  13          // ID Code      : SysMode.c No.0000
  14          // Update Note  :
  15          //----------------------------------------------------------------------------------------------------
  16          
  17          #define __SYSTEM_MODE__
  18          
  19          #include "SysInclude.h"
  20          
  21          //****************************************************************************
  22          // DEFINITIONS / MACROS
  23          //****************************************************************************
  24          
  25          
  26          //****************************************************************************
  27          // STRUCT / TYPE / ENUM DEFINITTIONS
  28          //****************************************************************************
  29          
  30          
  31          //****************************************************************************
  32          // CODE TABLES
  33          //****************************************************************************
  34          
  35          
  36          //****************************************************************************
  37          // VARIABLE DECLARATIONS
  38          //****************************************************************************
  39          StructModeInfoType g_stModeInfo;
  40          // ModeInfo bit[0:4] -- Mode State
  41          // ModeInfo bit[5] -- Display Ready
  42          // ModeInfo bit[6] -- Timing Confirm
  43          // ModeInfo bit[7] -- ModeStateChanged
  44          
  45          //****************************************************************************
  46          // FUNCTION DECLARATIONS
  47          //****************************************************************************
  48          void SysModeHandler(void);
C51 COMPILER V8.12   SYSMODE                                                               03/10/2025 13:50:14 PAGE 2   

  49          BYTE SysModeGetModeState(void);
  50          bit SysModeGetDisplaySettingReady(void);
  51          bit SysModeGetTimingConfirm(void);
  52          bit SysModeGetActiveReady(void);
  53          bit SysModeDisplaySetting(void);
  54          void SysModeSetUpDisplayInitialization(void);
  55          void SysModeSetUpInputCapture(void);
  56          void SysModeSetUpDisplayCapture(void);
  57          bit SysModeSetUpMDomain(void);
  58          void SysModeResetState(BYTE ucResetTarget);
  59          void SysModeSetFreeRun(void);
  60          bit SysModeGetModeStateChange(void);
  61          void SysModeClrModeStateChange(void);
  62          void SysModeSetResetTarget(EnumModeAction enumResetTarget);
  63          void SysModeColorSpaceConvert(EnumColorSpace enumColorFormat, EnumDBApply enumDBApply);
  64          void SysModeDisplayTimingInitial(void);
  65          bit SysModeCheckToDisableGlobalDoubleBuffer(void);
  66          void SysModeSetupIDomainIniValue(void);
  67          
  68          #if(_DRR_SUPPORT == _ON)
  69          void SysModeDrrSetMdomainInfo(void);
  70          WORD SysModeDrrGetIVFreq(EnumSourceSearchPort enumSearchPort);
  71          #endif
  72          
  73          void SetBacklightOff(void)
  74          {
  75   1              if(GET_MODE_STATE() == _MODE_STATUS_ACTIVE && (GET_INPUT_TIMING_VFREQ()>580 &&GET_INPUT_TIMING_VFREQ()<62
             -0)\
  76   1                      && GET_INPUT_TIMING_HWIDTH() == 1920 && GET_INPUT_TIMING_VHEIGHT() == 1080 )
  77   1                      PCB_BACKLIGHT_POWER_PIN(_LIGHT_CONTROL_OFF);
  78   1      }
  79          //****************************************************************************
  80          // FUNCTION DEFINITIONS
  81          //****************************************************************************
  82          //--------------------------------------------------
  83          // Description  :
  84          // Input Value  : None
  85          // Output Value : None
  86          //--------------------------------------------------
  87          void SysModeHandler(void)
  88          {
  89   1      #if(_URGENT_EVENT_CHECK_MODE == _ON)
                  if(ScalerSyncCheckUrgentEvent() == _TRUE)
                  {
                      return;
                  }
              #endif
  95   1      
  96   1          switch(GET_MODE_STATE())
  97   1          {
  98   2              case _MODE_STATUS_POWER_OFF:
  99   2      
 100   2      #if(_USB3_RETIMER_SUPPORT == _ON)
                          if(UserCommonPortControllerGetUsbPDStatus() == _USB3_PD_ENABLE)
                          {
                              if(SysSourceGetTypeCCableStatusChange() == _TYPE_C_CABLE_UNPLUG)
                              {
                                  if(GET_POWER_STATUS() != _POWER_STATUS_OFF)
                                  {
                                      SET_TARGET_POWER_STATUS(_POWER_STATUS_OFF);
                                  }
                              }
C51 COMPILER V8.12   SYSMODE                                                               03/10/2025 13:50:14 PAGE 3   

                              else if((SysSourceGetTypeCCableStatusChange() == _TYPE_C_CABLE_PLUG) && (UserCommonPortCon
             -trollerGetUsbPDStatus() == _USB3_PD_ENABLE))
                              {
                                  if(GET_POWER_STATUS() == _POWER_STATUS_OFF)
                                  {
                                      SET_TARGET_POWER_STATUS(_POWER_STATUS_NORMAL);
              
                                      SET_POWER_SWITCH_TO_FAKE_OFF();
                                  }
                              }
                          }
              #endif
 121   2                  break;
 122   2      
 123   2              case _MODE_STATUS_INITIAL:
 124   2      
 125   2      #if(_HP_SOURCE_SCAN_SUPPORT == _ON)
                          if(GET_MODE_STATE_CHANGE_MODE() == _TRUE)
                          {
                              g_ucSearchIndex = 0;
              
              #if((_D12_INPUT_PORT_TYPE == _D12_HDMI_PORT) && (_D12_INPUT_PORT_SWITCH_FROM == _SWITCH_FROM_D3))
                              if(SysSourceGetInputPort() == _D12_INPUT_PORT)
                              {
                                  PCB_HDMI_SW_SELECT(_SW_SEL_HDMI3_1);
                                  g_ucSearchIndex = SysSourceConvertSearchPort(_D3_INPUT_PORT);
                              }
                              else if(SysSourceGetInputPort() == _D3_INPUT_PORT)
                              {
                                  PCB_HDMI_SW_SELECT(_SW_SEL_HDMI3);
                              }
              #endif
                          }
              #endif
 143   2      
 144   2                  break;
 145   2      
 146   2              case _MODE_STATUS_SEARCH:
 147   2              case _MODE_STATUS_NOSIGNAL:
 148   2              case _MODE_STATUS_POWER_SAVING:
 149   2      
 150   2      #if(_DIGITAL_PORT_SUPPORT == _ON)
 151   2                  if((GET_SOURCE_JUDGE(g_ucSearchIndex) == _TRUE) && (GET_MODE_TIMING_CONFIRM() == _FALSE))
 152   2                  {
 153   3                      CLR_INPUT_TIMING_DOUBLE_CHECK();
 154   3      
 155   3                      // Measure Current Input Timing to gather all required timing Info
 156   3                      if(ScalerMeasureInputInfo(GET_SOURCE_TYPE(g_ucSearchIndex), SysSourceGetInputPort()) == _T
             -RUE)
 157   3                      {
 158   4                          if(GET_INPUT_TIMING_H_POLARITY() == _HIGH)
 159   4                          {
 160   5                              DebugMessageSystem("Input Timing H Polarity is Positive", 0);
 161   5                          }
 162   4                          else
 163   4                          {
 164   5                              DebugMessageSystem("Input Timing H Polarity is Negative", 0);
 165   5                          }
 166   4      
 167   4                          if(GET_INPUT_TIMING_V_POLARITY() == _HIGH)
 168   4                          {
 169   5                              DebugMessageSystem("Input Timing V Polarity is Positive", 0);
C51 COMPILER V8.12   SYSMODE                                                               03/10/2025 13:50:14 PAGE 4   

 170   5                          }
 171   4                          else
 172   4                          {
 173   5                              DebugMessageSystem("Input Timing V Polarity is Negative", 0);
 174   5                          }
 175   4      
 176   4                          DebugMessageSystem("Input Timing InterLace", GET_INPUT_TIMING_INTERLACE_FLG());
 177   4                          DebugMessageSystem("Input Timing HFreq", GET_INPUT_TIMING_HFREQ());
 178   4                          DebugMessageSystem("Input Timing HTotal", GET_INPUT_TIMING_HTOTAL());
 179   4                          DebugMessageSystem("Input Timing HStart", GET_INPUT_TIMING_HSTART());
 180   4                          DebugMessageSystem("Input Timing HWidth", GET_INPUT_TIMING_HWIDTH());
 181   4                          DebugMessageSystem("Input Timing HSyncWidth", GET_INPUT_TIMING_HSYNCWIDTH());
 182   4                          DebugMessageSystem("Input Timing VFreq", GET_INPUT_TIMING_VFREQ());
 183   4                          DebugMessageSystem("Input Timing VTotal", GET_INPUT_TIMING_VTOTAL());
 184   4                          DebugMessageSystem("Input Timing VStart", GET_INPUT_TIMING_VSTART());
 185   4                          DebugMessageSystem("Input Timing VHeight", GET_INPUT_TIMING_VHEIGHT());
 186   4                          DebugMessageSystem("Input Timing VSyncSWidth", GET_INPUT_TIMING_VSYNCWIDTH());
 187   4      
 188   4                          SET_MODE_TIMING_CONFIRM();
 189   4                          SET_INPUT_TIMING_DOUBLE_CHECK();
 190   4                      }
 191   3                  }
 192   2      #endif
 193   2      
 194   2      #if(_DDR1_PHASE_CALIBRATION == _ON)
                          if((GET_MODE_TIMING_CONFIRM() == _TRUE) && (GET_FIRST_AUTOK_STATUS() == _FALSE))
                          {
                              ScalerDDR1SearchPhase();
                              SET_FIRST_AUTOK_STATUS();
                          }
              
              #elif(_SDRAM_PHASE_CALIBRATION == _ON)
 202   2                  if((GET_MODE_TIMING_CONFIRM() == _TRUE) && (GET_FIRST_AUTOK_STATUS() == _FALSE))
 203   2                  {
 204   3                      ScalerSdramSearchPhase();
 205   3                      SET_FIRST_AUTOK_STATUS();
 206   3                  }
 207   2      #endif
 208   2      
 209   2                  if(GET_MODE_STATE() == _MODE_STATUS_POWER_SAVING)
 210   2                  {
 211   3      #if((_USB3_RETIMER_SUPPORT == _ON))
                              if(UserCommonPortControllerGetUsbPSStatus() == _USB3_PS_ENABLE)
                              {
                                  if(SysSourceGetTypeCCableStatusChange() == _TYPE_C_CABLE_UNPLUG)
                                  {
                                      if(GET_POWER_STATUS() != _POWER_STATUS_SAVING)
                                      {
                                          SET_TARGET_POWER_STATUS(_POWER_STATUS_SAVING);
                                      }
                                  }
                                  else if(SysSourceGetTypeCCableStatusChange() == _TYPE_C_CABLE_PLUG)
                                  {
                                      if(GET_POWER_STATUS() != _POWER_STATUS_NORMAL)
                                      {
                                          SET_TARGET_POWER_STATUS(_POWER_STATUS_NORMAL);
                                      }
                                  }
                                  else
                                  {
                                      if((GET_SOURCE_SWITCH_FINISH() == _TRUE) && (UserInterfaceGetIntoPSStatus() == _TR
             -UE))
C51 COMPILER V8.12   SYSMODE                                                               03/10/2025 13:50:14 PAGE 5   

                                      {
                                          if(SysPowerGetPowerStatus() != _POWER_STATUS_SAVING)
                                          {
                                              SET_TARGET_POWER_STATUS(_POWER_STATUS_SAVING);
              
                                              CLR_SOURCE_SWITCH_FINISH();
                                          }
                                      }
                                  }
                              }
                              else
              #endif
 243   3                      {
 244   4                          if((GET_SOURCE_SWITCH_FINISH() == _TRUE) && (UserInterfaceGetIntoPSStatus() == _TRUE))
 245   4                          {
 246   5                              if(SysPowerGetPowerStatus() != _POWER_STATUS_SAVING)
 247   5                              {
 248   6                                  SET_TARGET_POWER_STATUS(_POWER_STATUS_SAVING);
 249   6      
 250   6                                  CLR_SOURCE_SWITCH_FINISH();
 251   6                              }
 252   5                          }
 253   4                      }
 254   3                  }
 255   2      
 256   2      #if(_HP_SOURCE_SCAN_SUPPORT == _ON)
                          if((GET_MODE_STATE() == _MODE_STATUS_NOSIGNAL) || (GET_MODE_STATE() == _MODE_STATUS_POWER_SAVI
             -NG))
              #endif
 259   2                  {
 260   3                      if(UserInterfaceGetCableResetStatus() == _TRUE)
 261   3                      {
 262   4                          if(SysPowerGetPowerStatus() != _POWER_STATUS_NORMAL)
 263   4                          {
 264   5                              SET_TARGET_POWER_STATUS(_POWER_STATUS_NORMAL);
 265   5                          }
 266   4      
 267   4                          SET_MODE_RESET_TARGET(_MODE_ACTION_RESET_TO_SEARCH);
 268   4      
 269   4                          SysSourceCableResetProc();
 270   4                      }
 271   3                  }
 272   2      
 273   2                  break;
 274   2      
 275   2              case _MODE_STATUS_DISPLAY_SETTING:
 276   2      
 277   2                  if(GET_MODE_DISPLAY_SETTING_READY() == _FALSE)
 278   2                  {
 279   3      #if(_PANEL_STYLE == _PANEL_VBO)
                              DWORD ulDclk = GET_D_CLK_FREQ();
              #endif
 282   3      
 283   3                      if(SysModeDisplaySetting() == _TRUE)
 284   3                      {
 285   4      #if(_DEBUG_MESSAGE_CHECK_MDOMAIN == _ON)
                                  ScalerMDomainCheckDisplaySetting();
              #endif
 288   4      
 289   4      #if(_PANEL_STYLE == _PANEL_VBO)
                                  if(ulDclk != GET_D_CLK_FREQ())
                                  {
C51 COMPILER V8.12   SYSMODE                                                               03/10/2025 13:50:14 PAGE 6   

              #if(_PANEL_VBO_CHANGE_CLK_RESET_TYPE == _VBO_CHANGE_CLK_RESET_BY_RE_LINK_TRAIN)
                                      // Turn off Backlight Power to prevent garbage
                                      
                                      UserCommonInterfacePanelPowerAction(_BACKLIGHT_OFF);
              #else
                                      // Turn off Panel Power to prevent garbage
                                      UserCommonInterfacePanelPowerAction(_PANEL_OFF);
              #endif
                                  }
              #endif
 302   4      
 303   4      #if((_PANEL_POW_SEQ_FAST_MODE == _ON) || (_PANEL_POWER_ON_BEFORE_COLOR_SETTING == _ON))
                                  UserCommonInterfacePanelPowerAction(_PANEL_ON);
              #endif
 306   4                          UserCommonInterfaceAdjustColorProc();
 307   4      
 308   4                          SET_MODE_DISPLAY_SETTING_READY();
 309   4      
 310   4                          SET_MODE_RESET_TARGET(_MODE_ACTION_NO_RESET_MODE);
 311   4      
 312   4                          ScalerTimerCancelTimerEvent(_SYSTEM_TIMER_EVENT_JUDGE_NOSUPPORT_STATE);
 313   4                      }
 314   3                  }
 315   2      
 316   2                  break;
 317   2      
 318   2              case _MODE_STATUS_ACTIVE:
 319   2      
 320   2                  if(GET_MODE_STATE_CHANGE_MODE() == _TRUE)
 321   2                  {
 322   3                      ScalerGlobalFirstActiveProc(GET_SOURCE_TYPE(g_ucSearchIndex), SysSourceGetInputPort());
 323   3                      UserCommonInterfaceOsdActiveProc();
 324   3                      UserCommonInterfacePanelPowerAction(_BACKLIGHT_ON);
 325   3                      SysSourceFirstActiveProc();
 326   3                  }
 327   2      
 328   2                  ScalerSyncActiveProc(GET_SOURCE_TYPE(g_ucSearchIndex));
 329   2      
 330   2      
 331   2      #if(((_DDR3_PHASE_CALIBRATION == _ON) && (_MEMORY_PHASE_CALIBRATION_MODE == _MEMORY_PHASE_CALIBRATION_FRC_
             -MODE)) && (_DDR3_PHASE_CHECK == _OFF))
                          ScalerDDR3PhaseCalibrationFRCMode();
              
              #elif(_DDR1_PHASE_CALIBRATION == _ON)
                          ScalerTimerActiveTimerEvent(SEC(60), _SCALER_TIMER_EVENT_DDR_PHASE_CNT_CHECK);
              
              #elif(_SDRAM_PHASE_CALIBRATION == _ON)
 338   2                  ScalerTimerActiveTimerEvent(SEC(60), _SCALER_TIMER_EVENT_SDRAM_PHASE_CNT_CHECK);
 339   2      
 340   2      #endif
 341   2                  break;
 342   2      
 343   2              case _MODE_STATUS_NOSUPPORT:
 344   2      
 345   2                  break;
 346   2      
 347   2              case _MODE_STATUS_FACTORY:
 348   2      
 349   2                  break;
 350   2      
 351   2              default:
 352   2      
C51 COMPILER V8.12   SYSMODE                                                               03/10/2025 13:50:14 PAGE 7   

 353   2                  break;
 354   2          }
 355   1      
 356   1          CLR_MODE_STATE_CHANGE_MODE();
 357   1      }
 358          
 359          //--------------------------------------------------
 360          // Description  : Return Mode State for other Group
 361          // Input Value  : None
 362          // Output Value : Mode State
 363          //--------------------------------------------------
 364          BYTE SysModeGetModeState(void)
 365          {
 366   1          return GET_MODE_STATE();
 367   1      }
 368          
 369          //--------------------------------------------------
 370          // Description  : Return Mode Display Setting Ready
 371          // Input Value  : None
 372          // Output Value : Mode State
 373          //--------------------------------------------------
 374          bit SysModeGetDisplaySettingReady(void)
 375          {
 376   1          return GET_MODE_DISPLAY_SETTING_READY();
 377   1      }
 378          
 379          //--------------------------------------------------
 380          // Description  : Return Mode Timing Confirm
 381          // Input Value  : None
 382          // Output Value : Mode State
 383          //--------------------------------------------------
 384          bit SysModeGetTimingConfirm(void)
 385          {
 386   1          return GET_MODE_TIMING_CONFIRM();
 387   1      }
 388          
 389          //--------------------------------------------------
 390          // Description  : Return Mode Active Ready
 391          // Input Value  : None
 392          // Output Value : Mode State
 393          //--------------------------------------------------
 394          bit SysModeGetActiveReady(void)
 395          {
 396   1          return GET_MODE_ACTIVE_READY();
 397   1      }
 398          
 399          //--------------------------------------------------
 400          // Description  : Include all required settings for Display
 401          // Input Value  : Input Source Type
 402          // Output Value : None
 403          //--------------------------------------------------
 404          bit SysModeDisplaySetting(void)
 405          {
 406   1          bit bMdomainsetup = _FALSE;
 407   1      
 408   1          // Set up testing flow
 409   1          DISPLAY_SETTING_TEST_INIT();
 410   1      
 411   1          // Set up variables for dispaly setting
 412   1          SysModeSetUpDisplayInitialization();
 413   1      
 414   1          // Set Up Input Timing to I Domain
C51 COMPILER V8.12   SYSMODE                                                               03/10/2025 13:50:14 PAGE 8   

 415   1          SysModeSetUpInputCapture();
 416   1      
 417   1          // Set D Domain Functions
 418   1          SysModeSetUpDisplayCapture();
 419   1      
 420   1      #if(_URGENT_EVENT_CHECK_MODE == _ON)
                  if((ScalerSyncCheckUrgentEvent() == _TRUE))
                  {
                      return _FALSE;
                  }
              #endif
 426   1      
 427   1          // Set M Domain Functions
 428   1          bMdomainsetup = SysModeSetUpMDomain();
 429   1      
 430   1          // Start testing
 431   1          DISPLAY_SETTING_TEST_UPDATE();
 432   1      
 433   1          return bMdomainsetup;
 434   1      }
 435          
 436          //--------------------------------------------------
 437          // Description  : Set Up variables for display setting
 438          // Input Value  : None
 439          // Output Value : None
 440          //--------------------------------------------------
 441          void SysModeSetUpDisplayInitialization(void)
 442          {
 443   1          UserInterfaceDisplayInitialization();
 444   1      
 445   1      #if(_ULTRA_HDR_SUPPORT == _ON)
                  ScalerSyncGetColorInfoFrame(SysSourceGetInputPort(), _DP_GET_RSV0_INFO_INITIAL);
              #endif
 448   1      
 449   1          // Check Panel Backlight Action
 450   1          if(UserCommonInterfaceGetDisplaySettingBacklightAction() == _DISABLE)
 451   1          {
 452   2      #if(_PANEL_POW_SEQ_FAST_MODE == _ON)
                      // Turn off backlight to prevent garbage
                      
                      UserCommonInterfacePanelPowerAction(_BACKLIGHT_OFF);
              #else
 457   2              // Turn off backlight to prevent garbage
 458   2              UserCommonInterfacePanelPowerAction(_PANEL_OFF);
 459   2      #endif
 460   2          }
 461   1      
 462   1          SysModeSetupIDomainIniValue();
 463   1      
 464   1      #if(_M_DOMAIN_IMG_CMP_SUPPORT == _ON)
                  ScalerImgCmpDecmpPowerControl(_ON);
              #endif
 467   1      
 468   1          // Set custom DVF freq.
 469   1          UserCommonDisplayGetMDomainCustomInfo(&g_stDisplayCustomizedData);
 470   1      
 471   1      #if(_RTK_ADVANCED_MOTION_BLUR_REDUCTION_SUPPORT == _ON)
                  UserCommonInterfaceAdjustRtkAdvMbr();
              #endif
 474   1      
 475   1          // Check Case to Disable Global Double Buffer
 476   1          if(SysModeCheckToDisableGlobalDoubleBuffer() == _TRUE)
C51 COMPILER V8.12   SYSMODE                                                               03/10/2025 13:50:14 PAGE 9   

 477   1          {
 478   2              ScalerGlobalDoubleBufferEnable(_DISABLE);
 479   2          }
 480   1      
 481   1      #if(_DISPLAY_ROTATION_SUPPORT == _ON)
                  // Set rotation
                  SET_ROT_TYPE(UserInterfaceGetRotationDegree());
                  SET_ROT_DISP_SIZE(UserInterfaceGetRotationDisplayType());
              #endif
 486   1      
 487   1      #if(_DISP_LATENCY_ADJUST_SUPPORT == _ON)
                  // Set display latency ratio; 0 if rotation is enabled
              #if(_DISPLAY_ROTATION_SUPPORT == _ON)
                  if(GET_ROT_TYPE() != _ROT_DISABLE)
                  {
                      SET_DISP_LATENCY_RATIO(0);
                  }
                  else
              #endif
                  {
                      SET_DISP_LATENCY_RATIO(UserInterfaceGetDisplayLatencyRatio());
                  }
              #endif
 500   1      
 501   1      #if(_M_DOMAIN_IMG_CMP_SUPPORT == _ON)
              #if(_HW_M_DOMAIN_IMG_CMP_TYPE == _M_DOMAIN_IMG_CMP_GEN_1)
                  ScalerGlobalEnableUnderflowMonitor(_DISABLE);
              #endif
              #endif
 506   1      
 507   1      #if(_FRC_SUPPORT == _ON)
                  // Disable FRC in change timing / m-domain check fail
                  if(ScalerGlobalGetDBStatus() == _FALSE)
                  {
                      // FRC Disable M1/M2 Capture/Display
                      ScalerFRCEn(_FRC_CAP_DISP_ALL, _DISABLE);
              
                      // Set Frame sync with line buffer mode
                      ScalerFRCSetDDomainSourceSelect(_DDOMAIN_SRC_FRAM_FRAME_SYNC_MODE);
                  }
              
              
              #if(_DISPLAY_ROTATION_SUPPORT == _ON)
              
              #if((_MEMORY_TYPE_CONFIG == _MEMORY_DDR2) && (_MEMORY_SIZE_CONFIG == _16M_16BIT_DDR2_2PCS))
                  // switch DDR2 mux
                  ScalerDDR2RotationSetClientMux();
              #endif
              
              #if(_DISPLAY_ROTATION_TYPE == _DISPLAY_ROTATION_GEN_I)
                  // Disable FRC
                  ScalerRotationSetFRCEn(_FRC_ALL_ONOFF, _DISABLE);
              
                  // Use information form Frame-Sync Mode
                  ScalerRotationSetDDomainSourceSelect(_DDOMAIN_SRC_FRAM_FRAME_SYNC_MODE);
              #endif
              #endif
              #endif  // End of #if(_FRC_SUPPORT == _ON)
 535   1      }
 536          
 537          //--------------------------------------------------
 538          // Description  : Set Up stuffs into I-Domain
C51 COMPILER V8.12   SYSMODE                                                               03/10/2025 13:50:14 PAGE 10  

 539          // Input Value  : Timing Info Into VGIP
 540          // Output Value : None
 541          //--------------------------------------------------
 542          void SysModeSetUpInputCapture(void)
 543          {
 544   1          UserCommonInterfaceAdjustInputTiming();
 545   1      
 546   1          ScalerIDomainVgipSetInputCapture();
 547   1      }
 548          
 549          //--------------------------------------------------
 550          // Description  : Set Up I-Domain
 551          // Input Value  : Timing Info Into D Domain
 552          // Output Value : None
 553          //--------------------------------------------------
 554          void SysModeSetUpDisplayCapture(void)
 555          {
 556   1          // Initialize Display Timing
 557   1          SysModeDisplayTimingInitial();
 558   1      
 559   1          UserCommonInterfaceAdjustDisplayTiming();
 560   1      
 561   1          // Check Display Timing
 562   1          ScalerMDomainCheckDisplayFormat();
 563   1      }
 564          
 565          //--------------------------------------------------
 566          // Description  : Set Up M-Domain
 567          // Input Value  : Timing Info Into M Domain
 568          // Output Value : None
 569          //--------------------------------------------------
 570          bit SysModeSetUpMDomain(void)
 571          {
 572   1          if(ScalerMDomainControl() == _FALSE)
 573   1          {
 574   2              return _FALSE;
 575   2          }
 576   1      
 577   1          return _TRUE;
 578   1      }
 579          
 580          //--------------------------------------------------
 581          // Description  : Mode Reset
 582          // Input Value  : Reset Target
 583          // Output Value : None
 584          //--------------------------------------------------
 585          void SysModeResetState(BYTE ucResetTarget)
 586          {
 587   1          DebugMessageSystem("SysModeResetState!!", ucResetTarget);
 588   1      
 589   1          switch(ucResetTarget)
 590   1          {
 591   2              case _MODE_ACTION_RESET_TO_SEARCH:
 592   2      
 593   2                  // User Reset Process
 594   2                  UserCommonInterfaceOsdResetProc();
 595   2      
 596   2                  // Clear Source Ready Flag
 597   2                  SysSourceInfoReset();
 598   2      
 599   2                  // Clear Measure Ready Flag
 600   2                  CLR_MODE_TIMING_CONFIRM();
C51 COMPILER V8.12   SYSMODE                                                               03/10/2025 13:50:14 PAGE 11  

 601   2      
 602   2                  // Clear M Domain Ready Flag
 603   2                  CLR_MODE_DISPLAY_SETTING_READY();
 604   2      
 605   2                  // Clear No Wait For Active Flag
 606   2                  CLR_MODE_NO_WAIT_FOR_ACTIVE();
 607   2      
 608   2                  // Clear Mode Active Ready Flag
 609   2                  CLR_MODE_ACTIVE_READY();
 610   2      
 611   2                  SysModeSetFreeRun();
 612   2      
 613   2                  ScalerTimerCancelTimerEvent(_SYSTEM_TIMER_EVENT_JUDGE_ACTIVE_STATE);
 614   2                  ScalerTimerCancelTimerEvent(_SYSTEM_TIMER_EVENT_JUDGE_NOSIGNAL_STATE);
 615   2                  ScalerTimerCancelTimerEvent(_SYSTEM_TIMER_EVENT_JUDGE_NOSUPPORT_STATE);
 616   2      
 617   2                  break;
 618   2      
 619   2              case _MODE_ACTION_RESET_TO_DISPLAY_SETTING_WITHOUT_FORCETOBG:
 620   2              case _MODE_ACTION_RESET_TO_DISPLAY_SETTING:
 621   2      
 622   2                  if(GET_MODE_STATE() != _MODE_STATUS_ACTIVE)
 623   2                  {
 624   3                      // User Reset Process
 625   3                      UserCommonInterfaceOsdResetProc();
 626   3                  }
 627   2      
 628   2                  // Clear M Domain Ready Flag
 629   2                  CLR_MODE_DISPLAY_SETTING_READY();
 630   2      
 631   2                  // Set No Wait For Active Flag
 632   2                  SET_MODE_NO_WAIT_FOR_ACTIVE();
 633   2      
 634   2                  // Clear Mode Active Ready Flag
 635   2                  CLR_MODE_ACTIVE_READY();
 636   2      
 637   2                  break;
 638   2      
 639   2              case _MODE_ACTION_RESET_TO_NOSUPPORT:
 640   2      
 641   2                  if(GET_MODE_STATE() == _MODE_STATUS_DISPLAY_SETTING)
 642   2                  {
 643   3                      // Clear M Domain Ready Flag
 644   3                      CLR_MODE_DISPLAY_SETTING_READY();
 645   3      
 646   3                      SysModeSetFreeRun();
 647   3                  }
 648   2      
 649   2                  break;
 650   2      
 651   2              case _MODE_ACTION_RESET_TO_POWER_SAVING:
 652   2      
 653   2                  // User Reset Process
 654   2                  UserCommonInterfaceOsdResetProc();
 655   2      
 656   2                  // Clear Source Ready Flag
 657   2                  SET_SOURCE_TYPE(g_ucSearchIndex, _SOURCE_NONE);
 658   2      
 659   2                  // Clear Source Judge
 660   2                  CLR_SOURCE_JUDGE(g_ucSearchIndex);
 661   2      
 662   2      #if(_SOURCE_BACKGROUND_DETECT_SUPPORT == _ON)
C51 COMPILER V8.12   SYSMODE                                                               03/10/2025 13:50:14 PAGE 12  

                          CLR_SOURCE_BG_JUDGE(g_ucBgDetectIndex);
              #endif
 665   2      
 666   2                  // Clear Measure Ready Flag
 667   2                  CLR_MODE_TIMING_CONFIRM();
 668   2      
 669   2                  // Clear M Domain Ready Flag
 670   2                  CLR_MODE_DISPLAY_SETTING_READY();
 671   2      
 672   2                  // Clear No Wait For Active Flag
 673   2                  CLR_MODE_NO_WAIT_FOR_ACTIVE();
 674   2      
 675   2                  // Clear Mode Active Ready Flag
 676   2                  CLR_MODE_ACTIVE_READY();
 677   2      
 678   2                  ScalerTimerCancelTimerEvent(_SYSTEM_TIMER_EVENT_JUDGE_ACTIVE_STATE);
 679   2                  ScalerTimerCancelTimerEvent(_SYSTEM_TIMER_EVENT_JUDGE_NOSIGNAL_STATE);
 680   2                  ScalerTimerCancelTimerEvent(_SYSTEM_TIMER_EVENT_JUDGE_NOSUPPORT_STATE);
 681   2      
 682   2                  break;
 683   2      
 684   2              case _MODE_ACTION_RESET_TO_POWER_OFF:
 685   2      
 686   2                  // User Reset Process
 687   2                  UserCommonInterfaceOsdResetProc();
 688   2      
 689   2                  // Clear Source Ready Flag
 690   2                  SysSourceInfoReset();
 691   2      
 692   2                  CLR_SOURCE_HP_SOURCE_JUDGE();
 693   2      
 694   2                  // Clear Measure Ready Flag
 695   2                  CLR_MODE_TIMING_CONFIRM();
 696   2      
 697   2                  // Clear M Domain Ready Flag
 698   2                  CLR_MODE_DISPLAY_SETTING_READY();
 699   2      
 700   2                  // Clear No Wait For Active Flag
 701   2                  CLR_MODE_NO_WAIT_FOR_ACTIVE();
 702   2      
 703   2                  // Clear Mode Active Ready Flag
 704   2                  CLR_MODE_ACTIVE_READY();
 705   2      
 706   2                  // Judge Reset Process
 707   2                  ScalerTimerCancelTimerEvent(_SYSTEM_TIMER_EVENT_JUDGE_ACTIVE_STATE);
 708   2      
 709   2                  break;
 710   2      
 711   2              default:
 712   2                  break;
 713   2          }
 714   1      
 715   1          ScalerGlobalResetProc(ucResetTarget, SysSourceGetInputPort());
 716   1      }
 717          
 718          //--------------------------------------------------
 719          // Description  : Set Free Run Mode
 720          // Input Value  : None
 721          // Output Value : None
 722          //--------------------------------------------------
 723          void SysModeSetFreeRun(void)
 724          {
C51 COMPILER V8.12   SYSMODE                                                               03/10/2025 13:50:14 PAGE 13  

 725   1          DWORD ulDclk = GET_D_CLK_FREQ();
 726   1      
 727   1          // Set D Domain Timing
 728   1          SysModeDisplayTimingInitial();
 729   1      
 730   1          // Disable Global Double Buffer
 731   1          ScalerGlobalDoubleBufferEnable(_DISABLE);
 732   1      
 733   1          ScalerMDomainSetDisplayFormat(_FREE_RUN_NO_INPUT);
 734   1      
 735   1          // Enable Spread Spectrum
 736   1          ScalerPLLSetDPLLSSC(_DCLK_SPREAD_SPEED, _DCLK_SPREAD_RANGE);
 737   1      
 738   1          if(ulDclk != GET_D_CLK_FREQ())
 739   1          {
 740   2      #if(_PANEL_STYLE == _PANEL_VBO)
              #if(_PANEL_VBO_CHANGE_CLK_RESET_TYPE == _VBO_CHANGE_CLK_RESET_BY_RE_LINK_TRAIN)
                      // Turn off Backlight Power to prevent garbage
                      
                      UserCommonInterfacePanelPowerAction(_BACKLIGHT_OFF);
              #else
                      // Turn off Panel Power to prevent garbage
                      UserCommonInterfacePanelPowerAction(_PANEL_OFF);
              #endif
              #elif(_PANEL_STYLE == _PANEL_DPTX)
              #if(_PANEL_POW_SEQ_FAST_MODE == _ON)
                      // Turn off backlight to prevent garbage
                      
                      UserCommonInterfacePanelPowerAction(_BACKLIGHT_OFF);
              #else
                      // Turn off backlight to prevent garbage
                      UserCommonInterfacePanelPowerAction(_PANEL_OFF);
              #endif
              #endif
 759   2          }
 760   1      }
 761          
 762          //--------------------------------------------------
 763          // Description  : Mode State Change Flag for OSD
 764          // Input Value  : None
 765          // Output Value : None
 766          //--------------------------------------------------
 767          bit SysModeGetModeStateChange(void)
 768          {
 769   1          return GET_MODE_STATE_CHANGE_OSD();
 770   1      }
 771          
 772          //--------------------------------------------------
 773          // Description  : Clr Mode State Change Flag for OSD
 774          // Input Value  : None
 775          // Output Value : None
 776          //--------------------------------------------------
 777          void SysModeClrModeStateChange(void)
 778          {
 779   1          CLR_MODE_STATE_CHANGE_OSD();
 780   1      }
 781          
 782          
 783          //--------------------------------------------------
 784          // Description  : Set Reset Status for User
 785          // Input Value  : Target Reset State
 786          // Output Value : None
C51 COMPILER V8.12   SYSMODE                                                               03/10/2025 13:50:14 PAGE 14  

 787          //--------------------------------------------------
 788          void SysModeSetResetTarget(EnumModeAction enumResetTarget)
 789          {
 790   1          if(GET_MODE_STATE() == _MODE_STATUS_INITIAL)
 791   1          {
 792   2              return;
 793   2          }
 794   1      
 795   1          SET_MODE_RESET_TARGET(enumResetTarget);
 796   1      }
 797          
 798          //--------------------------------------------------
 799          // Description  : Let User Specify Which Color Space is used
 800          // Input Value  : Target Color Space, enumDBApply
 801          // Output Value : None
 802          //--------------------------------------------------
 803          void SysModeColorSpaceConvert(EnumColorSpace enumColorFormat, EnumDBApply enumDBApply)
 804          {
 805   1          enumDBApply = enumDBApply;
 806   1          enumColorFormat = enumColorFormat;
 807   1      
 808   1      #if(_VGA_SUPPORT == _ON)
 809   1          if(GET_SOURCE_TYPE(g_ucSearchIndex) == _SOURCE_VGA)
 810   1          {
 811   2              ScalerADCClampMode(enumColorFormat);
 812   2      
 813   2              // Download adc data from NVRam
 814   2              UserCommonNVRamLoadADCSetting(enumColorFormat);
 815   2      
 816   2              // Gain Offset Adjust.
 817   2              UserCommonInterfaceAdjustADCData();
 818   2          }
 819   1      #endif
 820   1      
 821   1      #if((_DVI_SUPPORT == _ON) && (_UNDERSCAN_SUPPORT == _ON))
 822   1          if(GET_SOURCE_TYPE(g_ucSearchIndex) == _SOURCE_DVI)
 823   1          {
 824   2              // Adjust porch color for DVI
 825   2              ScalerTMDSSetPorchColor(SysSourceGetInputPort(), enumColorFormat);
 826   2          }
 827   1      #endif
 828   1      
 829   1      #if(_COLOR_IP_COLOR_CONVERT == _ON)
 830   1          // Wait for D-domain DB apply ready
 831   1          ScalerColorWaitDDomainDBApply();
 832   1      
 833   1      #if((_M_DOMAIN_FORCE_YUV_FORMAT == _ON) || (_GLOBAL_COLOR_CONVERT_HUE_SATURATION_FUNCTION == _ON))
                  ScalerColorMdomainForceYUV(enumColorFormat, enumDBApply);
              #elif(_ULTRA_VIVID_SUPPORT == _ON)
 836   1          ScalerColorSpaceConvertUltraVividSupport(enumColorFormat, enumDBApply);
 837   1      #else
                  ScalerColorSpaceConvert(enumColorFormat, enumDBApply);
              #endif
 840   1      #endif // End of #if(_COLOR_IP_COLOR_CONVERT == _ON)
 841   1      }
 842          
 843          //--------------------------------------------------
 844          // Description  : Give Display Timing Initial Value
 845          // Input Value  : None
 846          // Output Value : None
 847          //--------------------------------------------------
 848          void SysModeDisplayTimingInitial(void)
C51 COMPILER V8.12   SYSMODE                                                               03/10/2025 13:50:14 PAGE 15  

 849          {
 850   1          // Set Up Display Timing According to Panel Spec
 851   1          SET_MDOMAIN_OUTPUT_HWIDTH(_PANEL_DH_WIDTH);
 852   1          SET_MDOMAIN_OUTPUT_HBWIDTH(_PANEL_DH_WIDTH);
 853   1          SET_MDOMAIN_OUTPUT_HTOTAL((_PANEL_DH_TOTAL - (_PANEL_DH_TOTAL % _DHTOTAL_MULTIPLE)));
 854   1          SET_MDOMAIN_OUTPUT_HSTART(_PANEL_DH_START);
 855   1          SET_MDOMAIN_OUTPUT_HBSTART(_PANEL_DH_START);
 856   1      
 857   1          SET_MDOMAIN_OUTPUT_VHEIGHT(_PANEL_DV_HEIGHT);
 858   1          SET_MDOMAIN_OUTPUT_VBHEIGHT(_PANEL_DV_HEIGHT);
 859   1          SET_MDOMAIN_OUTPUT_VTOTAL(_PANEL_DV_TOTAL);
 860   1          SET_MDOMAIN_OUTPUT_VSTART(_PANEL_DV_START);
 861   1          SET_MDOMAIN_OUTPUT_VBSTART(_PANEL_DV_START);
 862   1      
 863   1          SET_OUTPUT_VFREQ(_PANEL_TYP_FRAME_RATE);
 864   1      }
 865          
 866          //--------------------------------------------------
 867          // Description  : Check To Disable Global Double Buffer
 868          // Input Value  : None
 869          // Output Value : _TRUE: Disale Global Global Double Buffer
 870          //--------------------------------------------------
 871          bit SysModeCheckToDisableGlobalDoubleBuffer(void)
 872          {
 873   1          if(ScalerGlobalGetDBStatus() == _TRUE)
 874   1          {
 875   2      #if(_DISPLAY_ROTATION_SUPPORT == _ON)
                      if(GET_ROT_TYPE() != UserInterfaceGetRotationDegree())
                      {
                          return _TRUE;
                      }
              #endif
 881   2              if(GET_MEMORY_DVF_SELECT() != ScalerDisplaySelectDVFMode())
 882   2              {
 883   3                  return _TRUE;
 884   3              }
 885   2          }
 886   1          return _FALSE;
 887   1      }
 888          
 889          //--------------------------------------------------
 890          // Description  : Set I domain initial value and check
 891          // Input Value  : None
 892          // Output Value : None
 893          //--------------------------------------------------
 894          void SysModeSetupIDomainIniValue(void)
 895          {
 896   1          // Copy Input Timing to I Domain Timing as initial value
 897   1          SET_MDOMAIN_INPUT_STRUCTURE(g_stInputTimingData);
 898   1      
 899   1      #if((_MEASURE_ADJUSTED_IHF_SUPPORT == _ON) || (_MEASURE_ADJUSTED_IVF_SUPPORT == _ON))
 900   1      #if(_VGA_SUPPORT == _ON)
 901   1          if(SysSourceGetSourceType() != _SOURCE_VGA)
 902   1      #endif
 903   1          {
 904   2              ScalerMDomainUpdateInputInfo();
 905   2          }
 906   1      #endif
 907   1      
 908   1      #if(_FORMAT_CONVERSION_SUPPORT == _ON)
                  if(ScalerFmtCnvFtoPGetStatus() == _TRUE)
                  {
C51 COMPILER V8.12   SYSMODE                                                               03/10/2025 13:50:14 PAGE 16  

                      if(GET_MDOMAIN_INPUT_VHEIGHT_ODD() == _TRUE)
                      {
                          SET_MDOMAIN_INPUT_VHEIGHT(GET_MDOMAIN_INPUT_VHEIGHT() - 2);
                      }
              
                      SET_MDOMAIN_INPUT_VSTART(GET_MDOMAIN_INPUT_VSTART() - (GET_MDOMAIN_INPUT_VSTART() % 2));
                  }
              #endif
 919   1      
 920   1      #if(_DRR_SUPPORT == _ON)
 921   1          SysModeDrrSetMdomainInfo();
 922   1      #endif
 923   1      
 924   1      #if(_HDMI21_VRR_SUPPORT == _ON)
                  if(GET_DRR_IVF_INFO() == _TRUE)
              #elif(_FREESYNC_SUPPORT == _ON)
 927   1          if(GET_FREESYNC_IVF_INFO() == _TRUE)
 928   1      #endif
 929   1          {
 930   2              // Add Required Functions to Modify Input Timing
 931   2              if(GET_MDOMAIN_INPUT_VSTART() > (GET_MDOMAIN_INPUT_VTOTAL() - GET_MDOMAIN_INPUT_VHEIGHT()))
 932   2              {
 933   3                  SET_MDOMAIN_INPUT_VSTART((GET_MDOMAIN_INPUT_VTOTAL() - GET_MDOMAIN_INPUT_VHEIGHT()));
 934   3              }
 935   2          }
 936   1      
 937   1          if((GET_MDOMAIN_INPUT_HWIDTH() % 2) != 0x00)
 938   1          {
 939   2              // We should let H-width is even integer in case of the width of memory FIFO read width must even 
             -integer.
 940   2              SET_MDOMAIN_INPUT_HWIDTH(GET_MDOMAIN_INPUT_HWIDTH() + 1);
 941   2          }
 942   1      }
 943          
 944          #if(_DRR_SUPPORT == _ON)
 945          //--------------------------------------------------
 946          // Description  : Set Drr Mdomain Info
 947          // Input Value  : None
 948          // Output Value : None
 949          //--------------------------------------------------
 950          void SysModeDrrSetMdomainInfo(void)
 951          {
 952   1          EnumSourceSearchPort enumSearchPort = SysSourceGetInputPort();
 953   1      
 954   1      #if(_FREESYNC_SUPPORT == _ON)
 955   1          ScalerFreeSyncSPDInfoReceive(enumSearchPort);
 956   1      #endif
 957   1      
 958   1      #if(_HDMI21_VRR_SUPPORT == _ON)
                  if(ScalerDrrGetType() != _DRR_NONE_TYPE)
                  {
                      WORD usIVfreq = SysModeDrrGetIVFreq(enumSearchPort);
              
                      ScalerDrrSetPanelVfeqInfo(enumSearchPort);
              
                      if(usIVfreq != 0)
                      {
                          SET_DRR_IVF_INFO(_TRUE);
                          SET_MDOMAIN_INPUT_VTOTAL((DWORD)GET_MDOMAIN_INPUT_HFREQ() * 1000 / usIVfreq);
                      }
                      else
                      {
C51 COMPILER V8.12   SYSMODE                                                               03/10/2025 13:50:14 PAGE 17  

                          SET_DRR_IVF_INFO(_FALSE);
                          SET_MDOMAIN_INPUT_VTOTAL((DWORD)GET_MDOMAIN_INPUT_VHEIGHT() * 105 / 100);
              
                          usIVfreq = ((DWORD)GET_MDOMAIN_INPUT_HFREQ() * 1000 / GET_MDOMAIN_INPUT_VHEIGHT());
              
                          if(usIVfreq > GET_DRR_PANEL_MAX_FRAME_RATE())
                          {
                              usIVfreq = GET_DRR_PANEL_MAX_FRAME_RATE();
                          }
                      }
              
                      DebugMessageScaler("DRR new Vfreq max", usIVfreq);
                      SET_MDOMAIN_INPUT_VFREQ(usIVfreq);
                  }
                  else
              #endif
 988   1          {
 989   2      #if(_FREESYNC_SUPPORT == _ON)
 990   2              if(GET_FREESYNC_ENABLED() == _TRUE)
 991   2              {
 992   3                  WORD usIVfreq = SysModeDrrGetIVFreq(enumSearchPort);
 993   3      
 994   3                  if(usIVfreq != 0)
 995   3                  {
 996   4                      SET_FREESYNC_IVF_INFO(_TRUE);
 997   4                      SET_MDOMAIN_INPUT_VTOTAL((DWORD)GET_MDOMAIN_INPUT_HFREQ() * 1000 / usIVfreq);
 998   4                  }
 999   3                  else
1000   3                  {
1001   4                      SET_FREESYNC_IVF_INFO(_FALSE);
1002   4                      SET_MDOMAIN_INPUT_VTOTAL((DWORD)GET_MDOMAIN_INPUT_VHEIGHT() * 105 / 100);
1003   4      
1004   4                      usIVfreq = ((DWORD)GET_MDOMAIN_INPUT_HFREQ() * 1000 / GET_MDOMAIN_INPUT_VHEIGHT());
1005   4      
1006   4                      if(usIVfreq > _PANEL_FREESYNC_MAX_FRAME_RATE)
1007   4                      {
1008   5                          usIVfreq = _PANEL_FREESYNC_MAX_FRAME_RATE;
1009   5                      }
1010   4                  }
1011   3      
1012   3                  DebugMessageScaler("DRR new Vfreq max", usIVfreq);
1013   3                  SET_MDOMAIN_INPUT_VFREQ(usIVfreq);
1014   3              }
1015   2      #endif
1016   2          }
1017   1      }
1018          
1019          //--------------------------------------------------
1020          // Description  : Get DRR IVF
1021          // Input Value  : Input port
1022          // Output Value : IVF in DRR; 0 if not available
1023          //--------------------------------------------------
1024          WORD SysModeDrrGetIVFreq(EnumSourceSearchPort enumSearchPort)
1025          {
1026   1          BYTE ucPortType = GET_PORT_TYPE(SysSourceGetInputPortType(enumSearchPort));
1027   1          BYTE *pucReadArray = UserCommonInterfaceEdidGetDDCRamAddress(enumSearchPort);
1028   1          WORD usIVfreq = 0;
1029   1          WORD usInputPixelClk = 0;
1030   1      
1031   1          StructFreeSyncSourceInfo stSourceInfo;
1032   1          memset(&stSourceInfo, 0, sizeof(stSourceInfo));
1033   1      
C51 COMPILER V8.12   SYSMODE                                                               03/10/2025 13:50:14 PAGE 18  

1034   1          ScalerFreeSyncGetSourceInfo(enumSearchPort, ucPortType, &stSourceInfo);
1035   1      
1036   1      #if(_HDMI21_VRR_SUPPORT == _ON)
                  if(ScalerDrrGetType() != _DRR_NONE_TYPE)
                  {
                      if(GET_DRR_VFREQ_MAX() == 590)
                      {
                          SET_DRR_VFREQ_MAX(600);
                      }
              
                      SET_DRR_VFREQ_MIN(GET_DRR_PANEL_MIN_FRAME_RATE());
              
                      if((GET_DRR_VFREQ_MAX() >= GET_DRR_PANEL_MIN_FRAME_RATE()) &&
                         (GET_DRR_VFREQ_MAX() <= GET_DRR_PANEL_MAX_FRAME_RATE()) &&
                         (ScalerDrrVfreqMaxInfoEnable(enumSearchPort, ucPortType) == _TRUE))
                      {
                          DebugMessageScaler("DRR Get IVF from SPD info", GET_DRR_VFREQ_MAX());
                          return GET_DRR_VFREQ_MAX();
                      }
                  }
                  else
              #endif
1056   1          {
1057   2      #if(_FREESYNC_SUPPORT == _ON)
1058   2              if(GET_FREESYNC_VFREQ_MAX() == 590)
1059   2              {
1060   3                  SET_FREESYNC_VFREQ_MAX(600);
1061   3              }
1062   2      
1063   2              if(ScalerFreeSyncVfreqMaxInfoEnable(enumSearchPort, ucPortType) == _TRUE)
1064   2              {
1065   3                  DebugMessageScaler("DRR Get IVF from SPD info", GET_FREESYNC_VFREQ_MAX());
1066   3                  return GET_FREESYNC_VFREQ_MAX();
1067   3              }
1068   2      #endif
1069   2          }
1070   1      
1071   1          if(pucReadArray == _NULL_POINTER)
1072   1          {
1073   2              DebugMessageScaler("warning!!!!  Without EDID, Not Get IVF from EDID analysis", 0);
1074   2          }
1075   1          else
1076   1          {
1077   2      #if(_DP_SUPPORT == _ON)
                      if(ucPortType == _PORT_DP)
                      {
                          usInputPixelClk = GET_DP_NATIVE_INPUT_PIXEL_CLK();
                      }
                      else
              #endif
1084   2              {
1085   3                  usInputPixelClk = ScalerSyncGetInputPixelClk();
1086   3              }
1087   2      
1088   2              // Get IVF from EDID info, if any
1089   2              if(ScalerFreeSyncEdidAnalysisGetVfreqMax(pucReadArray, usInputPixelClk, &stSourceInfo, &usIVfreq) 
             -== _TABLE_SEARCHING_WITH_IVF_MAX)
1090   2              {
1091   3                  DebugMessageScaler("DRR Get IVF from EDID analysis", usIVfreq);
1092   3                  return usIVfreq;
1093   3              }
1094   2              else
C51 COMPILER V8.12   SYSMODE                                                               03/10/2025 13:50:14 PAGE 19  

1095   2              {
1096   3                  DebugMessageScaler("warning!!!!  Not Get IVF from EDID analysis", 0);
1097   3              }
1098   2          }
1099   1      
1100   1          // Get IVF Calculated by CVT, for QD980
1101   1          if(ScalerFreeSyncCalculateIVFmaxFromCVT(&usIVfreq, &stSourceInfo, ucPortType) == _TABLE_SEARCHING_WITH
             -_IVF_MAX)
1102   1          {
1103   2              DebugMessageScaler("DRR Get IVF Calculated by CVT", usIVfreq);
1104   2              return usIVfreq;
1105   2          }
1106   1      
1107   1          // Get IVF from user info, if any
1108   1          if(UserCommonInterfaceFreeSyncGetIVFmax(&usIVfreq, enumSearchPort) == _TABLE_SEARCHING_WITH_IVF_MAX)
1109   1          {
1110   2              DebugMessageScaler("DRR Get IVF from user define", usIVfreq);
1111   2              return usIVfreq;
1112   2          }
1113   1      
1114   1          DebugMessageScaler("DRR not Get IVF", 0);
1115   1          return 0;
1116   1      }
1117          
1118          #endif
1119          
1120          


MODULE INFORMATION:   STATIC OVERLAYABLE
   CODE SIZE        =   1513    ----
   CONSTANT SIZE    =   ----    ----
   XDATA SIZE       =      3      24
   PDATA SIZE       =   ----    ----
   DATA SIZE        =   ----    ----
   IDATA SIZE       =   ----    ----
   BIT SIZE         =   ----       1
END OF MODULE INFORMATION.


C51 COMPILATION COMPLETE.  0 WARNING(S),  0 ERROR(S)
