C51 COMPILER V8.12   OSD1BITFONTSHRINK                                                     03/11/2025 19:55:53 PAGE 1   


C51 COMPILER V8.12, COMPILATION OF MODULE OSD1BITFONTSHRINK
OBJECT MODULE PLACED IN .\Output\Osd1BitFontShrink.obj
COMPILER INVOKED BY: C:\Keil\C51\BIN\C51.EXE ..\..\ScalerFunction\Lib\Code\ScalerOSD\SRAM\Osd1BitFontShrink.c LARGE OPTI
                    -MIZE(9,SPEED) INCDIR(..\..\..\Common;..\Header;.\Header;..\..\ScalerFunction\Lib\Header;..\..\ScalerFunction\Header;..\.
                    -.\ScalerCommonFunction\Lib\Header;..\..\ScalerCommonFunction\Header;..\..\RL6449_Series_Common\Lib\Header;..\..\RL6449_S
                    -eries_Common\Header) DEFINE(_TRANSLATOR_SUPPORT=_OFF,_SCALER_TYPE=_RL6449_SERIES) DEBUG OBJECTEXTEND PRINT(.\Output\Osd1
                    -BitFontShrink.lst) OBJECT(.\Output\Osd1BitFontShrink.obj)

line level    source

   1          /********************************************************************************/
   2          /*   Copyright (c) 2021 Realtek Semiconductor Corp. All rights reserved.        */
   3          /*                                                                              */
   4          /*   SPDX-License-Identifier: LicenseRef-Realtek-Proprietary                    */
   5          /*                                                                              */
   6          /*   This software component is confidential and proprietary to Realtek         */
   7          /*   Semiconductor Corp. Disclosure, reproduction, redistribution, in whole     */
   8          /*   or in part, of this work and its derivatives without express permission    */
   9          /*   is prohibited.                                                             */
  10          /********************************************************************************/
  11          
  12          //----------------------------------------------------------------------------------------------------
  13          // ID Code      : Osd1BitFontShrink.c
  14          // Update Note  :
  15          //----------------------------------------------------------------------------------------------------
  16          #include "ScalerOSDLibInternalInclude.h"
  17          
  18          //****************************************************************************
  19          // DEFINITIONS / MACROS
  20          //****************************************************************************
  21          
  22          
  23          //****************************************************************************
  24          // STRUCT / TYPE / ENUM DEFINITTIONS
  25          //****************************************************************************
  26          
  27          
  28          //****************************************************************************
  29          // CODE TABLES
  30          //****************************************************************************
  31          
  32          
  33          //****************************************************************************
  34          // VARIABLE DECLARATIONS
  35          //****************************************************************************
  36          
  37          
  38          //****************************************************************************
  39          // FUNCTION DECLARATIONS
  40          //****************************************************************************
  41          void ScalerOsd1BitFontShrink(EnumOsd1BitShrinkType enumOsd1BitShrinkType);
  42          
  43          
  44          //****************************************************************************
  45          // FUNCTION DEFINITIONS
  46          //****************************************************************************
  47          //--------------------------------------------------
  48          // Description  : SRAM address value and which byte
  49          // Input Value  : enumOsd1BitShrinkType -> _OSD_1BIT_SHRINK_BY_MIDDLE or _OSD_1BIT_SHRINK_BY_LEFT or _OSD_
             -1BIT_SHRINK_BY_RIGHT
  50          // Output Value :
C51 COMPILER V8.12   OSD1BITFONTSHRINK                                                     03/11/2025 19:55:53 PAGE 2   

  51          //--------------------------------------------------
  52          void ScalerOsd1BitFontShrink(EnumOsd1BitShrinkType enumOsd1BitShrinkType)
  53          {
  54   1          ScalerSetBit(P3A_02_FRAME_CTRL_02, ~(_BIT2 | _BIT1), (enumOsd1BitShrinkType << 1));
  55   1      }
  56          
  57          /*
  58          //--------------------------------------------------
  59          // example
  60          //--------------------------------------------------
  61              ScalerOsd1BitFontShrink(_OSD_1BIT_SHRINK_BY_LEFT);
  62          */
  63          


MODULE INFORMATION:   STATIC OVERLAYABLE
   CODE SIZE        =     13    ----
   CONSTANT SIZE    =   ----    ----
   XDATA SIZE       =   ----    ----
   PDATA SIZE       =   ----    ----
   DATA SIZE        =   ----    ----
   IDATA SIZE       =   ----    ----
   BIT SIZE         =   ----    ----
END OF MODULE INFORMATION.


C51 COMPILATION COMPLETE.  0 WARNING(S),  0 ERROR(S)
