C51 COMPILER V8.12   OSDCHANGE1BITCOLOR                                                    03/11/2025 19:55:54 PAGE 1   


C51 COMPILER V8.12, COMPILATION OF MODULE OSDCHANGE1BITCOLOR
OBJECT MODULE PLACED IN .\Output\OsdChange1BitColor.obj
COMPILER INVOKED BY: C:\Keil\C51\BIN\C51.EXE ..\..\ScalerFunction\Lib\Code\ScalerOSD\SRAM\OsdChange1BitColor.c LARGE OPT
                    -IMIZE(9,SPEED) INCDIR(..\..\..\Common;..\Header;.\Header;..\..\ScalerFunction\Lib\Header;..\..\ScalerFunction\Header;..\
                    -..\ScalerCommonFunction\Lib\Header;..\..\ScalerCommonFunction\Header;..\..\RL6449_Series_Common\Lib\Header;..\..\RL6449_
                    -Series_Common\Header) DEFINE(_TRANSLATOR_SUPPORT=_OFF,_SCALER_TYPE=_RL6449_SERIES) DEBUG OBJECTEXTEND PRINT(.\Output\Osd
                    -Change1BitColor.lst) OBJECT(.\Output\OsdChange1BitColor.obj)

line level    source

   1          /********************************************************************************/
   2          /*   Copyright (c) 2021 Realtek Semiconductor Corp. All rights reserved.        */
   3          /*                                                                              */
   4          /*   SPDX-License-Identifier: LicenseRef-Realtek-Proprietary                    */
   5          /*                                                                              */
   6          /*   This software component is confidential and proprietary to Realtek         */
   7          /*   Semiconductor Corp. Disclosure, reproduction, redistribution, in whole     */
   8          /*   or in part, of this work and its derivatives without express permission    */
   9          /*   is prohibited.                                                             */
  10          /********************************************************************************/
  11          
  12          //----------------------------------------------------------------------------------------------------
  13          // ID Code      : OsdChange1BitColor.c
  14          // Update Note  :
  15          //----------------------------------------------------------------------------------------------------
  16          #include "ScalerOSDLibInternalInclude.h"
  17          
  18          //****************************************************************************
  19          // DEFINITIONS / MACROS
  20          //****************************************************************************
  21          
  22          
  23          //****************************************************************************
  24          // STRUCT / TYPE / ENUM DEFINITTIONS
  25          //****************************************************************************
  26          
  27          
  28          //****************************************************************************
  29          // CODE TABLES
  30          //****************************************************************************
  31          
  32          
  33          //****************************************************************************
  34          // VARIABLE DECLARATIONS
  35          //****************************************************************************
  36          
  37          
  38          //****************************************************************************
  39          // FUNCTION DECLARATIONS
  40          //****************************************************************************
  41          void ScalerOsdChange1BitColor(BYTE ucRow, BYTE ucCol, BYTE ucLength, BYTE ucHeight, BYTE ucForegroundColor
             -, BYTE ucBackgroundColor);
  42          
  43          
  44          //****************************************************************************
  45          // FUNCTION DEFINITIONS
  46          //****************************************************************************
  47          //--------------------------------------------------
  48          // Description  : SRAM address value and which byte
  49          // Input Value  : ucRow. ucCol. ucLength. ucHeight.     -> Just that !!
  50          //                ucForegroundColor. ucBackgroundColor  -> Color number
C51 COMPILER V8.12   OSDCHANGE1BITCOLOR                                                    03/11/2025 19:55:54 PAGE 2   

  51          // Output Value :
  52          //--------------------------------------------------
  53          void ScalerOsdChange1BitColor(BYTE ucRow, BYTE ucCol, BYTE ucLength, BYTE ucHeight, BYTE ucForegroundColor
             -, BYTE ucBackgroundColor)
  54          {
  55   1          BYTE ucTemp = 0;
  56   1      
  57   1          for(ucTemp = 0; ucTemp < ucHeight; ucTemp++)
  58   1          {
  59   2              ScalerOsdSramDataValue(ucRow + ucTemp, ucCol, ucLength, ((ucForegroundColor << 4) | ucBackgroundCo
             -lor), _OSD_BYTE2);
  60   2          }
  61   1      }
  62          
  63          
  64          /*
  65          //--------------------------------------------------
  66          // example
  67          //--------------------------------------------------
  68              ScalerOsdChange1BitColor(ROW(0), COL(0), LENGTH(1), HEIGHT(1), FGCOLOR(3), BGCOLOR(4));
  69          */
  70          


MODULE INFORMATION:   STATIC OVERLAYABLE
   CODE SIZE        =     74    ----
   CONSTANT SIZE    =   ----    ----
   XDATA SIZE       =   ----       7
   PDATA SIZE       =   ----    ----
   DATA SIZE        =   ----    ----
   IDATA SIZE       =   ----    ----
   BIT SIZE         =   ----    ----
END OF MODULE INFORMATION.


C51 COMPILATION COMPLETE.  0 WARNING(S),  0 ERROR(S)
