C51 COMPILER V8.12   OSDFONTMASKONOFF                                                      03/11/2025 19:55:56 PAGE 1   


C51 COMPILER V8.12, COMPILATION OF MODULE OSDFONTMASKONOFF
OBJECT MODULE PLACED IN .\Output\OsdFontMaskOnOff.obj
COMPILER INVOKED BY: C:\Keil\C51\BIN\C51.EXE ..\..\ScalerFunction\Lib\Code\ScalerOSD\SRAM\OsdFontMaskOnOff.c LARGE OPTIM
                    -IZE(9,SPEED) INCDIR(..\..\..\Common;..\Header;.\Header;..\..\ScalerFunction\Lib\Header;..\..\ScalerFunction\Header;..\..
                    -\ScalerCommonFunction\Lib\Header;..\..\ScalerCommonFunction\Header;..\..\RL6449_Series_Common\Lib\Header;..\..\RL6449_Se
                    -ries_Common\Header) DEFINE(_TRANSLATOR_SUPPORT=_OFF,_SCALER_TYPE=_RL6449_SERIES) DEBUG OBJECTEXTEND PRINT(.\Output\OsdFo
                    -ntMaskOnOff.lst) OBJECT(.\Output\OsdFontMaskOnOff.obj)

line level    source

   1          /********************************************************************************/
   2          /*   Copyright (c) 2021 Realtek Semiconductor Corp. All rights reserved.        */
   3          /*                                                                              */
   4          /*   SPDX-License-Identifier: LicenseRef-Realtek-Proprietary                    */
   5          /*                                                                              */
   6          /*   This software component is confidential and proprietary to Realtek         */
   7          /*   Semiconductor Corp. Disclosure, reproduction, redistribution, in whole     */
   8          /*   or in part, of this work and its derivatives without express permission    */
   9          /*   is prohibited.                                                             */
  10          /********************************************************************************/
  11          
  12          //----------------------------------------------------------------------------------------------------
  13          // ID Code      : OsdFontMaskOnOff.c
  14          // Update Note  :
  15          //----------------------------------------------------------------------------------------------------
  16          #include "ScalerOSDLibInternalInclude.h"
  17          
  18          //****************************************************************************
  19          // DEFINITIONS / MACROS
  20          //****************************************************************************
  21          
  22          
  23          //****************************************************************************
  24          // STRUCT / TYPE / ENUM DEFINITTIONS
  25          //****************************************************************************
  26          
  27          
  28          //****************************************************************************
  29          // CODE TABLES
  30          //****************************************************************************
  31          
  32          
  33          //****************************************************************************
  34          // VARIABLE DECLARATIONS
  35          //****************************************************************************
  36          
  37          //****************************************************************************
  38          // FUNCTION DECLARATIONS
  39          //****************************************************************************
  40          void ScalerOsdFontMaskOnOff(EnumOsdMapType enumOsdMapType, bit bOnOff);
  41          
  42          
  43          //****************************************************************************
  44          // FUNCTION DEFINITIONS
  45          //****************************************************************************
  46          //--------------------------------------------------
  47          // Description  : MASK Specific Region of Font A/B Enable/Disable
  48          // Input Value  : bOnOff
  49          // Output Value :
  50          //--------------------------------------------------
  51          void ScalerOsdFontMaskOnOff(EnumOsdMapType enumOsdMapType, bit bOnOff)
C51 COMPILER V8.12   OSDFONTMASKONOFF                                                      03/11/2025 19:55:56 PAGE 2   

  52          {
  53   1          if(enumOsdMapType == _OSD_A)
  54   1          {
  55   2              ScalerSetBit(P3A_45_FRAME_CTRL_45, ~_BIT7, ((BYTE)bOnOff << 7));
  56   2          }
  57   1          else
  58   1          {
  59   2              ScalerSetBit(P3A_47_FRAME_CTRL_47, ~_BIT7, ((BYTE)bOnOff << 7));
  60   2          }
  61   1      }
  62          


MODULE INFORMATION:   STATIC OVERLAYABLE
   CODE SIZE        =     38    ----
   CONSTANT SIZE    =   ----    ----
   XDATA SIZE       =   ----    ----
   PDATA SIZE       =   ----    ----
   DATA SIZE        =   ----    ----
   IDATA SIZE       =   ----    ----
   BIT SIZE         =   ----       1
END OF MODULE INFORMATION.


C51 COMPILATION COMPLETE.  0 WARNING(S),  0 ERROR(S)
