C51 COMPILER V8.12   OSDGLOBALDOUBLEBUFFER                                                 03/11/2025 19:55:52 PAGE 1   


C51 COMPILER V8.12, COMPILATION OF MODULE OSDGLOBALDOUBLEBUFFER
OBJECT MODULE PLACED IN .\Output\OsdGlobalDoubleBuffer.obj
COMPILER INVOKED BY: C:\Keil\C51\BIN\C51.EXE ..\..\ScalerFunction\Lib\Code\ScalerOSD\Function\OsdGlobalDoubleBuffer.c LA
                    -RGE OPTIMIZE(9,SPEED) INCDIR(..\..\..\Common;..\Header;.\Header;..\..\ScalerFunction\Lib\Header;..\..\ScalerFunction\Hea
                    -der;..\..\ScalerCommonFunction\Lib\Header;..\..\ScalerCommonFunction\Header;..\..\RL6449_Series_Common\Lib\Header;..\..\
                    -RL6449_Series_Common\Header) DEFINE(_TRANSLATOR_SUPPORT=_OFF,_SCALER_TYPE=_RL6449_SERIES) DEBUG OBJECTEXTEND PRINT(.\Out
                    -put\OsdGlobalDoubleBuffer.lst) OBJECT(.\Output\OsdGlobalDoubleBuffer.obj)

line level    source

   1          /********************************************************************************/
   2          /*   Copyright (c) 2021 Realtek Semiconductor Corp. All rights reserved.        */
   3          /*                                                                              */
   4          /*   SPDX-License-Identifier: LicenseRef-Realtek-Proprietary                    */
   5          /*                                                                              */
   6          /*   This software component is confidential and proprietary to Realtek         */
   7          /*   Semiconductor Corp. Disclosure, reproduction, redistribution, in whole     */
   8          /*   or in part, of this work and its derivatives without express permission    */
   9          /*   is prohibited.                                                             */
  10          /********************************************************************************/
  11          
  12          //----------------------------------------------------------------------------------------------------
  13          // ID Code      : OsdGlobalDoubleBuffer.c
  14          // Update Note  :
  15          //----------------------------------------------------------------------------------------------------
  16          #include "ScalerOSDLibInternalInclude.h"
  17          
  18          //****************************************************************************
  19          // DEFINITIONS / MACROS
  20          //****************************************************************************
  21          
  22          
  23          //****************************************************************************
  24          // STRUCT / TYPE / ENUM DEFINITTIONS
  25          //****************************************************************************
  26          
  27          
  28          //****************************************************************************
  29          // CODE TABLES
  30          //****************************************************************************
  31          
  32          
  33          //****************************************************************************
  34          // VARIABLE DECLARATIONS
  35          //****************************************************************************
  36          
  37          
  38          //****************************************************************************
  39          // FUNCTION DECLARATIONS
  40          //****************************************************************************
  41          void ScalerOsdGlobalDoubleBuffer(bit bEnableDisable);
  42          
  43          
  44          //****************************************************************************
  45          // FUNCTION DEFINITIONS
  46          //****************************************************************************
  47          //--------------------------------------------------
  48          // Description  :
  49          // Input Value  : bEnableDisable -> _ENABLE or _DISABLE
  50          // Output Value :
  51          //--------------------------------------------------
C51 COMPILER V8.12   OSDGLOBALDOUBLEBUFFER                                                 03/11/2025 19:55:52 PAGE 2   

  52          void ScalerOsdGlobalDoubleBuffer(bit bEnableDisable)
  53          {
  54   1          ScalerSetBit(P0_93_OSD_MISC_PORT, ~(_BIT7), ((BYTE)(bEnableDisable) << 7));
  55   1      }
  56          
  57          /*
  58          //--------------------------------------------------
  59          // example
  60          //--------------------------------------------------
  61              ScalerOsdGlobalDoubleBuffer(_ENABLE);
  62          */
  63          


MODULE INFORMATION:   STATIC OVERLAYABLE
   CODE SIZE        =     20    ----
   CONSTANT SIZE    =   ----    ----
   XDATA SIZE       =   ----    ----
   PDATA SIZE       =   ----    ----
   DATA SIZE        =   ----    ----
   IDATA SIZE       =   ----    ----
   BIT SIZE         =   ----       1
END OF MODULE INFORMATION.


C51 COMPILATION COMPLETE.  0 WARNING(S),  0 ERROR(S)
