C51 COMPILER V8.12   OSDSETTRANSPARENCYTYPE                                                03/11/2025 19:55:53 PAGE 1   


C51 COMPILER V8.12, COMPILATION OF MODULE OSDSETTRANSPARENCYTYPE
OBJECT MODULE PLACED IN .\Output\OsdSetTransparencyType.obj
COMPILER INVOKED BY: C:\Keil\C51\BIN\C51.EXE ..\..\ScalerFunction\Lib\Code\ScalerOSD\Function\OsdSetTransparencyType.c L
                    -ARGE OPTIMIZE(9,SPEED) INCDIR(..\..\..\Common;..\Header;.\Header;..\..\ScalerFunction\Lib\Header;..\..\ScalerFunction\He
                    -ader;..\..\ScalerCommonFunction\Lib\Header;..\..\ScalerCommonFunction\Header;..\..\RL6449_Series_Common\Lib\Header;..\..
                    -\RL6449_Series_Common\Header) DEFINE(_TRANSLATOR_SUPPORT=_OFF,_SCALER_TYPE=_RL6449_SERIES) DEBUG OBJECTEXTEND PRINT(.\Ou
                    -tput\OsdSetTransparencyType.lst) OBJECT(.\Output\OsdSetTransparencyType.obj)

line level    source

   1          /********************************************************************************/
   2          /*   Copyright (c) 2021 Realtek Semiconductor Corp. All rights reserved.        */
   3          /*                                                                              */
   4          /*   SPDX-License-Identifier: LicenseRef-Realtek-Proprietary                    */
   5          /*                                                                              */
   6          /*   This software component is confidential and proprietary to Realtek         */
   7          /*   Semiconductor Corp. Disclosure, reproduction, redistribution, in whole     */
   8          /*   or in part, of this work and its derivatives without express permission    */
   9          /*   is prohibited.                                                             */
  10          /********************************************************************************/
  11          
  12          //----------------------------------------------------------------------------------------------------
  13          // ID Code      : OsdSetTransparencyType.c
  14          // Update Note  :
  15          //----------------------------------------------------------------------------------------------------
  16          #include "ScalerOSDLibInternalInclude.h"
  17          
  18          //****************************************************************************
  19          // DEFINITIONS / MACROS
  20          //****************************************************************************
  21          
  22          
  23          //****************************************************************************
  24          // STRUCT / TYPE / ENUM DEFINITTIONS
  25          //****************************************************************************
  26          
  27          
  28          //****************************************************************************
  29          // CODE TABLES
  30          //****************************************************************************
  31          
  32          
  33          //****************************************************************************
  34          // VARIABLE DECLARATIONS
  35          //****************************************************************************
  36          
  37          
  38          //****************************************************************************
  39          // FUNCTION DECLARATIONS
  40          //****************************************************************************
  41          void ScalerOsdSetTransparencyType(EnumOsdTransparencyType enumOsdTransparencyType);
  42          
  43          
  44          //****************************************************************************
  45          // FUNCTION DEFINITIONS
  46          //****************************************************************************
  47          //--------------------------------------------------
  48          // Description  : Set Osd transparency type
  49          // Input Value  : enumOsdTransparencyType -> _OSD_TRANSPARENCY_DISABLE or _OSD_TRANSPARENCY_ONLY_WINDOW   
             -                   or
  50          //                                           _OSD_TRANSPARENCY_ALL     or _OSD_TRANSPARENCY_WINDOW_AND_CHA
C51 COMPILER V8.12   OSDSETTRANSPARENCYTYPE                                                03/11/2025 19:55:53 PAGE 2   

             -RACTER_BACKGROUND
  51          // Output Value :
  52          //--------------------------------------------------
  53          void ScalerOsdSetTransparencyType(EnumOsdTransparencyType enumOsdTransparencyType)
  54          {
  55   1          ScalerSetBit(P3A_0A_FRAME_CTRL_0A, ~(_BIT3 | _BIT2), enumOsdTransparencyType);
  56   1      }
  57          
  58          


MODULE INFORMATION:   STATIC OVERLAYABLE
   CODE SIZE        =      9    ----
   CONSTANT SIZE    =   ----    ----
   XDATA SIZE       =   ----    ----
   PDATA SIZE       =   ----    ----
   DATA SIZE        =   ----    ----
   IDATA SIZE       =   ----    ----
   BIT SIZE         =   ----    ----
END OF MODULE INFORMATION.


C51 COMPILATION COMPLETE.  0 WARNING(S),  0 ERROR(S)
