C51 COMPILER V8.12   OSDWINDOWHIGHLIGHTFUNCTION                                            03/11/2025 19:56:01 PAGE 1   


C51 COMPILER V8.12, COMPILATION OF MODULE OSDWINDOWHIGHLIGHTFUNCTION
OBJECT MODULE PLACED IN .\Output\OsdWindowHighlightFunction.obj
COMPILER INVOKED BY: C:\Keil\C51\BIN\C51.EXE ..\..\ScalerFunction\Lib\Code\ScalerOSD\Windows\OsdWindowHighlightFunction.
                    -c LARGE OPTIMIZE(9,SPEED) INCDIR(..\..\..\Common;..\Header;.\Header;..\..\ScalerFunction\Lib\Header;..\..\ScalerFunction
                    -\Header;..\..\ScalerCommonFunction\Lib\Header;..\..\ScalerCommonFunction\Header;..\..\RL6449_Series_Common\Lib\Header;..
                    -\..\RL6449_Series_Common\Header) DEFINE(_TRANSLATOR_SUPPORT=_OFF,_SCALER_TYPE=_RL6449_SERIES) DEBUG OBJECTEXTEND PRINT(.
                    -\Output\OsdWindowHighlightFunction.lst) OBJECT(.\Output\OsdWindowHighlightFunction.obj)

line level    source

   1          /********************************************************************************/
   2          /*   Copyright (c) 2021 Realtek Semiconductor Corp. All rights reserved.        */
   3          /*                                                                              */
   4          /*   SPDX-License-Identifier: LicenseRef-Realtek-Proprietary                    */
   5          /*                                                                              */
   6          /*   This software component is confidential and proprietary to Realtek         */
   7          /*   Semiconductor Corp. Disclosure, reproduction, redistribution, in whole     */
   8          /*   or in part, of this work and its derivatives without express permission    */
   9          /*   is prohibited.                                                             */
  10          /********************************************************************************/
  11          
  12          //----------------------------------------------------------------------------------------------------
  13          // ID Code      : OsdWindowHighlightFunction.c
  14          // Update Note  :
  15          //----------------------------------------------------------------------------------------------------
  16          #include "ScalerOSDLibInternalInclude.h"
  17          
  18          //****************************************************************************
  19          // DEFINITIONS / MACROS
  20          //****************************************************************************
  21          
  22          
  23          //****************************************************************************
  24          // STRUCT / TYPE / ENUM DEFINITTIONS
  25          //****************************************************************************
  26          
  27          
  28          //****************************************************************************
  29          // CODE TABLES
  30          //****************************************************************************
  31          
  32          
  33          //****************************************************************************
  34          // VARIABLE DECLARATIONS
  35          //****************************************************************************
  36          
  37          
  38          //****************************************************************************
  39          // FUNCTION DECLARATIONS
  40          //****************************************************************************
  41          void ScalerOsdWindowHighlightFunction(bit bEnable, EnumOsdWindowsType enumOsdWindowsType, BYTE ucForegroun
             -dColor, BYTE ucBackgroundColor, BYTE ucCharactorBorderColor);
  42          
  43          
  44          //****************************************************************************
  45          // FUNCTION DEFINITIONS
  46          //****************************************************************************
  47          //--------------------------------------------------
  48          // Description  : Set window highlight function
  49          // Input Value  : bEnable              -> _ENABLE or _DISABLE
  50          //                enumOsdWindowsType   -> _OSD_WINDOW_4_1 ~ _OSD_WINDOW_4_8
C51 COMPILER V8.12   OSDWINDOWHIGHLIGHTFUNCTION                                            03/11/2025 19:56:01 PAGE 2   

  51          //                ucForegroundColor    -> 0 ~ 63
  52          //                BackgroundColor      -> 0 ~ 63
  53          //                CharactorBorderColor -> 0 ~ 63
  54          // Output Value :
  55          //--------------------------------------------------
  56          void ScalerOsdWindowHighlightFunction(bit bEnable, EnumOsdWindowsType enumOsdWindowsType, BYTE ucForegroun
             -dColor, BYTE ucBackgroundColor, BYTE ucCharactorBorderColor)
  57          {
  58   1          ucCharactorBorderColor = ucCharactorBorderColor;
  59   1      
  60   1          switch(enumOsdWindowsType)
  61   1          {
  62   2              case _OSD_WINDOW_4_1:
  63   2                  ScalerSetBit(P3A_2A_FRAME_CTRL_2A, ~_BIT6, ((BYTE)bEnable << 6));
  64   2                  ScalerSetBit(P3A_2A_FRAME_CTRL_2A, ~(_BIT5 | _BIT4 | _BIT3 | _BIT2 | _BIT1 | _BIT0), ucForegro
             -undColor);
  65   2                  ScalerSetBit(P3A_2B_FRAME_CTRL_2B, ~(_BIT5 | _BIT4 | _BIT3 | _BIT2 | _BIT1 | _BIT0), ucBackgro
             -undColor);
  66   2                  break;
  67   2      
  68   2              case _OSD_WINDOW_4_2:
  69   2                  ScalerSetBit(P3A_2D_FRAME_CTRL_2D, ~_BIT6, ((BYTE)bEnable << 6));
  70   2                  ScalerSetBit(P3A_2D_FRAME_CTRL_2D, ~(_BIT5 | _BIT4 | _BIT3 | _BIT2 | _BIT1 | _BIT0), ucForegro
             -undColor);
  71   2                  ScalerSetBit(P3A_2E_FRAME_CTRL_2E, ~(_BIT5 | _BIT4 | _BIT3 | _BIT2 | _BIT1 | _BIT0), ucBackgro
             -undColor);
  72   2                  break;
  73   2      
  74   2              case _OSD_WINDOW_4_3:
  75   2                  ScalerSetBit(P3A_30_FRAME_CTRL_30, ~_BIT6, ((BYTE)bEnable << 6));
  76   2                  ScalerSetBit(P3A_30_FRAME_CTRL_30, ~(_BIT5 | _BIT4 | _BIT3 | _BIT2 | _BIT1 | _BIT0), ucForegro
             -undColor);
  77   2                  ScalerSetBit(P3A_31_FRAME_CTRL_31, ~(_BIT5 | _BIT4 | _BIT3 | _BIT2 | _BIT1 | _BIT0), ucBackgro
             -undColor);
  78   2                  break;
  79   2      
  80   2              case _OSD_WINDOW_4_4:
  81   2                  ScalerSetBit(P3A_4D_FRAME_CTRL_4D, ~_BIT6, ((BYTE)bEnable << 6));
  82   2                  ScalerSetBit(P3A_4D_FRAME_CTRL_4D, ~(_BIT5 | _BIT4 | _BIT3 | _BIT2 | _BIT1 | _BIT0), ucForegro
             -undColor);
  83   2                  ScalerSetBit(P3A_4E_FRAME_CTRL_4E, ~(_BIT5 | _BIT4 | _BIT3 | _BIT2 | _BIT1 | _BIT0), ucBackgro
             -undColor);
  84   2                  break;
  85   2      
  86   2              case _OSD_WINDOW_4_5:
  87   2                  ScalerSetBit(P3A_4F_FRAME_CTRL_4F, ~_BIT6, ((BYTE)bEnable << 6));
  88   2                  ScalerSetBit(P3A_4F_FRAME_CTRL_4F, ~(_BIT5 | _BIT4 | _BIT3 | _BIT2 | _BIT1 | _BIT0), ucForegro
             -undColor);
  89   2                  ScalerSetBit(P3A_50_FRAME_CTRL_50, ~(_BIT5 | _BIT4 | _BIT3 | _BIT2 | _BIT1 | _BIT0), ucBackgro
             -undColor);
  90   2                  break;
  91   2      
  92   2              case _OSD_WINDOW_4_6:
  93   2                  ScalerSetBit(P3A_51_FRAME_CTRL_51, ~_BIT6, ((BYTE)bEnable << 6));
  94   2                  ScalerSetBit(P3A_51_FRAME_CTRL_51, ~(_BIT5 | _BIT4 | _BIT3 | _BIT2 | _BIT1 | _BIT0), ucForegro
             -undColor);
  95   2                  ScalerSetBit(P3A_52_FRAME_CTRL_52, ~(_BIT5 | _BIT4 | _BIT3 | _BIT2 | _BIT1 | _BIT0), ucBackgro
             -undColor);
  96   2                  break;
  97   2      
  98   2              case _OSD_WINDOW_4_7:
  99   2                  ScalerSetBit(P3A_53_FRAME_CTRL_53, ~_BIT6, ((BYTE)bEnable << 6));
C51 COMPILER V8.12   OSDWINDOWHIGHLIGHTFUNCTION                                            03/11/2025 19:56:01 PAGE 3   

 100   2                  ScalerSetBit(P3A_53_FRAME_CTRL_53, ~(_BIT5 | _BIT4 | _BIT3 | _BIT2 | _BIT1 | _BIT0), ucForegro
             -undColor);
 101   2                  ScalerSetBit(P3A_54_FRAME_CTRL_54, ~(_BIT5 | _BIT4 | _BIT3 | _BIT2 | _BIT1 | _BIT0), ucBackgro
             -undColor);
 102   2                  break;
 103   2      
 104   2              case _OSD_WINDOW_4_8:
 105   2                  ScalerSetBit(P3A_55_FRAME_CTRL_55, ~_BIT6, ((BYTE)bEnable << 6));
 106   2                  ScalerSetBit(P3A_55_FRAME_CTRL_55, ~(_BIT5 | _BIT4 | _BIT3 | _BIT2 | _BIT1 | _BIT0), ucForegro
             -undColor);
 107   2                  ScalerSetBit(P3A_56_FRAME_CTRL_56, ~(_BIT5 | _BIT4 | _BIT3 | _BIT2 | _BIT1 | _BIT0), ucBackgro
             -undColor);
 108   2                  break;
 109   2      
 110   2              default:
 111   2                  break;
 112   2          }
 113   1      }
 114          
 115          
 116          /*
 117          //--------------------------------------------------
 118          // example
 119          //--------------------------------------------------
 120              ScalerOsdWindowHighlightFunction(_ENABLE, _OSD_WINDOW_4_1, 1, 3, 5);
 121          */
 122          
 123          


MODULE INFORMATION:   STATIC OVERLAYABLE
   CODE SIZE        =    256    ----
   CONSTANT SIZE    =   ----    ----
   XDATA SIZE       =   ----       4
   PDATA SIZE       =   ----    ----
   DATA SIZE        =   ----    ----
   IDATA SIZE       =   ----    ----
   BIT SIZE         =   ----       1
END OF MODULE INFORMATION.


C51 COMPILATION COMPLETE.  0 WARNING(S),  0 ERROR(S)
