C51 COMPILER V8.12   OSDWINDOW6SPECIALFUNCTION                                             03/11/2025 19:56:00 PAGE 1   


C51 COMPILER V8.12, COMPILATION OF MODULE OSDWINDOW6SPECIALFUNCTION
OBJECT MODULE PLACED IN .\Output\OsdWindow6SpecialFunction.obj
COMPILER INVOKED BY: C:\Keil\C51\BIN\C51.EXE ..\..\ScalerFunction\Lib\Code\ScalerOSD\Windows\OsdWindow6SpecialFunction.c
                    - LARGE OPTIMIZE(9,SPEED) INCDIR(..\..\..\Common;..\Header;.\Header;..\..\ScalerFunction\Lib\Header;..\..\ScalerFunction\
                    -Header;..\..\ScalerCommonFunction\Lib\Header;..\..\ScalerCommonFunction\Header;..\..\RL6449_Series_Common\Lib\Header;..\
                    -..\RL6449_Series_Common\Header) DEFINE(_TRANSLATOR_SUPPORT=_OFF,_SCALER_TYPE=_RL6449_SERIES) DEBUG OBJECTEXTEND PRINT(.\
                    -Output\OsdWindow6SpecialFunction.lst) OBJECT(.\Output\OsdWindow6SpecialFunction.obj)

line level    source

   1          /********************************************************************************/
   2          /*   Copyright (c) 2021 Realtek Semiconductor Corp. All rights reserved.        */
   3          /*                                                                              */
   4          /*   SPDX-License-Identifier: LicenseRef-Realtek-Proprietary                    */
   5          /*                                                                              */
   6          /*   This software component is confidential and proprietary to Realtek         */
   7          /*   Semiconductor Corp. Disclosure, reproduction, redistribution, in whole     */
   8          /*   or in part, of this work and its derivatives without express permission    */
   9          /*   is prohibited.                                                             */
  10          /********************************************************************************/
  11          
  12          //----------------------------------------------------------------------------------------------------
  13          // ID Code      : OsdWindow6SpecialFunction.c
  14          // Update Note  :
  15          //----------------------------------------------------------------------------------------------------
  16          #include "ScalerOSDLibInternalInclude.h"
  17          
  18          //****************************************************************************
  19          // DEFINITIONS / MACROS
  20          //****************************************************************************
  21          
  22          
  23          //****************************************************************************
  24          // STRUCT / TYPE / ENUM DEFINITTIONS
  25          //****************************************************************************
  26          
  27          
  28          //****************************************************************************
  29          // CODE TABLES
  30          //****************************************************************************
  31          
  32          
  33          //****************************************************************************
  34          // VARIABLE DECLARATIONS
  35          //****************************************************************************
  36          
  37          
  38          //****************************************************************************
  39          // FUNCTION DECLARATIONS
  40          //****************************************************************************
  41          void ScalerOsdWindow6SpecialFunction(EnumOsdWindow6FunctionType enumOsdWindow6FunctionType);
  42          
  43          
  44          //****************************************************************************
  45          // FUNCTION DEFINITIONS
  46          //****************************************************************************
  47          //--------------------------------------------------
  48          // Description  : Set window 6 Special function
  49          // Input Value  : enumOsdWindow6FunctionType   -> _OSD_WINDOW_6_FUNCTION_DISABLE                    or _OS
             -D_WINDOW_6_FUNCTION_NO_BLENDING_BOTH                  or
  50          //                                                _OSD_WINDOW_6_FUNCTION_NO_BLENDING_FOREGROUND     or _OS
C51 COMPILER V8.12   OSDWINDOW6SPECIALFUNCTION                                             03/11/2025 19:56:00 PAGE 2   

             -D_WINDOW_6_FUNCTION_NO_BLENDING_BACKGROUND            or
  51          //                                                _OSD_WINDOW_6_FUNCTION_BLENDING_BOTH
  52          // Output Value :
  53          //--------------------------------------------------
  54          void ScalerOsdWindow6SpecialFunction(EnumOsdWindow6FunctionType enumOsdWindow6FunctionType)
  55          {
  56   1          if(enumOsdWindow6FunctionType != _OSD_WINDOW_6_FUNCTION_DISABLE)
  57   1          {
  58   2              ScalerSetBit(P3A_21_FRAME_CTRL_21, ~(_BIT6 | _BIT3 | _BIT2), (_BIT6 | ((enumOsdWindow6FunctionType
             - - _OSD_WINDOW_6_FUNCTION_NO_BLENDING_BOTH) << 2)));
  59   2          }
  60   1          else
  61   1          {
  62   2              ScalerSetBit(P3A_21_FRAME_CTRL_21, ~(_BIT6 | _BIT3 | _BIT2), 0x00);
  63   2          }
  64   1      }
  65          
  66          
  67          /*
  68          //--------------------------------------------------
  69          // example
  70          //--------------------------------------------------
  71              ScalerOsdWindow6SpecialFunction(_OSD_WINDOW_6_FUNCTION_NO_BLENDING_FOREGROUND);
  72          */


MODULE INFORMATION:   STATIC OVERLAYABLE
   CODE SIZE        =     28    ----
   CONSTANT SIZE    =   ----    ----
   XDATA SIZE       =   ----    ----
   PDATA SIZE       =   ----    ----
   DATA SIZE        =   ----    ----
   IDATA SIZE       =   ----    ----
   BIT SIZE         =   ----    ----
END OF MODULE INFORMATION.


C51 COMPILATION COMPLETE.  0 WARNING(S),  0 ERROR(S)
