C51 COMPILER V8.12   RL6449_SERIES_OSDSCALEUP                                              03/11/2025 19:56:19 PAGE 1   


C51 COMPILER V8.12, COMPILATION OF MODULE RL6449_SERIES_OSDSCALEUP
OBJECT MODULE PLACED IN .\Output\RL6449_Series_OsdScaleUp.obj
COMPILER INVOKED BY: C:\Keil\C51\BIN\C51.EXE Code\RL6449_Series_OSD\Function\RL6449_Series_OsdScaleUp.c LARGE OPTIMIZE(9
                    -,SPEED) INCDIR(..\..\..\Common;..\Header;.\Header;..\..\ScalerFunction\Lib\Header;..\..\ScalerFunction\Header;..\..\Scal
                    -erCommonFunction\Lib\Header;..\..\ScalerCommonFunction\Header;..\..\RL6449_Series_Common\Lib\Header;..\..\RL6449_Series_
                    -Common\Header) DEFINE(_TRANSLATOR_SUPPORT=_OFF,_SCALER_TYPE=_RL6449_SERIES) DEBUG OBJECTEXTEND PRINT(.\Output\RL6449_Ser
                    -ies_OsdScaleUp.lst) OBJECT(.\Output\RL6449_Series_OsdScaleUp.obj)

line level    source

   1          /********************************************************************************/
   2          /*   Copyright (c) 2021 Realtek Semiconductor Corp. All rights reserved.        */
   3          /*                                                                              */
   4          /*   SPDX-License-Identifier: LicenseRef-Realtek-Proprietary                    */
   5          /*                                                                              */
   6          /*   This software component is confidential and proprietary to Realtek         */
   7          /*   Semiconductor Corp. Disclosure, reproduction, redistribution, in whole     */
   8          /*   or in part, of this work and its derivatives without express permission    */
   9          /*   is prohibited.                                                             */
  10          /********************************************************************************/
  11          
  12          //----------------------------------------------------------------------------------------------------
  13          // ID Code      : RL6449_Series_OsdScaleUp.c
  14          // Update Note  :
  15          //----------------------------------------------------------------------------------------------------
  16          #include "RL6449_Series_OSDLibInternalInclude.h"
  17          
  18          //****************************************************************************
  19          // DEFINITIONS / MACROS
  20          //****************************************************************************
  21          
  22          
  23          //****************************************************************************
  24          // STRUCT / TYPE / ENUM DEFINITTIONS
  25          //****************************************************************************
  26          
  27          
  28          //****************************************************************************
  29          // CODE TABLES
  30          //****************************************************************************
  31          
  32          
  33          //****************************************************************************
  34          // VARIABLE DECLARATIONS
  35          //****************************************************************************
  36          
  37          //****************************************************************************
  38          // FUNCTION DECLARATIONS
  39          //****************************************************************************
  40          void ScalerOsdScaleUpBoundaryCodition(EnumOsdScaleUpBoundaryType enumBoundary);
  41          void ScalerOsdScaleUpVerInitialValue(BYTE ucVerInitialValue);
  42          void ScalerOsdScaleUpHorInitialValue(BYTE ucHorInitialValue);
  43          void ScalerOsdScaleUpVerFactor(BYTE ucVerFactor);
  44          void ScalerOsdScaleUpHorFactor(BYTE ucHorFactor);
  45          void ScalerOsdScaleUpVerSize(WORD usVStart, WORD usVHeight);
  46          void ScalerOsdScaleUpHorSize(WORD usHStart, WORD usHWidth);
  47          
  48          //****************************************************************************
  49          // FUNCTION DEFINITIONS
  50          //****************************************************************************
  51          //--------------------------------------------------
C51 COMPILER V8.12   RL6449_SERIES_OSDSCALEUP                                              03/11/2025 19:56:19 PAGE 2   

  52          // Description  : OSD Scale Up Boundary Condition
  53          // Input Value  : enumRatio
  54          // Output Value :
  55          //--------------------------------------------------
  56          void ScalerOsdScaleUpBoundaryCodition(EnumOsdScaleUpBoundaryType enumBoundary)
  57          {
  58   1          ScalerSetBit(P3A_C0_OSD_SU_CRTL, ~(_BIT1 | _BIT0), enumBoundary);
  59   1      }
  60          
  61          //--------------------------------------------------
  62          // Description  : OSD Scale Up V Initial Value
  63          // Input Value  : ucVerInitialValue
  64          // Output Value :
  65          //--------------------------------------------------
  66          void ScalerOsdScaleUpVerInitialValue(BYTE ucVerInitialValue)
  67          {
  68   1          ScalerSetBit(P3A_C1_OSD_SU_INITIAL_PHASE, ~(_BIT7 | _BIT6 | _BIT5 | _BIT4), ucVerInitialValue);
  69   1      }
  70          //--------------------------------------------------
  71          // Description  : OSD Scale Up H Initial Value
  72          // Input Value  : ucHorInitialValue
  73          // Output Value :
  74          //--------------------------------------------------
  75          void ScalerOsdScaleUpHorInitialValue(BYTE ucHorInitialValue)
  76          {
  77   1          ScalerSetBit(P3A_C1_OSD_SU_INITIAL_PHASE, ~(_BIT3 | _BIT2 | _BIT1 | _BIT0), ucHorInitialValue);
  78   1      }
  79          
  80          //--------------------------------------------------
  81          // Description  : OSD Scale Up V Ratio
  82          // Input Value  : ucVerFactor : input/output * 2^6
  83          // Output Value :
  84          //--------------------------------------------------
  85          void ScalerOsdScaleUpVerFactor(BYTE ucVerFactor)
  86          {
  87   1          ScalerSetBit(P3A_C2_OSD_VER_FACTOR, ~(_BIT5 | _BIT4 | _BIT3 | _BIT2 | _BIT1 | _BIT0), ucVerFactor);
  88   1      }
  89          
  90          //--------------------------------------------------
  91          // Description  : OSD Scale Up H Ratio
  92          // Input Value  : ucHorFactor : input/output * 2^6
  93          // Output Value :
  94          //--------------------------------------------------
  95          void ScalerOsdScaleUpHorFactor(BYTE ucHorFactor)
  96          {
  97   1          ScalerSetBit(P3A_C3_OSD_HOR_FACTOR, ~(_BIT5 | _BIT4 | _BIT3 | _BIT2 | _BIT1 | _BIT0), ucHorFactor);
  98   1      }
  99          
 100          //--------------------------------------------------
 101          // Description  : OSD Scale Up V Start/Height
 102          // Input Value  : usVStart
 103          // Input Value  : usVHeight
 104          // Output Value :
 105          //--------------------------------------------------
 106          void ScalerOsdScaleUpVerSize(WORD usVStart, WORD usVHeight)
 107          {
 108   1          WORD usBGVStart = 0;
 109   1      
 110   1          ScalerGetDataPortByte(P0_2A_DISPLAY_FORMAT_ADDR_PORT, _P0_2B_PT_0E_DISPLAY_VER_BG_STA_H, 2, &pData[0],
             - _AUTOINC);
 111   1          usBGVStart = ((pData[0] & 0x1F) << 8) | (pData[1]);
 112   1      
C51 COMPILER V8.12   RL6449_SERIES_OSDSCALEUP                                              03/11/2025 19:56:19 PAGE 3   

 113   1          usVStart = usVStart + (((usBGVStart % 2) == 0) ? (usBGVStart - 1) : (usBGVStart - 2));
 114   1          ScalerSetBit(P3A_C4_OSD_SU_VER_ST_H, ~(_BIT3 | _BIT2 | _BIT1 | _BIT0), HIBYTE(usVStart) & 0x0F);
 115   1          ScalerSetByte(P3A_C5_OSD_SU_VER_ST_L, LOBYTE(usVStart));
 116   1      
 117   1          ScalerSetBit(P3A_C8_OSD_SU_VER_SIZE_H, ~(_BIT3 | _BIT2 | _BIT1 | _BIT0), HIBYTE(usVHeight) & 0x0F);
 118   1          ScalerSetByte(P3A_C9_OSD_SU_VER_SIZE_L, LOBYTE(usVHeight));
 119   1      }
 120          
 121          //--------------------------------------------------
 122          // Description  : OSD Scale Up H Start/Height
 123          // Input Value  : usHStart
 124          // Input Value  : usHWidth
 125          // Output Value :
 126          //--------------------------------------------------
 127          void ScalerOsdScaleUpHorSize(WORD usHStart, WORD usHWidth)
 128          {
 129   1          WORD usBGHStart = 0;
 130   1      
 131   1          ScalerGetDataPortByte(P0_2A_DISPLAY_FORMAT_ADDR_PORT, _P0_2B_PT_03_DISPLAY_HOR_BG_STA_H, 2, &pData[0],
             - _AUTOINC);
 132   1          usBGHStart = ((pData[0] & 0x1F) << 8) | (pData[1]);
 133   1      
 134   1          ScalerSetByte(0x06, usBGHStart);
 135   1          usHStart = usHStart + (usBGHStart / 2 - 7);
 136   1          ScalerSetBit(P3A_C6_OSD_SU_HOR_ST_H, ~(_BIT3 | _BIT2 | _BIT1 | _BIT0), HIBYTE(usHStart) & 0x0F);
 137   1          ScalerSetByte(P3A_C7_OSD_SU_HOR_ST_L, LOBYTE(usHStart));
 138   1      
 139   1          ScalerSetBit(P3A_CA_OSD_SU_HOR_SIZE_H, ~(_BIT3 | _BIT2 | _BIT1 | _BIT0), HIBYTE(usHWidth) & 0x0F);
 140   1          ScalerSetByte(P3A_CB_OSD_SU_HOR_SIZE_L, LOBYTE(usHWidth));
 141   1      }
 142          
 143          
 144          


MODULE INFORMATION:   STATIC OVERLAYABLE
   CODE SIZE        =    245    ----
   CONSTANT SIZE    =   ----    ----
   XDATA SIZE       =   ----       8
   PDATA SIZE       =   ----    ----
   DATA SIZE        =   ----    ----
   IDATA SIZE       =   ----    ----
   BIT SIZE         =   ----    ----
END OF MODULE INFORMATION.


C51 COMPILATION COMPLETE.  0 WARNING(S),  0 ERROR(S)
