C51 COMPILER V8.12   RL6449_SERIES_OSDSETTRANSPARENCY_TIMER                                03/11/2025 19:56:18 PAGE 1   


C51 COMPILER V8.12, COMPILATION OF MODULE RL6449_SERIES_OSDSETTRANSPARENCY_TIMER
OBJECT MODULE PLACED IN .\Output\RL6449_Series_OsdSetTransparency_Timer.obj
COMPILER INVOKED BY: C:\Keil\C51\BIN\C51.EXE Code\RL6449_Series_OSD\Function\RL6449_Series_OsdSetTransparency_Timer.c LA
                    -RGE OPTIMIZE(9,SPEED) INCDIR(..\..\..\Common;..\Header;.\Header;..\..\ScalerFunction\Lib\Header;..\..\ScalerFunction\Hea
                    -der;..\..\ScalerCommonFunction\Lib\Header;..\..\ScalerCommonFunction\Header;..\..\RL6449_Series_Common\Lib\Header;..\..\
                    -RL6449_Series_Common\Header) DEFINE(_TRANSLATOR_SUPPORT=_OFF,_SCALER_TYPE=_RL6449_SERIES) DEBUG OBJECTEXTEND PRINT(.\Out
                    -put\RL6449_Series_OsdSetTransparency_Timer.lst) OBJECT(.\Output\RL6449_Series_OsdSetTransparency_Timer.obj)

line level    source

   1          /********************************************************************************/
   2          /*   Copyright (c) 2021 Realtek Semiconductor Corp. All rights reserved.        */
   3          /*                                                                              */
   4          /*   SPDX-License-Identifier: LicenseRef-Realtek-Proprietary                    */
   5          /*                                                                              */
   6          /*   This software component is confidential and proprietary to Realtek         */
   7          /*   Semiconductor Corp. Disclosure, reproduction, redistribution, in whole     */
   8          /*   or in part, of this work and its derivatives without express permission    */
   9          /*   is prohibited.                                                             */
  10          /********************************************************************************/
  11          
  12          //----------------------------------------------------------------------------------------------------
  13          // ID Code      : RL6449_Series_OsdSetTransparency_Timer.c
  14          // Update Note  :
  15          //----------------------------------------------------------------------------------------------------
  16          #include "RL6449_Series_OSDLibInternalInclude.h"
  17          
  18          //****************************************************************************
  19          // DEFINITIONS / MACROS
  20          //****************************************************************************
  21          
  22          
  23          //****************************************************************************
  24          // STRUCT / TYPE / ENUM DEFINITTIONS
  25          //****************************************************************************
  26          
  27          
  28          //****************************************************************************
  29          // CODE TABLES
  30          //****************************************************************************
  31          
  32          
  33          //****************************************************************************
  34          // VARIABLE DECLARATIONS
  35          //****************************************************************************
  36          
  37          
  38          //****************************************************************************
  39          // FUNCTION DECLARATIONS
  40          //****************************************************************************
  41          void ScalerOsdSetTransparency_EXINT(BYTE ucTransparency);
  42          
  43          
  44          //****************************************************************************
  45          // FUNCTION DEFINITIONS
  46          //****************************************************************************
  47          //--------------------------------------------------
  48          // Description  : Set OSD Transparency for Timer Interrupt
  49          // Input Value  : ucTransparency -> 0 ~ 255
  50          // Output Value :
  51          //--------------------------------------------------
C51 COMPILER V8.12   RL6449_SERIES_OSDSETTRANSPARENCY_TIMER                                03/11/2025 19:56:18 PAGE 2   

  52          void ScalerOsdSetTransparency_EXINT(BYTE ucTransparency)
  53          {
  54   1          // alpha_blending_level[7:5]
  55   1          ScalerSetBit_EXINT(P0_6C_OVERLAY_CTRL, ~(_BIT4 | _BIT3 | _BIT2), ((ucTransparency & 0xE0) >> 3));
  56   1      
  57   1          // alpha_blending_level[4:0]
  58   1          ScalerSetBit_EXINT(P0_8F_OVERLAY_CTRL1, ~(_BIT7 | _BIT6 | _BIT5 | _BIT4 | _BIT3), ((ucTransparency & 0
             -x1F) << 3));
  59   1      }
  60          


MODULE INFORMATION:   STATIC OVERLAYABLE
   CODE SIZE        =     35    ----
   CONSTANT SIZE    =   ----    ----
   XDATA SIZE       =   ----    ----
   PDATA SIZE       =   ----    ----
   DATA SIZE        =   ----    ----
   IDATA SIZE       =   ----    ----
   BIT SIZE         =   ----    ----
END OF MODULE INFORMATION.


C51 COMPILATION COMPLETE.  0 WARNING(S),  0 ERROR(S)
