C51 COMPILER V8.12   RL6449_SERIES_COLORSIXCOLORINITIALBRICOMP                             03/11/2025 19:56:12 PAGE 1   


C51 COMPILER V8.12, COMPILATION OF MODULE RL6449_SERIES_COLORSIXCOLORINITIALBRICOMP
OBJECT MODULE PLACED IN .\Output\RL6449_Series_ColorSixColorInitialBriCompensate.obj
COMPILER INVOKED BY: C:\Keil\C51\BIN\C51.EXE Code\RL6449_Series_Color\RL6449_Series_ColorSixColorInitialBriCompensate.c 
                    -LARGE OPTIMIZE(9,SPEED) INCDIR(..\..\..\Common;..\Header;.\Header;..\..\ScalerFunction\Lib\Header;..\..\ScalerFunction\H
                    -eader;..\..\ScalerCommonFunction\Lib\Header;..\..\ScalerCommonFunction\Header;..\..\RL6449_Series_Common\Lib\Header;..\.
                    -.\RL6449_Series_Common\Header) DEFINE(_TRANSLATOR_SUPPORT=_OFF,_SCALER_TYPE=_RL6449_SERIES) DEBUG OBJECTEXTEND PRINT(.\O
                    -utput\RL6449_Series_ColorSixColorInitialBriCompensate.lst) OBJECT(.\Output\RL6449_Series_ColorSixColorInitialBriCompensa
                    -te.obj)

line level    source

   1          /********************************************************************************/
   2          /*   Copyright (c) 2021 Realtek Semiconductor Corp. All rights reserved.        */
   3          /*                                                                              */
   4          /*   SPDX-License-Identifier: LicenseRef-Realtek-Proprietary                    */
   5          /*                                                                              */
   6          /*   This software component is confidential and proprietary to Realtek         */
   7          /*   Semiconductor Corp. Disclosure, reproduction, redistribution, in whole     */
   8          /*   or in part, of this work and its derivatives without express permission    */
   9          /*   is prohibited.                                                             */
  10          /********************************************************************************/
  11          
  12          //----------------------------------------------------------------------------------------------------
  13          // ID Code      : RL6449_Series_ColorSixColorInitialBriCompensate.c
  14          // Update Note  :
  15          //----------------------------------------------------------------------------------------------------
  16          #include "RL6449_Series_ColorLibInternalInclude.h"
  17          
  18          //****************************************************************************
  19          // DEFINITIONS / MACROS
  20          //****************************************************************************
  21          //--------------------------------------------------
  22          // Definitions of Six Color
  23          //--------------------------------------------------
  24          #define _SIX_COLOR_RIGHTBUFFER_BRI_COMPENSATE                    0
  25          #define _SIX_COLOR_RIGHTWIDTH_BRI_COMPENSATE                     1
  26          #define _SIX_COLOR_CENTER_BRI_COMPENSATE                         2
  27          #define _SIX_COLOR_LEFTWIDTH_BRI_COMPENSATE                      3
  28          #define _SIX_COLOR_LEFTBUFFER_BRI_COMPENSATE                     4
  29          
  30          
  31          //****************************************************************************
  32          // STRUCT / TYPE / ENUM DEFINITTIONS
  33          //****************************************************************************
  34          
  35          
  36          //****************************************************************************
  37          // CODE TABLES
  38          //****************************************************************************
  39          //--------------------------------------------------
  40          // Code Tables of SixColor
  41          //--------------------------------------------------
  42          SWORD code tSIX_COLOR_DEFAULT_ANGLE_BRI_COMPENSATE[][5] =
  43          {
  44              {   0,    0,  722,  722,  722},
  45              { 722,    0,  604,  604,  604},
  46              {1326,    0,  722,  722,  722},
  47              {2048,    0,  722,  722,  722},
  48              {2770,    0,  604,  604,  604},
  49              {3374,    0,  722,  722,  722},
  50          };
C51 COMPILER V8.12   RL6449_SERIES_COLORSIXCOLORINITIALBRICOMP                             03/11/2025 19:56:12 PAGE 2   

  51          
  52          SWORD code tSIX_COLOR_U_MAX_BRI_COMPENSATE[][5] =
  53          {
  54              {2047, 2047, 1024, 1024, 1024},
  55              {1024, 1024, 3072, 3072, 3072},
  56              {3072, 3072, 2048, 2048, 2048},
  57              {2048, 2048, 3072, 3072, 3072},
  58              {3072, 3072, 1024, 1024, 1024},
  59              {1024, 1024, 2047, 2047, 2047},
  60          };
  61          
  62          //****************************************************************************
  63          // VARIABLE DECLARATIONS
  64          //****************************************************************************
  65          
  66          
  67          //****************************************************************************
  68          // FUNCTION DECLARATIONS
  69          //****************************************************************************
  70          void ScalerColorSixColorSetAngleRBBriCompensate(BYTE ucCMSel);
  71          void ScalerColorSixColorInitialBriCompensate(void);
  72          
  73          
  74          //****************************************************************************
  75          // FUNCTION DEFINITIONS
  76          //****************************************************************************
  77          //--------------------------------------------------
  78          // Description  : Set range for one CM
  79          // Input Value  : ucCMSel --> Color selected
  80          //                shRBuffer --> Right buffer hue
  81          //                shRWidth --> Right range
  82          //                shAngle --> Master Range
  83          //                shLWidth --> Left Range
  84          //                shLBuffer --> Left Buffer Range
  85          // Output Value : None
  86          //--------------------------------------------------
  87          void ScalerColorSixColorSetAngleRBBriCompensate(BYTE ucCMSel)
  88          {
  89   1          ScalerSetBit(P7_D1_ICM_SEL, ~(_BIT2 | _BIT1 | _BIT0), ucCMSel);
  90   1          ScalerSetByte(P7_D2_ICM_ADDR, _P7_D3_PT_53_PORT_CMN_MST_UMAX_H);
  91   1      
  92   1          // Master Umax
  93   1          ScalerSetByte(P7_D3_ICM_DATA, ((tSIX_COLOR_U_MAX_BRI_COMPENSATE[ucCMSel][_SIX_COLOR_CENTER_BRI_COMPENS
             -ATE]) >> 8));
  94   1          ScalerSetByte(P7_D3_ICM_DATA, ((tSIX_COLOR_U_MAX_BRI_COMPENSATE[ucCMSel][_SIX_COLOR_CENTER_BRI_COMPENS
             -ATE]) & 0xFF));
  95   1      
  96   1          // Rightwidth Umax
  97   1          ScalerSetByte(P7_D3_ICM_DATA, ((tSIX_COLOR_U_MAX_BRI_COMPENSATE[ucCMSel][_SIX_COLOR_RIGHTWIDTH_BRI_COM
             -PENSATE]) >> 8));
  98   1          ScalerSetByte(P7_D3_ICM_DATA, ((tSIX_COLOR_U_MAX_BRI_COMPENSATE[ucCMSel][_SIX_COLOR_RIGHTWIDTH_BRI_COM
             -PENSATE]) & 0xFF));
  99   1      
 100   1          // Leftwidth Umax
 101   1          ScalerSetByte(P7_D3_ICM_DATA, ((tSIX_COLOR_U_MAX_BRI_COMPENSATE[ucCMSel][_SIX_COLOR_LEFTWIDTH_BRI_COMP
             -ENSATE]) >> 8));
 102   1          ScalerSetByte(P7_D3_ICM_DATA, ((tSIX_COLOR_U_MAX_BRI_COMPENSATE[ucCMSel][_SIX_COLOR_LEFTWIDTH_BRI_COMP
             -ENSATE]) & 0xFF));
 103   1      
 104   1          // Rightbuffer Umax
 105   1          ScalerSetByte(P7_D3_ICM_DATA, ((tSIX_COLOR_U_MAX_BRI_COMPENSATE[ucCMSel][_SIX_COLOR_RIGHTBUFFER_BRI_CO
             -MPENSATE]) >> 8));
C51 COMPILER V8.12   RL6449_SERIES_COLORSIXCOLORINITIALBRICOMP                             03/11/2025 19:56:12 PAGE 3   

 106   1          ScalerSetByte(P7_D3_ICM_DATA, ((tSIX_COLOR_U_MAX_BRI_COMPENSATE[ucCMSel][_SIX_COLOR_RIGHTBUFFER_BRI_CO
             -MPENSATE]) & 0xFF));
 107   1      
 108   1          // Leftbuffer Umax
 109   1          ScalerSetByte(P7_D3_ICM_DATA, ((tSIX_COLOR_U_MAX_BRI_COMPENSATE[ucCMSel][_SIX_COLOR_LEFTBUFFER_BRI_COM
             -PENSATE]) >> 8));
 110   1          ScalerSetByte(P7_D3_ICM_DATA, ((tSIX_COLOR_U_MAX_BRI_COMPENSATE[ucCMSel][_SIX_COLOR_LEFTBUFFER_BRI_COM
             -PENSATE]) & 0xFF));
 111   1      
 112   1          // Right Buffer Hue
 113   1          ScalerSetByte(P7_D3_ICM_DATA, tSIX_COLOR_DEFAULT_ANGLE_BRI_COMPENSATE[ucCMSel][_SIX_COLOR_RIGHTBUFFER_
             -BRI_COMPENSATE] >> 8);
 114   1          ScalerSetByte(P7_D3_ICM_DATA, tSIX_COLOR_DEFAULT_ANGLE_BRI_COMPENSATE[ucCMSel][_SIX_COLOR_RIGHTBUFFER_
             -BRI_COMPENSATE] & 0xFF);
 115   1      
 116   1          // Right Width Range
 117   1          ScalerSetByte(P7_D3_ICM_DATA, tSIX_COLOR_DEFAULT_ANGLE_BRI_COMPENSATE[ucCMSel][_SIX_COLOR_RIGHTWIDTH_B
             -RI_COMPENSATE] >> 8);
 118   1          ScalerSetByte(P7_D3_ICM_DATA, tSIX_COLOR_DEFAULT_ANGLE_BRI_COMPENSATE[ucCMSel][_SIX_COLOR_RIGHTWIDTH_B
             -RI_COMPENSATE] & 0xFF);
 119   1      
 120   1          // Master Range
 121   1          ScalerSetByte(P7_D3_ICM_DATA, tSIX_COLOR_DEFAULT_ANGLE_BRI_COMPENSATE[ucCMSel][_SIX_COLOR_CENTER_BRI_C
             -OMPENSATE] >> 8);
 122   1          ScalerSetByte(P7_D3_ICM_DATA, tSIX_COLOR_DEFAULT_ANGLE_BRI_COMPENSATE[ucCMSel][_SIX_COLOR_CENTER_BRI_C
             -OMPENSATE] & 0xFF);
 123   1      
 124   1          // Left Width Range
 125   1          ScalerSetByte(P7_D3_ICM_DATA, tSIX_COLOR_DEFAULT_ANGLE_BRI_COMPENSATE[ucCMSel][_SIX_COLOR_LEFTWIDTH_BR
             -I_COMPENSATE] >> 8);
 126   1          ScalerSetByte(P7_D3_ICM_DATA, tSIX_COLOR_DEFAULT_ANGLE_BRI_COMPENSATE[ucCMSel][_SIX_COLOR_LEFTWIDTH_BR
             -I_COMPENSATE] & 0xFF);
 127   1      
 128   1          // Left Buffer Range
 129   1          ScalerSetByte(P7_D3_ICM_DATA, tSIX_COLOR_DEFAULT_ANGLE_BRI_COMPENSATE[ucCMSel][_SIX_COLOR_LEFTBUFFER_B
             -RI_COMPENSATE] >> 8);
 130   1          ScalerSetByte(P7_D3_ICM_DATA, tSIX_COLOR_DEFAULT_ANGLE_BRI_COMPENSATE[ucCMSel][_SIX_COLOR_LEFTBUFFER_B
             -RI_COMPENSATE] & 0xFF);
 131   1      
 132   1          // Set Master/Rightwidth/Leftwidth/Rightbuffer/Leftbuffer LSB to 0
 133   1          ScalerSetByte(P7_D2_ICM_ADDR, _P7_D3_PT_83_PORT_CMN_MST_WID_UMAX_L);
 134   1          ScalerSetByte(P7_D3_ICM_DATA, 0x00);
 135   1          ScalerSetByte(P7_D3_ICM_DATA, 0x00);
 136   1      
 137   1          // Set Right Buffer Hue/Right Width Range/Master Range/Left Width Range/Left Buffer Range LSB to 0
 138   1          ScalerSetByte(P7_D2_ICM_ADDR, _P7_D3_PT_85_PORT_CMN_HUE_SET1_L);
 139   1          ScalerSetByte(P7_D3_ICM_DATA, 0x00);
 140   1          ScalerSetByte(P7_D3_ICM_DATA, 0x00);
 141   1      }
 142          
 143          //--------------------------------------------------
 144          // Description  : Enable ICM function
 145          // Input Value  : None
 146          // Output Value : None
 147          //--------------------------------------------------
 148          void ScalerColorSixColorInitialBriCompensate(void)
 149          {
 150   1          BYTE ucCmIndex = 0;
 151   1      
 152   1          // Enable ICM
 153   1          ScalerSetBit(P7_D1_ICM_SEL, ~(_BIT4 | _BIT3), _BIT4 | _BIT3);
 154   1      
C51 COMPILER V8.12   RL6449_SERIES_COLORSIXCOLORINITIALBRICOMP                             03/11/2025 19:56:12 PAGE 4   

 155   1          // Enable New ICM mode
 156   1          ScalerSetBit(P7_D4_ICM_SEL2, ~(_BIT2 | _BIT1), _BIT2 | _BIT1);
 157   1      
 158   1          // Enable ICM function
 159   1          ScalerSetByte(P7_D0_ICM_CONTROL, (_BIT7 | _BIT5 | _BIT4 | _BIT3 | _BIT2 | _BIT1 | _BIT0));
 160   1      
 161   1          // Close SCM
 162   1          ScalerSetByte(P7_CC_SCM_BLOCK_ENABLE, 0x00);
 163   1          ScalerSetBit(P7_CD_SCM_BLOCK_SELECT, ~_BIT4, 0x00);
 164   1      
 165   1          // Close ICM Brightness
 166   1          ScalerSetBit(P7_D1_ICM_SEL, ~(_BIT2 | _BIT1 | _BIT0), 0x00);
 167   1          ScalerSetByte(P7_D2_ICM_ADDR, _P7_D3_PT_67_PORT_CMN_BRI_RANGE);
 168   1          ScalerSetByte(P7_D3_ICM_DATA, 0xBF);
 169   1          ScalerSetByte(P7_D3_ICM_DATA, 0x0E);
 170   1      
 171   1          ScalerSetBit(P7_D1_ICM_SEL, ~(_BIT2 | _BIT1 | _BIT0), 0x01);
 172   1          ScalerSetByte(P7_D2_ICM_ADDR, _P7_D3_PT_67_PORT_CMN_BRI_RANGE);
 173   1          ScalerSetByte(P7_D3_ICM_DATA, 0xBF);
 174   1          ScalerSetByte(P7_D3_ICM_DATA, 0x0E);
 175   1      
 176   1          ScalerSetBit(P7_D1_ICM_SEL, ~(_BIT2 | _BIT1 | _BIT0), 0x02);
 177   1          ScalerSetByte(P7_D2_ICM_ADDR, _P7_D3_PT_67_PORT_CMN_BRI_RANGE);
 178   1          ScalerSetByte(P7_D3_ICM_DATA, 0xBF);
 179   1          ScalerSetByte(P7_D3_ICM_DATA, 0x0E);
 180   1      
 181   1          ScalerSetBit(P7_D1_ICM_SEL, ~(_BIT2 | _BIT1 | _BIT0), 0x03);
 182   1          ScalerSetByte(P7_D2_ICM_ADDR, _P7_D3_PT_67_PORT_CMN_BRI_RANGE);
 183   1          ScalerSetByte(P7_D3_ICM_DATA, 0xBF);
 184   1          ScalerSetByte(P7_D3_ICM_DATA, 0x0E);
 185   1      
 186   1          ScalerSetBit(P7_D1_ICM_SEL, ~(_BIT2 | _BIT1 | _BIT0), 0x04);
 187   1          ScalerSetByte(P7_D2_ICM_ADDR, _P7_D3_PT_67_PORT_CMN_BRI_RANGE);
 188   1          ScalerSetByte(P7_D3_ICM_DATA, 0xBF);
 189   1          ScalerSetByte(P7_D3_ICM_DATA, 0x0E);
 190   1      
 191   1          ScalerSetBit(P7_D1_ICM_SEL, ~(_BIT2 | _BIT1 | _BIT0), 0x05);
 192   1          ScalerSetByte(P7_D2_ICM_ADDR, _P7_D3_PT_67_PORT_CMN_BRI_RANGE);
 193   1          ScalerSetByte(P7_D3_ICM_DATA, 0xBF);
 194   1          ScalerSetByte(P7_D3_ICM_DATA, 0x0E);
 195   1      
 196   1          for(ucCmIndex = 0; ucCmIndex < 6; ucCmIndex++)
 197   1          {
 198   2              ScalerColorSixColorSetAngleRBBriCompensate(ucCmIndex);
 199   2          }
 200   1      }


MODULE INFORMATION:   STATIC OVERLAYABLE
   CODE SIZE        =    281    ----
   CONSTANT SIZE    =    120    ----
   XDATA SIZE       =   ----    ----
   PDATA SIZE       =   ----    ----
   DATA SIZE        =   ----    ----
   IDATA SIZE       =   ----    ----
   BIT SIZE         =   ----    ----
END OF MODULE INFORMATION.


C51 COMPILATION COMPLETE.  0 WARNING(S),  0 ERROR(S)
