C51 COMPILER V8.12   RL6449_SERIES_COLORGLOBALDOUBLEBUFFERSTAT                             03/11/2025 19:56:15 PAGE 1   


C51 COMPILER V8.12, COMPILATION OF MODULE RL6449_SERIES_COLORGLOBALDOUBLEBUFFERSTAT
OBJECT MODULE PLACED IN .\Output\RL6449_Series_ColorGlobalDoubleBufferStatus.obj
COMPILER INVOKED BY: C:\Keil\C51\BIN\C51.EXE Code\RL6449_Series_Color\RL6449_Series_ColorGlobalDoubleBufferStatus.c LARG
                    -E OPTIMIZE(9,SPEED) INCDIR(..\..\..\Common;..\Header;.\Header;..\..\ScalerFunction\Lib\Header;..\..\ScalerFunction\Heade
                    -r;..\..\ScalerCommonFunction\Lib\Header;..\..\ScalerCommonFunction\Header;..\..\RL6449_Series_Common\Lib\Header;..\..\RL
                    -6449_Series_Common\Header) DEFINE(_TRANSLATOR_SUPPORT=_OFF,_SCALER_TYPE=_RL6449_SERIES) DEBUG OBJECTEXTEND PRINT(.\Outpu
                    -t\RL6449_Series_ColorGlobalDoubleBufferStatus.lst) OBJECT(.\Output\RL6449_Series_ColorGlobalDoubleBufferStatus.obj)

line level    source

   1          /********************************************************************************/
   2          /*   Copyright (c) 2021 Realtek Semiconductor Corp. All rights reserved.        */
   3          /*                                                                              */
   4          /*   SPDX-License-Identifier: LicenseRef-Realtek-Proprietary                    */
   5          /*                                                                              */
   6          /*   This software component is confidential and proprietary to Realtek         */
   7          /*   Semiconductor Corp. Disclosure, reproduction, redistribution, in whole     */
   8          /*   or in part, of this work and its derivatives without express permission    */
   9          /*   is prohibited.                                                             */
  10          /********************************************************************************/
  11          
  12          //----------------------------------------------------------------------------------------------------
  13          // ID Code      : RL6449_Series_ColorGlobalDoubleBufferStatus.c
  14          // Update Note  :
  15          //----------------------------------------------------------------------------------------------------
  16          #include "RL6449_Series_ColorLibInternalInclude.h"
  17          
  18          //****************************************************************************
  19          // DEFINITIONS / MACROS
  20          //****************************************************************************
  21          
  22          
  23          //****************************************************************************
  24          // STRUCT / TYPE / ENUM DEFINITTIONS
  25          //****************************************************************************
  26          
  27          
  28          //****************************************************************************
  29          // CODE TABLES
  30          //****************************************************************************
  31          
  32          
  33          //****************************************************************************
  34          // VARIABLE DECLARATIONS
  35          //****************************************************************************
  36          
  37          
  38          //****************************************************************************
  39          // FUNCTION DECLARATIONS
  40          //****************************************************************************
  41          bit ScalerColorGlobalDBStatus(void);
  42          
  43          
  44          
  45          //****************************************************************************
  46          // FUNCTION DEFINITIONS
  47          //****************************************************************************
  48          //--------------------------------------------------
  49          // Description  : Get D-Domain double buffer status
  50          // Input Value  : None
  51          // Output Value : Wait/ Not Wait
C51 COMPILER V8.12   RL6449_SERIES_COLORGLOBALDOUBLEBUFFERSTAT                             03/11/2025 19:56:15 PAGE 2   

  52          //--------------------------------------------------
  53          bit ScalerColorGlobalDBStatus(void)
  54          {
  55   1          if(ScalerGlobalGetIDCode() >= _RL6449_VER_D_ID_CODE)
  56   1          {
  57   2              return ((bit)ScalerGetBit(P31_C0_I_DB_CTRL, _BIT6));
  58   2          }
  59   1          else
  60   1          {
  61   2              return _DISABLE;
  62   2          }
  63   1      }
  64          


MODULE INFORMATION:   STATIC OVERLAYABLE
   CODE SIZE        =     18    ----
   CONSTANT SIZE    =   ----    ----
   XDATA SIZE       =   ----    ----
   PDATA SIZE       =   ----    ----
   DATA SIZE        =   ----    ----
   IDATA SIZE       =   ----    ----
   BIT SIZE         =   ----    ----
END OF MODULE INFORMATION.


C51 COMPILATION COMPLETE.  0 WARNING(S),  0 ERROR(S)
