C51 COMPILER V8.12   RL6449_SERIES_COLORPANELUNIFORMITYDECAYAD                             03/11/2025 19:56:12 PAGE 1   


C51 COMPILER V8.12, COMPILATION OF MODULE RL6449_SERIES_COLORPANELUNIFORMITYDECAYAD
OBJECT MODULE PLACED IN .\Output\RL6449_Series_ColorPanelUniformityDecayAdjust.obj
COMPILER INVOKED BY: C:\Keil\C51\BIN\C51.EXE Code\RL6449_Series_Color\RL6449_Series_ColorPanelUniformityDecayAdjust.c LA
                    -RGE OPTIMIZE(9,SPEED) INCDIR(..\..\..\Common;..\Header;.\Header;..\..\ScalerFunction\Lib\Header;..\..\ScalerFunction\Hea
                    -der;..\..\ScalerCommonFunction\Lib\Header;..\..\ScalerCommonFunction\Header;..\..\RL6449_Series_Common\Lib\Header;..\..\
                    -RL6449_Series_Common\Header) DEFINE(_TRANSLATOR_SUPPORT=_OFF,_SCALER_TYPE=_RL6449_SERIES) DEBUG OBJECTEXTEND PRINT(.\Out
                    -put\RL6449_Series_ColorPanelUniformityDecayAdjust.lst) OBJECT(.\Output\RL6449_Series_ColorPanelUniformityDecayAdjust.obj
                    -)

line level    source

   1          /********************************************************************************/
   2          /*   Copyright (c) 2021 Realtek Semiconductor Corp. All rights reserved.        */
   3          /*                                                                              */
   4          /*   SPDX-License-Identifier: LicenseRef-Realtek-Proprietary                    */
   5          /*                                                                              */
   6          /*   This software component is confidential and proprietary to Realtek         */
   7          /*   Semiconductor Corp. Disclosure, reproduction, redistribution, in whole     */
   8          /*   or in part, of this work and its derivatives without express permission    */
   9          /*   is prohibited.                                                             */
  10          /********************************************************************************/
  11          
  12          //----------------------------------------------------------------------------------------------------
  13          // ID Code      : RL6449_Series_ColorPanelUniformityDecayAdjust.c
  14          // Update Note  :
  15          //----------------------------------------------------------------------------------------------------
  16          #include "RL6449_Series_ColorLibInternalInclude.h"
  17          
  18          //****************************************************************************
  19          // DEFINITIONS / MACROS
  20          //****************************************************************************
  21          
  22          
  23          //****************************************************************************
  24          // STRUCT / TYPE / ENUM DEFINITTIONS
  25          //****************************************************************************
  26          
  27          
  28          //****************************************************************************
  29          // CODE TABLES
  30          //****************************************************************************
  31          
  32          
  33          //****************************************************************************
  34          // VARIABLE DECLARATIONS
  35          //****************************************************************************
  36          
  37          
  38          //****************************************************************************
  39          // FUNCTION DECLARATIONS
  40          //****************************************************************************
  41          void ScalerColorPanelUniformityDecayAdjust(BYTE *pucUNILUT, WORD usUNILUTSize, BYTE ucBankNum, EnumUniform
             -ityModeSelect enumUniformityMode, BYTE ucDecayDegree);
  42          
  43          
  44          //****************************************************************************
  45          // FUNCTION DEFINITIONS
  46          //****************************************************************************
  47          //--------------------------------------------------
  48          // Description  : Load Panel Uniformity LUT
  49          // Input Value  : LUT, Bank number, EnumUniformityModeSelect
C51 COMPILER V8.12   RL6449_SERIES_COLORPANELUNIFORMITYDECAYAD                             03/11/2025 19:56:12 PAGE 2   

  50          // Output Value : None
  51          //--------------------------------------------------
  52          void ScalerColorPanelUniformityDecayAdjust(BYTE *pucUNILUT, WORD usUNILUTSize, BYTE ucBankNum, EnumUniform
             -ityModeSelect enumUniformityMode, BYTE ucDecayDegree)
  53          {
  54   1          // Set degree of decay
  55   1          if(enumUniformityMode == _UNIFORMITY_PCM_MODE)
  56   1          {
  57   2              ScalerSetBit(P34_01_UN_MULTI_LUT_CTRL, ~(_BIT5 | _BIT4), ((ucDecayDegree / 2) << 4));
  58   2          }
  59   1          else
  60   1          {
  61   2              // Enable uniformity access
  62   2              ScalerSetBit(P34_00_UN_GLOBAL_CTRL, ~_BIT2, _BIT2);
  63   2      
  64   2              // Load uniformity gain LUT
  65   2              ScalerBurstWrite(pucUNILUT, usUNILUTSize, ucBankNum, P34_14_UN_DECAY_LUT_ACCESS_PORT, _BURSTWRITE_
             -DATA_COMMON, _BURSTWRITE_FROM_FLASH);
  66   2      
  67   2              // Disable uniformity access
  68   2              ScalerSetBit(P34_00_UN_GLOBAL_CTRL, ~_BIT2, 0x00);
  69   2          }
  70   1      }
  71          


MODULE INFORMATION:   STATIC OVERLAYABLE
   CODE SIZE        =     66    ----
   CONSTANT SIZE    =   ----    ----
   XDATA SIZE       =   ----       8
   PDATA SIZE       =   ----    ----
   DATA SIZE        =   ----    ----
   IDATA SIZE       =   ----    ----
   BIT SIZE         =   ----    ----
END OF MODULE INFORMATION.


C51 COMPILATION COMPLETE.  0 WARNING(S),  0 ERROR(S)
