C51 COMPILER V8.12   RL6449_SERIES_COLORSIXCOLORADJUST                                     03/11/2025 19:56:11 PAGE 1   


C51 COMPILER V8.12, COMPILATION OF MODULE RL6449_SERIES_COLORSIXCOLORADJUST
OBJECT MODULE PLACED IN .\Output\RL6449_Series_ColorSixColorAdjust.obj
COMPILER INVOKED BY: C:\Keil\C51\BIN\C51.EXE Code\RL6449_Series_Color\RL6449_Series_ColorSixColorAdjust.c LARGE OPTIMIZE
                    -(9,SPEED) INCDIR(..\..\..\Common;..\Header;.\Header;..\..\ScalerFunction\Lib\Header;..\..\ScalerFunction\Header;..\..\Sc
                    -alerCommonFunction\Lib\Header;..\..\ScalerCommonFunction\Header;..\..\RL6449_Series_Common\Lib\Header;..\..\RL6449_Serie
                    -s_Common\Header) DEFINE(_TRANSLATOR_SUPPORT=_OFF,_SCALER_TYPE=_RL6449_SERIES) DEBUG OBJECTEXTEND PRINT(.\Output\RL6449_S
                    -eries_ColorSixColorAdjust.lst) OBJECT(.\Output\RL6449_Series_ColorSixColorAdjust.obj)

line level    source

   1          /********************************************************************************/
   2          /*   Copyright (c) 2021 Realtek Semiconductor Corp. All rights reserved.        */
   3          /*                                                                              */
   4          /*   SPDX-License-Identifier: LicenseRef-Realtek-Proprietary                    */
   5          /*                                                                              */
   6          /*   This software component is confidential and proprietary to Realtek         */
   7          /*   Semiconductor Corp. Disclosure, reproduction, redistribution, in whole     */
   8          /*   or in part, of this work and its derivatives without express permission    */
   9          /*   is prohibited.                                                             */
  10          /********************************************************************************/
  11          
  12          //----------------------------------------------------------------------------------------------------
  13          // ID Code      : RL6449_Series_ColorSixColorAdjust.c
  14          // Update Note  :
  15          //----------------------------------------------------------------------------------------------------
  16          #include "RL6449_Series_ColorLibInternalInclude.h"
  17          
  18          //****************************************************************************
  19          // DEFINITIONS / MACROS
  20          //****************************************************************************
  21          //--------------------------------------------------
  22          // Table Length
  23          //--------------------------------------------------
  24          #define _SIXCOLOR_TABLE_SIZE_MSB                  64
  25          #define _SIXCOLOR_TABLE_SIZE_LSB                  16
  26          #define _SIXCOLOR_TABLE_SIZE_AXIS                 16
  27          
  28          //--------------------------------------------------
  29          // Definitions of Six Color
  30          //--------------------------------------------------
  31          #define _SIX_COLOR_RIGHTBUFFER                    0
  32          #define _SIX_COLOR_RIGHTWIDTH                     1
  33          #define _SIX_COLOR_CENTER                         2
  34          #define _SIX_COLOR_LEFTWIDTH                      3
  35          #define _SIX_COLOR_LEFTBUFFER                     4
  36          
  37          
  38          //****************************************************************************
  39          // STRUCT / TYPE / ENUM DEFINITTIONS
  40          //****************************************************************************
  41          
  42          
  43          //****************************************************************************
  44          // CODE TABLES
  45          //****************************************************************************
  46          //--------------------------------------------------
  47          // Code Tables of SixColor
  48          //--------------------------------------------------
  49          SWORD code tSIX_COLOR_U_MAX_8[][3] =
  50          {
  51              { 313,  255,  -35},
C51 COMPILER V8.12   RL6449_SERIES_COLORSIXCOLORADJUST                                     03/11/2025 19:56:11 PAGE 2   

  52              {-134, -255, -310},
  53              {-366, -512, -363},
  54              {-313, -255, -125},
  55              { -52,  255,  313},
  56              { 396,  512,  402},
  57          };
  58          
  59          SWORD code tSIX_COLOR_V_MAX_8[][3] =
  60          {
  61              { 396,  512,  512},
  62              { 512,  512,  403},
  63              { 290,    0, -297},
  64              {-396, -512, -512},
  65              {-512, -512, -396},
  66              {-231,    0,  219},
  67          };
  68          
  69          SWORD code tSIX_COLOR_CTOC_DELTA_UV_DOWN[][2] =
  70          {
  71              {-447,    0}, // R-->Y
  72              {-179, -361}, // Y-->G
  73              { 226, -449}, // G-->C
  74              { 348,    0}, // C-->B
  75              { 193,  390}, // B-->M
  76              {-226,  449}, // M-->R
  77          };
  78          
  79          SWORD code tSIX_COLOR_RTOR_DELTA_UV_DOWN[][4] =
  80          {
  81              { -58,  116, -390,    0},
  82              {-122,    0, -111, -221},
  83              {-145, -291,  198, -396},
  84              {  58, -116,  203,    0},
  85              { 309,    0,  140,  280},
  86              { 116,  232, -198,  396},
  87          };
  88          
  89          SWORD code tSIX_COLOR_LTOL_DELTA_UV_DOWN[][2] =
  90          {
  91              {-221,    0},
  92              {-202, -404},
  93              { 107, -215},
  94              { 382,    0},
  95              { 198,  396},
  96              {-146,  293},
  97          };
  98          
  99          SWORD code tSIX_COLOR_CTOC_DELTA_UV_UP[][2] =
 100          {
 101              { 197, -397}, // R-->M
 102              { 358,    0}, // Y-->R
 103              { 229,  454}, // G-->Y
 104              {-177,  358}, // C-->G
 105              {-444,    0}, // B-->C
 106              {-227, -450}, // M-->B
 107          };
 108          
 109          SWORD code tSIX_COLOR_RTOR_DELTA_UV_UP[][2] =
 110          {
 111              { 198, -396},
 112              { 390,    0},
 113              { 111,  221},
C51 COMPILER V8.12   RL6449_SERIES_COLORSIXCOLORADJUST                                     03/11/2025 19:56:11 PAGE 3   

 114              {-198,  396},
 115              {-203,    0},
 116              {-140, -280},
 117          };
 118          
 119          SWORD code tSIX_COLOR_LTOL_DELTA_UV_UP[][4] =
 120          {
 121              { 291,    0,  146, -293},
 122              {  54,  108,  221,    0},
 123              {-149,  297,  202,  404},
 124              {-130,    0, -107,  215},
 125              { -58, -116, -382,    0},
 126              { 110, -219, -198, -396},
 127          };
 128          
 129          code BYTE tICM_TABLE_GRAY_R[] =
 130          {
 131              0xFC, 0xF8, 0xF8, 0xF0, 0xF4, 0xE8, 0xF0, 0xE0, 0xEC, 0xD8, 0xE8, 0xD0, 0xE4, 0xC8, 0xE0, 0xC0,
 132              0xFB, 0xF9, 0xF6, 0xF3, 0xF1, 0xED, 0xEC, 0xE7, 0xE7, 0xE1, 0xE2, 0xDA, 0xDD, 0xD4, 0xD8, 0xCE,
 133              0x00, 0xF8, 0x01, 0xF0, 0x01, 0xE8, 0x02, 0xE0, 0x02, 0xD8, 0x03, 0xD0, 0x03, 0xC8, 0x04, 0xC0,
 134              0xFB, 0xF9, 0xF6, 0xF3, 0xF1, 0xED, 0xEC, 0xE7, 0xE7, 0xE1, 0xE2, 0xDA, 0xDD, 0xD4, 0xD8, 0xCE,
 135              // LSB
 136              0x00, 0x00, 0x00, 0x00, 0x36, 0x69, 0x8B, 0xFE, 0x80, 0xC4, 0xC4, 0xC8, 0x36, 0x69, 0x8B, 0xFE,
 137          };
 138          
 139          code BYTE tICM_TABLE_GRAY_Y[] =
 140          {
 141              0x04, 0xF8, 0x08, 0xF0, 0x0C, 0xE8, 0x10, 0xE0, 0x14, 0xD8, 0x18, 0xD0, 0x1C, 0xC8, 0x20, 0xC0,
 142              0x02, 0xF8, 0x04, 0xF0, 0x06, 0xE8, 0x08, 0xE0, 0x0A, 0xD8, 0x0C, 0xD0, 0x0E, 0xC8, 0x10, 0xC0,
 143              0x04, 0xF9, 0x09, 0xF3, 0x0E, 0xED, 0x13, 0xE6, 0x18, 0xE0, 0x1D, 0xDA, 0x22, 0xD3, 0x26, 0xCD,
 144              0x02, 0xF8, 0x04, 0xF0, 0x06, 0xE8, 0x08, 0xE0, 0x0A, 0xD8, 0x0C, 0xD0, 0x0E, 0xC8, 0x10, 0xC0,
 145              // LSB
 146              0x00, 0x00, 0x00, 0x00, 0x04, 0x48, 0x88, 0xCC, 0xFE, 0x8B, 0x61, 0x3E, 0x04, 0x48, 0x88, 0xCC,
 147          };
 148          
 149          code BYTE tICM_TABLE_GRAY_G[] =
 150          {
 151              0x08, 0x00, 0x10, 0x00, 0x18, 0x00, 0x20, 0x00, 0x28, 0x00, 0x30, 0x00, 0x38, 0x00, 0x40, 0x00,
 152              0x05, 0xFB, 0x0B, 0xF7, 0x11, 0xF2, 0x17, 0xED, 0x1C, 0xE9, 0x22, 0xE4, 0x28, 0xE0, 0x2D, 0xDB,
 153              0x05, 0x04, 0x0B, 0x09, 0x11, 0x0E, 0x16, 0x12, 0x1C, 0x17, 0x22, 0x1B, 0x27, 0x20, 0x2D, 0x25,
 154              0x05, 0xFB, 0x0B, 0xF7, 0x11, 0xF2, 0x17, 0xED, 0x1C, 0xE9, 0x22, 0xE4, 0x28, 0xE0, 0x2D, 0xDB,
 155              // LSB
 156              0x00, 0x00, 0x00, 0x00, 0xE8, 0x53, 0xD7, 0x1F, 0xF5, 0x0E, 0x93, 0xE9, 0xE8, 0x53, 0xD7, 0x1F,
 157          };
 158          
 159          code BYTE tICM_TABLE_GRAY_C[] =
 160          {
 161              0x04, 0x08, 0x08, 0x10, 0x0C, 0x18, 0x10, 0x20, 0x14, 0x28, 0x18, 0x30, 0x1C, 0x38, 0x20, 0x40,
 162              0x05, 0x06, 0x09, 0x0C, 0x0E, 0x12, 0x13, 0x18, 0x18, 0x1F, 0x1D, 0x25, 0x22, 0x2B, 0x27, 0x31,
 163              0x02, 0x08, 0x04, 0x10, 0x06, 0x18, 0x07, 0x20, 0x09, 0x28, 0x0B, 0x30, 0x0D, 0x38, 0x0F, 0x40,
 164              0x05, 0x06, 0x09, 0x0C, 0x0E, 0x12, 0x13, 0x18, 0x18, 0x1F, 0x1D, 0x25, 0x22, 0x2B, 0x27, 0x31,
 165              // LSB
 166              0x00, 0x00, 0x00, 0x00, 0x1E, 0xEB, 0x89, 0x56, 0x00, 0x0C, 0xCC, 0xCC, 0x1E, 0xEB, 0x89, 0x56,
 167          };
 168          
 169          code BYTE tICM_TABLE_GRAY_B[] =
 170          {
 171              0xFC, 0x08, 0xF8, 0x10, 0xF4, 0x18, 0xF0, 0x20, 0xEC, 0x28, 0xE8, 0x30, 0xE4, 0x38, 0xE0, 0x40,
 172              0x00, 0x08, 0x01, 0x10, 0x02, 0x18, 0x03, 0x20, 0x04, 0x28, 0x05, 0x30, 0x05, 0x38, 0x06, 0x40,
 173              0xFB, 0x06, 0xF6, 0x0C, 0xF1, 0x12, 0xEC, 0x18, 0xE7, 0x1F, 0xE2, 0x25, 0xDD, 0x2B, 0xD8, 0x31,
 174              0x00, 0x08, 0x01, 0x10, 0x02, 0x18, 0x03, 0x20, 0x04, 0x28, 0x05, 0x30, 0x05, 0x38, 0x06, 0x40,
 175              // LSB
C51 COMPILER V8.12   RL6449_SERIES_COLORSIXCOLORADJUST                                     03/11/2025 19:56:11 PAGE 4   

 176              0x00, 0x00, 0x00, 0x00, 0xCC, 0x84, 0x00, 0xC8, 0x16, 0x6B, 0x89, 0xDE, 0xCC, 0x84, 0x00, 0xC8,
 177          };
 178          
 179          code BYTE tICM_TABLE_GRAY_M[] =
 180          {
 181              0xF8, 0x00, 0xF0, 0x00, 0xE8, 0x00, 0xE0, 0x00, 0xD8, 0x00, 0xD0, 0x00, 0xC8, 0x00, 0xC0, 0x00,
 182              0xF9, 0x03, 0xF3, 0x07, 0xED, 0x0A, 0xE7, 0x0E, 0xE1, 0x12, 0xDA, 0x15, 0xD4, 0x19, 0xCE, 0x1D,
 183              0xF9, 0xFC, 0xF3, 0xF9, 0xED, 0xF5, 0xE6, 0xF2, 0xE0, 0xEF, 0xDA, 0xEB, 0xD4, 0xE8, 0xCD, 0xE4,
 184              0xF9, 0x03, 0xF3, 0x07, 0xED, 0x0A, 0xE7, 0x0E, 0xE1, 0x12, 0xDA, 0x15, 0xD4, 0x19, 0xCE, 0x1D,
 185              // LSB
 186              0x00, 0x00, 0x00, 0x00, 0xE9, 0xB6, 0x0F, 0xD8, 0xE9, 0x7D, 0x86, 0x0E, 0xE9, 0xB6, 0x0F, 0xD8,
 187          };
 188          
 189          code BYTE *tICM_TABLE_GRAY[] =
 190          {
 191              tICM_TABLE_GRAY_R,
 192              tICM_TABLE_GRAY_Y,
 193              tICM_TABLE_GRAY_G,
 194              tICM_TABLE_GRAY_C,
 195              tICM_TABLE_GRAY_B,
 196              tICM_TABLE_GRAY_M,
 197          };
 198          
 199          //Osd Turning position to next CM
 200          BYTE code tR_TURNING_POSITION_DOWN[] = {61, 66, 71, 68, 75, 69};
 201          BYTE code tL_TURNING_POSITION_UP[] = {27, 34, 29, 33, 39, 32};
 202          
 203          //****************************************************************************
 204          // VARIABLE DECLARATIONS
 205          //****************************************************************************
 206          
 207          
 208          //****************************************************************************
 209          // FUNCTION DECLARATIONS
 210          //****************************************************************************
 211          void ScalerColorSixColorAdjustNormal(BYTE ucColorIndex, BYTE ucHuePosition, BYTE ucSatPosition);
 212          void ScalerColorSixColorICMLoad(BYTE *pucICMData, BYTE ucCMSel, BYTE ucLoadSelect);
 213          
 214          
 215          //****************************************************************************
 216          // FUNCTION DEFINITIONS
 217          //****************************************************************************
 218          //--------------------------------------------------
 219          // Description  : 6 Color ICM adjust
 220          // Input Value  : ucColorIndex --> Color Adjusted Now
 221          //                ucHuePosition --> Hue position after mapping
 222          //                ucSatPosition --> Sat position after mapping
 223          // Output Value : None
 224          //--------------------------------------------------
 225          void ScalerColorSixColorAdjustNormal(BYTE ucColorIndex, BYTE ucHuePosition, BYTE ucSatPosition)
 226          {
 227   1          BYTE pucCentDeltaUV[16];
 228   1          BYTE ucLastIndex = 0;
 229   1          BYTE ucAxis = 0;
 230   1          BYTE ucPointIndex = 0;
 231   1          SWORD shDeltaSat = 0;
 232   1          SWORD shDeltaUmax1 = 0;
 233   1          SWORD shDeltaVmax1 = 0;
 234   1          SWORD shDeltaUmax = 0;
 235   1          SWORD shDeltaVmax = 0;
 236   1          SWORD shDeltaU = 0;
 237   1          SWORD shDeltaV = 0;
C51 COMPILER V8.12   RL6449_SERIES_COLORSIXCOLORADJUST                                     03/11/2025 19:56:11 PAGE 5   

 238   1          BYTE ucTurningPositiongUp = 0;
 239   1          BYTE ucTurningPositiongDown = 0;
 240   1          BYTE ucLSBDataIndex = 0;
 241   1          memset(pucCentDeltaUV, 0, sizeof(pucCentDeltaUV));
 242   1      
 243   1          ucLastIndex = (ucColorIndex == 0) ? 5 : (ucColorIndex - 1);
 244   1      
 245   1          // Not Use SCM
 246   1          ScalerSetBit(P7_CD_SCM_BLOCK_SELECT, ~_BIT4, 0x00);
 247   1      
 248   1          if(ucSatPosition != 0)
 249   1          {
 250   2              ucTurningPositiongUp = tL_TURNING_POSITION_UP[ucColorIndex];
 251   2              ucTurningPositiongDown = tR_TURNING_POSITION_DOWN[ucColorIndex];
 252   2      
 253   2              // Delta Saturation = (-512 * 200 + ((512 - (-512)) * ucSatPosition)) / 200
 254   2              shDeltaSat = ((SDWORD)-102400 + ((SDWORD)ucSatPosition << 10)) / 200;
 255   2      
 256   2              for(ucAxis = 1; ucAxis < 4; ucAxis++)
 257   2              {
 258   3                  // Calculate Delta Hue of one Axis
 259   3      
 260   3                  if(ucAxis == _SIX_COLOR_RIGHTWIDTH)
 261   3                  {
 262   4                      if((ucHuePosition > 50) && (ucHuePosition <= ucTurningPositiongDown))
 263   4                      {
 264   5                          shDeltaUmax = (SDWORD)tSIX_COLOR_RTOR_DELTA_UV_DOWN[ucColorIndex][0] * (ucHuePosition 
             -- 50) / (ucTurningPositiongDown - 50);
 265   5                          shDeltaVmax = (SDWORD)tSIX_COLOR_RTOR_DELTA_UV_DOWN[ucColorIndex][1] * (ucHuePosition 
             -- 50) / (ucTurningPositiongDown - 50);
 266   5                      }
 267   4                      else if(ucHuePosition > ucTurningPositiongDown)
 268   4                      {
 269   5                          shDeltaUmax = tSIX_COLOR_RTOR_DELTA_UV_DOWN[ucColorIndex][0] + (SDWORD)tSIX_COLOR_RTOR
             -_DELTA_UV_DOWN[ucColorIndex][2] * (ucHuePosition - ucTurningPositiongDown) / (100 - ucTurningPositiongDown);
 270   5                          shDeltaVmax = tSIX_COLOR_RTOR_DELTA_UV_DOWN[ucColorIndex][1] + (SDWORD)tSIX_COLOR_RTOR
             -_DELTA_UV_DOWN[ucColorIndex][3] * (ucHuePosition - ucTurningPositiongDown) / (100 - ucTurningPositiongDown);
 271   5                      }
 272   4                      else if(ucHuePosition < 50)
 273   4                      {
 274   5                          shDeltaUmax = (SDWORD)tSIX_COLOR_RTOR_DELTA_UV_UP[ucColorIndex][0] * (50 - ucHuePositi
             -on) / 50;
 275   5                          shDeltaVmax = (SDWORD)tSIX_COLOR_RTOR_DELTA_UV_UP[ucColorIndex][1] * (50 - ucHuePositi
             -on) / 50;
 276   5                      }
 277   4                      else
 278   4                      {
 279   5                          shDeltaUmax = 0;
 280   5                          shDeltaVmax = 0;
 281   5                      }
 282   4                  }
 283   3                  else if(ucAxis == _SIX_COLOR_CENTER)
 284   3                  {
 285   4                      if(ucHuePosition > 50)
 286   4                      {
 287   5                          shDeltaUmax = (SDWORD)tSIX_COLOR_CTOC_DELTA_UV_DOWN[ucColorIndex][0] * (ucHuePosition 
             -- 50) / 50;
 288   5                          shDeltaVmax = (SDWORD)tSIX_COLOR_CTOC_DELTA_UV_DOWN[ucColorIndex][1] * (ucHuePosition 
             -- 50) / 50;
 289   5                      }
 290   4                      else if(ucHuePosition < 50)
 291   4                      {
C51 COMPILER V8.12   RL6449_SERIES_COLORSIXCOLORADJUST                                     03/11/2025 19:56:11 PAGE 6   

 292   5                          shDeltaUmax = (SDWORD)tSIX_COLOR_CTOC_DELTA_UV_UP[ucColorIndex][0] * (50 - ucHuePositi
             -on) / 50;
 293   5                          shDeltaVmax = (SDWORD)tSIX_COLOR_CTOC_DELTA_UV_UP[ucColorIndex][1] * (50 - ucHuePositi
             -on) / 50;
 294   5                      }
 295   4                      else
 296   4                      {
 297   5                          shDeltaUmax = 0;
 298   5                          shDeltaVmax = 0;
 299   5                      }
 300   4                  }
 301   3                  else
 302   3                  {
 303   4                      if(ucHuePosition > 50)
 304   4                      {
 305   5                          shDeltaUmax = (SDWORD)tSIX_COLOR_LTOL_DELTA_UV_DOWN[ucColorIndex][0] * (ucHuePosition 
             -- 50) / 50;
 306   5                          shDeltaVmax = (SDWORD)tSIX_COLOR_LTOL_DELTA_UV_DOWN[ucColorIndex][1] * (ucHuePosition 
             -- 50) / 50;
 307   5                      }
 308   4                      else if((ucHuePosition < 50) && (ucHuePosition >= ucTurningPositiongUp))
 309   4                      {
 310   5                          shDeltaUmax = (SDWORD)tSIX_COLOR_LTOL_DELTA_UV_UP[ucColorIndex][0] * (50 - ucHuePositi
             -on) / (50 - ucTurningPositiongUp);
 311   5                          shDeltaVmax = (SDWORD)tSIX_COLOR_LTOL_DELTA_UV_UP[ucColorIndex][1] * (50 - ucHuePositi
             -on) / (50 - ucTurningPositiongUp);
 312   5                      }
 313   4                      else if(ucHuePosition < ucTurningPositiongUp)
 314   4                      {
 315   5                          shDeltaUmax = tSIX_COLOR_LTOL_DELTA_UV_UP[ucColorIndex][0] + (SDWORD)tSIX_COLOR_LTOL_D
             -ELTA_UV_UP[ucColorIndex][2] * (ucTurningPositiongUp - ucHuePosition) / ucTurningPositiongUp;
 316   5                          shDeltaVmax = tSIX_COLOR_LTOL_DELTA_UV_UP[ucColorIndex][1] + (SDWORD)tSIX_COLOR_LTOL_D
             -ELTA_UV_UP[ucColorIndex][3] * (ucTurningPositiongUp - ucHuePosition) / ucTurningPositiongUp;
 317   5                      }
 318   4                      else
 319   4                      {
 320   5                          shDeltaUmax = 0;
 321   5                          shDeltaVmax = 0;
 322   5                      }
 323   4                  }
 324   3      
 325   3                  shDeltaUmax1 = tSIX_COLOR_U_MAX_8[ucColorIndex][ucAxis - 1] + shDeltaUmax;
 326   3                  shDeltaVmax1 = tSIX_COLOR_V_MAX_8[ucColorIndex][ucAxis - 1] + shDeltaVmax;
 327   3      
 328   3                  shDeltaUmax1 = ((SDWORD)shDeltaSat * shDeltaUmax1) >> 9;
 329   3                  shDeltaVmax1 = ((SDWORD)shDeltaSat * shDeltaVmax1) >> 9;
 330   3      
 331   3                  shDeltaUmax = (shDeltaUmax1 + shDeltaUmax) >> 3;
 332   3                  shDeltaVmax = (shDeltaVmax1 + shDeltaVmax) >> 3;
 333   3      
 334   3                  for(ucPointIndex = 0; ucPointIndex < 8; ucPointIndex++)
 335   3                  {
 336   4                      shDeltaU = (shDeltaUmax * (ucPointIndex + 1)) >> 3;
 337   4                      shDeltaV = (shDeltaVmax * (ucPointIndex + 1)) >> 3;
 338   4      
 339   4                      shDeltaU = MAXOF(-128, MINOF(127, shDeltaU));
 340   4                      shDeltaV = MAXOF(-128, MINOF(127, shDeltaV));
 341   4      
 342   4                      pucCentDeltaUV[ucPointIndex << 1] = shDeltaU & 0xFF;
 343   4                      pucCentDeltaUV[(ucPointIndex << 1) + 1] = shDeltaV & 0xFF;
 344   4                  }
 345   3      
C51 COMPILER V8.12   RL6449_SERIES_COLORSIXCOLORADJUST                                     03/11/2025 19:56:11 PAGE 7   

 346   3                  ScalerColorSixColorICMLoad(pucCentDeltaUV, ucColorIndex, ucAxis);
 347   3      
 348   3                  if(ucAxis == _SIX_COLOR_RIGHTWIDTH)
 349   3                  {
 350   4                      ScalerColorSixColorICMLoad(pucCentDeltaUV, ucColorIndex, _SIX_COLOR_RIGHTBUFFER);
 351   4                      ScalerColorSixColorICMLoad(pucCentDeltaUV, ucLastIndex, _SIX_COLOR_LEFTBUFFER);
 352   4                  }
 353   3              }
 354   2      
 355   2              // Set LSB to 0
 356   2              ScalerSetBit(P7_D1_ICM_SEL, ~(_BIT2 | _BIT1 | _BIT0), ucColorIndex);
 357   2              ScalerSetByte(P7_D2_ICM_ADDR, _P7_D3_PT_6F_PORT_CMN_MST_00_01_UV_OFFSET_L);
 358   2      
 359   2              for(ucLSBDataIndex = 0; ucLSBDataIndex < 16; ucLSBDataIndex++)
 360   2              {
 361   3                  ScalerSetByte(P7_D3_ICM_DATA, 0x00);
 362   3              }
 363   2      
 364   2              ScalerSetBit(P7_D1_ICM_SEL, ~(_BIT2 | _BIT1 | _BIT0), ucLastIndex);
 365   2              ScalerSetByte(P7_D2_ICM_ADDR, _P7_D3_PT_7F_PORT_CMN_LBUF_00_01_UV_OFFSET_L);
 366   2      
 367   2              for(ucLSBDataIndex = 0; ucLSBDataIndex < 4; ucLSBDataIndex++)
 368   2              {
 369   3                  ScalerSetByte(P7_D3_ICM_DATA, 0x00);
 370   3              }
 371   2          }
 372   1          else
 373   1          {
 374   2              // Load Code Table
 375   2              ScalerSetBit(P7_D1_ICM_SEL, ~(_BIT2 | _BIT1 | _BIT0), ucColorIndex);
 376   2              ScalerSetByte(P7_D2_ICM_ADDR, _P7_D3_PT_03_PORT_CMN_MST_00_DU_H);
 377   2              ScalerBurstWrite(tICM_TABLE_GRAY[ucColorIndex], _SIXCOLOR_TABLE_SIZE_MSB, GET_CURRENT_BANK_NUMBER(
             -), P7_D3_ICM_DATA, _BURSTWRITE_DATA_COMMON, _BURSTWRITE_FROM_FLASH);
 378   2              ScalerSetByte(P7_D2_ICM_ADDR, _P7_D3_PT_6F_PORT_CMN_MST_00_01_UV_OFFSET_L);
 379   2              ScalerBurstWrite(&tICM_TABLE_GRAY[ucColorIndex][_SIXCOLOR_TABLE_SIZE_MSB], _SIXCOLOR_TABLE_SIZE_LS
             -B, GET_CURRENT_BANK_NUMBER(), P7_D3_ICM_DATA, _BURSTWRITE_DATA_COMMON, _BURSTWRITE_FROM_FLASH);
 380   2      
 381   2              ScalerSetBit(P7_D1_ICM_SEL, ~(_BIT2 | _BIT1 | _BIT0), ucLastIndex);
 382   2              ScalerSetByte(P7_D2_ICM_ADDR, _P7_D3_PT_43_PORT_CMN_LBUF_00_DU_H);
 383   2              ScalerBurstWrite(&tICM_TABLE_GRAY[ucColorIndex][16], 16, GET_CURRENT_BANK_NUMBER(), P7_D3_ICM_DATA
             -, _BURSTWRITE_DATA_COMMON, _BURSTWRITE_FROM_FLASH);
 384   2              ScalerSetByte(P7_D2_ICM_ADDR, _P7_D3_PT_7F_PORT_CMN_LBUF_00_01_UV_OFFSET_L);
 385   2              ScalerBurstWrite(&tICM_TABLE_GRAY[ucColorIndex][68], 4, GET_CURRENT_BANK_NUMBER(), P7_D3_ICM_DATA,
             - _BURSTWRITE_DATA_COMMON, _BURSTWRITE_FROM_FLASH);
 386   2          }
 387   1      }
 388          
 389          //--------------------------------------------------
 390          // Description   : Fill 6 Color ICM Data
 391          // Input Value   : pucICMData --> Point to ICM uvoffset
 392          //                 ucCMSel --> Color selected
 393          //                   ucLoadSelect --> Axis selected
 394          // Output Value  : None
 395          //--------------------------------------------------
 396          void ScalerColorSixColorICMLoad(BYTE *pucICMData, BYTE ucCMSel, BYTE ucLoadSelect)
 397          {
 398   1          ScalerSetBit(P7_D1_ICM_SEL, ~(_BIT2 | _BIT1 | _BIT0), ucCMSel);
 399   1      
 400   1          switch(ucLoadSelect)
 401   1          {
 402   2              // Rightbuffer
 403   2              case 0:
C51 COMPILER V8.12   RL6449_SERIES_COLORSIXCOLORADJUST                                     03/11/2025 19:56:11 PAGE 8   

 404   2                  ScalerSetByte(P7_D2_ICM_ADDR, _P7_D3_PT_33_PORT_CMN_RBUF_00_DU_H);
 405   2                  break;
 406   2      
 407   2              // Rightwidth
 408   2              case 1:
 409   2                  ScalerSetByte(P7_D2_ICM_ADDR, _P7_D3_PT_13_PORT_CMN_RWID_00_DU_H);
 410   2                  break;
 411   2      
 412   2              // Center
 413   2              case 2:
 414   2                  ScalerSetByte(P7_D2_ICM_ADDR, _P7_D3_PT_03_PORT_CMN_MST_00_DU_H);
 415   2                  break;
 416   2      
 417   2              // Leftwidth
 418   2              case 3:
 419   2                  ScalerSetByte(P7_D2_ICM_ADDR, _P7_D3_PT_23_PORT_CMN_LWID_00_DU_H);
 420   2                  break;
 421   2      
 422   2              // Leftbuffer
 423   2              case 4:
 424   2                  ScalerSetByte(P7_D2_ICM_ADDR, _P7_D3_PT_43_PORT_CMN_LBUF_00_DU_H);
 425   2                  break;
 426   2      
 427   2              default:
 428   2                  ScalerSetByte(P7_D2_ICM_ADDR, _P7_D3_PT_23_PORT_CMN_LWID_00_DU_H);
 429   2                  break;
 430   2          }
 431   1      
 432   1          ScalerBurstWrite(pucICMData, _SIXCOLOR_TABLE_SIZE_AXIS, GET_CURRENT_BANK_NUMBER(), P7_D3_ICM_DATA, _BU
             -RSTWRITE_DATA_COMMON, _BURSTWRITE_FROM_XRAM);
 433   1      }


MODULE INFORMATION:   STATIC OVERLAYABLE
   CODE SIZE        =   1849    ----
   CONSTANT SIZE    =    774    ----
   XDATA SIZE       =   ----      44
   PDATA SIZE       =   ----    ----
   DATA SIZE        =   ----    ----
   IDATA SIZE       =   ----    ----
   BIT SIZE         =   ----    ----
END OF MODULE INFORMATION.


C51 COMPILATION COMPLETE.  0 WARNING(S),  0 ERROR(S)
