C51 COMPILER V8.12   RL6449_SERIES_COLORRINGINGFILTERADJUST                                03/11/2025 19:56:10 PAGE 1   


C51 COMPILER V8.12, COMPILATION OF MODULE RL6449_SERIES_COLORRINGINGFILTERADJUST
OBJECT MODULE PLACED IN .\Output\RL6449_Series_ColorRingingFilterAdjust.obj
COMPILER INVOKED BY: C:\Keil\C51\BIN\C51.EXE Code\RL6449_Series_Color\RL6449_Series_ColorRingingFilterAdjust.c LARGE OPT
                    -IMIZE(9,SPEED) INCDIR(..\..\..\Common;..\Header;.\Header;..\..\ScalerFunction\Lib\Header;..\..\ScalerFunction\Header;..\
                    -..\ScalerCommonFunction\Lib\Header;..\..\ScalerCommonFunction\Header;..\..\RL6449_Series_Common\Lib\Header;..\..\RL6449_
                    -Series_Common\Header) DEFINE(_TRANSLATOR_SUPPORT=_OFF,_SCALER_TYPE=_RL6449_SERIES) DEBUG OBJECTEXTEND PRINT(.\Output\RL6
                    -449_Series_ColorRingingFilterAdjust.lst) OBJECT(.\Output\RL6449_Series_ColorRingingFilterAdjust.obj)

line level    source

   1          /********************************************************************************/
   2          /*   Copyright (c) 2021 Realtek Semiconductor Corp. All rights reserved.        */
   3          /*                                                                              */
   4          /*   SPDX-License-Identifier: LicenseRef-Realtek-Proprietary                    */
   5          /*                                                                              */
   6          /*   This software component is confidential and proprietary to Realtek         */
   7          /*   Semiconductor Corp. Disclosure, reproduction, redistribution, in whole     */
   8          /*   or in part, of this work and its derivatives without express permission    */
   9          /*   is prohibited.                                                             */
  10          /********************************************************************************/
  11          
  12          //----------------------------------------------------------------------------------------------------
  13          // ID Code      : RL6449_Series_ColorRingingFilterAdjust.c
  14          // Update Note  :
  15          //----------------------------------------------------------------------------------------------------
  16          #include "RL6449_Series_ColorLibInternalInclude.h"
  17          
  18          //****************************************************************************
  19          // DEFINITIONS / MACROS
  20          //****************************************************************************
  21          #define _RINGING_FILTER_THRESHOLD           30
  22          #define _RINGING_FILTER_THD_RANGE           4
  23          #define _RINGING_JUMP_JUDGEMENT_EN          _DISABLE
  24          #define _RINGING_JUMP_DIFF_THD_UB           1  // reg value
  25          #define _RINGING_JUMP_DIFF_THD_LB           1  // reg value
  26          #define _RINGING_FILTER_DELTA               5
  27          
  28          //****************************************************************************
  29          // STRUCT / TYPE / ENUM DEFINITTIONS
  30          //****************************************************************************
  31          
  32          
  33          //****************************************************************************
  34          // CODE TABLES
  35          //****************************************************************************
  36          
  37          
  38          //****************************************************************************
  39          // VARIABLE DECLARATIONS
  40          //****************************************************************************
  41          
  42          
  43          //****************************************************************************
  44          // FUNCTION DECLARATIONS
  45          //****************************************************************************
  46          void ScalerColorRingingFilterAdjust(BYTE *pucOffsetCoef);
  47          
  48          
  49          //****************************************************************************
  50          // FUNCTION DEFINITIONS
  51          //****************************************************************************
C51 COMPILER V8.12   RL6449_SERIES_COLORRINGINGFILTERADJUST                                03/11/2025 19:56:10 PAGE 2   

  52          //--------------------------------------------------
  53          // Description  : Adjust Ringing Filter
  54          // Input Value  : Offset Coef
  55          // Output Value : None
  56          //--------------------------------------------------
  57          void ScalerColorRingingFilterAdjust(BYTE *pucOffsetCoef)
  58          {
  59   1          BYTE ucTHD = 0;
  60   1          BYTE ucRFEn = 0;
  61   1      
  62   1          if(*pucOffsetCoef > 0)
  63   1          {
  64   2              ucTHD = (WORD)_RINGING_FILTER_DELTA * 128 / (*pucOffsetCoef);
  65   2          }
  66   1          else
  67   1          {
  68   2              ucTHD = 255;
  69   2          }
  70   1      
  71   1          if(ucTHD < _RINGING_FILTER_THRESHOLD)
  72   1          {
  73   2              ucTHD = _RINGING_FILTER_THRESHOLD;
  74   2          }
  75   1          else if(ucTHD > 255 - (1 << _RINGING_FILTER_THD_RANGE))
  76   1          {
  77   2              ucTHD = 255 - (1 << _RINGING_FILTER_THD_RANGE);
  78   2          }
  79   1      
  80   1          ucRFEn = 1;
  81   1      
  82   1          ScalerSetByte(P25_A1_RFILTER_THD, ucTHD);
  83   1          ScalerSetByte(P25_A2_RFILTER_THD_RNG_EXP, _RINGING_FILTER_THD_RANGE);
  84   1          ScalerSetByte(P25_A3_RFILTER_OFS_COEF, (*pucOffsetCoef));
  85   1          ScalerSetByte(P25_A5_RFILTER_DIFF_THD_UB, _RINGING_JUMP_DIFF_THD_UB);
  86   1          ScalerSetByte(P25_A6_RFILTER_DIFF_THD_LB, _RINGING_JUMP_DIFF_THD_LB);
  87   1          ScalerSetBit(P25_A0_RFILTER_CTRL, ~(_BIT7 | _BIT6 | _BIT5), ((ucRFEn << 7) | _BIT6 | (_RINGING_JUMP_JU
             -DGEMENT_EN << 5)));
  88   1      }


MODULE INFORMATION:   STATIC OVERLAYABLE
   CODE SIZE        =    119    ----
   CONSTANT SIZE    =   ----    ----
   XDATA SIZE       =   ----       4
   PDATA SIZE       =   ----    ----
   DATA SIZE        =   ----    ----
   IDATA SIZE       =   ----    ----
   BIT SIZE         =   ----    ----
END OF MODULE INFORMATION.


C51 COMPILATION COMPLETE.  0 WARNING(S),  0 ERROR(S)
