C51 COMPILER V8.12   RL6449_SERIES_COLORICMBRILOADTABLE                                    03/11/2025 19:56:06 PAGE 1   


C51 COMPILER V8.12, COMPILATION OF MODULE RL6449_SERIES_COLORICMBRILOADTABLE
OBJECT MODULE PLACED IN .\Output\RL6449_Series_ColorICMBRILoadTable.obj
COMPILER INVOKED BY: C:\Keil\C51\BIN\C51.EXE Code\RL6449_Series_Color\RL6449_Series_ColorICMBRILoadTable.c LARGE OPTIMIZ
                    -E(9,SPEED) INCDIR(..\..\..\Common;..\Header;.\Header;..\..\ScalerFunction\Lib\Header;..\..\ScalerFunction\Header;..\..\S
                    -calerCommonFunction\Lib\Header;..\..\ScalerCommonFunction\Header;..\..\RL6449_Series_Common\Lib\Header;..\..\RL6449_Seri
                    -es_Common\Header) DEFINE(_TRANSLATOR_SUPPORT=_OFF,_SCALER_TYPE=_RL6449_SERIES) DEBUG OBJECTEXTEND PRINT(.\Output\RL6449_
                    -Series_ColorICMBRILoadTable.lst) OBJECT(.\Output\RL6449_Series_ColorICMBRILoadTable.obj)

line level    source

   1          /********************************************************************************/
   2          /*   Copyright (c) 2021 Realtek Semiconductor Corp. All rights reserved.        */
   3          /*                                                                              */
   4          /*   SPDX-License-Identifier: LicenseRef-Realtek-Proprietary                    */
   5          /*                                                                              */
   6          /*   This software component is confidential and proprietary to Realtek         */
   7          /*   Semiconductor Corp. Disclosure, reproduction, redistribution, in whole     */
   8          /*   or in part, of this work and its derivatives without express permission    */
   9          /*   is prohibited.                                                             */
  10          /********************************************************************************/
  11          
  12          //----------------------------------------------------------------------------------------------------
  13          // ID Code      : RL6449_Series_ColorICMBRILoadTable.c
  14          // Update Note  :
  15          //----------------------------------------------------------------------------------------------------
  16          #include "RL6449_Series_ColorLibInternalInclude.h"
  17          
  18          //****************************************************************************
  19          // DEFINITIONS / MACROS
  20          //****************************************************************************
  21          //--------------------------------------------------
  22          // Definitions of ICM Brightness
  23          //--------------------------------------------------
  24          #define _ICM_BRI_TABLE_SIZE                     8
  25          #define _ICM_BRI_TABLE_SIZE_LSB                 1
  26          #define _ONE_CM_TABLE_SIZE                      134
  27          #define _CMN_INDEX_OFFSET                       3
  28          #define _CMN_BRI_TABLE_OFFSET                   104
  29          #define _CMN_BRI_LSB_TABLE_OFFSET               136
  30          
  31          
  32          //****************************************************************************
  33          // STRUCT / TYPE / ENUM DEFINITTIONS
  34          //****************************************************************************
  35          
  36          
  37          //****************************************************************************
  38          // CODE TABLES
  39          //****************************************************************************
  40          
  41          
  42          //****************************************************************************
  43          // VARIABLE DECLARATIONS
  44          //****************************************************************************
  45          
  46          
  47          //****************************************************************************
  48          // FUNCTION DECLARATIONS
  49          //****************************************************************************
  50          void ScalerColorICMBRILoadTable(BYTE code *pucICMTable, BYTE ucBankNum);
  51          
C51 COMPILER V8.12   RL6449_SERIES_COLORICMBRILOADTABLE                                    03/11/2025 19:56:06 PAGE 2   

  52          
  53          //****************************************************************************
  54          // FUNCTION DEFINITIONS
  55          //****************************************************************************
  56          //--------------------------------------------------
  57          // Description   : Fill ICM Brightness table
  58          // Input Value   : pICMTable: ICM Table
  59          //                 ucBankNum: Bank Number
  60          //                 ucCMSel: ICM Select
  61          // Output Value  : None
  62          //--------------------------------------------------
  63          void ScalerColorICMBRILoadTable(BYTE code *pucICMTable, BYTE ucBankNum)
  64          {
  65   1          BYTE ucI = 0;
  66   1          BYTE ucCMSel = 0;
  67   1          BYTE ucTemp = 0;
  68   1      
  69   1          if(pucICMTable != NULL)
  70   1          {
  71   2              for(ucI = 0; ucI < 7; ucI++)
  72   2              {
  73   3                  ScalerFlashRead(ucBankNum, (WORD)(&pucICMTable[_CMN_INDEX_OFFSET + ucI * _ONE_CM_TABLE_SIZE]),
             - 1, &ucTemp);
  74   3      
  75   3                  switch(ucTemp)
  76   3                  {
  77   4                      case _ICM_0:
  78   4                          ucCMSel = 0;
  79   4                          break;
  80   4      
  81   4                      case _ICM_1:
  82   4                          ucCMSel = 1;
  83   4                          break;
  84   4      
  85   4                      case _ICM_2:
  86   4                          ucCMSel = 2;
  87   4                          break;
  88   4      
  89   4                      case _ICM_3:
  90   4                          ucCMSel = 3;
  91   4                          break;
  92   4      
  93   4                      case _ICM_4:
  94   4                          ucCMSel = 4;
  95   4                          break;
  96   4      
  97   4                      case _ICM_5:
  98   4                          ucCMSel = 5;
  99   4                          break;
 100   4      
 101   4                      default:
 102   4                          return;
 103   4                  }
 104   3      
 105   3                  ScalerSetBit(P7_D1_ICM_SEL, ~(_BIT2 | _BIT1 | _BIT0), ucCMSel);
 106   3                  ScalerSetByte(P7_D2_ICM_ADDR, _P7_D3_PT_67_PORT_CMN_BRI_RANGE);
 107   3                  ScalerBurstWrite(&pucICMTable[_CMN_BRI_TABLE_OFFSET + ucI * _ONE_CM_TABLE_SIZE], _ICM_BRI_TABL
             -E_SIZE, ucBankNum, P7_D3_ICM_DATA, _BURSTWRITE_DATA_COMMON, _BURSTWRITE_FROM_FLASH);
 108   3                  ScalerSetByte(P7_D2_ICM_ADDR, _P7_D3_PT_87_PORT_CMN_AXIS_DELY_L);
 109   3                  ScalerBurstWrite(&pucICMTable[_CMN_BRI_LSB_TABLE_OFFSET + ucI * _ONE_CM_TABLE_SIZE], _ICM_BRI_
             -TABLE_SIZE_LSB, ucBankNum, P7_D3_ICM_DATA, _BURSTWRITE_DATA_COMMON, _BURSTWRITE_FROM_FLASH);
 110   3              }
C51 COMPILER V8.12   RL6449_SERIES_COLORICMBRILOADTABLE                                    03/11/2025 19:56:06 PAGE 3   

 111   2          }
 112   1      }
 113          


MODULE INFORMATION:   STATIC OVERLAYABLE
   CODE SIZE        =    286    ----
   CONSTANT SIZE    =   ----    ----
   XDATA SIZE       =   ----       6
   PDATA SIZE       =   ----    ----
   DATA SIZE        =   ----    ----
   IDATA SIZE       =   ----    ----
   BIT SIZE         =   ----    ----
END OF MODULE INFORMATION.


C51 COMPILATION COMPLETE.  0 WARNING(S),  0 ERROR(S)
