C51 COMPILER V8.12   RL6449_SERIES_COLORSIXCOLORINITIAL                                    03/11/2025 19:56:11 PAGE 1   


C51 COMPILER V8.12, COMPILATION OF MODULE RL6449_SERIES_COLORSIXCOLORINITIAL
OBJECT MODULE PLACED IN .\Output\RL6449_Series_ColorSixColorInitial.obj
COMPILER INVOKED BY: C:\Keil\C51\BIN\C51.EXE Code\RL6449_Series_Color\RL6449_Series_ColorSixColorInitial.c LARGE OPTIMIZ
                    -E(9,SPEED) INCDIR(..\..\..\Common;..\Header;.\Header;..\..\ScalerFunction\Lib\Header;..\..\ScalerFunction\Header;..\..\S
                    -calerCommonFunction\Lib\Header;..\..\ScalerCommonFunction\Header;..\..\RL6449_Series_Common\Lib\Header;..\..\RL6449_Seri
                    -es_Common\Header) DEFINE(_TRANSLATOR_SUPPORT=_OFF,_SCALER_TYPE=_RL6449_SERIES) DEBUG OBJECTEXTEND PRINT(.\Output\RL6449_
                    -Series_ColorSixColorInitial.lst) OBJECT(.\Output\RL6449_Series_ColorSixColorInitial.obj)

line level    source

   1          /********************************************************************************/
   2          /*   Copyright (c) 2021 Realtek Semiconductor Corp. All rights reserved.        */
   3          /*                                                                              */
   4          /*   SPDX-License-Identifier: LicenseRef-Realtek-Proprietary                    */
   5          /*                                                                              */
   6          /*   This software component is confidential and proprietary to Realtek         */
   7          /*   Semiconductor Corp. Disclosure, reproduction, redistribution, in whole     */
   8          /*   or in part, of this work and its derivatives without express permission    */
   9          /*   is prohibited.                                                             */
  10          /********************************************************************************/
  11          
  12          //----------------------------------------------------------------------------------------------------
  13          // ID Code      : RL6449_Series_ColorSixColorInitial.c
  14          // Update Note  :
  15          //----------------------------------------------------------------------------------------------------
  16          #include "RL6449_Series_ColorLibInternalInclude.h"
  17          
  18          //****************************************************************************
  19          // DEFINITIONS / MACROS
  20          //****************************************************************************
  21          //--------------------------------------------------
  22          // Definitions of Six Color
  23          //--------------------------------------------------
  24          #define _SIX_COLOR_RIGHTBUFFER                    0
  25          #define _SIX_COLOR_RIGHTWIDTH                     1
  26          #define _SIX_COLOR_CENTER                         2
  27          #define _SIX_COLOR_LEFTWIDTH                      3
  28          #define _SIX_COLOR_LEFTBUFFER                     4
  29          
  30          
  31          //****************************************************************************
  32          // STRUCT / TYPE / ENUM DEFINITTIONS
  33          //****************************************************************************
  34          
  35          
  36          //****************************************************************************
  37          // CODE TABLES
  38          //****************************************************************************
  39          //--------------------------------------------------
  40          // Code Tables of SixColor
  41          //--------------------------------------------------
  42          SWORD code tSIX_COLOR_DEFAULT_ANGLE[][5] =
  43          {
  44              {587,  0, 135, 482,  604},
  45              {1191, 0, 135, 260,  420},
  46              {1611, 0, 437, 884,  1024},
  47              {2635, 0, 135, 280,  370},
  48              {3005, 0, 369, 504,  746},
  49              {3751, 0, 345, 670,  932}
  50          };
  51          
C51 COMPILER V8.12   RL6449_SERIES_COLORSIXCOLORINITIAL                                    03/11/2025 19:56:11 PAGE 2   

  52          SWORD code tSIX_COLOR_U_MAX[][5] =
  53          {
  54              {1256, 1256, 1024, 3955, 3560},
  55              {3560, 3560, 3072, 2856, 2630},
  56              {2630, 2630, 2048, 2643, 2841},
  57              {2841, 2841, 3072, 3594, 3885},
  58              {3885, 3885, 1024, 1256, 1584},
  59              {1584, 1584, 2047, 1609, 1256},
  60          };
  61          
  62          //****************************************************************************
  63          // VARIABLE DECLARATIONS
  64          //****************************************************************************
  65          
  66          
  67          //****************************************************************************
  68          // FUNCTION DECLARATIONS
  69          //****************************************************************************
  70          void ScalerColorSixColorSetAngleRB(BYTE ucCMSel);
  71          void ScalerColorSixColorInitialNormal(void);
  72          
  73          
  74          //****************************************************************************
  75          // FUNCTION DEFINITIONS
  76          //****************************************************************************
  77          //--------------------------------------------------
  78          // Description  : Set range for one CM
  79          // Input Value  : ucCMSel --> Color selected
  80          //                shRBuffer --> Right buffer hue
  81          //                shRWidth --> Right range
  82          //                shAngle --> Master Range
  83          //                shLWidth --> Left Range
  84          //                shLBuffer --> Left Buffer Range
  85          // Output Value : None
  86          //--------------------------------------------------
  87          void ScalerColorSixColorSetAngleRB(BYTE ucCMSel)
  88          {
  89   1          ScalerSetBit(P7_D1_ICM_SEL, ~(_BIT2 | _BIT1 | _BIT0), ucCMSel);
  90   1          ScalerSetByte(P7_D2_ICM_ADDR, _P7_D3_PT_53_PORT_CMN_MST_UMAX_H);
  91   1      
  92   1          // Master Umax
  93   1          ScalerSetByte(P7_D3_ICM_DATA, ((tSIX_COLOR_U_MAX[ucCMSel][_SIX_COLOR_CENTER]) >> 8));
  94   1          ScalerSetByte(P7_D3_ICM_DATA, ((tSIX_COLOR_U_MAX[ucCMSel][_SIX_COLOR_CENTER]) & 0xFF));
  95   1      
  96   1          // Rightwidth Umax
  97   1          ScalerSetByte(P7_D3_ICM_DATA, ((tSIX_COLOR_U_MAX[ucCMSel][_SIX_COLOR_RIGHTWIDTH]) >> 8));
  98   1          ScalerSetByte(P7_D3_ICM_DATA, ((tSIX_COLOR_U_MAX[ucCMSel][_SIX_COLOR_RIGHTWIDTH]) & 0xFF));
  99   1      
 100   1          // Leftwidth Umax
 101   1          ScalerSetByte(P7_D3_ICM_DATA, ((tSIX_COLOR_U_MAX[ucCMSel][_SIX_COLOR_LEFTWIDTH]) >> 8));
 102   1          ScalerSetByte(P7_D3_ICM_DATA, ((tSIX_COLOR_U_MAX[ucCMSel][_SIX_COLOR_LEFTWIDTH]) & 0xFF));
 103   1      
 104   1          // Rightbuffer Umax
 105   1          ScalerSetByte(P7_D3_ICM_DATA, ((tSIX_COLOR_U_MAX[ucCMSel][_SIX_COLOR_RIGHTBUFFER]) >> 8));
 106   1          ScalerSetByte(P7_D3_ICM_DATA, ((tSIX_COLOR_U_MAX[ucCMSel][_SIX_COLOR_RIGHTBUFFER]) & 0xFF));
 107   1      
 108   1          // Leftbuffer Umax
 109   1          ScalerSetByte(P7_D3_ICM_DATA, ((tSIX_COLOR_U_MAX[ucCMSel][_SIX_COLOR_LEFTBUFFER]) >> 8));
 110   1          ScalerSetByte(P7_D3_ICM_DATA, ((tSIX_COLOR_U_MAX[ucCMSel][_SIX_COLOR_LEFTBUFFER]) & 0xFF));
 111   1      
 112   1          // Right Buffer Hue
 113   1          ScalerSetByte(P7_D3_ICM_DATA, tSIX_COLOR_DEFAULT_ANGLE[ucCMSel][_SIX_COLOR_RIGHTBUFFER] >> 8);
C51 COMPILER V8.12   RL6449_SERIES_COLORSIXCOLORINITIAL                                    03/11/2025 19:56:11 PAGE 3   

 114   1          ScalerSetByte(P7_D3_ICM_DATA, tSIX_COLOR_DEFAULT_ANGLE[ucCMSel][_SIX_COLOR_RIGHTBUFFER] & 0xFF);
 115   1      
 116   1          // Right Width Range
 117   1          ScalerSetByte(P7_D3_ICM_DATA, tSIX_COLOR_DEFAULT_ANGLE[ucCMSel][_SIX_COLOR_RIGHTWIDTH] >> 8);
 118   1          ScalerSetByte(P7_D3_ICM_DATA, tSIX_COLOR_DEFAULT_ANGLE[ucCMSel][_SIX_COLOR_RIGHTWIDTH] & 0xFF);
 119   1      
 120   1          // Master Range
 121   1          ScalerSetByte(P7_D3_ICM_DATA, tSIX_COLOR_DEFAULT_ANGLE[ucCMSel][_SIX_COLOR_CENTER] >> 8);
 122   1          ScalerSetByte(P7_D3_ICM_DATA, tSIX_COLOR_DEFAULT_ANGLE[ucCMSel][_SIX_COLOR_CENTER] & 0xFF);
 123   1      
 124   1          // Left Width Range
 125   1          ScalerSetByte(P7_D3_ICM_DATA, tSIX_COLOR_DEFAULT_ANGLE[ucCMSel][_SIX_COLOR_LEFTWIDTH] >> 8);
 126   1          ScalerSetByte(P7_D3_ICM_DATA, tSIX_COLOR_DEFAULT_ANGLE[ucCMSel][_SIX_COLOR_LEFTWIDTH] & 0xFF);
 127   1      
 128   1          // Left Buffer Range
 129   1          ScalerSetByte(P7_D3_ICM_DATA, tSIX_COLOR_DEFAULT_ANGLE[ucCMSel][_SIX_COLOR_LEFTBUFFER] >> 8);
 130   1          ScalerSetByte(P7_D3_ICM_DATA, tSIX_COLOR_DEFAULT_ANGLE[ucCMSel][_SIX_COLOR_LEFTBUFFER] & 0xFF);
 131   1      
 132   1          // Set Master/Rightwidth/Leftwidth/Rightbuffer/Leftbuffer LSB to 0
 133   1          ScalerSetByte(P7_D2_ICM_ADDR, _P7_D3_PT_83_PORT_CMN_MST_WID_UMAX_L);
 134   1          ScalerSetByte(P7_D3_ICM_DATA, 0x00);
 135   1          ScalerSetByte(P7_D3_ICM_DATA, 0x00);
 136   1      
 137   1          // Set Right Buffer Hue/Right Width Range/Master Range/Left Width Range/Left Buffer Range LSB to 0
 138   1          ScalerSetByte(P7_D2_ICM_ADDR, _P7_D3_PT_85_PORT_CMN_HUE_SET1_L);
 139   1          ScalerSetByte(P7_D3_ICM_DATA, 0x00);
 140   1          ScalerSetByte(P7_D3_ICM_DATA, 0x00);
 141   1      }
 142          
 143          //--------------------------------------------------
 144          // Description  : Enable ICM function
 145          // Input Value  : None
 146          // Output Value : None
 147          //--------------------------------------------------
 148          void ScalerColorSixColorInitialNormal(void)
 149          {
 150   1          BYTE ucCmIndex = 0;
 151   1      
 152   1          // Enable ICM
 153   1          ScalerSetBit(P7_D1_ICM_SEL, ~(_BIT4 | _BIT3), _BIT4 | _BIT3);
 154   1      
 155   1          // Enable New ICM mode
 156   1          ScalerSetBit(P7_D4_ICM_SEL2, ~(_BIT2 | _BIT1), _BIT2 | _BIT1);
 157   1      
 158   1          // Enable ICM function
 159   1          ScalerSetByte(P7_D0_ICM_CONTROL, (_BIT7 | _BIT5 | _BIT4 | _BIT3 | _BIT2 | _BIT1 | _BIT0));
 160   1      
 161   1          // Close SCM
 162   1          ScalerSetByte(P7_CC_SCM_BLOCK_ENABLE, 0x00);
 163   1          ScalerSetBit(P7_CD_SCM_BLOCK_SELECT, ~_BIT4, 0x00);
 164   1      
 165   1          // Close ICM Brightness
 166   1          ScalerSetBit(P7_D1_ICM_SEL, ~(_BIT2 | _BIT1 | _BIT0), 0x00);
 167   1          ScalerSetByte(P7_D2_ICM_ADDR, _P7_D3_PT_67_PORT_CMN_BRI_RANGE);
 168   1          ScalerSetByte(P7_D3_ICM_DATA, 0x00);
 169   1      
 170   1          ScalerSetBit(P7_D1_ICM_SEL, ~(_BIT2 | _BIT1 | _BIT0), 0x01);
 171   1          ScalerSetByte(P7_D2_ICM_ADDR, _P7_D3_PT_67_PORT_CMN_BRI_RANGE);
 172   1          ScalerSetByte(P7_D3_ICM_DATA, 0x00);
 173   1      
 174   1          ScalerSetBit(P7_D1_ICM_SEL, ~(_BIT2 | _BIT1 | _BIT0), 0x02);
 175   1          ScalerSetByte(P7_D2_ICM_ADDR, _P7_D3_PT_67_PORT_CMN_BRI_RANGE);
C51 COMPILER V8.12   RL6449_SERIES_COLORSIXCOLORINITIAL                                    03/11/2025 19:56:11 PAGE 4   

 176   1          ScalerSetByte(P7_D3_ICM_DATA, 0x00);
 177   1      
 178   1          ScalerSetBit(P7_D1_ICM_SEL, ~(_BIT2 | _BIT1 | _BIT0), 0x03);
 179   1          ScalerSetByte(P7_D2_ICM_ADDR, _P7_D3_PT_67_PORT_CMN_BRI_RANGE);
 180   1          ScalerSetByte(P7_D3_ICM_DATA, 0x00);
 181   1      
 182   1          ScalerSetBit(P7_D1_ICM_SEL, ~(_BIT2 | _BIT1 | _BIT0), 0x04);
 183   1          ScalerSetByte(P7_D2_ICM_ADDR, _P7_D3_PT_67_PORT_CMN_BRI_RANGE);
 184   1          ScalerSetByte(P7_D3_ICM_DATA, 0x00);
 185   1      
 186   1          ScalerSetBit(P7_D1_ICM_SEL, ~(_BIT2 | _BIT1 | _BIT0), 0x05);
 187   1          ScalerSetByte(P7_D2_ICM_ADDR, _P7_D3_PT_67_PORT_CMN_BRI_RANGE);
 188   1          ScalerSetByte(P7_D3_ICM_DATA, 0x00);
 189   1      
 190   1          for(ucCmIndex = 0; ucCmIndex < 6; ucCmIndex++)
 191   1          {
 192   2              ScalerColorSixColorSetAngleRB(ucCmIndex);
 193   2          }
 194   1      }


MODULE INFORMATION:   STATIC OVERLAYABLE
   CODE SIZE        =    273    ----
   CONSTANT SIZE    =    120    ----
   XDATA SIZE       =   ----    ----
   PDATA SIZE       =   ----    ----
   DATA SIZE        =   ----    ----
   IDATA SIZE       =   ----    ----
   BIT SIZE         =   ----    ----
END OF MODULE INFORMATION.


C51 COMPILATION COMPLETE.  0 WARNING(S),  0 ERROR(S)
