C51 COMPILER V8.12   RL6449_SERIES_COLORULTRAVIVIDSETDISABLE                               03/11/2025 19:56:12 PAGE 1   


C51 COMPILER V8.12, COMPILATION OF MODULE RL6449_SERIES_COLORULTRAVIVIDSETDISABLE
OBJECT MODULE PLACED IN .\Output\RL6449_Series_ColorUltraVividSetDisable.obj
COMPILER INVOKED BY: C:\Keil\C51\BIN\C51.EXE Code\RL6449_Series_Color\RL6449_Series_ColorUltraVividSetDisable.c LARGE OP
                    -TIMIZE(9,SPEED) INCDIR(..\..\..\Common;..\Header;.\Header;..\..\ScalerFunction\Lib\Header;..\..\ScalerFunction\Header;..
                    -\..\ScalerCommonFunction\Lib\Header;..\..\ScalerCommonFunction\Header;..\..\RL6449_Series_Common\Lib\Header;..\..\RL6449
                    -_Series_Common\Header) DEFINE(_TRANSLATOR_SUPPORT=_OFF,_SCALER_TYPE=_RL6449_SERIES) DEBUG OBJECTEXTEND PRINT(.\Output\RL
                    -6449_Series_ColorUltraVividSetDisable.lst) OBJECT(.\Output\RL6449_Series_ColorUltraVividSetDisable.obj)

line level    source

   1          /********************************************************************************/
   2          /*   Copyright (c) 2021 Realtek Semiconductor Corp. All rights reserved.        */
   3          /*                                                                              */
   4          /*   SPDX-License-Identifier: LicenseRef-Realtek-Proprietary                    */
   5          /*                                                                              */
   6          /*   This software component is confidential and proprietary to Realtek         */
   7          /*   Semiconductor Corp. Disclosure, reproduction, redistribution, in whole     */
   8          /*   or in part, of this work and its derivatives without express permission    */
   9          /*   is prohibited.                                                             */
  10          /********************************************************************************/
  11          
  12          //----------------------------------------------------------------------------------------------------
  13          // ID Code      : RL6449_Series_ColorUltraVividSetDisable.c
  14          // Update Note  :
  15          //----------------------------------------------------------------------------------------------------
  16          #include "RL6449_Series_ColorLibInternalInclude.h"
  17          
  18          //****************************************************************************
  19          // DEFINITIONS / MACROS
  20          //****************************************************************************
  21          
  22          
  23          //****************************************************************************
  24          // STRUCT / TYPE / ENUM DEFINITTIONS
  25          //****************************************************************************
  26          
  27          
  28          //****************************************************************************
  29          // CODE TABLES
  30          //****************************************************************************
  31          
  32          
  33          //****************************************************************************
  34          // VARIABLE DECLARATIONS
  35          //****************************************************************************
  36          
  37          
  38          //****************************************************************************
  39          // FUNCTION DECLARATIONS
  40          //****************************************************************************
  41          bit ScalerColorUltraVividSetDisable(void);
  42          
  43          //****************************************************************************
  44          // FUNCTION DEFINITIONS
  45          //****************************************************************************
  46          //--------------------------------------------------
  47          // Description  : Set UltraVivid Status by SD FREESYNC Enable (RL6193 no Used)
  48          // Input Value  : None
  49          // Output Value : _FALSE/_TRUE
  50          //--------------------------------------------------
  51          bit ScalerColorUltraVividSetDisable(void)
C51 COMPILER V8.12   RL6449_SERIES_COLORULTRAVIVIDSETDISABLE                               03/11/2025 19:56:12 PAGE 2   

  52          {
  53   1          // if VSD is on, then just close LSR, but open IDLTI and DSHP.
  54   1          return _FALSE;
  55   1      }
  56          


MODULE INFORMATION:   STATIC OVERLAYABLE
   CODE SIZE        =      2    ----
   CONSTANT SIZE    =   ----    ----
   XDATA SIZE       =   ----    ----
   PDATA SIZE       =   ----    ----
   DATA SIZE        =   ----    ----
   IDATA SIZE       =   ----    ----
   BIT SIZE         =   ----    ----
END OF MODULE INFORMATION.


C51 COMPILATION COMPLETE.  0 WARNING(S),  0 ERROR(S)
