C51 COMPILER V8.12   RL6449_SERIES_COLORSCMADJUST                                          03/11/2025 19:56:10 PAGE 1   


C51 COMPILER V8.12, COMPILATION OF MODULE RL6449_SERIES_COLORSCMADJUST
OBJECT MODULE PLACED IN .\Output\RL6449_Series_ColorSCMAdjust.obj
COMPILER INVOKED BY: C:\Keil\C51\BIN\C51.EXE Code\RL6449_Series_Color\RL6449_Series_ColorSCMAdjust.c LARGE OPTIMIZE(9,SP
                    -EED) INCDIR(..\..\..\Common;..\Header;.\Header;..\..\ScalerFunction\Lib\Header;..\..\ScalerFunction\Header;..\..\ScalerC
                    -ommonFunction\Lib\Header;..\..\ScalerCommonFunction\Header;..\..\RL6449_Series_Common\Lib\Header;..\..\RL6449_Series_Com
                    -mon\Header) DEFINE(_TRANSLATOR_SUPPORT=_OFF,_SCALER_TYPE=_RL6449_SERIES) DEBUG OBJECTEXTEND PRINT(.\Output\RL6449_Series
                    -_ColorSCMAdjust.lst) OBJECT(.\Output\RL6449_Series_ColorSCMAdjust.obj)

line level    source

   1          /********************************************************************************/
   2          /*   Copyright (c) 2021 Realtek Semiconductor Corp. All rights reserved.        */
   3          /*                                                                              */
   4          /*   SPDX-License-Identifier: LicenseRef-Realtek-Proprietary                    */
   5          /*                                                                              */
   6          /*   This software component is confidential and proprietary to Realtek         */
   7          /*   Semiconductor Corp. Disclosure, reproduction, redistribution, in whole     */
   8          /*   or in part, of this work and its derivatives without express permission    */
   9          /*   is prohibited.                                                             */
  10          /********************************************************************************/
  11          
  12          //----------------------------------------------------------------------------------------------------
  13          // ID Code      : RL6449_Series_ColorSCMAdjust.c
  14          // Update Note  :
  15          //----------------------------------------------------------------------------------------------------
  16          #include "RL6449_Series_ColorLibInternalInclude.h"
  17          
  18          //****************************************************************************
  19          // DEFINITIONS / MACROS
  20          //****************************************************************************
  21          
  22          
  23          //****************************************************************************
  24          // STRUCT / TYPE / ENUM DEFINITTIONS
  25          //****************************************************************************
  26          
  27          
  28          //****************************************************************************
  29          // CODE TABLES
  30          //****************************************************************************
  31          
  32          
  33          //****************************************************************************
  34          // VARIABLE DECLARATIONS
  35          //****************************************************************************
  36          
  37          
  38          //****************************************************************************
  39          // FUNCTION DECLARATIONS
  40          //****************************************************************************
  41          void ScalerColorSCMAdjust(BYTE ucAdjustOption1, BYTE ucAdjustOption2);
  42          
  43          
  44          //****************************************************************************
  45          // FUNCTION DEFINITIONS
  46          //****************************************************************************
  47          //--------------------------------------------------
  48          // Description  : Adjust SCM Function
  49          // Input Value  : Adjust Option
  50          // Output Value : None
  51          //--------------------------------------------------
C51 COMPILER V8.12   RL6449_SERIES_COLORSCMADJUST                                          03/11/2025 19:56:10 PAGE 2   

  52          void ScalerColorSCMAdjust(BYTE ucAdjustOption1, BYTE ucAdjustOption2)
  53          {
  54   1          ScalerSetByte(P7_CC_SCM_BLOCK_ENABLE, (((BYTE)((bit)(ucAdjustOption2 & _SCM0_BLOCK0_ENABLE)) << 7) | (
             -(BYTE)((bit)(ucAdjustOption2 & _SCM0_BLOCK1_ENABLE)) << 6) |
  57   1                                                 ((BYTE)((bit)(ucAdjustOption2 & _SCM1_BLOCK0_ENABLE)) << 5) | (
             -(BYTE)((bit)(ucAdjustOption2 & _SCM1_BLOCK1_ENABLE)) << 4) |
  57   1                                                 ((BYTE)((bit)(ucAdjustOption2 & _SCM2_BLOCK0_ENABLE)) << 3) | (
             -(BYTE)((bit)(ucAdjustOption2 & _SCM2_BLOCK1_ENABLE)) << 2) |
  57   1                                                 ((BYTE)((bit)(ucAdjustOption2 & _SCM3_BLOCK0_ENABLE)) << 1) | (
             -(BYTE)((bit)(ucAdjustOption2 & _SCM3_BLOCK1_ENABLE)))));
  58   1      
  59   1          ScalerSetBit(P7_CD_SCM_BLOCK_SELECT, ~_BIT4, (BYTE)((bit)(ucAdjustOption1 & _SCMN_SHARE_REG)) << 4);
  60   1      }


MODULE INFORMATION:   STATIC OVERLAYABLE
   CODE SIZE        =    100    ----
   CONSTANT SIZE    =   ----    ----
   XDATA SIZE       =   ----    ----
   PDATA SIZE       =   ----    ----
   DATA SIZE        =   ----    ----
   IDATA SIZE       =   ----    ----
   BIT SIZE         =   ----    ----
END OF MODULE INFORMATION.


C51 COMPILATION COMPLETE.  0 WARNING(S),  0 ERROR(S)
