C51 COMPILER V8.12   RL6449_SERIES_COLORPANELUNIFORMITYGETLDST                             03/11/2025 19:56:14 PAGE 1   


C51 COMPILER V8.12, COMPILATION OF MODULE RL6449_SERIES_COLORPANELUNIFORMITYGETLDST
OBJECT MODULE PLACED IN .\Output\RL6449_Series_ColorPanelUniformityGetLDStatus.obj
COMPILER INVOKED BY: C:\Keil\C51\BIN\C51.EXE Code\RL6449_Series_Color\RL6449_Series_ColorPanelUniformityGetLDStatus.c LA
                    -RGE OPTIMIZE(9,SPEED) INCDIR(..\..\..\Common;..\Header;.\Header;..\..\ScalerFunction\Lib\Header;..\..\ScalerFunction\Hea
                    -der;..\..\ScalerCommonFunction\Lib\Header;..\..\ScalerCommonFunction\Header;..\..\RL6449_Series_Common\Lib\Header;..\..\
                    -RL6449_Series_Common\Header) DEFINE(_TRANSLATOR_SUPPORT=_OFF,_SCALER_TYPE=_RL6449_SERIES) DEBUG OBJECTEXTEND PRINT(.\Out
                    -put\RL6449_Series_ColorPanelUniformityGetLDStatus.lst) OBJECT(.\Output\RL6449_Series_ColorPanelUniformityGetLDStatus.obj
                    -)

line level    source

   1          /********************************************************************************/
   2          /*   Copyright (c) 2021 Realtek Semiconductor Corp. All rights reserved.        */
   3          /*                                                                              */
   4          /*   SPDX-License-Identifier: LicenseRef-Realtek-Proprietary                    */
   5          /*                                                                              */
   6          /*   This software component is confidential and proprietary to Realtek         */
   7          /*   Semiconductor Corp. Disclosure, reproduction, redistribution, in whole     */
   8          /*   or in part, of this work and its derivatives without express permission    */
   9          /*   is prohibited.                                                             */
  10          /********************************************************************************/
  11          
  12          //----------------------------------------------------------------------------------------------------
  13          // ID Code      : RL6449_Series_ColorPanelUniformityGetLDStatus.c
  14          // Update Note  :
  15          //----------------------------------------------------------------------------------------------------
  16          #include "RL6449_Series_ColorLibInternalInclude.h"
  17          
  18          //****************************************************************************
  19          // DEFINITIONS / MACROS
  20          //****************************************************************************
  21          
  22          
  23          //****************************************************************************
  24          // STRUCT / TYPE / ENUM DEFINITTIONS
  25          //****************************************************************************
  26          
  27          
  28          //****************************************************************************
  29          // CODE TABLES
  30          //****************************************************************************
  31          
  32          
  33          //****************************************************************************
  34          // VARIABLE DECLARATIONS
  35          //****************************************************************************
  36          
  37          
  38          //****************************************************************************
  39          // FUNCTION DECLARATIONS
  40          //****************************************************************************
  41          bit ScalerColorPanelUniformityGetLDStatus(void);
  42          
  43          
  44          //****************************************************************************
  45          // FUNCTION DEFINITIONS
  46          //****************************************************************************
  47          //--------------------------------------------------
  48          // Description  : Get Panel Uniformity Local Dimming Mode ON/OFF
  49          // Input Value  : None
  50          // Output Value : _ON/_OFF
C51 COMPILER V8.12   RL6449_SERIES_COLORPANELUNIFORMITYGETLDST                             03/11/2025 19:56:14 PAGE 2   

  51          //--------------------------------------------------
  52          bit ScalerColorPanelUniformityGetLDStatus(void)
  53          {
  54   1          return ScalerGetBit(P34_17_UN_LOCAL_DIMMING, _BIT0);
  55   1      }


MODULE INFORMATION:   STATIC OVERLAYABLE
   CODE SIZE        =      6    ----
   CONSTANT SIZE    =   ----    ----
   XDATA SIZE       =   ----    ----
   PDATA SIZE       =   ----    ----
   DATA SIZE        =   ----    ----
   IDATA SIZE       =   ----    ----
   BIT SIZE         =   ----    ----
END OF MODULE INFORMATION.


C51 COMPILATION COMPLETE.  0 WARNING(S),  0 ERROR(S)
