C51 COMPILER V8.12   RL6449_SERIES_OSDAUTOROTATEFONTBSTARTADDR                             03/11/2025 19:56:18 PAGE 1   


C51 COMPILER V8.12, COMPILATION OF MODULE RL6449_SERIES_OSDAUTOROTATEFONTBSTARTADDR
OBJECT MODULE PLACED IN .\Output\RL6449_Series_OsdAutoRotateFontBStartAddr.obj
COMPILER INVOKED BY: C:\Keil\C51\BIN\C51.EXE Code\RL6449_Series_OSD\SRAM\RL6449_Series_OsdAutoRotateFontBStartAddr.c LAR
                    -GE OPTIMIZE(9,SPEED) INCDIR(..\..\..\Common;..\Header;.\Header;..\..\ScalerFunction\Lib\Header;..\..\ScalerFunction\Head
                    -er;..\..\ScalerCommonFunction\Lib\Header;..\..\ScalerCommonFunction\Header;..\..\RL6449_Series_Common\Lib\Header;..\..\R
                    -L6449_Series_Common\Header) DEFINE(_TRANSLATOR_SUPPORT=_OFF,_SCALER_TYPE=_RL6449_SERIES) DEBUG OBJECTEXTEND PRINT(.\Outp
                    -ut\RL6449_Series_OsdAutoRotateFontBStartAddr.lst) OBJECT(.\Output\RL6449_Series_OsdAutoRotateFontBStartAddr.obj)

line level    source

   1          /********************************************************************************/
   2          /*   Copyright (c) 2021 Realtek Semiconductor Corp. All rights reserved.        */
   3          /*                                                                              */
   4          /*   SPDX-License-Identifier: LicenseRef-Realtek-Proprietary                    */
   5          /*                                                                              */
   6          /*   This software component is confidential and proprietary to Realtek         */
   7          /*   Semiconductor Corp. Disclosure, reproduction, redistribution, in whole     */
   8          /*   or in part, of this work and its derivatives without express permission    */
   9          /*   is prohibited.                                                             */
  10          /********************************************************************************/
  11          
  12          //----------------------------------------------------------------------------------------------------
  13          // ID Code      : RL6449_Series_OsdAutoRotateFontBStartAddr.c
  14          // Update Note  :
  15          //----------------------------------------------------------------------------------------------------
  16          #include "RL6449_Series_OSDLibInternalInclude.h"
  17          
  18          //****************************************************************************
  19          // DEFINITIONS / MACROS
  20          //****************************************************************************
  21          
  22          
  23          //****************************************************************************
  24          // STRUCT / TYPE / ENUM DEFINITTIONS
  25          //****************************************************************************
  26          
  27          
  28          //****************************************************************************
  29          // CODE TABLES
  30          //****************************************************************************
  31          
  32          
  33          //****************************************************************************
  34          // VARIABLE DECLARATIONS
  35          //****************************************************************************
  36          
  37          //****************************************************************************
  38          // FUNCTION DECLARATIONS
  39          //****************************************************************************
  40          void ScalerOsdAutoRotateFontBStartAddr(BYTE ucStartAddr);
  41          
  42          //****************************************************************************
  43          // FUNCTION DEFINITIONS
  44          //****************************************************************************
  45          //--------------------------------------------------
  46          // Description  : FONT_B LUT SRAM Start Address
  47          // Input Value  : ucStartAddr --> Font B start address
  48          // Output Value :
  49          //--------------------------------------------------
  50          void ScalerOsdAutoRotateFontBStartAddr(BYTE ucStartAddr)
  51          {
C51 COMPILER V8.12   RL6449_SERIES_OSDAUTOROTATEFONTBSTARTADDR                             03/11/2025 19:56:18 PAGE 2   

  52   1          ScalerSetByte(P3A_42_FRAME_CTRL_42, ucStartAddr);
  53   1      }
  54          


MODULE INFORMATION:   STATIC OVERLAYABLE
   CODE SIZE        =      6    ----
   CONSTANT SIZE    =   ----    ----
   XDATA SIZE       =   ----    ----
   PDATA SIZE       =   ----    ----
   DATA SIZE        =   ----    ----
   IDATA SIZE       =   ----    ----
   BIT SIZE         =   ----    ----
END OF MODULE INFORMATION.


C51 COMPILATION COMPLETE.  0 WARNING(S),  0 ERROR(S)
