C51 COMPILER V8.12   SCALERCOMMONDATAPORTACCESSGETWORD                                     03/11/2025 19:55:38 PAGE 1   


C51 COMPILER V8.12, COMPILATION OF MODULE SCALERCOMMONDATAPORTACCESSGETWORD
OBJECT MODULE PLACED IN .\Output\ScalerCommonDataPortAccessGetWord.obj
COMPILER INVOKED BY: C:\Keil\C51\BIN\C51.EXE ..\..\ScalerCommonFunction\Lib\Code\ScalerCommonReg\ScalerCommonDataPortAcc
                    -essGetWord.c LARGE OPTIMIZE(9,SPEED) INCDIR(..\..\..\Common;..\Header;.\Header;..\..\ScalerFunction\Lib\Header;..\..\Sca
                    -lerFunction\Header;..\..\ScalerCommonFunction\Lib\Header;..\..\ScalerCommonFunction\Header;..\..\RL6449_Series_Common\Li
                    -b\Header;..\..\RL6449_Series_Common\Header) DEFINE(_TRANSLATOR_SUPPORT=_OFF,_SCALER_TYPE=_RL6449_SERIES) DEBUG OBJECTEXT
                    -END PRINT(.\Output\ScalerCommonDataPortAccessGetWord.lst) OBJECT(.\Output\ScalerCommonDataPortAccessGetWord.obj)

line level    source

   1          /********************************************************************************/
   2          /*   Copyright (c) 2021 Realtek Semiconductor Corp. All rights reserved.        */
   3          /*                                                                              */
   4          /*   SPDX-License-Identifier: LicenseRef-Realtek-Proprietary                    */
   5          /*                                                                              */
   6          /*   This software component is confidential and proprietary to Realtek         */
   7          /*   Semiconductor Corp. Disclosure, reproduction, redistribution, in whole     */
   8          /*   or in part, of this work and its derivatives without express permission    */
   9          /*   is prohibited.                                                             */
  10          /********************************************************************************/
  11          
  12          //----------------------------------------------------------------------------------------------------
  13          // ID Code      : ScalerCommonDataPortAccessGetWord.c
  14          // Update Note  :
  15          //----------------------------------------------------------------------------------------------------
  16          #include "ScalerCommonRegLibInternalInclude.h"
  17          
  18          //****************************************************************************
  19          // DEFINITIONS / MACROS
  20          //****************************************************************************
  21          
  22          
  23          //****************************************************************************
  24          // STRUCT / TYPE / ENUM DEFINITTIONS
  25          //****************************************************************************
  26          
  27          
  28          //****************************************************************************
  29          // CODE TABLES
  30          //****************************************************************************
  31          
  32          
  33          //****************************************************************************
  34          // VARIABLE DECLARATIONS
  35          //****************************************************************************
  36          
  37          
  38          //****************************************************************************
  39          // FUNCTION DECLARATIONS
  40          //****************************************************************************
  41          WORD ScalerGetDataPortWord(WORD usAddr, BYTE ucValue, bit bAutoInc);
  42          
  43          
  44          //****************************************************************************
  45          // FUNCTION DEFINITIONS
  46          //****************************************************************************
  47          //--------------------------------------------------
  48          // Description  : Get bytes from selected register in data port
  49          // Input Value  : usAddr    --> Access Port Address of register
  50          //                ucValue   --> Data Port Address we want to Get
  51          //                bAutoInc  --> Address auto increasing select
C51 COMPILER V8.12   SCALERCOMMONDATAPORTACCESSGETWORD                                     03/11/2025 19:55:38 PAGE 2   

  52          // Output Value : None
  53          //--------------------------------------------------
  54          WORD ScalerGetDataPortWord(WORD usAddr, BYTE ucValue, bit bAutoInc)
  55          {
  56   1          BYTE pucArray[2];
  57   1          memset(pucArray, 0x00, sizeof(pucArray));
  58   1      
  59   1          ScalerGetDataPortByte(usAddr, ucValue, 2, pucArray, bAutoInc);
  60   1      
  61   1          return (WORD)pucArray[0] * 256 + pucArray[1];
  62   1      }
  63          


MODULE INFORMATION:   STATIC OVERLAYABLE
   CODE SIZE        =     78    ----
   CONSTANT SIZE    =   ----    ----
   XDATA SIZE       =   ----       5
   PDATA SIZE       =   ----    ----
   DATA SIZE        =   ----    ----
   IDATA SIZE       =   ----    ----
   BIT SIZE         =   ----       1
END OF MODULE INFORMATION.


C51 COMPILATION COMPLETE.  0 WARNING(S),  0 ERROR(S)
