C51 COMPILER V8.12   SCALERCOLORHLWDCCADJUST                                               03/11/2025 19:55:44 PAGE 1   


C51 COMPILER V8.12, COMPILATION OF MODULE SCALERCOLORHLWDCCADJUST
OBJECT MODULE PLACED IN .\Output\ScalerColorHLWDCCAdjust.obj
COMPILER INVOKED BY: C:\Keil\C51\BIN\C51.EXE ..\..\ScalerFunction\Lib\Code\ScalerColor\ScalerColorHLWDCCAdjust.c LARGE O
                    -PTIMIZE(9,SPEED) INCDIR(..\..\..\Common;..\Header;.\Header;..\..\ScalerFunction\Lib\Header;..\..\ScalerFunction\Header;.
                    -.\..\ScalerCommonFunction\Lib\Header;..\..\ScalerCommonFunction\Header;..\..\RL6449_Series_Common\Lib\Header;..\..\RL644
                    -9_Series_Common\Header) DEFINE(_TRANSLATOR_SUPPORT=_OFF,_SCALER_TYPE=_RL6449_SERIES) DEBUG OBJECTEXTEND PRINT(.\Output\S
                    -calerColorHLWDCCAdjust.lst) OBJECT(.\Output\ScalerColorHLWDCCAdjust.obj)

line level    source

   1          /********************************************************************************/
   2          /*   Copyright (c) 2021 Realtek Semiconductor Corp. All rights reserved.        */
   3          /*                                                                              */
   4          /*   SPDX-License-Identifier: LicenseRef-Realtek-Proprietary                    */
   5          /*                                                                              */
   6          /*   This software component is confidential and proprietary to Realtek         */
   7          /*   Semiconductor Corp. Disclosure, reproduction, redistribution, in whole     */
   8          /*   or in part, of this work and its derivatives without express permission    */
   9          /*   is prohibited.                                                             */
  10          /********************************************************************************/
  11          
  12          //----------------------------------------------------------------------------------------------------
  13          // ID Code      : ScalerColorHLWDCCAdjust.c
  14          // Update Note  :
  15          //----------------------------------------------------------------------------------------------------
  16          #include "ScalerColorLibInternalInclude.h"
  17          
  18          //****************************************************************************
  19          // DEFINITIONS / MACROS
  20          //****************************************************************************
  21          
  22          
  23          //****************************************************************************
  24          // STRUCT / TYPE / ENUM DEFINITTIONS
  25          //****************************************************************************
  26          
  27          
  28          //****************************************************************************
  29          // CODE TABLES
  30          //****************************************************************************
  31          
  32          
  33          //****************************************************************************
  34          // VARIABLE DECLARATIONS
  35          //****************************************************************************
  36          
  37          
  38          //****************************************************************************
  39          // FUNCTION DECLARATIONS
  40          //****************************************************************************
  41          void ScalerColorHLWDCCAdjust(EnumHLWType enumHLWActive, EnumDBApply enumDBApply);
  42          
  43          //****************************************************************************
  44          // FUNCTION DEFINITIONS
  45          //****************************************************************************
  46          //--------------------------------------------------
  47          // Description  : Adjust DCC Highlight Window Active Region
  48          // Input Value  : Highlight Window Actvie Region Option
  49          //                EnumDBApply
  50          // Output Value : None
  51          //--------------------------------------------------
C51 COMPILER V8.12   SCALERCOLORHLWDCCADJUST                                               03/11/2025 19:55:44 PAGE 2   

  52          void ScalerColorHLWDCCAdjust(EnumHLWType enumHLWActive, EnumDBApply enumDBApply)
  53          {
  54   1          ScalerSetDataPortBit(P0_60_HLW_ADDR_PORT, _P0_61_PT_0E_HLW_CONTROL0, ~(_BIT3 | _BIT2), ((enumHLWActive
             - & 0x03) << 2));
  55   1          ScalerColorDCCSetMeasureRegion(enumHLWActive);
  56   1          ScalerGlobalDDomainDBApply(enumDBApply);
  57   1      }


MODULE INFORMATION:   STATIC OVERLAYABLE
   CODE SIZE        =     47    ----
   CONSTANT SIZE    =   ----    ----
   XDATA SIZE       =   ----       2
   PDATA SIZE       =   ----    ----
   DATA SIZE        =   ----    ----
   IDATA SIZE       =   ----    ----
   BIT SIZE         =   ----    ----
END OF MODULE INFORMATION.


C51 COMPILATION COMPLETE.  0 WARNING(S),  0 ERROR(S)
