C51 COMPILER V8.12   SCALERCOLORHLWBORDERENABLE                                            03/11/2025 19:55:44 PAGE 1   


C51 COMPILER V8.12, COMPILATION OF MODULE SCALERCOLORHLWBORDERENABLE
OBJECT MODULE PLACED IN .\Output\ScalerColorHLWBorderEnable.obj
COMPILER INVOKED BY: C:\Keil\C51\BIN\C51.EXE ..\..\ScalerFunction\Lib\Code\ScalerColor\ScalerColorHLWBorderEnable.c LARG
                    -E OPTIMIZE(9,SPEED) INCDIR(..\..\..\Common;..\Header;.\Header;..\..\ScalerFunction\Lib\Header;..\..\ScalerFunction\Heade
                    -r;..\..\ScalerCommonFunction\Lib\Header;..\..\ScalerCommonFunction\Header;..\..\RL6449_Series_Common\Lib\Header;..\..\RL
                    -6449_Series_Common\Header) DEFINE(_TRANSLATOR_SUPPORT=_OFF,_SCALER_TYPE=_RL6449_SERIES) DEBUG OBJECTEXTEND PRINT(.\Outpu
                    -t\ScalerColorHLWBorderEnable.lst) OBJECT(.\Output\ScalerColorHLWBorderEnable.obj)

line level    source

   1          /********************************************************************************/
   2          /*   Copyright (c) 2021 Realtek Semiconductor Corp. All rights reserved.        */
   3          /*                                                                              */
   4          /*   SPDX-License-Identifier: LicenseRef-Realtek-Proprietary                    */
   5          /*                                                                              */
   6          /*   This software component is confidential and proprietary to Realtek         */
   7          /*   Semiconductor Corp. Disclosure, reproduction, redistribution, in whole     */
   8          /*   or in part, of this work and its derivatives without express permission    */
   9          /*   is prohibited.                                                             */
  10          /********************************************************************************/
  11          
  12          //----------------------------------------------------------------------------------------------------
  13          // ID Code      : ScalerColorHLWBorderEnable.c
  14          // Update Note  :
  15          //----------------------------------------------------------------------------------------------------
  16          #include "ScalerColorLibInternalInclude.h"
  17          
  18          //****************************************************************************
  19          // DEFINITIONS / MACROS
  20          //****************************************************************************
  21          
  22          
  23          //****************************************************************************
  24          // STRUCT / TYPE / ENUM DEFINITTIONS
  25          //****************************************************************************
  26          
  27          
  28          //****************************************************************************
  29          // CODE TABLES
  30          //****************************************************************************
  31          
  32          
  33          //****************************************************************************
  34          // VARIABLE DECLARATIONS
  35          //****************************************************************************
  36          
  37          
  38          //****************************************************************************
  39          // FUNCTION DECLARATIONS
  40          //****************************************************************************
  41          void ScalerColorHLWBorderEnable(bit bTopBorderEn, bit bBottomBorderEn, bit bLeftBorderEn, bit bRightBorder
             -En);
  42          
  43          
  44          //****************************************************************************
  45          // FUNCTION DEFINITIONS
  46          //****************************************************************************
  47          //--------------------------------------------------
  48          // Description  : Adjust HLW Border Enable
  49          // Input Value  : bTopBorderEn, bBottomBorderEn, bLeftBorderEn, bRightBorderEn, enumDBApply
  50          // Output Value : none
C51 COMPILER V8.12   SCALERCOLORHLWBORDERENABLE                                            03/11/2025 19:55:44 PAGE 2   

  51          //--------------------------------------------------
  52          void ScalerColorHLWBorderEnable(bit bTopBorderEn, bit bBottomBorderEn, bit bLeftBorderEn, bit bRightBorder
             -En)
  53          {
  54   1          ScalerSetDataPortBit(P0_60_HLW_ADDR_PORT, _P0_61_PT_0C_HLW_BORDER_EN, ~(_BIT7 | _BIT6 | _BIT5 | _BIT4)
             -, ((BYTE)(~bLeftBorderEn) << 7) | ((BYTE)(~bRightBorderEn) << 6) | ((BYTE)(~bTopBorderEn) << 5) | ((BYTE)(~bBottomBorder
             -En) << 4));
  55   1      
  56   1          ScalerGlobalDDomainDBApply(_DB_APPLY_NO_POLLING);
  57   1      }
  58          


MODULE INFORMATION:   STATIC OVERLAYABLE
   CODE SIZE        =     64    ----
   CONSTANT SIZE    =   ----    ----
   XDATA SIZE       =   ----    ----
   PDATA SIZE       =   ----    ----
   DATA SIZE        =   ----    ----
   IDATA SIZE       =   ----    ----
   BIT SIZE         =   ----       4
END OF MODULE INFORMATION.


C51 COMPILATION COMPLETE.  0 WARNING(S),  0 ERROR(S)
