C51 COMPILER V8.12   SCALERSCALING                                                         03/11/2025 19:55:40 PAGE 1   


C51 COMPILER V8.12, COMPILATION OF MODULE SCALERSCALING
OBJECT MODULE PLACED IN .\Output\ScalerScaling.obj
COMPILER INVOKED BY: C:\Keil\C51\BIN\C51.EXE ..\..\ScalerFunction\Lib\Code\Scaler\ScalerScaling.c LARGE OPTIMIZE(9,SPEED
                    -) INCDIR(..\..\..\Common;..\Header;.\Header;..\..\ScalerFunction\Lib\Header;..\..\ScalerFunction\Header;..\..\ScalerComm
                    -onFunction\Lib\Header;..\..\ScalerCommonFunction\Header;..\..\RL6449_Series_Common\Lib\Header;..\..\RL6449_Series_Common
                    -\Header) DEFINE(_TRANSLATOR_SUPPORT=_OFF,_SCALER_TYPE=_RL6449_SERIES) DEBUG OBJECTEXTEND PRINT(.\Output\ScalerScaling.ls
                    -t) OBJECT(.\Output\ScalerScaling.obj)

line level    source

   1          /********************************************************************************/
   2          /*   Copyright (c) 2021 Realtek Semiconductor Corp. All rights reserved.        */
   3          /*                                                                              */
   4          /*   SPDX-License-Identifier: LicenseRef-Realtek-Proprietary                    */
   5          /*                                                                              */
   6          /*   This software component is confidential and proprietary to Realtek         */
   7          /*   Semiconductor Corp. Disclosure, reproduction, redistribution, in whole     */
   8          /*   or in part, of this work and its derivatives without express permission    */
   9          /*   is prohibited.                                                             */
  10          /********************************************************************************/
  11          
  12          //----------------------------------------------------------------------------------------------------
  13          // ID Code      : ScalerScaling.c No.0000
  14          // Update Note  :
  15          //----------------------------------------------------------------------------------------------------
  16          
  17          #include "ScalerLibInternalInclude.h"
  18          
  19          //****************************************************************************
  20          // DEFINITIONS / MACROS
  21          //****************************************************************************
  22          
  23          //****************************************************************************
  24          // STRUCT / TYPE / ENUM DEFINITTIONS
  25          //****************************************************************************
  26          
  27          //****************************************************************************
  28          // CODE TABLES
  29          //****************************************************************************
  30          
  31          //****************************************************************************
  32          // VARIABLE DECLARATIONS
  33          //****************************************************************************
  34          
  35          
  36          //****************************************************************************
  37          // FUNCTION DECLARATIONS
  38          //****************************************************************************
  39          bit ScalerScalingGetScaleDownHoriStatus(void);
  40          
  41          
  42          //****************************************************************************
  43          // FUNCTION DEFINITIONS
  44          //****************************************************************************
  45          //--------------------------------------------------
  46          // Description  : Get H scaling down status
  47          // Input Value  : None
  48          // Output Value :
  49          //--------------------------------------------------
  50          bit ScalerScalingGetScaleDownHoriStatus(void)
  51          {
C51 COMPILER V8.12   SCALERSCALING                                                         03/11/2025 19:55:40 PAGE 2   

  52   1          return ((ScalerGetBit(P0_23_SCALE_DOWN_CTRL_M1, _BIT1) == _BIT1) ? (_ON) : (_OFF));
  53   1      }
  54          


MODULE INFORMATION:   STATIC OVERLAYABLE
   CODE SIZE        =     15    ----
   CONSTANT SIZE    =   ----    ----
   XDATA SIZE       =   ----    ----
   PDATA SIZE       =   ----    ----
   DATA SIZE        =   ----    ----
   IDATA SIZE       =   ----    ----
   BIT SIZE         =   ----    ----
END OF MODULE INFORMATION.


C51 COMPILATION COMPLETE.  0 WARNING(S),  0 ERROR(S)
