C51 COMPILER V8.12   SCALERCOLORSPACECONVERTDDOMAINENABLE                                  03/11/2025 19:55:48 PAGE 1   


C51 COMPILER V8.12, COMPILATION OF MODULE SCALERCOLORSPACECONVERTDDOMAINENABLE
OBJECT MODULE PLACED IN .\Output\ScalerColorSpaceConvertDDomainEnable.obj
COMPILER INVOKED BY: C:\Keil\C51\BIN\C51.EXE ..\..\ScalerFunction\Lib\Code\ScalerColor\ScalerColorSpaceConvertDDomainEna
                    -ble.c LARGE OPTIMIZE(9,SPEED) INCDIR(..\..\..\Common;..\Header;.\Header;..\..\ScalerFunction\Lib\Header;..\..\ScalerFunc
                    -tion\Header;..\..\ScalerCommonFunction\Lib\Header;..\..\ScalerCommonFunction\Header;..\..\RL6449_Series_Common\Lib\Heade
                    -r;..\..\RL6449_Series_Common\Header) DEFINE(_TRANSLATOR_SUPPORT=_OFF,_SCALER_TYPE=_RL6449_SERIES) DEBUG OBJECTEXTEND PRI
                    -NT(.\Output\ScalerColorSpaceConvertDDomainEnable.lst) OBJECT(.\Output\ScalerColorSpaceConvertDDomainEnable.obj)

line level    source

   1          /********************************************************************************/
   2          /*   Copyright (c) 2021 Realtek Semiconductor Corp. All rights reserved.        */
   3          /*                                                                              */
   4          /*   SPDX-License-Identifier: LicenseRef-Realtek-Proprietary                    */
   5          /*                                                                              */
   6          /*   This software component is confidential and proprietary to Realtek         */
   7          /*   Semiconductor Corp. Disclosure, reproduction, redistribution, in whole     */
   8          /*   or in part, of this work and its derivatives without express permission    */
   9          /*   is prohibited.                                                             */
  10          /********************************************************************************/
  11          
  12          //----------------------------------------------------------------------------------------------------
  13          // ID Code      : ScalerColorSpaceConvertDDomainEnable.c
  14          // Update Note  :
  15          //----------------------------------------------------------------------------------------------------
  16          #include "ScalerColorLibInternalInclude.h"
  17          
  18          //****************************************************************************
  19          // DEFINITIONS / MACROS
  20          //****************************************************************************
  21          
  22          
  23          //****************************************************************************
  24          // STRUCT / TYPE / ENUM DEFINITTIONS
  25          //****************************************************************************
  26          
  27          
  28          //****************************************************************************
  29          // CODE TABLES
  30          //****************************************************************************
  31          
  32          
  33          //****************************************************************************
  34          // VARIABLE DECLARATIONS
  35          //****************************************************************************
  36          
  37          
  38          //****************************************************************************
  39          // FUNCTION DECLARATIONS
  40          //****************************************************************************
  41          void ScalerColorSpaceConvertDDomainEnable(bit bOn);
  42          
  43          
  44          //****************************************************************************
  45          // FUNCTION DEFINITIONS
  46          //****************************************************************************
  47          //--------------------------------------------------
  48          // Description  : Color Space Conversion function On/Off
  49          // Input Value  : Input Color Space, EnumDBApply
  50          // Output Value : None
  51          //--------------------------------------------------
C51 COMPILER V8.12   SCALERCOLORSPACECONVERTDDOMAINENABLE                                  03/11/2025 19:55:48 PAGE 2   

  52          void ScalerColorSpaceConvertDDomainEnable(bit bOn)
  53          {
  54   1          // Disable D-Domain YUV2RGB
  55   1          ScalerSetBit(P14_A1_SR_YCC2RGB_CTRL, ~_BIT0, (BYTE)bOn);
  56   1      
  57   1          ScalerGlobalDDomainDBApply(_DB_APPLY_POLLING);
  58   1      }
  59          


MODULE INFORMATION:   STATIC OVERLAYABLE
   CODE SIZE        =     18    ----
   CONSTANT SIZE    =   ----    ----
   XDATA SIZE       =   ----    ----
   PDATA SIZE       =   ----    ----
   DATA SIZE        =   ----    ----
   IDATA SIZE       =   ----    ----
   BIT SIZE         =   ----       1
END OF MODULE INFORMATION.


C51 COMPILATION COMPLETE.  0 WARNING(S),  0 ERROR(S)
