C51 COMPILER V8.12   SCALERCOLORGETCOLORDEPTH                                              03/11/2025 19:55:43 PAGE 1   


C51 COMPILER V8.12, COMPILATION OF MODULE SCALERCOLORGETCOLORDEPTH
OBJECT MODULE PLACED IN .\Output\ScalerColorGetColorDepth.obj
COMPILER INVOKED BY: C:\Keil\C51\BIN\C51.EXE ..\..\ScalerFunction\Lib\Code\ScalerColor\ScalerColorGetColorDepth.c LARGE 
                    -OPTIMIZE(9,SPEED) INCDIR(..\..\..\Common;..\Header;.\Header;..\..\ScalerFunction\Lib\Header;..\..\ScalerFunction\Header;
                    -..\..\ScalerCommonFunction\Lib\Header;..\..\ScalerCommonFunction\Header;..\..\RL6449_Series_Common\Lib\Header;..\..\RL64
                    -49_Series_Common\Header) DEFINE(_TRANSLATOR_SUPPORT=_OFF,_SCALER_TYPE=_RL6449_SERIES) DEBUG OBJECTEXTEND PRINT(.\Output\
                    -ScalerColorGetColorDepth.lst) OBJECT(.\Output\ScalerColorGetColorDepth.obj)

line level    source

   1          /********************************************************************************/
   2          /*   Copyright (c) 2021 Realtek Semiconductor Corp. All rights reserved.        */
   3          /*                                                                              */
   4          /*   SPDX-License-Identifier: LicenseRef-Realtek-Proprietary                    */
   5          /*                                                                              */
   6          /*   This software component is confidential and proprietary to Realtek         */
   7          /*   Semiconductor Corp. Disclosure, reproduction, redistribution, in whole     */
   8          /*   or in part, of this work and its derivatives without express permission    */
   9          /*   is prohibited.                                                             */
  10          /********************************************************************************/
  11          
  12          //----------------------------------------------------------------------------------------------------
  13          // ID Code      : ScalerColorGetColorDepth.c
  14          // Update Note  :
  15          //----------------------------------------------------------------------------------------------------
  16          #include "ScalerColorLibInternalInclude.h"
  17          
  18          
  19          //****************************************************************************
  20          // DEFINITIONS / MACROS
  21          //****************************************************************************
  22          
  23          //****************************************************************************
  24          // STRUCT / TYPE / ENUM DEFINITTIONS
  25          //****************************************************************************
  26          
  27          
  28          //****************************************************************************
  29          // CODE TABLES
  30          //****************************************************************************
  31          
  32          
  33          //****************************************************************************
  34          // VARIABLE DECLARATIONS
  35          //****************************************************************************
  36          
  37          
  38          //****************************************************************************
  39          // FUNCTION DECLARATIONS
  40          //****************************************************************************
  41          BYTE ScalerColorGetColorDepth(void);
  42          
  43          
  44          //****************************************************************************
  45          // FUNCTION DEFINITIONS
  46          //****************************************************************************
  47          //--------------------------------------------------
  48          // Description  : Get Color Depth
  49          // Input Value  : None
  50          // Output Value : Input Color Depth
  51          //--------------------------------------------------
C51 COMPILER V8.12   SCALERCOLORGETCOLORDEPTH                                              03/11/2025 19:55:43 PAGE 2   

  52          BYTE ScalerColorGetColorDepth(void)
  53          {
  54   1          return GET_COLOR_DEPTH();
  55   1      }
  56          


MODULE INFORMATION:   STATIC OVERLAYABLE
   CODE SIZE        =     21    ----
   CONSTANT SIZE    =   ----    ----
   XDATA SIZE       =   ----    ----
   PDATA SIZE       =   ----    ----
   DATA SIZE        =   ----    ----
   IDATA SIZE       =   ----    ----
   BIT SIZE         =   ----    ----
END OF MODULE INFORMATION.


C51 COMPILATION COMPLETE.  0 WARNING(S),  0 ERROR(S)
