C51 COMPILER V9.01   RTD2014OSDPALETTE                                                     05/24/2025 16:34:28 PAGE 1   


C51 COMPILER V9.01, COMPILATION OF MODULE RTD2014OSDPALETTE
OBJECT MODULE PLACED IN .\Output\RL6449\RTD2014OsdPalette.obj
COMPILER INVOKED BY: C:\Keil\C51\BIN\C51.EXE User\RTD Series\RTD2014Osd\Code\RTD2014OsdPalette.c LARGE OPTIMIZE(9,SPEED)
                    - INCDIR(.\Output\RL6449;.\Project\Header;.\Pcb;.\Panel;.\Kernel\Device\Header;.\Kernel\Common;.\Kernel\System\Header;.\K
                    -ernel\Scaler\ScalerFunction\Header;.\Kernel\Scaler\ScalerCommonFunction\Header;.\Kernel\Scaler\ScalerFunction\Lib\Header
                    -;.\Kernel\Scaler\ScalerCommonFunction\Lib\Header;.\Kernel\Scaler\RL6449_Series_Scaler\Header;.\Kernel\Scaler\RL6449_Seri
                    -es_Scaler\Lib\Header;.\Kernel\Scaler\RL6449_Series_Common\Header;.\Kernel\Scaler\RL6449_Series_Common\Lib\Header;.\Kerne
                    -l\User Common Function\Header;.\User\RTD Series\RTD2014Function\Header;.\User\RTD Series\RTD2014Osd\Header;.\User\RTD Fa
                    -ctory\Header;.\User\None Series\NoneFunction\Header;.\User\None Series\NoneOsd\Header;.\User\None Factory\Header) DEFINE
                    -(_PROJECT=_RL6449_PROJECT,_SCALER_TYPE=_RL6449_SERIES) DEBUG OBJECTEXTEND PRINT(.\Output\RL6449\RTD2014OsdPalette.lst) O
                    -BJECT(.\Output\RL6449\RTD2014OsdPalette.obj)

line level    source

   1          /********************************************************************************/
   2          /*   Copyright (c) 2021 Realtek Semiconductor Corp. All rights reserved.        */
   3          /*                                                                              */
   4          /*   SPDX-License-Identifier: LicenseRef-Realtek-Proprietary                    */
   5          /*                                                                              */
   6          /*   This software component is confidential and proprietary to Realtek         */
   7          /*   Semiconductor Corp. Disclosure, reproduction, redistribution, in whole     */
   8          /*   or in part, of this work and its derivatives without express permission    */
   9          /*   is prohibited.                                                             */
  10          /********************************************************************************/
  11          
  12          //----------------------------------------------------------------------------------------------------
  13          // ID Code      : RTD2014OsdPalette.c No.0000
  14          // Update Note  :
  15          //----------------------------------------------------------------------------------------------------
  16          
  17          #define __RTD_OSDPALETTE__
  18          
  19          #include "UserCommonInclude.h"
  20          
  21          #if(_OSD_TYPE == _REALTEK_2014_OSD)
  22          
  23          
  24          
  25          //****************************************************************************
  26          // DEFINITIONS / MACROS
  27          //****************************************************************************
  28          #if(_DEFAULT_OSD_STYLE == _TRG_OSD_STYLE )
              #define _RGB_BLACK                                      0x00, 0x00, 0x00
              #define _RGB_WHITE                                      0xFF, 0xFF, 0xFF
              #define _RGB_TURKEY_BLUE                                43,   169, 166
              #define _RGB_GRAY                                       0,    128, 128
              #define _RGB_DARKGRAY                                   0,     50,  51
              #define _RGB_RED                                        0xFF, 0x00, 0x00
              #define _RGB_FACTORY_BLUE                               0x35, 0x86, 0xEF
              #define _RGB_BLUE_EG                                    0x00, 0x80, 0xFF
              #define _RGB_BLOCK                                      0xC8, 0xC8, 0xC8
              #define _RGB_YELLOW                                     244, 211,  37 //0xF4, 0xD3, 0x25
              #define _RGB_GRAY_180                                   0xB4, 0xB4, 0xB4
              #define _FRGB_BLUE                                      0,     173, 239
              #define _FRGB_YELLOW                                    0xFF, 0xFF, 0x00
              #define _FRGB_UNUSED                                    0xFF, 0x00, 0xFF
              #define _RGB_DARKGRAY2                                  0x9E, 0x9E, 0x9E
              #define _RGB_BLACK_10                                   0x0A, 0x0A, 0x0A
              #define _FRGB_GREEN                                     0x00, 0xFF, 0x00
              
              #elif(_DEFAULT_OSD_STYLE == _SUMA_OSD_STYLE)
C51 COMPILER V9.01   RTD2014OSDPALETTE                                                     05/24/2025 16:34:28 PAGE 2   

              #define _RGB_BLACK                                      0x00, 0x00, 0x00
              #define _RGB_WHITE                                      0xFF, 0xFF, 0xFF
              #define _RGB_TURKEY_BLUE                                0x2B, 0xA9, 0xA6
              #define _RGB_GRAY                                       131,143,214//0xB2, 0xB2, 0xB2
              #define _RGB_DARKGRAY                                   90,107,201      //0x5E, 0x5C, 0x5C
              #define _RGB_RED                                        0xFF, 0x00, 0x00
              #define _RGB_FACTORY_BLUE                               0x35, 0x86, 0xEF
              #define _RGB_BLUE_EG                                    0x00, 0x80, 0xFF
              #define _RGB_BLOCK                                      0xC8, 0xC8, 0xC8
              #define _RGB_YELLOW                                     244, 211,  37 //0xF4, 0xD3, 0x25
              #define _RGB_GRAY_180                                   0xB4, 0xB4, 0xB4
              #define _FRGB_BLUE                                      0x00, 0x00, 0xFF
              #define _FRGB_YELLOW                                    0xFF, 0xFF, 0x00
              #define _FRGB_UNUSED                                    0xFF, 0x00, 0xFF
              #define _RGB_DARKGRAY2                                  0x9E, 0x9E, 0x9E
              #define _RGB_BLACK_10                                   0x0A, 0x0A, 0x0A
              #define _FRGB_GREEN                                     0x00, 0xFF, 0x00
              
              #else
  67          
  68          #define _RGB_BLACK                                      0x00, 0x00, 0x00
  69          #define _RGB_WHITE                                      0xFF, 0xFF, 0xFF
  70          #define _RGB_TURKEY_BLUE                                0x2B, 0xA9, 0xA6
  71          #define _RGB_GRAY                                       0xB2, 0xB2, 0xB2
  72          #define _RGB_DARKGRAY                                   0x5E, 0x5C, 0x5C
  73          #define _RGB_RED                                        0xFF, 0x00, 0x00
  74          #if _GSYNC_TEST
  75          #define _RGB_FACTORY_BLUE                               0x77, 0xb9, 0x00
  76          #else
              #define _RGB_FACTORY_BLUE                               0x35, 0x86, 0xEF
              #endif
  79          #define _RGB_BLUE_EG                                    0x00, 0x00, 0x00
  80          #define _RGB_BLOCK                                      0xC8, 0xC8, 0xC8
  81          #define _RGB_YELLOW                                     0xF4, 0xD3, 0x25
  82          #define _RGB_GRAY_180                                   0xB4, 0xB4, 0xB4
  83          #define _FRGB_BLUE                                      0x00, 0x00, 0xFF
  84          #define _FRGB_YELLOW                                    0xFF, 0xFF, 0x00
  85          #define _FRGB_UNUSED                                    0xFF, 0x00, 0xFF
  86          #define _RGB_DARKGRAY2                                  0x9E, 0x9E, 0x9E
  87          #define _RGB_BLACK_10                                   0x0A, 0x0A, 0x0A
  88          #define _RGB_GREEN                                      0x00, 0x80, 0x40
  89          #endif
  90          
  91          #define _LOGO_BLACK                                     0x00, 0x00, 0x00
  92          #define _LOGO_WHITE                                     0xFF, 0xFF, 0xFF
  93          #define _LOGO_RED                                       0xFF, 0x00, 0x00
  94          #define _LOGO_GREEN                                     0x00, 0xFF, 0x00
  95          #if(_LOGO_TYPE == _LOGO_MACHENIKE_2K)
              #define _LOGO_BLUE                                      0x00, 0x60, 0xFF
              #else
  98          #define _LOGO_BLUE                                      0x00, 0x00, 0xFF
  99          #endif
 100          #define _LOGO_YELLOW                                    0xFF, 0xFF, 0x00
 101          #define _LOGO_GRAY                                      0x60, 0x60, 0x60
 102          #define _LOGO_DARKBLUE                                  0x40, 0x40, 0xFF
 103          #define _LOGO_LIGHTBLUE                                 0x80, 0x80, 0xFF
 104          #define _LOGO_SELECTBOTTOM                              0x3A, 0x46, 0x50
 105          #define _LOGO_PINK                                      0xFF, 0x80, 0xFF
 106          #define _LOGO_RED_1                                     164, 48, 41
 107          
 108          #define _LOGO_ORANGE_H                                  0xFA, 0xB4, 0x28
 109          #define _LOGO_ORANGE_L                                  0xEB, 0xA0, 0x05
C51 COMPILER V9.01   RTD2014OSDPALETTE                                                     05/24/2025 16:34:28 PAGE 3   

 110          
 111          //****************************************************************************
 112          // STRUCT / TYPE / ENUM DEFINITTIONS
 113          //****************************************************************************
 114          
 115          
 116          //****************************************************************************
 117          // CODE TABLES
 118          //****************************************************************************
 119          #if(_LOGO_TYPE == _LOGO_TYPE_THREE_BIRDS)
 120          
 121          #define _LOGO_RGB_COLOR0                            0, 0, 0
 122          #define _LOGO_RGB_COLOR1                            255, 255, 255
 123          #define _LOGO_RGB_COLOR2                            0, 145, 190
 124          #define _LOGO_RGB_COLOR3                            172, 22, 44
 125          #define _LOGO_RGB_COLOR4                            40, 40, 40
 126          #define _LOGO_RGB_COLOR5                            0, 80, 30
 127          #define _LOGO_RGB_COLOR6                            237, 231, 214
 128          #define _LOGO_RGB_COLOR7                            210, 140, 40
 129          #define _LOGO_RGB_COLOR8                            0, 0, 0
 130          #define _LOGO_RGB_COLOR9                            0, 30, 150
 131          #define _LOGO_RGB_COLOR10                          0, 180, 110
 132          #define _LOGO_RGB_COLOR11                          110, 30, 130
 133          #define _LOGO_RGB_COLOR12                          255, 170, 0
 134          #define _LOGO_RGB_COLOR13                          0, 60, 40
 135          #define _LOGO_RGB_COLOR14                          225, 170, 80
 136          #define _LOGO_RGB_COLOR15                          255, 200, 0
 137          
 138          BYTE code tPALETTE_LOGO[] =
 139          {
 140              _LOGO_RGB_COLOR0,
 141              _LOGO_RGB_COLOR1,
 142              _LOGO_RGB_COLOR2,
 143              _LOGO_RGB_COLOR3,
 144              _LOGO_RGB_COLOR4,
 145              _LOGO_RGB_COLOR5,
 146              _LOGO_RGB_COLOR6,
 147              _LOGO_RGB_COLOR7,
 148              
 149              _LOGO_RGB_COLOR8,
 150              _LOGO_RGB_COLOR9,
 151              _LOGO_RGB_COLOR10,
 152              _LOGO_RGB_COLOR11,
 153              _LOGO_RGB_COLOR12,
 154              _LOGO_RGB_COLOR13,
 155              _LOGO_RGB_COLOR14,
 156              _LOGO_RGB_COLOR15,
 157              
 158              _LOGO_RGB_COLOR0,
 159              _LOGO_RGB_COLOR2,
 160              _LOGO_RGB_COLOR3,
 161              _LOGO_RGB_COLOR4,
 162              _LOGO_RGB_COLOR9,
 163              _LOGO_RGB_COLOR7,
 164              _LOGO_RGB_COLOR10,
 165              _LOGO_RGB_COLOR11,
 166              
 167              _LOGO_RGB_COLOR8,
 168              _LOGO_RGB_COLOR1,
 169              _LOGO_RGB_COLOR5,
 170              _LOGO_RGB_COLOR6,
 171              _LOGO_RGB_COLOR12,
C51 COMPILER V9.01   RTD2014OSDPALETTE                                                     05/24/2025 16:34:28 PAGE 4   

 172              _LOGO_RGB_COLOR13,
 173              _LOGO_RGB_COLOR15,
 174              _LOGO_RGB_COLOR14,
 175          
 176          };
 177          
 178          #endif
 179          
 180          BYTE code tPALETTE_RTD_LOGO[] =
 181          {
 182              _LOGO_BLACK,
 183              _LOGO_WHITE,
 184              _LOGO_RED,
 185              _LOGO_GREEN,
 186              _LOGO_BLUE,
 187              _LOGO_YELLOW,
 188              _LOGO_GRAY,
 189              _LOGO_DARKBLUE,
 190              _LOGO_LIGHTBLUE,
 191              _LOGO_SELECTBOTTOM,
 192              _LOGO_PINK,
 193              _LOGO_RED_1,
 194              _LOGO_GREEN,
 195              _LOGO_ORANGE_L,
 196              _LOGO_ORANGE_H,
 197              _LOGO_GRAY,
 198          };
 199          
 200          BYTE code tPALETTE_MAIN_MENU[] =
 201          {
 202          #if(_DEFAULT_OSD_STYLE == _TRG_OSD_STYLE )
              
                  _RGB_BLACK,
                  _RGB_WHITE,
                  _RGB_TURKEY_BLUE,
                  _RGB_GRAY,
                  _RGB_DARKGRAY,
                  _RGB_RED,
                  _RGB_FACTORY_BLUE,
                  _RGB_YELLOW,                        // 7
                  
                  _RGB_BLOCK,
                  _RGB_BLACK,
                  _RGB_BLUE_EG,
                  _RGB_GRAY_180,
                  _FRGB_BLUE,
                  _FRGB_YELLOW,
                  _FRGB_GREEN,
                  _RGB_DARKGRAY2,
              
              #elif(_DEFAULT_OSD_STYLE == _SUMA_OSD_STYLE)
              
                      _RGB_BLACK,
                      _RGB_WHITE,
                      _RGB_TURKEY_BLUE,
                      _RGB_GRAY,
                      _RGB_DARKGRAY,
                      _RGB_RED,
                      _RGB_FACTORY_BLUE,
                      _RGB_BLUE_EG,
                      _RGB_BLOCK,
                      _RGB_BLACK,
C51 COMPILER V9.01   RTD2014OSDPALETTE                                                     05/24/2025 16:34:28 PAGE 5   

                      _RGB_YELLOW,
                      _RGB_GRAY_180,
                      _FRGB_BLUE,
                      _FRGB_YELLOW,
                      _FRGB_UNUSED,
                      _RGB_DARKGRAY2,
              
              #else
 242          
 243              _RGB_BLACK,
 244              _RGB_WHITE,
 245              _RGB_TURKEY_BLUE,
 246              _RGB_GRAY,
 247              _RGB_DARKGRAY,
 248              _RGB_RED,
 249              _RGB_GREEN,
 250              //_RGB_FACTORY_BLUE,
 251              _RGB_BLUE_EG,
 252              _RGB_BLOCK,
 253              _RGB_BLACK,
 254              _RGB_YELLOW,
 255              _RGB_GRAY_180,
 256              _FRGB_BLUE,
 257              _FRGB_YELLOW,
 258              _FRGB_UNUSED,
 259              _RGB_DARKGRAY2,
 260          
 261          #endif
 262          };
 263          
 264          BYTE code tPALETTE_FRONT_SIGHT[] =
 265          {
 266              _RGB_BLACK,
 267              _RGB_WHITE,
 268              _RGB_TURKEY_BLUE,
 269              _RGB_GRAY,
 270              _RGB_BLACK_10,      //_RGB_DARKGRAY,
 271              _RGB_RED,
 272              _RGB_FACTORY_BLUE,
 273              _RGB_BLUE_EG,
 274              _RGB_BLOCK,
 275              _RGB_BLACK,
 276              _RGB_YELLOW,
 277              _RGB_GRAY_180,
 278              _FRGB_BLUE,
 279              _FRGB_YELLOW,
 280              _FRGB_UNUSED,
 281              _RGB_DARKGRAY2,
 282          
 283          };
 284          
 285          
 286          //****************************************************************************
 287          // FUNCTION DECLARATIONS
 288          //****************************************************************************
 289          void OsdPaletteLoadPigment(BYTE ucPaletteIndex, BYTE *pucColorPaletteArray);
 290          void OsdPaletteSelectPalette(BYTE ucValue);
 291          
 292          //****************************************************************************
 293          // FUNCTION DEFINITIONS
 294          //****************************************************************************
 295          //--------------------------------------------------
C51 COMPILER V9.01   RTD2014OSDPALETTE                                                     05/24/2025 16:34:28 PAGE 6   

 296          // Description  :
 297          // Input Value  : None
 298          // Output Value : None
 299          //--------------------------------------------------
 300          void OsdPaletteLoadPigment(BYTE ucPaletteIndex, BYTE *pucColorPaletteArray)
 301          {
 302   1          BYTE ucAddr = ucPaletteIndex * 16;
 303   1          BYTE ucI = 0;
 304   1      
 305   1          for(ucI = 0; ucI < 16; ucI++)
 306   1          {
 307   2              ScalerOsdSetColorPalette(ucAddr + ucI, *(pucColorPaletteArray + (ucI * 3)), *(pucColorPaletteArray
             - + (ucI * 3) + 1), *(pucColorPaletteArray + (ucI * 3) + 2));
 308   2          }
 309   1      }
 310          
 311          //--------------------------------------------------
 312          // Description  :
 313          // Input Value  : None
 314          // Output Value : None
 315          //--------------------------------------------------
 316          void OsdPaletteSelectPalette(BYTE ucValue)
 317          {
 318   1          switch(ucValue)
 319   1          {
 320   2              case _PALETTE_RTD_LOGO:
 321   2                  OsdPaletteLoadPigment(_PALETTE_INDEX0, tPALETTE_RTD_LOGO);
 322   2                  break;
 323   2      
 324   2              case _PALETTE_MAIN_MENU:
 325   2                  OsdPaletteLoadPigment(_PALETTE_INDEX0, tPALETTE_MAIN_MENU);
 326   2                  break;
 327   2                              
 328   2                      case _PALETTE_FRONT_SIGHT:
 329   2                              OsdPaletteLoadPigment(_PALETTE_INDEX0, tPALETTE_FRONT_SIGHT);
 330   2                              break;
 331   2      
 332   2              default:
 333   2                  break;
 334   2          }
 335   1      }
 336          BYTE* OsdTableFuncGetColorPaletteAddress(BYTE ucColorPalette)
 337          {
 338   1          BYTE *pAddress = 0;
 339   1      
 340   1          switch(ucColorPalette)
 341   1          {
 342   2              case _PALETTE_RTD_LOGO:
 343   2                  pAddress = tPALETTE_RTD_LOGO;
 344   2                  break;
 345   2      
 346   2      #if(_LOGO_TYPE == _LOGO_TYPE_THREE_BIRDS)
 347   2              case _PALETTE_LOGO_3NIRD:
 348   2                  pAddress = tPALETTE_LOGO;
 349   2                  break;
 350   2      #endif
 351   2      
 352   2              default:
 353   2                              pAddress = tPALETTE_RTD_LOGO;
 354   2                              break;
 355   2          }
 356   1      
C51 COMPILER V9.01   RTD2014OSDPALETTE                                                     05/24/2025 16:34:28 PAGE 7   

 357   1          return pAddress;
 358   1      }
 359          
 360          void OsdTableFuncSetColorPalette(BYTE ucPaletteIndex, BYTE ucColorPalette)
 361          {
 362   1          BYTE ucAddr = ucPaletteIndex * 16;
 363   1          BYTE ucI = 0;
 364   1          BYTE *pAddress = 0;
 365   1      
 366   1          pAddress = OsdTableFuncGetColorPaletteAddress(ucColorPalette);
 367   1      /*
 368   1              //Duncan 130219 fixed RL6001 can't write palette color
 369   1          if(ScalerOsdGetOsdEnable() == _FALSE)
 370   1          {
 371   1              // OSD circuit is activated
 372   1              ScalerOsdFrameControlByte(0x000, _OSD_BYTE2, 0x00);
 373   1              ScalerTimerDelayXms(20);
 374   1          }
 375   1      */
 376   1          for(ucI = 0; ucI < 16; ucI++)
 377   1          {
 378   2              ScalerOsdSetColorPalette(ucAddr + ucI, *(pAddress + (ucI * 3)), *(pAddress + (ucI * 3) + 1), *(pAd
             -dress + (ucI * 3) + 2));
 379   2          }
 380   1      
 381   1      }
 382          
 383          
 384          #endif // End of #if(_OSD_TYPE == _REALTEK_2014_OSD)


MODULE INFORMATION:   STATIC OVERLAYABLE
   CODE SIZE        =    262    ----
   CONSTANT SIZE    =    240    ----
   XDATA SIZE       =   ----      10
   PDATA SIZE       =   ----    ----
   DATA SIZE        =   ----    ----
   IDATA SIZE       =   ----    ----
   BIT SIZE         =   ----    ----
END OF MODULE INFORMATION.


C51 COMPILATION COMPLETE.  0 WARNING(S),  0 ERROR(S)
